[0.383s] DEBUG:colcon:Command line arguments: ['/usr/bin/colcon', 'build', '--symlink-install']
[0.384s] DEBUG:colcon:Parsed command line arguments: Namespace(allow_overriding=[], ament_cmake_args=None, base_paths=['.'], build_base='build', catkin_cmake_args=None, catkin_skip_building_tests=False, cmake_args=None, cmake_clean_cache=False, cmake_clean_first=False, cmake_force_configure=False, cmake_target=None, cmake_target_skip_unavailable=False, continue_on_error=False, event_handlers=None, executor='parallel', ignore_user_meta=False, install_base='install', log_base=None, log_level=None, main=<bound method BuildVerb.main of <colcon_core.verb.build.BuildVerb object at 0x7ff106249e50>>, merge_install=False, metas=['./colcon.meta'], packages_above=None, packages_above_and_dependencies=None, packages_above_depth=None, packages_end=None, packages_ignore=None, packages_ignore_regex=None, packages_select=None, packages_select_build_failed=False, packages_select_by_dep=None, packages_select_regex=None, packages_select_test_failures=False, packages_skip=None, packages_skip_build_finished=False, packages_skip_by_dep=None, packages_skip_regex=None, packages_skip_test_passed=False, packages_skip_up_to=None, packages_start=None, packages_up_to=None, packages_up_to_regex=None, parallel_workers=4, paths=None, symlink_install=True, test_result_base=None, verb_extension=<colcon_core.verb.build.BuildVerb object at 0x7ff106249e50>, verb_name='build', verb_parser=<colcon_defaults.argument_parser.defaults.DefaultArgumentsDecorator object at 0x7ff106253400>)
[0.415s] Level 1:colcon.colcon_core.package_discovery:discover_packages(colcon_meta) check parameters
[0.415s] Level 1:colcon.colcon_core.package_discovery:discover_packages(recursive) check parameters
[0.415s] Level 1:colcon.colcon_core.package_discovery:discover_packages(ignore) check parameters
[0.415s] Level 1:colcon.colcon_core.package_discovery:discover_packages(path) check parameters
[0.415s] Level 1:colcon.colcon_core.package_discovery:discover_packages(colcon_meta) discover
[0.415s] Level 1:colcon.colcon_core.package_discovery:discover_packages(recursive) discover
[0.415s] INFO:colcon.colcon_core.package_discovery:Crawling recursively for packages in '/home/teamvision/Desktop/ROS_Workspace/Honours_a1797823_a1764124/ROS_Workspace'
[0.415s] Level 1:colcon.colcon_core.package_identification:_identify(.) by extensions ['ignore', 'ignore_ament_install']
[0.415s] Level 1:colcon.colcon_core.package_identification:_identify(.) by extension 'ignore'
[0.415s] Level 1:colcon.colcon_core.package_identification:_identify(.) by extension 'ignore_ament_install'
[0.415s] Level 1:colcon.colcon_core.package_identification:_identify(.) by extensions ['colcon_pkg']
[0.415s] Level 1:colcon.colcon_core.package_identification:_identify(.) by extension 'colcon_pkg'
[0.416s] Level 1:colcon.colcon_core.package_identification:_identify(.) by extensions ['colcon_meta']
[0.416s] Level 1:colcon.colcon_core.package_identification:_identify(.) by extension 'colcon_meta'
[0.416s] Level 1:colcon.colcon_core.package_identification:_identify(.) by extensions ['ros']
[0.416s] Level 1:colcon.colcon_core.package_identification:_identify(.) by extension 'ros'
[0.438s] Level 1:colcon.colcon_core.package_identification:_identify(.) by extensions ['cmake', 'python']
[0.438s] Level 1:colcon.colcon_core.package_identification:_identify(.) by extension 'cmake'
[0.438s] Level 1:colcon.colcon_core.package_identification:_identify(.) by extension 'python'
[0.438s] Level 1:colcon.colcon_core.package_identification:_identify(.) by extensions ['python_setup_py']
[0.438s] Level 1:colcon.colcon_core.package_identification:_identify(.) by extension 'python_setup_py'
[0.438s] Level 1:colcon.colcon_core.package_identification:_identify(build) by extensions ['ignore', 'ignore_ament_install']
[0.438s] Level 1:colcon.colcon_core.package_identification:_identify(build) by extension 'ignore'
[0.438s] Level 1:colcon.colcon_core.package_identification:_identify(build) ignored
[0.438s] Level 1:colcon.colcon_core.package_identification:_identify(install) by extensions ['ignore', 'ignore_ament_install']
[0.438s] Level 1:colcon.colcon_core.package_identification:_identify(install) by extension 'ignore'
[0.438s] Level 1:colcon.colcon_core.package_identification:_identify(install) ignored
[0.439s] Level 1:colcon.colcon_core.package_identification:_identify(log) by extensions ['ignore', 'ignore_ament_install']
[0.439s] Level 1:colcon.colcon_core.package_identification:_identify(log) by extension 'ignore'
[0.439s] Level 1:colcon.colcon_core.package_identification:_identify(log) ignored
[0.439s] Level 1:colcon.colcon_core.package_identification:_identify(src) by extensions ['ignore', 'ignore_ament_install']
[0.439s] Level 1:colcon.colcon_core.package_identification:_identify(src) by extension 'ignore'
[0.439s] Level 1:colcon.colcon_core.package_identification:_identify(src) by extension 'ignore_ament_install'
[0.439s] Level 1:colcon.colcon_core.package_identification:_identify(src) by extensions ['colcon_pkg']
[0.439s] Level 1:colcon.colcon_core.package_identification:_identify(src) by extension 'colcon_pkg'
[0.439s] Level 1:colcon.colcon_core.package_identification:_identify(src) by extensions ['colcon_meta']
[0.439s] Level 1:colcon.colcon_core.package_identification:_identify(src) by extension 'colcon_meta'
[0.439s] Level 1:colcon.colcon_core.package_identification:_identify(src) by extensions ['ros']
[0.439s] Level 1:colcon.colcon_core.package_identification:_identify(src) by extension 'ros'
[0.439s] Level 1:colcon.colcon_core.package_identification:_identify(src) by extensions ['cmake', 'python']
[0.439s] Level 1:colcon.colcon_core.package_identification:_identify(src) by extension 'cmake'
[0.440s] Level 1:colcon.colcon_core.package_identification:_identify(src) by extension 'python'
[0.440s] Level 1:colcon.colcon_core.package_identification:_identify(src) by extensions ['python_setup_py']
[0.440s] Level 1:colcon.colcon_core.package_identification:_identify(src) by extension 'python_setup_py'
[0.440s] Level 1:colcon.colcon_core.package_identification:_identify(src/build) by extensions ['ignore', 'ignore_ament_install']
[0.440s] Level 1:colcon.colcon_core.package_identification:_identify(src/build) by extension 'ignore'
[0.440s] Level 1:colcon.colcon_core.package_identification:_identify(src/build) ignored
[0.440s] Level 1:colcon.colcon_core.package_identification:_identify(src/cameraPub) by extensions ['ignore', 'ignore_ament_install']
[0.440s] Level 1:colcon.colcon_core.package_identification:_identify(src/cameraPub) by extension 'ignore'
[0.440s] Level 1:colcon.colcon_core.package_identification:_identify(src/cameraPub) by extension 'ignore_ament_install'
[0.440s] Level 1:colcon.colcon_core.package_identification:_identify(src/cameraPub) by extensions ['colcon_pkg']
[0.440s] Level 1:colcon.colcon_core.package_identification:_identify(src/cameraPub) by extension 'colcon_pkg'
[0.440s] Level 1:colcon.colcon_core.package_identification:_identify(src/cameraPub) by extensions ['colcon_meta']
[0.440s] Level 1:colcon.colcon_core.package_identification:_identify(src/cameraPub) by extension 'colcon_meta'
[0.440s] Level 1:colcon.colcon_core.package_identification:_identify(src/cameraPub) by extensions ['ros']
[0.440s] Level 1:colcon.colcon_core.package_identification:_identify(src/cameraPub) by extension 'ros'
[0.443s] DEBUG:colcon.colcon_core.package_identification:Package 'src/cameraPub' with type 'ros.ament_python' and name 'cameraPub'
[0.443s] Level 1:colcon.colcon_core.package_identification:_identify(src/cameraSub) by extensions ['ignore', 'ignore_ament_install']
[0.443s] Level 1:colcon.colcon_core.package_identification:_identify(src/cameraSub) by extension 'ignore'
[0.443s] Level 1:colcon.colcon_core.package_identification:_identify(src/cameraSub) by extension 'ignore_ament_install'
[0.444s] Level 1:colcon.colcon_core.package_identification:_identify(src/cameraSub) by extensions ['colcon_pkg']
[0.444s] Level 1:colcon.colcon_core.package_identification:_identify(src/cameraSub) by extension 'colcon_pkg'
[0.444s] Level 1:colcon.colcon_core.package_identification:_identify(src/cameraSub) by extensions ['colcon_meta']
[0.444s] Level 1:colcon.colcon_core.package_identification:_identify(src/cameraSub) by extension 'colcon_meta'
[0.444s] Level 1:colcon.colcon_core.package_identification:_identify(src/cameraSub) by extensions ['ros']
[0.444s] Level 1:colcon.colcon_core.package_identification:_identify(src/cameraSub) by extension 'ros'
[0.444s] DEBUG:colcon.colcon_core.package_identification:Package 'src/cameraSub' with type 'ros.ament_python' and name 'cameraSub'
[0.445s] Level 1:colcon.colcon_core.package_identification:_identify(src/install) by extensions ['ignore', 'ignore_ament_install']
[0.445s] Level 1:colcon.colcon_core.package_identification:_identify(src/install) by extension 'ignore'
[0.445s] Level 1:colcon.colcon_core.package_identification:_identify(src/install) ignored
[0.445s] Level 1:colcon.colcon_core.package_identification:_identify(src/log) by extensions ['ignore', 'ignore_ament_install']
[0.445s] Level 1:colcon.colcon_core.package_identification:_identify(src/log) by extension 'ignore'
[0.445s] Level 1:colcon.colcon_core.package_identification:_identify(src/log) ignored
[0.445s] Level 1:colcon.colcon_core.package_discovery:discover_packages(recursive) using defaults
[0.445s] Level 1:colcon.colcon_core.package_discovery:discover_packages(ignore) discover
[0.445s] Level 1:colcon.colcon_core.package_discovery:discover_packages(ignore) using defaults
[0.445s] Level 1:colcon.colcon_core.package_discovery:discover_packages(path) discover
[0.445s] Level 1:colcon.colcon_core.package_discovery:discover_packages(path) using defaults
[0.470s] Level 1:colcon.colcon_core.package_discovery:discover_packages(prefix_path) check parameters
[0.470s] Level 1:colcon.colcon_core.package_discovery:discover_packages(prefix_path) discover
[0.473s] DEBUG:colcon.colcon_installed_package_information.package_discovery:Found 2 installed packages in /home/teamvision/Desktop/ROS_Workspace/Honours_a1797823_a1764124/ROS_Workspace/install
[0.474s] DEBUG:colcon.colcon_installed_package_information.package_discovery:Found 0 installed packages in /home/teamvision/Desktop/ROS_Workspace/Honours_a1797823_a1764124/ROS_Workspace/src/cameraSub/cameraSub/install
[0.476s] DEBUG:colcon.colcon_installed_package_information.package_discovery:Found 0 installed packages in /home/teamvision/colcon_ws/install
[0.477s] DEBUG:colcon.colcon_installed_package_information.package_discovery:Found 2 installed packages in /home/teamvision/Desktop/ROS_Workspace/Honours_a1797823_a1764124/ROS_Workspace/src/install
[0.478s] DEBUG:colcon.colcon_installed_package_information.package_discovery:Found 2 installed packages in /home/teamvision/Desktop/ROS_Workspace/Honours_a1797823_a1764124/ROS_Workspace/src/cameraSub/install
[0.481s] DEBUG:colcon.colcon_installed_package_information.package_discovery:Found 334 installed packages in /opt/ros/foxy
[0.484s] Level 1:colcon.colcon_core.package_discovery:discover_packages(prefix_path) using defaults
[0.579s] Level 5:colcon.colcon_core.verb:set package 'cameraPub' build argument 'cmake_args' from command line to 'None'
[0.579s] Level 5:colcon.colcon_core.verb:set package 'cameraPub' build argument 'cmake_target' from command line to 'None'
[0.580s] Level 5:colcon.colcon_core.verb:set package 'cameraPub' build argument 'cmake_target_skip_unavailable' from command line to 'False'
[0.580s] Level 5:colcon.colcon_core.verb:set package 'cameraPub' build argument 'cmake_clean_cache' from command line to 'False'
[0.580s] Level 5:colcon.colcon_core.verb:set package 'cameraPub' build argument 'cmake_clean_first' from command line to 'False'
[0.580s] Level 5:colcon.colcon_core.verb:set package 'cameraPub' build argument 'cmake_force_configure' from command line to 'False'
[0.580s] Level 5:colcon.colcon_core.verb:set package 'cameraPub' build argument 'ament_cmake_args' from command line to 'None'
[0.580s] Level 5:colcon.colcon_core.verb:set package 'cameraPub' build argument 'catkin_cmake_args' from command line to 'None'
[0.580s] Level 5:colcon.colcon_core.verb:set package 'cameraPub' build argument 'catkin_skip_building_tests' from command line to 'False'
[0.580s] DEBUG:colcon.colcon_core.verb:Building package 'cameraPub' with the following arguments: {'ament_cmake_args': None, 'build_base': '/home/teamvision/Desktop/ROS_Workspace/Honours_a1797823_a1764124/ROS_Workspace/build/cameraPub', 'catkin_cmake_args': None, 'catkin_skip_building_tests': False, 'cmake_args': None, 'cmake_clean_cache': False, 'cmake_clean_first': False, 'cmake_force_configure': False, 'cmake_target': None, 'cmake_target_skip_unavailable': False, 'install_base': '/home/teamvision/Desktop/ROS_Workspace/Honours_a1797823_a1764124/ROS_Workspace/install/cameraPub', 'merge_install': False, 'path': '/home/teamvision/Desktop/ROS_Workspace/Honours_a1797823_a1764124/ROS_Workspace/src/cameraPub', 'symlink_install': True, 'test_result_base': None}
[0.581s] Level 5:colcon.colcon_core.verb:set package 'cameraSub' build argument 'cmake_args' from command line to 'None'
[0.581s] Level 5:colcon.colcon_core.verb:set package 'cameraSub' build argument 'cmake_target' from command line to 'None'
[0.581s] Level 5:colcon.colcon_core.verb:set package 'cameraSub' build argument 'cmake_target_skip_unavailable' from command line to 'False'
[0.581s] Level 5:colcon.colcon_core.verb:set package 'cameraSub' build argument 'cmake_clean_cache' from command line to 'False'
[0.581s] Level 5:colcon.colcon_core.verb:set package 'cameraSub' build argument 'cmake_clean_first' from command line to 'False'
[0.581s] Level 5:colcon.colcon_core.verb:set package 'cameraSub' build argument 'cmake_force_configure' from command line to 'False'
[0.581s] Level 5:colcon.colcon_core.verb:set package 'cameraSub' build argument 'ament_cmake_args' from command line to 'None'
[0.581s] Level 5:colcon.colcon_core.verb:set package 'cameraSub' build argument 'catkin_cmake_args' from command line to 'None'
[0.581s] Level 5:colcon.colcon_core.verb:set package 'cameraSub' build argument 'catkin_skip_building_tests' from command line to 'False'
[0.581s] DEBUG:colcon.colcon_core.verb:Building package 'cameraSub' with the following arguments: {'ament_cmake_args': None, 'build_base': '/home/teamvision/Desktop/ROS_Workspace/Honours_a1797823_a1764124/ROS_Workspace/build/cameraSub', 'catkin_cmake_args': None, 'catkin_skip_building_tests': False, 'cmake_args': None, 'cmake_clean_cache': False, 'cmake_clean_first': False, 'cmake_force_configure': False, 'cmake_target': None, 'cmake_target_skip_unavailable': False, 'install_base': '/home/teamvision/Desktop/ROS_Workspace/Honours_a1797823_a1764124/ROS_Workspace/install/cameraSub', 'merge_install': False, 'path': '/home/teamvision/Desktop/ROS_Workspace/Honours_a1797823_a1764124/ROS_Workspace/src/cameraSub', 'symlink_install': True, 'test_result_base': None}
[0.582s] INFO:colcon.colcon_core.executor:Executing jobs using 'parallel' executor
[0.587s] DEBUG:colcon.colcon_parallel_executor.executor.parallel:run_until_complete
[0.587s] INFO:colcon.colcon_ros.task.ament_python.build:Building ROS package in '/home/teamvision/Desktop/ROS_Workspace/Honours_a1797823_a1764124/ROS_Workspace/src/cameraPub' with build type 'ament_python'
[0.587s] Level 1:colcon.colcon_core.shell:create_environment_hook('cameraPub', 'ament_prefix_path')
[0.593s] INFO:colcon.colcon_core.plugin_system:Skipping extension 'colcon_core.shell.bat': Not used on non-Windows systems
[0.593s] INFO:colcon.colcon_core.shell:Creating environment hook '/home/teamvision/Desktop/ROS_Workspace/Honours_a1797823_a1764124/ROS_Workspace/install/cameraPub/share/cameraPub/hook/ament_prefix_path.ps1'
[0.594s] INFO:colcon.colcon_core.shell:Creating environment descriptor '/home/teamvision/Desktop/ROS_Workspace/Honours_a1797823_a1764124/ROS_Workspace/install/cameraPub/share/cameraPub/hook/ament_prefix_path.dsv'
[0.595s] INFO:colcon.colcon_core.shell:Creating environment hook '/home/teamvision/Desktop/ROS_Workspace/Honours_a1797823_a1764124/ROS_Workspace/install/cameraPub/share/cameraPub/hook/ament_prefix_path.sh'
[0.597s] INFO:colcon.colcon_core.shell:Skip shell extension 'powershell' for command environment: Not usable outside of PowerShell
[0.597s] DEBUG:colcon.colcon_core.shell:Skip shell extension 'dsv' for command environment
[0.609s] INFO:colcon.colcon_ros.task.ament_python.build:Building ROS package in '/home/teamvision/Desktop/ROS_Workspace/Honours_a1797823_a1764124/ROS_Workspace/src/cameraSub' with build type 'ament_python'
[0.610s] Level 1:colcon.colcon_core.shell:create_environment_hook('cameraSub', 'ament_prefix_path')
[0.612s] INFO:colcon.colcon_core.shell:Creating environment hook '/home/teamvision/Desktop/ROS_Workspace/Honours_a1797823_a1764124/ROS_Workspace/install/cameraSub/share/cameraSub/hook/ament_prefix_path.ps1'
[0.613s] INFO:colcon.colcon_core.shell:Creating environment descriptor '/home/teamvision/Desktop/ROS_Workspace/Honours_a1797823_a1764124/ROS_Workspace/install/cameraSub/share/cameraSub/hook/ament_prefix_path.dsv'
[0.614s] INFO:colcon.colcon_core.shell:Creating environment hook '/home/teamvision/Desktop/ROS_Workspace/Honours_a1797823_a1764124/ROS_Workspace/install/cameraSub/share/cameraSub/hook/ament_prefix_path.sh'
[0.616s] INFO:colcon.colcon_core.shell:Skip shell extension 'powershell' for command environment: Not usable outside of PowerShell
[0.616s] DEBUG:colcon.colcon_core.shell:Skip shell extension 'dsv' for command environment
[0.920s] INFO:colcon.colcon_core.task.python.build:Building Python package in '/home/teamvision/Desktop/ROS_Workspace/Honours_a1797823_a1764124/ROS_Workspace/src/cameraPub'
[0.924s] INFO:colcon.colcon_core.shell:Skip shell extension 'powershell' for command environment: Not usable outside of PowerShell
[0.924s] DEBUG:colcon.colcon_core.shell:Skip shell extension 'dsv' for command environment
[1.235s] INFO:colcon.colcon_core.task.python.build:Building Python package in '/home/teamvision/Desktop/ROS_Workspace/Honours_a1797823_a1764124/ROS_Workspace/src/cameraSub'
[1.240s] INFO:colcon.colcon_core.shell:Skip shell extension 'powershell' for command environment: Not usable outside of PowerShell
[1.240s] DEBUG:colcon.colcon_core.shell:Skip shell extension 'dsv' for command environment
[1.792s] DEBUG:colcon.colcon_core.event_handler.log_command:Invoking command in '/home/teamvision/Desktop/ROS_Workspace/Honours_a1797823_a1764124/ROS_Workspace/build/cameraPub': PYTHONPATH=/home/teamvision/Desktop/ROS_Workspace/Honours_a1797823_a1764124/ROS_Workspace/build/cameraPub/prefix_override:/home/teamvision/Desktop/ROS_Workspace/Honours_a1797823_a1764124/ROS_Workspace/install/cameraPub/lib/python3.8/site-packages:${PYTHONPATH} /usr/bin/python3 setup.py develop --editable --build-directory /home/teamvision/Desktop/ROS_Workspace/Honours_a1797823_a1764124/ROS_Workspace/build/cameraPub/build --no-deps install_data
[1.802s] DEBUG:colcon.colcon_core.event_handler.log_command:Invoking command in '/home/teamvision/Desktop/ROS_Workspace/Honours_a1797823_a1764124/ROS_Workspace/build/cameraSub': PYTHONPATH=/home/teamvision/Desktop/ROS_Workspace/Honours_a1797823_a1764124/ROS_Workspace/build/cameraSub/prefix_override:/home/teamvision/Desktop/ROS_Workspace/Honours_a1797823_a1764124/ROS_Workspace/install/cameraSub/lib/python3.8/site-packages:${PYTHONPATH} /usr/bin/python3 setup.py develop --editable --build-directory /home/teamvision/Desktop/ROS_Workspace/Honours_a1797823_a1764124/ROS_Workspace/build/cameraSub/build --no-deps install_data
[2.413s] Level 1:colcon.colcon_core.shell:create_environment_hook('cameraSub', 'pythonpath_develop')
[2.416s] INFO:colcon.colcon_core.shell:Creating environment hook '/home/teamvision/Desktop/ROS_Workspace/Honours_a1797823_a1764124/ROS_Workspace/build/cameraSub/share/cameraSub/hook/pythonpath_develop.ps1'
[2.417s] DEBUG:colcon.colcon_core.event_handler.log_command:Invoked command in '/home/teamvision/Desktop/ROS_Workspace/Honours_a1797823_a1764124/ROS_Workspace/build/cameraSub' returned '0': PYTHONPATH=/home/teamvision/Desktop/ROS_Workspace/Honours_a1797823_a1764124/ROS_Workspace/build/cameraSub/prefix_override:/home/teamvision/Desktop/ROS_Workspace/Honours_a1797823_a1764124/ROS_Workspace/install/cameraSub/lib/python3.8/site-packages:${PYTHONPATH} /usr/bin/python3 setup.py develop --editable --build-directory /home/teamvision/Desktop/ROS_Workspace/Honours_a1797823_a1764124/ROS_Workspace/build/cameraSub/build --no-deps install_data
[2.417s] INFO:colcon.colcon_core.shell:Creating environment descriptor '/home/teamvision/Desktop/ROS_Workspace/Honours_a1797823_a1764124/ROS_Workspace/build/cameraSub/share/cameraSub/hook/pythonpath_develop.dsv'
[2.418s] INFO:colcon.colcon_core.shell:Creating environment hook '/home/teamvision/Desktop/ROS_Workspace/Honours_a1797823_a1764124/ROS_Workspace/build/cameraSub/share/cameraSub/hook/pythonpath_develop.sh'
[2.425s] Level 1:colcon.colcon_core.environment:checking '/home/teamvision/Desktop/ROS_Workspace/Honours_a1797823_a1764124/ROS_Workspace/install/cameraSub' for CMake module files
[2.425s] Level 1:colcon.colcon_core.environment:checking '/home/teamvision/Desktop/ROS_Workspace/Honours_a1797823_a1764124/ROS_Workspace/install/cameraSub' for CMake config files
[2.426s] Level 1:colcon.colcon_core.environment:checking '/home/teamvision/Desktop/ROS_Workspace/Honours_a1797823_a1764124/ROS_Workspace/install/cameraSub/lib'
[2.426s] Level 1:colcon.colcon_core.environment:checking '/home/teamvision/Desktop/ROS_Workspace/Honours_a1797823_a1764124/ROS_Workspace/install/cameraSub/bin'
[2.426s] Level 1:colcon.colcon_core.environment:checking '/home/teamvision/Desktop/ROS_Workspace/Honours_a1797823_a1764124/ROS_Workspace/install/cameraSub/lib/pkgconfig/cameraSub.pc'
[2.427s] Level 1:colcon.colcon_core.environment:checking '/home/teamvision/Desktop/ROS_Workspace/Honours_a1797823_a1764124/ROS_Workspace/install/cameraSub/lib/python3.8/site-packages'
[2.427s] Level 1:colcon.colcon_core.shell:create_environment_hook('cameraSub', 'pythonpath')
[2.429s] INFO:colcon.colcon_core.shell:Creating environment hook '/home/teamvision/Desktop/ROS_Workspace/Honours_a1797823_a1764124/ROS_Workspace/install/cameraSub/share/cameraSub/hook/pythonpath.ps1'
[2.429s] INFO:colcon.colcon_core.shell:Creating environment descriptor '/home/teamvision/Desktop/ROS_Workspace/Honours_a1797823_a1764124/ROS_Workspace/install/cameraSub/share/cameraSub/hook/pythonpath.dsv'
[2.430s] INFO:colcon.colcon_core.shell:Creating environment hook '/home/teamvision/Desktop/ROS_Workspace/Honours_a1797823_a1764124/ROS_Workspace/install/cameraSub/share/cameraSub/hook/pythonpath.sh'
[2.430s] Level 1:colcon.colcon_core.environment:checking '/home/teamvision/Desktop/ROS_Workspace/Honours_a1797823_a1764124/ROS_Workspace/install/cameraSub/bin'
[2.430s] Level 1:colcon.colcon_core.environment:create_environment_scripts_only(cameraSub)
[2.432s] INFO:colcon.colcon_core.shell:Creating package script '/home/teamvision/Desktop/ROS_Workspace/Honours_a1797823_a1764124/ROS_Workspace/install/cameraSub/share/cameraSub/package.ps1'
[2.433s] INFO:colcon.colcon_core.shell:Creating package descriptor '/home/teamvision/Desktop/ROS_Workspace/Honours_a1797823_a1764124/ROS_Workspace/install/cameraSub/share/cameraSub/package.dsv'
[2.434s] INFO:colcon.colcon_core.shell:Creating package script '/home/teamvision/Desktop/ROS_Workspace/Honours_a1797823_a1764124/ROS_Workspace/install/cameraSub/share/cameraSub/package.sh'
[2.435s] INFO:colcon.colcon_core.shell:Creating package script '/home/teamvision/Desktop/ROS_Workspace/Honours_a1797823_a1764124/ROS_Workspace/install/cameraSub/share/cameraSub/package.bash'
[2.436s] INFO:colcon.colcon_core.shell:Creating package script '/home/teamvision/Desktop/ROS_Workspace/Honours_a1797823_a1764124/ROS_Workspace/install/cameraSub/share/cameraSub/package.zsh'
[2.436s] Level 1:colcon.colcon_core.environment:create_file_with_runtime_dependencies(/home/teamvision/Desktop/ROS_Workspace/Honours_a1797823_a1764124/ROS_Workspace/install/cameraSub/share/colcon-core/packages/cameraSub)
[2.437s] Level 1:colcon.colcon_core.shell:create_environment_hook('cameraPub', 'pythonpath_develop')
[2.439s] INFO:colcon.colcon_core.shell:Creating environment hook '/home/teamvision/Desktop/ROS_Workspace/Honours_a1797823_a1764124/ROS_Workspace/build/cameraPub/share/cameraPub/hook/pythonpath_develop.ps1'
[2.441s] DEBUG:colcon.colcon_core.event_handler.log_command:Invoked command in '/home/teamvision/Desktop/ROS_Workspace/Honours_a1797823_a1764124/ROS_Workspace/build/cameraPub' returned '0': PYTHONPATH=/home/teamvision/Desktop/ROS_Workspace/Honours_a1797823_a1764124/ROS_Workspace/build/cameraPub/prefix_override:/home/teamvision/Desktop/ROS_Workspace/Honours_a1797823_a1764124/ROS_Workspace/install/cameraPub/lib/python3.8/site-packages:${PYTHONPATH} /usr/bin/python3 setup.py develop --editable --build-directory /home/teamvision/Desktop/ROS_Workspace/Honours_a1797823_a1764124/ROS_Workspace/build/cameraPub/build --no-deps install_data
[2.441s] INFO:colcon.colcon_core.shell:Creating environment descriptor '/home/teamvision/Desktop/ROS_Workspace/Honours_a1797823_a1764124/ROS_Workspace/build/cameraPub/share/cameraPub/hook/pythonpath_develop.dsv'
[2.442s] INFO:colcon.colcon_core.shell:Creating environment hook '/home/teamvision/Desktop/ROS_Workspace/Honours_a1797823_a1764124/ROS_Workspace/build/cameraPub/share/cameraPub/hook/pythonpath_develop.sh'
[2.448s] Level 1:colcon.colcon_core.environment:checking '/home/teamvision/Desktop/ROS_Workspace/Honours_a1797823_a1764124/ROS_Workspace/install/cameraPub' for CMake module files
[2.450s] Level 1:colcon.colcon_core.environment:checking '/home/teamvision/Desktop/ROS_Workspace/Honours_a1797823_a1764124/ROS_Workspace/install/cameraPub' for CMake config files
[2.451s] Level 1:colcon.colcon_core.environment:checking '/home/teamvision/Desktop/ROS_Workspace/Honours_a1797823_a1764124/ROS_Workspace/install/cameraPub/lib'
[2.451s] Level 1:colcon.colcon_core.environment:checking '/home/teamvision/Desktop/ROS_Workspace/Honours_a1797823_a1764124/ROS_Workspace/install/cameraPub/bin'
[2.451s] Level 1:colcon.colcon_core.environment:checking '/home/teamvision/Desktop/ROS_Workspace/Honours_a1797823_a1764124/ROS_Workspace/install/cameraPub/lib/pkgconfig/cameraPub.pc'
[2.451s] Level 1:colcon.colcon_core.environment:checking '/home/teamvision/Desktop/ROS_Workspace/Honours_a1797823_a1764124/ROS_Workspace/install/cameraPub/lib/python3.8/site-packages'
[2.451s] Level 1:colcon.colcon_core.shell:create_environment_hook('cameraPub', 'pythonpath')
[2.453s] INFO:colcon.colcon_core.shell:Creating environment hook '/home/teamvision/Desktop/ROS_Workspace/Honours_a1797823_a1764124/ROS_Workspace/install/cameraPub/share/cameraPub/hook/pythonpath.ps1'
[2.454s] INFO:colcon.colcon_core.shell:Creating environment descriptor '/home/teamvision/Desktop/ROS_Workspace/Honours_a1797823_a1764124/ROS_Workspace/install/cameraPub/share/cameraPub/hook/pythonpath.dsv'
[2.454s] INFO:colcon.colcon_core.shell:Creating environment hook '/home/teamvision/Desktop/ROS_Workspace/Honours_a1797823_a1764124/ROS_Workspace/install/cameraPub/share/cameraPub/hook/pythonpath.sh'
[2.455s] Level 1:colcon.colcon_core.environment:checking '/home/teamvision/Desktop/ROS_Workspace/Honours_a1797823_a1764124/ROS_Workspace/install/cameraPub/bin'
[2.455s] Level 1:colcon.colcon_core.environment:create_environment_scripts_only(cameraPub)
[2.457s] INFO:colcon.colcon_core.shell:Creating package script '/home/teamvision/Desktop/ROS_Workspace/Honours_a1797823_a1764124/ROS_Workspace/install/cameraPub/share/cameraPub/package.ps1'
[2.458s] INFO:colcon.colcon_core.shell:Creating package descriptor '/home/teamvision/Desktop/ROS_Workspace/Honours_a1797823_a1764124/ROS_Workspace/install/cameraPub/share/cameraPub/package.dsv'
[2.458s] INFO:colcon.colcon_core.shell:Creating package script '/home/teamvision/Desktop/ROS_Workspace/Honours_a1797823_a1764124/ROS_Workspace/install/cameraPub/share/cameraPub/package.sh'
[2.459s] INFO:colcon.colcon_core.shell:Creating package script '/home/teamvision/Desktop/ROS_Workspace/Honours_a1797823_a1764124/ROS_Workspace/install/cameraPub/share/cameraPub/package.bash'
[2.459s] INFO:colcon.colcon_core.shell:Creating package script '/home/teamvision/Desktop/ROS_Workspace/Honours_a1797823_a1764124/ROS_Workspace/install/cameraPub/share/cameraPub/package.zsh'
[2.460s] Level 1:colcon.colcon_core.environment:create_file_with_runtime_dependencies(/home/teamvision/Desktop/ROS_Workspace/Honours_a1797823_a1764124/ROS_Workspace/install/cameraPub/share/colcon-core/packages/cameraPub)
[2.460s] DEBUG:colcon.colcon_parallel_executor.executor.parallel:closing loop
[2.461s] DEBUG:colcon.colcon_parallel_executor.executor.parallel:loop closed
[2.461s] DEBUG:colcon.colcon_parallel_executor.executor.parallel:run_until_complete finished with '0'
[2.461s] DEBUG:colcon.colcon_core.event_reactor:joining thread
[2.471s] INFO:colcon.colcon_core.plugin_system:Skipping extension 'colcon_notification.desktop_notification.terminal_notifier': Not used on non-Darwin systems
[2.471s] INFO:colcon.colcon_core.plugin_system:Skipping extension 'colcon_notification.desktop_notification.win32': Not used on non-Windows systems
[2.471s] INFO:colcon.colcon_notification.desktop_notification:Sending desktop notification using 'notify2'
[2.497s] DEBUG:colcon.colcon_core.event_reactor:joined thread
[2.500s] INFO:colcon.colcon_core.shell:Creating prefix script '/home/teamvision/Desktop/ROS_Workspace/Honours_a1797823_a1764124/ROS_Workspace/install/local_setup.ps1'
[2.501s] INFO:colcon.colcon_core.shell:Creating prefix util module '/home/teamvision/Desktop/ROS_Workspace/Honours_a1797823_a1764124/ROS_Workspace/install/_local_setup_util_ps1.py'
[2.502s] INFO:colcon.colcon_core.shell:Creating prefix chain script '/home/teamvision/Desktop/ROS_Workspace/Honours_a1797823_a1764124/ROS_Workspace/install/setup.ps1'
[2.505s] INFO:colcon.colcon_core.shell:Creating prefix script '/home/teamvision/Desktop/ROS_Workspace/Honours_a1797823_a1764124/ROS_Workspace/install/local_setup.sh'
[2.505s] INFO:colcon.colcon_core.shell:Creating prefix util module '/home/teamvision/Desktop/ROS_Workspace/Honours_a1797823_a1764124/ROS_Workspace/install/_local_setup_util_sh.py'
[2.506s] INFO:colcon.colcon_core.shell:Creating prefix chain script '/home/teamvision/Desktop/ROS_Workspace/Honours_a1797823_a1764124/ROS_Workspace/install/setup.sh'
[2.508s] INFO:colcon.colcon_core.shell:Creating prefix script '/home/teamvision/Desktop/ROS_Workspace/Honours_a1797823_a1764124/ROS_Workspace/install/local_setup.bash'
[2.508s] INFO:colcon.colcon_core.shell:Creating prefix chain script '/home/teamvision/Desktop/ROS_Workspace/Honours_a1797823_a1764124/ROS_Workspace/install/setup.bash'
[2.510s] INFO:colcon.colcon_core.shell:Creating prefix script '/home/teamvision/Desktop/ROS_Workspace/Honours_a1797823_a1764124/ROS_Workspace/install/local_setup.zsh'
[2.511s] INFO:colcon.colcon_core.shell:Creating prefix chain script '/home/teamvision/Desktop/ROS_Workspace/Honours_a1797823_a1764124/ROS_Workspace/install/setup.zsh'
