[1.224s] Invoking command in '/home/max/Desktop/VisionCode/Honours_a1797823_a1764124/ROS_Workspace/src/Konig': PYTHONPATH=/home/max/Desktop/VisionCode/Honours_a1797823_a1764124/ROS_Workspace/src/Konig/build/Konig/prefix_override:/home/max/Desktop/VisionCode/Honours_a1797823_a1764124/ROS_Workspace/src/Konig/install/Konig/lib/python3.8/site-packages:${PYTHONPATH} /usr/bin/python3 setup.py egg_info --egg-base build/Konig build --build-base /home/max/Desktop/VisionCode/Honours_a1797823_a1764124/ROS_Workspace/src/Konig/build/Konig/build install --record /home/max/Desktop/VisionCode/Honours_a1797823_a1764124/ROS_Workspace/src/Konig/build/Konig/install.log --install-scripts $base/lib/Konig --single-version-externally-managed
[1.638s] running egg_info
[1.639s] writing build/Konig/Konig.egg-info/PKG-INFO
[1.640s] writing dependency_links to build/Konig/Konig.egg-info/dependency_links.txt
[1.640s] writing entry points to build/Konig/Konig.egg-info/entry_points.txt
[1.640s] writing requirements to build/Konig/Konig.egg-info/requires.txt
[1.640s] writing top-level names to build/Konig/Konig.egg-info/top_level.txt
[1.712s] reading manifest file 'build/Konig/Konig.egg-info/SOURCES.txt'
[1.713s] writing manifest file 'build/Konig/Konig.egg-info/SOURCES.txt'
[1.713s] running build
[1.713s] running build_py
[1.713s] copying Konig/Konig.py -> /home/max/Desktop/VisionCode/Honours_a1797823_a1764124/ROS_Workspace/src/Konig/build/Konig/build/lib/Konig
[1.714s] running install
[1.715s] running install_lib
[1.717s] copying /home/max/Desktop/VisionCode/Honours_a1797823_a1764124/ROS_Workspace/src/Konig/build/Konig/build/lib/Konig/Konig.py -> /home/max/Desktop/VisionCode/Honours_a1797823_a1764124/ROS_Workspace/src/Konig/install/Konig/lib/python3.8/site-packages/Konig
[1.718s] byte-compiling /home/max/Desktop/VisionCode/Honours_a1797823_a1764124/ROS_Workspace/src/Konig/install/Konig/lib/python3.8/site-packages/Konig/Konig.py to Konig.cpython-38.pyc
[1.721s] running install_data
[1.722s] running install_egg_info
[1.725s] removing '/home/max/Desktop/VisionCode/Honours_a1797823_a1764124/ROS_Workspace/src/Konig/install/Konig/lib/python3.8/site-packages/Konig-0.0.0-py3.8.egg-info' (and everything under it)
[1.726s] Copying build/Konig/Konig.egg-info to /home/max/Desktop/VisionCode/Honours_a1797823_a1764124/ROS_Workspace/src/Konig/install/Konig/lib/python3.8/site-packages/Konig-0.0.0-py3.8.egg-info
[1.727s] running install_scripts
[1.761s] Installing Konig script to /home/max/Desktop/VisionCode/Honours_a1797823_a1764124/ROS_Workspace/src/Konig/install/Konig/lib/Konig
[1.762s] writing list of installed files to '/home/max/Desktop/VisionCode/Honours_a1797823_a1764124/ROS_Workspace/src/Konig/build/Konig/install.log'
[1.808s] Invoked command in '/home/max/Desktop/VisionCode/Honours_a1797823_a1764124/ROS_Workspace/src/Konig' returned '0': PYTHONPATH=/home/max/Desktop/VisionCode/Honours_a1797823_a1764124/ROS_Workspace/src/Konig/build/Konig/prefix_override:/home/max/Desktop/VisionCode/Honours_a1797823_a1764124/ROS_Workspace/src/Konig/install/Konig/lib/python3.8/site-packages:${PYTHONPATH} /usr/bin/python3 setup.py egg_info --egg-base build/Konig build --build-base /home/max/Desktop/VisionCode/Honours_a1797823_a1764124/ROS_Workspace/src/Konig/build/Konig/build install --record /home/max/Desktop/VisionCode/Honours_a1797823_a1764124/ROS_Workspace/src/Konig/build/Konig/install.log --install-scripts $base/lib/Konig --single-version-externally-managed
