[0.977s] Invoking command in '/home/max/Desktop/VisionCode/Honours_a1797823_a1764124/ROS_Workspace/src/build/custom_msgs': CMAKE_PREFIX_PATH=/opt/ros/foxy:/opt/ros/galactic /usr/bin/cmake --build /home/max/Desktop/VisionCode/Honours_a1797823_a1764124/ROS_Workspace/src/build/custom_msgs -- -j8 -l8
[1.146s] -- Found ament_cmake: 0.9.11 (/opt/ros/foxy/share/ament_cmake/cmake)
[1.146s] -- Found PythonInterp: /usr/bin/python3 (found suitable version "3.8.10", minimum required is "3") 
[1.147s] -- Using PYTHON_EXECUTABLE: /usr/bin/python3
[1.147s] -- Found rosidl_default_generators: 1.0.1 (/opt/ros/foxy/share/rosidl_default_generators/cmake)
[1.149s] -- Using all available rosidl_typesupport_c: rosidl_typesupport_fastrtps_c;rosidl_typesupport_introspection_c
[1.151s] -- Found rosidl_adapter: 1.3.0 (/opt/ros/foxy/share/rosidl_adapter/cmake)
[1.280s] -- Using all available rosidl_typesupport_cpp: rosidl_typesupport_fastrtps_cpp;rosidl_typesupport_introspection_cpp
[1.295s] -- Found std_msgs: 2.0.5 (/opt/ros/foxy/share/std_msgs/cmake)
[1.337s] -- Found PythonInterp: /usr/bin/python3 (found version "3.8.10") 
[1.518s] CMake Error at /opt/ros/foxy/share/rosidl_adapter/cmake/rosidl_adapt_interfaces.cmake:60 (message):
[1.518s]   execute_process(/usr/bin/python3 -m rosidl_adapter --package-name
[1.518s]   custom_msgs --arguments-file
[1.519s]   /home/max/Desktop/VisionCode/Honours_a1797823_a1764124/ROS_Workspace/src/build/custom_msgs/rosidl_adapter__arguments__custom_msgs.json
[1.519s]   --output-dir
[1.519s]   /home/max/Desktop/VisionCode/Honours_a1797823_a1764124/ROS_Workspace/src/build/custom_msgs/rosidl_adapter/custom_msgs
[1.519s]   --output-file
[1.519s]   /home/max/Desktop/VisionCode/Honours_a1797823_a1764124/ROS_Workspace/src/build/custom_msgs/rosidl_adapter/custom_msgs.idls)
[1.519s]   returned error code 1:
[1.519s] 
[1.519s]   Error processing 'Float32MultiArray LEDOne' of 'custom_msgs/LEDLocations':
[1.519s]   ''LEDOne' is an invalid field name.  It should have the pattern
[1.519s]   '^(?!.*__)(?!.*_$)[a-z][a-z0-9_]*$''
[1.519s] 
[1.519s]   Traceback (most recent call last):
[1.519s] 
[1.519s]     File "/usr/lib/python3.8/runpy.py", line 194, in _run_module_as_main
[1.519s]       return _run_code(code, main_globals, None,
[1.519s]     File "/usr/lib/python3.8/runpy.py", line 87, in _run_code
[1.519s]       exec(code, run_globals)
[1.519s]     File "/opt/ros/foxy/lib/python3.8/site-packages/rosidl_adapter/__main__.py", line 19, in <module>
[1.519s]       sys.exit(main())
[1.519s]     File "/opt/ros/foxy/lib/python3.8/site-packages/rosidl_adapter/main.py", line 53, in main
[1.519s]       abs_idl_file = convert_to_idl(
[1.519s]     File "/opt/ros/foxy/lib/python3.8/site-packages/rosidl_adapter/__init__.py", line 19, in convert_to_idl
[1.519s]       return convert_msg_to_idl(
[1.520s]     File "/opt/ros/foxy/lib/python3.8/site-packages/rosidl_adapter/msg/__init__.py", line 28, in convert_msg_to_idl
[1.520s]       msg = parse_message_string(package_name, input_file.stem, content)
[1.520s]     File "/opt/ros/foxy/lib/python3.8/site-packages/rosidl_adapter/parser.py", line 515, in parse_message_string
[1.520s]       fields.append(Field(
[1.520s]     File "/opt/ros/foxy/lib/python3.8/site-packages/rosidl_adapter/parser.py", line 353, in __init__
[1.520s]       raise NameError(
[1.520s] 
[1.520s]   NameError: 'LEDOne' is an invalid field name.  It should have the pattern
[1.520s]   '^(?!.*__)(?!.*_$)[a-z][a-z0-9_]*$'
[1.520s] 
[1.520s] Call Stack (most recent call first):
[1.520s]   /opt/ros/foxy/share/rosidl_cmake/cmake/rosidl_generate_interfaces.cmake:130 (rosidl_adapt_interfaces)
[1.520s]   CMakeLists.txt:26 (rosidl_generate_interfaces)
[1.520s] 
[1.520s] 
[1.529s] -- Configuring incomplete, errors occurred!
[1.533s] See also "/home/max/Desktop/VisionCode/Honours_a1797823_a1764124/ROS_Workspace/src/build/custom_msgs/CMakeFiles/CMakeOutput.log".
[1.533s] make: *** [Makefile:988: cmake_check_build_system] Error 1
[1.546s] Invoked command in '/home/max/Desktop/VisionCode/Honours_a1797823_a1764124/ROS_Workspace/src/build/custom_msgs' returned '2': CMAKE_PREFIX_PATH=/opt/ros/foxy:/opt/ros/galactic /usr/bin/cmake --build /home/max/Desktop/VisionCode/Honours_a1797823_a1764124/ROS_Workspace/src/build/custom_msgs -- -j8 -l8
