[4.045s] Invoking command in '/home/max/Desktop/VisionCode/Honours_a1797823_a1764124/ROS_Workspace/src/Konig': PYTHONPATH=/home/max/Desktop/VisionCode/Honours_a1797823_a1764124/ROS_Workspace/src/build/Konig/prefix_override:/home/max/Desktop/VisionCode/Honours_a1797823_a1764124/ROS_Workspace/src/install/Konig/lib/python3.8/site-packages:${PYTHONPATH} /usr/bin/python3 setup.py egg_info --egg-base ../build/Konig build --build-base /home/max/Desktop/VisionCode/Honours_a1797823_a1764124/ROS_Workspace/src/build/Konig/build install --record /home/max/Desktop/VisionCode/Honours_a1797823_a1764124/ROS_Workspace/src/build/Konig/install.log --install-scripts $base/lib/Konig --single-version-externally-managed
[5.001s]   File "/home/max/Desktop/VisionCode/Honours_a1797823_a1764124/ROS_Workspace/src/install/Konig/lib/python3.8/site-packages/Konig/Konig.py", line 115
[5.002s]     def Update_Times(self)
[5.002s]                          ^
[5.002s] SyntaxError: invalid syntax
[5.002s] 
[5.003s] running egg_info
[5.003s] writing ../build/Konig/Konig.egg-info/PKG-INFO
[5.003s] writing dependency_links to ../build/Konig/Konig.egg-info/dependency_links.txt
[5.003s] writing entry points to ../build/Konig/Konig.egg-info/entry_points.txt
[5.003s] writing requirements to ../build/Konig/Konig.egg-info/requires.txt
[5.003s] writing top-level names to ../build/Konig/Konig.egg-info/top_level.txt
[5.003s] reading manifest file '../build/Konig/Konig.egg-info/SOURCES.txt'
[5.004s] writing manifest file '../build/Konig/Konig.egg-info/SOURCES.txt'
[5.004s] running build
[5.004s] running build_py
[5.004s] copying Konig/Konig.py -> /home/max/Desktop/VisionCode/Honours_a1797823_a1764124/ROS_Workspace/src/build/Konig/build/lib/Konig
[5.004s] running install
[5.004s] running install_lib
[5.004s] copying /home/max/Desktop/VisionCode/Honours_a1797823_a1764124/ROS_Workspace/src/build/Konig/build/lib/Konig/Konig.py -> /home/max/Desktop/VisionCode/Honours_a1797823_a1764124/ROS_Workspace/src/install/Konig/lib/python3.8/site-packages/Konig
[5.004s] byte-compiling /home/max/Desktop/VisionCode/Honours_a1797823_a1764124/ROS_Workspace/src/install/Konig/lib/python3.8/site-packages/Konig/Konig.py to Konig.cpython-38.pyc
[5.005s] running install_data
[5.005s] running install_egg_info
[5.006s] removing '/home/max/Desktop/VisionCode/Honours_a1797823_a1764124/ROS_Workspace/src/install/Konig/lib/python3.8/site-packages/Konig-0.0.0-py3.8.egg-info' (and everything under it)
[5.011s] Copying ../build/Konig/Konig.egg-info to /home/max/Desktop/VisionCode/Honours_a1797823_a1764124/ROS_Workspace/src/install/Konig/lib/python3.8/site-packages/Konig-0.0.0-py3.8.egg-info
[5.011s] running install_scripts
[5.011s] Installing Konig script to /home/max/Desktop/VisionCode/Honours_a1797823_a1764124/ROS_Workspace/src/install/Konig/lib/Konig
[5.011s] writing list of installed files to '/home/max/Desktop/VisionCode/Honours_a1797823_a1764124/ROS_Workspace/src/build/Konig/install.log'
[5.119s] Invoked command in '/home/max/Desktop/VisionCode/Honours_a1797823_a1764124/ROS_Workspace/src/Konig' returned '0': PYTHONPATH=/home/max/Desktop/VisionCode/Honours_a1797823_a1764124/ROS_Workspace/src/build/Konig/prefix_override:/home/max/Desktop/VisionCode/Honours_a1797823_a1764124/ROS_Workspace/src/install/Konig/lib/python3.8/site-packages:${PYTHONPATH} /usr/bin/python3 setup.py egg_info --egg-base ../build/Konig build --build-base /home/max/Desktop/VisionCode/Honours_a1797823_a1764124/ROS_Workspace/src/build/Konig/build install --record /home/max/Desktop/VisionCode/Honours_a1797823_a1764124/ROS_Workspace/src/build/Konig/install.log --install-scripts $base/lib/Konig --single-version-externally-managed
