[4.101s] Invoking command in '/home/max/Desktop/VisionCode/Honours_a1797823_a1764124/ROS_Workspace/src/cameraSub': PYTHONPATH=/home/max/Desktop/VisionCode/Honours_a1797823_a1764124/ROS_Workspace/src/build/cameraSub/prefix_override:/home/max/Desktop/VisionCode/Honours_a1797823_a1764124/ROS_Workspace/src/install/cameraSub/lib/python3.8/site-packages:${PYTHONPATH} /usr/bin/python3 setup.py egg_info --egg-base ../build/cameraSub build --build-base /home/max/Desktop/VisionCode/Honours_a1797823_a1764124/ROS_Workspace/src/build/cameraSub/build install --record /home/max/Desktop/VisionCode/Honours_a1797823_a1764124/ROS_Workspace/src/build/cameraSub/install.log --install-scripts $base/lib/cameraPub --single-version-externally-managed
[4.651s] running egg_info
[4.651s] writing ../build/cameraSub/cameraSub.egg-info/PKG-INFO
[4.651s] writing dependency_links to ../build/cameraSub/cameraSub.egg-info/dependency_links.txt
[4.651s] writing entry points to ../build/cameraSub/cameraSub.egg-info/entry_points.txt
[4.651s] writing requirements to ../build/cameraSub/cameraSub.egg-info/requires.txt
[4.652s] writing top-level names to ../build/cameraSub/cameraSub.egg-info/top_level.txt
[4.663s] reading manifest file '../build/cameraSub/cameraSub.egg-info/SOURCES.txt'
[4.664s] writing manifest file '../build/cameraSub/cameraSub.egg-info/SOURCES.txt'
[4.665s] running build
[4.665s] running build_py
[4.665s] running install
[4.667s] running install_lib
[4.669s] running install_data
[4.670s] running install_egg_info
[4.674s] removing '/home/max/Desktop/VisionCode/Honours_a1797823_a1764124/ROS_Workspace/src/install/cameraSub/lib/python3.8/site-packages/cameraSub-0.0.0-py3.8.egg-info' (and everything under it)
[4.692s] Copying ../build/cameraSub/cameraSub.egg-info to /home/max/Desktop/VisionCode/Honours_a1797823_a1764124/ROS_Workspace/src/install/cameraSub/lib/python3.8/site-packages/cameraSub-0.0.0-py3.8.egg-info
[4.693s] running install_scripts
[4.727s] Installing cameraSub script to /home/max/Desktop/VisionCode/Honours_a1797823_a1764124/ROS_Workspace/src/install/cameraSub/lib/cameraPub
[4.727s] writing list of installed files to '/home/max/Desktop/VisionCode/Honours_a1797823_a1764124/ROS_Workspace/src/build/cameraSub/install.log'
