[0.429s] DEBUG:colcon:Command line arguments: ['/usr/bin/colcon', 'build', '--packages-select', 'UAVMain']
[0.429s] DEBUG:colcon:Parsed command line arguments: Namespace(allow_overriding=[], ament_cmake_args=None, base_paths=['.'], build_base='build', catkin_cmake_args=None, catkin_skip_building_tests=False, cmake_args=None, cmake_clean_cache=False, cmake_clean_first=False, cmake_force_configure=False, cmake_target=None, cmake_target_skip_unavailable=False, continue_on_error=False, event_handlers=None, executor='parallel', ignore_user_meta=False, install_base='install', log_base=None, log_level=None, main=<bound method BuildVerb.main of <colcon_core.verb.build.BuildVerb object at 0x7f9469e16070>>, merge_install=False, metas=['./colcon.meta'], packages_above=None, packages_above_and_dependencies=None, packages_above_depth=None, packages_end=None, packages_ignore=None, packages_ignore_regex=None, packages_select=['UAVMain'], packages_select_build_failed=False, packages_select_by_dep=None, packages_select_regex=None, packages_select_test_failures=False, packages_skip=None, packages_skip_build_finished=False, packages_skip_by_dep=None, packages_skip_regex=None, packages_skip_test_passed=False, packages_skip_up_to=None, packages_start=None, packages_up_to=None, packages_up_to_regex=None, parallel_workers=4, paths=None, symlink_install=False, test_result_base=None, verb_extension=<colcon_core.verb.build.BuildVerb object at 0x7f9469e16070>, verb_name='build', verb_parser=<colcon_defaults.argument_parser.defaults.DefaultArgumentsDecorator object at 0x7f9469e165b0>)
[0.462s] Level 1:colcon.colcon_core.package_discovery:discover_packages(colcon_meta) check parameters
[0.462s] Level 1:colcon.colcon_core.package_discovery:discover_packages(recursive) check parameters
[0.462s] Level 1:colcon.colcon_core.package_discovery:discover_packages(ignore) check parameters
[0.462s] Level 1:colcon.colcon_core.package_discovery:discover_packages(path) check parameters
[0.462s] Level 1:colcon.colcon_core.package_discovery:discover_packages(colcon_meta) discover
[0.462s] Level 1:colcon.colcon_core.package_discovery:discover_packages(recursive) discover
[0.462s] INFO:colcon.colcon_core.package_discovery:Crawling recursively for packages in '/home/teamvision/Desktop/ROS_Workspace/Honours_a1797823_a1764124/ROS_Workspace/src'
[0.462s] Level 1:colcon.colcon_core.package_identification:_identify(.) by extensions ['ignore', 'ignore_ament_install']
[0.463s] Level 1:colcon.colcon_core.package_identification:_identify(.) by extension 'ignore'
[0.463s] Level 1:colcon.colcon_core.package_identification:_identify(.) by extension 'ignore_ament_install'
[0.463s] Level 1:colcon.colcon_core.package_identification:_identify(.) by extensions ['colcon_pkg']
[0.463s] Level 1:colcon.colcon_core.package_identification:_identify(.) by extension 'colcon_pkg'
[0.463s] Level 1:colcon.colcon_core.package_identification:_identify(.) by extensions ['colcon_meta']
[0.463s] Level 1:colcon.colcon_core.package_identification:_identify(.) by extension 'colcon_meta'
[0.463s] Level 1:colcon.colcon_core.package_identification:_identify(.) by extensions ['ros']
[0.463s] Level 1:colcon.colcon_core.package_identification:_identify(.) by extension 'ros'
[0.486s] Level 1:colcon.colcon_core.package_identification:_identify(.) by extensions ['cmake', 'python']
[0.486s] Level 1:colcon.colcon_core.package_identification:_identify(.) by extension 'cmake'
[0.486s] Level 1:colcon.colcon_core.package_identification:_identify(.) by extension 'python'
[0.486s] Level 1:colcon.colcon_core.package_identification:_identify(.) by extensions ['python_setup_py']
[0.486s] Level 1:colcon.colcon_core.package_identification:_identify(.) by extension 'python_setup_py'
[0.486s] Level 1:colcon.colcon_core.package_identification:_identify(Konig) by extensions ['ignore', 'ignore_ament_install']
[0.486s] Level 1:colcon.colcon_core.package_identification:_identify(Konig) by extension 'ignore'
[0.486s] Level 1:colcon.colcon_core.package_identification:_identify(Konig) by extension 'ignore_ament_install'
[0.486s] Level 1:colcon.colcon_core.package_identification:_identify(Konig) by extensions ['colcon_pkg']
[0.486s] Level 1:colcon.colcon_core.package_identification:_identify(Konig) by extension 'colcon_pkg'
[0.486s] Level 1:colcon.colcon_core.package_identification:_identify(Konig) by extensions ['colcon_meta']
[0.486s] Level 1:colcon.colcon_core.package_identification:_identify(Konig) by extension 'colcon_meta'
[0.487s] Level 1:colcon.colcon_core.package_identification:_identify(Konig) by extensions ['ros']
[0.487s] Level 1:colcon.colcon_core.package_identification:_identify(Konig) by extension 'ros'
[0.489s] DEBUG:colcon.colcon_core.package_identification:Package 'Konig' with type 'ros.ament_python' and name 'Konig'
[0.489s] Level 1:colcon.colcon_core.package_identification:_identify(UAVMain) by extensions ['ignore', 'ignore_ament_install']
[0.489s] Level 1:colcon.colcon_core.package_identification:_identify(UAVMain) by extension 'ignore'
[0.490s] Level 1:colcon.colcon_core.package_identification:_identify(UAVMain) by extension 'ignore_ament_install'
[0.490s] Level 1:colcon.colcon_core.package_identification:_identify(UAVMain) by extensions ['colcon_pkg']
[0.490s] Level 1:colcon.colcon_core.package_identification:_identify(UAVMain) by extension 'colcon_pkg'
[0.490s] Level 1:colcon.colcon_core.package_identification:_identify(UAVMain) by extensions ['colcon_meta']
[0.490s] Level 1:colcon.colcon_core.package_identification:_identify(UAVMain) by extension 'colcon_meta'
[0.490s] Level 1:colcon.colcon_core.package_identification:_identify(UAVMain) by extensions ['ros']
[0.490s] Level 1:colcon.colcon_core.package_identification:_identify(UAVMain) by extension 'ros'
[0.490s] Level 1:colcon.colcon_core.package_identification:_identify(UAVMain) by extensions ['cmake', 'python']
[0.490s] Level 1:colcon.colcon_core.package_identification:_identify(UAVMain) by extension 'cmake'
[0.490s] Level 1:colcon.colcon_core.package_identification:_identify(UAVMain) by extension 'python'
[0.490s] Level 1:colcon.colcon_core.package_identification:_identify(UAVMain) by extensions ['python_setup_py']
[0.490s] Level 1:colcon.colcon_core.package_identification:_identify(UAVMain) by extension 'python_setup_py'
[0.490s] Level 1:colcon.colcon_core.package_identification:_identify(UAVMain/build) by extensions ['ignore', 'ignore_ament_install']
[0.490s] Level 1:colcon.colcon_core.package_identification:_identify(UAVMain/build) by extension 'ignore'
[0.490s] Level 1:colcon.colcon_core.package_identification:_identify(UAVMain/build) ignored
[0.491s] Level 1:colcon.colcon_core.package_identification:_identify(UAVMain/install) by extensions ['ignore', 'ignore_ament_install']
[0.491s] Level 1:colcon.colcon_core.package_identification:_identify(UAVMain/install) by extension 'ignore'
[0.491s] Level 1:colcon.colcon_core.package_identification:_identify(UAVMain/install) ignored
[0.491s] Level 1:colcon.colcon_core.package_identification:_identify(UAVMain/log) by extensions ['ignore', 'ignore_ament_install']
[0.491s] Level 1:colcon.colcon_core.package_identification:_identify(UAVMain/log) by extension 'ignore'
[0.491s] Level 1:colcon.colcon_core.package_identification:_identify(UAVMain/log) ignored
[0.491s] Level 1:colcon.colcon_core.package_identification:_identify(UAVProcessing) by extensions ['ignore', 'ignore_ament_install']
[0.491s] Level 1:colcon.colcon_core.package_identification:_identify(UAVProcessing) by extension 'ignore'
[0.491s] Level 1:colcon.colcon_core.package_identification:_identify(UAVProcessing) by extension 'ignore_ament_install'
[0.491s] Level 1:colcon.colcon_core.package_identification:_identify(UAVProcessing) by extensions ['colcon_pkg']
[0.491s] Level 1:colcon.colcon_core.package_identification:_identify(UAVProcessing) by extension 'colcon_pkg'
[0.491s] Level 1:colcon.colcon_core.package_identification:_identify(UAVProcessing) by extensions ['colcon_meta']
[0.492s] Level 1:colcon.colcon_core.package_identification:_identify(UAVProcessing) by extension 'colcon_meta'
[0.492s] Level 1:colcon.colcon_core.package_identification:_identify(UAVProcessing) by extensions ['ros']
[0.492s] Level 1:colcon.colcon_core.package_identification:_identify(UAVProcessing) by extension 'ros'
[0.492s] DEBUG:colcon.colcon_core.package_identification:Package 'UAVProcessing' with type 'ros.ament_python' and name 'UAVProcessing'
[0.492s] Level 1:colcon.colcon_core.package_identification:_identify(UAVVision) by extensions ['ignore', 'ignore_ament_install']
[0.493s] Level 1:colcon.colcon_core.package_identification:_identify(UAVVision) by extension 'ignore'
[0.493s] Level 1:colcon.colcon_core.package_identification:_identify(UAVVision) by extension 'ignore_ament_install'
[0.493s] Level 1:colcon.colcon_core.package_identification:_identify(UAVVision) by extensions ['colcon_pkg']
[0.493s] Level 1:colcon.colcon_core.package_identification:_identify(UAVVision) by extension 'colcon_pkg'
[0.493s] Level 1:colcon.colcon_core.package_identification:_identify(UAVVision) by extensions ['colcon_meta']
[0.493s] Level 1:colcon.colcon_core.package_identification:_identify(UAVVision) by extension 'colcon_meta'
[0.493s] Level 1:colcon.colcon_core.package_identification:_identify(UAVVision) by extensions ['ros']
[0.493s] Level 1:colcon.colcon_core.package_identification:_identify(UAVVision) by extension 'ros'
[0.494s] DEBUG:colcon.colcon_core.package_identification:Package 'UAVVision' with type 'ros.ament_python' and name 'UAVVision'
[0.494s] Level 1:colcon.colcon_core.package_identification:_identify(UGV1Main) by extensions ['ignore', 'ignore_ament_install']
[0.494s] Level 1:colcon.colcon_core.package_identification:_identify(UGV1Main) by extension 'ignore'
[0.494s] Level 1:colcon.colcon_core.package_identification:_identify(UGV1Main) by extension 'ignore_ament_install'
[0.494s] Level 1:colcon.colcon_core.package_identification:_identify(UGV1Main) by extensions ['colcon_pkg']
[0.494s] Level 1:colcon.colcon_core.package_identification:_identify(UGV1Main) by extension 'colcon_pkg'
[0.494s] Level 1:colcon.colcon_core.package_identification:_identify(UGV1Main) by extensions ['colcon_meta']
[0.494s] Level 1:colcon.colcon_core.package_identification:_identify(UGV1Main) by extension 'colcon_meta'
[0.494s] Level 1:colcon.colcon_core.package_identification:_identify(UGV1Main) by extensions ['ros']
[0.494s] Level 1:colcon.colcon_core.package_identification:_identify(UGV1Main) by extension 'ros'
[0.495s] DEBUG:colcon.colcon_core.package_identification:Package 'UGV1Main' with type 'ros.ament_python' and name 'UGV1Main'
[0.495s] Level 1:colcon.colcon_core.package_identification:_identify(UGV1Processing) by extensions ['ignore', 'ignore_ament_install']
[0.495s] Level 1:colcon.colcon_core.package_identification:_identify(UGV1Processing) by extension 'ignore'
[0.495s] Level 1:colcon.colcon_core.package_identification:_identify(UGV1Processing) by extension 'ignore_ament_install'
[0.495s] Level 1:colcon.colcon_core.package_identification:_identify(UGV1Processing) by extensions ['colcon_pkg']
[0.495s] Level 1:colcon.colcon_core.package_identification:_identify(UGV1Processing) by extension 'colcon_pkg'
[0.495s] Level 1:colcon.colcon_core.package_identification:_identify(UGV1Processing) by extensions ['colcon_meta']
[0.495s] Level 1:colcon.colcon_core.package_identification:_identify(UGV1Processing) by extension 'colcon_meta'
[0.495s] Level 1:colcon.colcon_core.package_identification:_identify(UGV1Processing) by extensions ['ros']
[0.495s] Level 1:colcon.colcon_core.package_identification:_identify(UGV1Processing) by extension 'ros'
[0.496s] DEBUG:colcon.colcon_core.package_identification:Package 'UGV1Processing' with type 'ros.ament_python' and name 'UGV1Processing'
[0.496s] Level 1:colcon.colcon_core.package_identification:_identify(UGV1Vision) by extensions ['ignore', 'ignore_ament_install']
[0.496s] Level 1:colcon.colcon_core.package_identification:_identify(UGV1Vision) by extension 'ignore'
[0.496s] Level 1:colcon.colcon_core.package_identification:_identify(UGV1Vision) by extension 'ignore_ament_install'
[0.496s] Level 1:colcon.colcon_core.package_identification:_identify(UGV1Vision) by extensions ['colcon_pkg']
[0.496s] Level 1:colcon.colcon_core.package_identification:_identify(UGV1Vision) by extension 'colcon_pkg'
[0.496s] Level 1:colcon.colcon_core.package_identification:_identify(UGV1Vision) by extensions ['colcon_meta']
[0.497s] Level 1:colcon.colcon_core.package_identification:_identify(UGV1Vision) by extension 'colcon_meta'
[0.497s] Level 1:colcon.colcon_core.package_identification:_identify(UGV1Vision) by extensions ['ros']
[0.497s] Level 1:colcon.colcon_core.package_identification:_identify(UGV1Vision) by extension 'ros'
[0.497s] DEBUG:colcon.colcon_core.package_identification:Package 'UGV1Vision' with type 'ros.ament_python' and name 'UGV1Vision'
[0.497s] Level 1:colcon.colcon_core.package_identification:_identify(build) by extensions ['ignore', 'ignore_ament_install']
[0.497s] Level 1:colcon.colcon_core.package_identification:_identify(build) by extension 'ignore'
[0.498s] Level 1:colcon.colcon_core.package_identification:_identify(build) ignored
[0.498s] Level 1:colcon.colcon_core.package_identification:_identify(cameraPub) by extensions ['ignore', 'ignore_ament_install']
[0.498s] Level 1:colcon.colcon_core.package_identification:_identify(cameraPub) by extension 'ignore'
[0.498s] Level 1:colcon.colcon_core.package_identification:_identify(cameraPub) by extension 'ignore_ament_install'
[0.498s] Level 1:colcon.colcon_core.package_identification:_identify(cameraPub) by extensions ['colcon_pkg']
[0.498s] Level 1:colcon.colcon_core.package_identification:_identify(cameraPub) by extension 'colcon_pkg'
[0.498s] Level 1:colcon.colcon_core.package_identification:_identify(cameraPub) by extensions ['colcon_meta']
[0.498s] Level 1:colcon.colcon_core.package_identification:_identify(cameraPub) by extension 'colcon_meta'
[0.498s] Level 1:colcon.colcon_core.package_identification:_identify(cameraPub) by extensions ['ros']
[0.498s] Level 1:colcon.colcon_core.package_identification:_identify(cameraPub) by extension 'ros'
[0.499s] DEBUG:colcon.colcon_core.package_identification:Package 'cameraPub' with type 'ros.ament_python' and name 'cameraPub'
[0.499s] Level 1:colcon.colcon_core.package_identification:_identify(cameraSub) by extensions ['ignore', 'ignore_ament_install']
[0.499s] Level 1:colcon.colcon_core.package_identification:_identify(cameraSub) by extension 'ignore'
[0.499s] Level 1:colcon.colcon_core.package_identification:_identify(cameraSub) by extension 'ignore_ament_install'
[0.499s] Level 1:colcon.colcon_core.package_identification:_identify(cameraSub) by extensions ['colcon_pkg']
[0.499s] Level 1:colcon.colcon_core.package_identification:_identify(cameraSub) by extension 'colcon_pkg'
[0.499s] Level 1:colcon.colcon_core.package_identification:_identify(cameraSub) by extensions ['colcon_meta']
[0.499s] Level 1:colcon.colcon_core.package_identification:_identify(cameraSub) by extension 'colcon_meta'
[0.499s] Level 1:colcon.colcon_core.package_identification:_identify(cameraSub) by extensions ['ros']
[0.499s] Level 1:colcon.colcon_core.package_identification:_identify(cameraSub) by extension 'ros'
[0.500s] DEBUG:colcon.colcon_core.package_identification:Package 'cameraSub' with type 'ros.ament_python' and name 'cameraSub'
[0.500s] Level 1:colcon.colcon_core.package_identification:_identify(custom_msgs) by extensions ['ignore', 'ignore_ament_install']
[0.500s] Level 1:colcon.colcon_core.package_identification:_identify(custom_msgs) by extension 'ignore'
[0.500s] Level 1:colcon.colcon_core.package_identification:_identify(custom_msgs) by extension 'ignore_ament_install'
[0.500s] Level 1:colcon.colcon_core.package_identification:_identify(custom_msgs) by extensions ['colcon_pkg']
[0.500s] Level 1:colcon.colcon_core.package_identification:_identify(custom_msgs) by extension 'colcon_pkg'
[0.500s] Level 1:colcon.colcon_core.package_identification:_identify(custom_msgs) by extensions ['colcon_meta']
[0.500s] Level 1:colcon.colcon_core.package_identification:_identify(custom_msgs) by extension 'colcon_meta'
[0.501s] Level 1:colcon.colcon_core.package_identification:_identify(custom_msgs) by extensions ['ros']
[0.501s] Level 1:colcon.colcon_core.package_identification:_identify(custom_msgs) by extension 'ros'
[0.501s] DEBUG:colcon.colcon_core.package_identification:Package 'custom_msgs' with type 'ros.ament_cmake' and name 'custom_msgs'
[0.501s] Level 1:colcon.colcon_core.package_identification:_identify(install) by extensions ['ignore', 'ignore_ament_install']
[0.502s] Level 1:colcon.colcon_core.package_identification:_identify(install) by extension 'ignore'
[0.502s] Level 1:colcon.colcon_core.package_identification:_identify(install) ignored
[0.502s] Level 1:colcon.colcon_core.package_identification:_identify(launch) by extensions ['ignore', 'ignore_ament_install']
[0.502s] Level 1:colcon.colcon_core.package_identification:_identify(launch) by extension 'ignore'
[0.502s] Level 1:colcon.colcon_core.package_identification:_identify(launch) by extension 'ignore_ament_install'
[0.502s] Level 1:colcon.colcon_core.package_identification:_identify(launch) by extensions ['colcon_pkg']
[0.502s] Level 1:colcon.colcon_core.package_identification:_identify(launch) by extension 'colcon_pkg'
[0.502s] Level 1:colcon.colcon_core.package_identification:_identify(launch) by extensions ['colcon_meta']
[0.502s] Level 1:colcon.colcon_core.package_identification:_identify(launch) by extension 'colcon_meta'
[0.502s] Level 1:colcon.colcon_core.package_identification:_identify(launch) by extensions ['ros']
[0.502s] Level 1:colcon.colcon_core.package_identification:_identify(launch) by extension 'ros'
[0.502s] Level 1:colcon.colcon_core.package_identification:_identify(launch) by extensions ['cmake', 'python']
[0.502s] Level 1:colcon.colcon_core.package_identification:_identify(launch) by extension 'cmake'
[0.502s] Level 1:colcon.colcon_core.package_identification:_identify(launch) by extension 'python'
[0.503s] Level 1:colcon.colcon_core.package_identification:_identify(launch) by extensions ['python_setup_py']
[0.503s] Level 1:colcon.colcon_core.package_identification:_identify(launch) by extension 'python_setup_py'
[0.503s] Level 1:colcon.colcon_core.package_identification:_identify(launch/__pycache__) by extensions ['ignore', 'ignore_ament_install']
[0.503s] Level 1:colcon.colcon_core.package_identification:_identify(launch/__pycache__) by extension 'ignore'
[0.503s] Level 1:colcon.colcon_core.package_identification:_identify(launch/__pycache__) by extension 'ignore_ament_install'
[0.503s] Level 1:colcon.colcon_core.package_identification:_identify(launch/__pycache__) by extensions ['colcon_pkg']
[0.503s] Level 1:colcon.colcon_core.package_identification:_identify(launch/__pycache__) by extension 'colcon_pkg'
[0.503s] Level 1:colcon.colcon_core.package_identification:_identify(launch/__pycache__) by extensions ['colcon_meta']
[0.503s] Level 1:colcon.colcon_core.package_identification:_identify(launch/__pycache__) by extension 'colcon_meta'
[0.503s] Level 1:colcon.colcon_core.package_identification:_identify(launch/__pycache__) by extensions ['ros']
[0.503s] Level 1:colcon.colcon_core.package_identification:_identify(launch/__pycache__) by extension 'ros'
[0.503s] Level 1:colcon.colcon_core.package_identification:_identify(launch/__pycache__) by extensions ['cmake', 'python']
[0.503s] Level 1:colcon.colcon_core.package_identification:_identify(launch/__pycache__) by extension 'cmake'
[0.503s] Level 1:colcon.colcon_core.package_identification:_identify(launch/__pycache__) by extension 'python'
[0.504s] Level 1:colcon.colcon_core.package_identification:_identify(launch/__pycache__) by extensions ['python_setup_py']
[0.504s] Level 1:colcon.colcon_core.package_identification:_identify(launch/__pycache__) by extension 'python_setup_py'
[0.504s] Level 1:colcon.colcon_core.package_identification:_identify(log) by extensions ['ignore', 'ignore_ament_install']
[0.504s] Level 1:colcon.colcon_core.package_identification:_identify(log) by extension 'ignore'
[0.504s] Level 1:colcon.colcon_core.package_identification:_identify(log) ignored
[0.504s] Level 1:colcon.colcon_core.package_identification:_identify(turtlebot3_navigation) by extensions ['ignore', 'ignore_ament_install']
[0.504s] Level 1:colcon.colcon_core.package_identification:_identify(turtlebot3_navigation) by extension 'ignore'
[0.504s] Level 1:colcon.colcon_core.package_identification:_identify(turtlebot3_navigation) by extension 'ignore_ament_install'
[0.504s] Level 1:colcon.colcon_core.package_identification:_identify(turtlebot3_navigation) by extensions ['colcon_pkg']
[0.505s] Level 1:colcon.colcon_core.package_identification:_identify(turtlebot3_navigation) by extension 'colcon_pkg'
[0.505s] Level 1:colcon.colcon_core.package_identification:_identify(turtlebot3_navigation) by extensions ['colcon_meta']
[0.505s] Level 1:colcon.colcon_core.package_identification:_identify(turtlebot3_navigation) by extension 'colcon_meta'
[0.505s] Level 1:colcon.colcon_core.package_identification:_identify(turtlebot3_navigation) by extensions ['ros']
[0.505s] Level 1:colcon.colcon_core.package_identification:_identify(turtlebot3_navigation) by extension 'ros'
[0.505s] DEBUG:colcon.colcon_core.package_identification:Package 'turtlebot3_navigation' with type 'ros.ament_python' and name 'turtlebot3_navigation'
[0.505s] Level 1:colcon.colcon_core.package_discovery:discover_packages(recursive) using defaults
[0.505s] Level 1:colcon.colcon_core.package_discovery:discover_packages(ignore) discover
[0.505s] Level 1:colcon.colcon_core.package_discovery:discover_packages(ignore) using defaults
[0.505s] Level 1:colcon.colcon_core.package_discovery:discover_packages(path) discover
[0.506s] Level 1:colcon.colcon_core.package_discovery:discover_packages(path) using defaults
[0.507s] WARNING:colcon.colcon_core.package_selection:ignoring unknown package 'UAVMain' in --packages-select
[0.534s] INFO:colcon.colcon_core.package_selection:Skipping not selected package 'Konig' in 'Konig'
[0.534s] INFO:colcon.colcon_core.package_selection:Skipping not selected package 'UAVProcessing' in 'UAVProcessing'
[0.534s] INFO:colcon.colcon_core.package_selection:Skipping not selected package 'UAVVision' in 'UAVVision'
[0.534s] INFO:colcon.colcon_core.package_selection:Skipping not selected package 'UGV1Main' in 'UGV1Main'
[0.534s] INFO:colcon.colcon_core.package_selection:Skipping not selected package 'UGV1Processing' in 'UGV1Processing'
[0.535s] INFO:colcon.colcon_core.package_selection:Skipping not selected package 'UGV1Vision' in 'UGV1Vision'
[0.535s] INFO:colcon.colcon_core.package_selection:Skipping not selected package 'cameraPub' in 'cameraPub'
[0.535s] INFO:colcon.colcon_core.package_selection:Skipping not selected package 'cameraSub' in 'cameraSub'
[0.535s] INFO:colcon.colcon_core.package_selection:Skipping not selected package 'custom_msgs' in 'custom_msgs'
[0.535s] INFO:colcon.colcon_core.package_selection:Skipping not selected package 'turtlebot3_navigation' in 'turtlebot3_navigation'
[0.535s] Level 1:colcon.colcon_core.package_discovery:discover_packages(prefix_path) check parameters
[0.535s] Level 1:colcon.colcon_core.package_discovery:discover_packages(prefix_path) discover
[0.540s] DEBUG:colcon.colcon_installed_package_information.package_discovery:Found 11 installed packages in /home/teamvision/Desktop/ROS_Workspace/Honours_a1797823_a1764124/ROS_Workspace/install
[0.541s] DEBUG:colcon.colcon_installed_package_information.package_discovery:Found 0 installed packages in /home/teamvision/colcon_ws/install
[0.543s] DEBUG:colcon.colcon_installed_package_information.package_discovery:Found 13 installed packages in /home/teamvision/Desktop/ROS_Workspace/Honours_a1797823_a1764124/ROS_Workspace/src/install
[0.547s] DEBUG:colcon.colcon_installed_package_information.package_discovery:Found 334 installed packages in /opt/ros/foxy
[0.550s] Level 1:colcon.colcon_core.package_discovery:discover_packages(prefix_path) using defaults
[0.650s] INFO:colcon.colcon_core.executor:Executing jobs using 'parallel' executor
[0.655s] DEBUG:colcon.colcon_parallel_executor.executor.parallel:run_until_complete
[0.655s] DEBUG:colcon.colcon_parallel_executor.executor.parallel:closing loop
[0.656s] DEBUG:colcon.colcon_parallel_executor.executor.parallel:loop closed
[0.656s] DEBUG:colcon.colcon_parallel_executor.executor.parallel:run_until_complete finished with '0'
[0.656s] DEBUG:colcon.colcon_core.event_reactor:joining thread
[0.663s] INFO:colcon.colcon_core.plugin_system:Skipping extension 'colcon_notification.desktop_notification.terminal_notifier': Not used on non-Darwin systems
[0.663s] INFO:colcon.colcon_core.plugin_system:Skipping extension 'colcon_notification.desktop_notification.win32': Not used on non-Windows systems
[0.663s] INFO:colcon.colcon_notification.desktop_notification:Sending desktop notification using 'notify2'
[0.682s] DEBUG:colcon.colcon_core.event_reactor:joined thread
[0.688s] INFO:colcon.colcon_core.plugin_system:Skipping extension 'colcon_core.shell.bat': Not used on non-Windows systems
[0.689s] INFO:colcon.colcon_core.shell:Creating prefix script '/home/teamvision/Desktop/ROS_Workspace/Honours_a1797823_a1764124/ROS_Workspace/src/install/local_setup.ps1'
[0.690s] INFO:colcon.colcon_core.shell:Creating prefix util module '/home/teamvision/Desktop/ROS_Workspace/Honours_a1797823_a1764124/ROS_Workspace/src/install/_local_setup_util_ps1.py'
[0.692s] INFO:colcon.colcon_core.shell:Creating prefix chain script '/home/teamvision/Desktop/ROS_Workspace/Honours_a1797823_a1764124/ROS_Workspace/src/install/setup.ps1'
[0.695s] INFO:colcon.colcon_core.shell:Creating prefix script '/home/teamvision/Desktop/ROS_Workspace/Honours_a1797823_a1764124/ROS_Workspace/src/install/local_setup.sh'
[0.695s] INFO:colcon.colcon_core.shell:Creating prefix util module '/home/teamvision/Desktop/ROS_Workspace/Honours_a1797823_a1764124/ROS_Workspace/src/install/_local_setup_util_sh.py'
[0.696s] INFO:colcon.colcon_core.shell:Creating prefix chain script '/home/teamvision/Desktop/ROS_Workspace/Honours_a1797823_a1764124/ROS_Workspace/src/install/setup.sh'
[0.699s] INFO:colcon.colcon_core.shell:Creating prefix script '/home/teamvision/Desktop/ROS_Workspace/Honours_a1797823_a1764124/ROS_Workspace/src/install/local_setup.bash'
[0.699s] INFO:colcon.colcon_core.shell:Creating prefix chain script '/home/teamvision/Desktop/ROS_Workspace/Honours_a1797823_a1764124/ROS_Workspace/src/install/setup.bash'
[0.703s] INFO:colcon.colcon_core.shell:Creating prefix script '/home/teamvision/Desktop/ROS_Workspace/Honours_a1797823_a1764124/ROS_Workspace/src/install/local_setup.zsh'
[0.703s] INFO:colcon.colcon_core.shell:Creating prefix chain script '/home/teamvision/Desktop/ROS_Workspace/Honours_a1797823_a1764124/ROS_Workspace/src/install/setup.zsh'
