[1.060s] Invoking command in '/home/max/Desktop/VisionCode/Honours_a1797823_a1764124/ROS_Workspace/src/cameraPub/build/cameraPub': PYTHONPATH=/home/max/Desktop/VisionCode/Honours_a1797823_a1764124/ROS_Workspace/src/cameraPub/build/cameraPub/prefix_override:/home/max/Desktop/VisionCode/Honours_a1797823_a1764124/ROS_Workspace/src/cameraPub/install/cameraPub/lib/python3.8/site-packages:${PYTHONPATH} /usr/bin/python3 setup.py develop --uninstall --editable --build-directory /home/max/Desktop/VisionCode/Honours_a1797823_a1764124/ROS_Workspace/src/cameraPub/build/cameraPub/build
[1.450s] running develop
[1.711s] Removing /home/max/Desktop/VisionCode/Honours_a1797823_a1764124/ROS_Workspace/src/cameraPub/install/cameraPub/lib/python3.8/site-packages/cameraPub.egg-link (link to .)
[1.758s] Invoked command in '/home/max/Desktop/VisionCode/Honours_a1797823_a1764124/ROS_Workspace/src/cameraPub/build/cameraPub' returned '0': PYTHONPATH=/home/max/Desktop/VisionCode/Honours_a1797823_a1764124/ROS_Workspace/src/cameraPub/build/cameraPub/prefix_override:/home/max/Desktop/VisionCode/Honours_a1797823_a1764124/ROS_Workspace/src/cameraPub/install/cameraPub/lib/python3.8/site-packages:${PYTHONPATH} /usr/bin/python3 setup.py develop --uninstall --editable --build-directory /home/max/Desktop/VisionCode/Honours_a1797823_a1764124/ROS_Workspace/src/cameraPub/build/cameraPub/build
[1.759s] Invoking command in '/home/max/Desktop/VisionCode/Honours_a1797823_a1764124/ROS_Workspace/src/cameraPub': PYTHONPATH=/home/max/Desktop/VisionCode/Honours_a1797823_a1764124/ROS_Workspace/src/cameraPub/build/cameraPub/prefix_override:/home/max/Desktop/VisionCode/Honours_a1797823_a1764124/ROS_Workspace/src/cameraPub/install/cameraPub/lib/python3.8/site-packages:${PYTHONPATH} /usr/bin/python3 setup.py egg_info --egg-base build/cameraPub build --build-base /home/max/Desktop/VisionCode/Honours_a1797823_a1764124/ROS_Workspace/src/cameraPub/build/cameraPub/build install --record /home/max/Desktop/VisionCode/Honours_a1797823_a1764124/ROS_Workspace/src/cameraPub/build/cameraPub/install.log --install-scripts $base/lib/cameraPub --single-version-externally-managed
[2.129s] running egg_info
[2.130s] writing build/cameraPub/cameraPub.egg-info/PKG-INFO
[2.130s] writing dependency_links to build/cameraPub/cameraPub.egg-info/dependency_links.txt
[2.131s] writing entry points to build/cameraPub/cameraPub.egg-info/entry_points.txt
[2.131s] writing requirements to build/cameraPub/cameraPub.egg-info/requires.txt
[2.131s] writing top-level names to build/cameraPub/cameraPub.egg-info/top_level.txt
[2.194s] reading manifest file 'build/cameraPub/cameraPub.egg-info/SOURCES.txt'
[2.195s] writing manifest file 'build/cameraPub/cameraPub.egg-info/SOURCES.txt'
[2.196s] running build
[2.196s] running build_py
[2.196s] creating /home/max/Desktop/VisionCode/Honours_a1797823_a1764124/ROS_Workspace/src/cameraPub/build/cameraPub/build
[2.196s] creating /home/max/Desktop/VisionCode/Honours_a1797823_a1764124/ROS_Workspace/src/cameraPub/build/cameraPub/build/lib
[2.197s] creating /home/max/Desktop/VisionCode/Honours_a1797823_a1764124/ROS_Workspace/src/cameraPub/build/cameraPub/build/lib/cameraPub
[2.197s] copying cameraPub/__init__.py -> /home/max/Desktop/VisionCode/Honours_a1797823_a1764124/ROS_Workspace/src/cameraPub/build/cameraPub/build/lib/cameraPub
[2.197s] copying cameraPub/cameraPublisher.py -> /home/max/Desktop/VisionCode/Honours_a1797823_a1764124/ROS_Workspace/src/cameraPub/build/cameraPub/build/lib/cameraPub
[2.197s] running install
[2.198s] running install_lib
[2.200s] creating /home/max/Desktop/VisionCode/Honours_a1797823_a1764124/ROS_Workspace/src/cameraPub/install/cameraPub/lib/python3.8/site-packages/cameraPub
[2.200s] copying /home/max/Desktop/VisionCode/Honours_a1797823_a1764124/ROS_Workspace/src/cameraPub/build/cameraPub/build/lib/cameraPub/__init__.py -> /home/max/Desktop/VisionCode/Honours_a1797823_a1764124/ROS_Workspace/src/cameraPub/install/cameraPub/lib/python3.8/site-packages/cameraPub
[2.200s] copying /home/max/Desktop/VisionCode/Honours_a1797823_a1764124/ROS_Workspace/src/cameraPub/build/cameraPub/build/lib/cameraPub/cameraPublisher.py -> /home/max/Desktop/VisionCode/Honours_a1797823_a1764124/ROS_Workspace/src/cameraPub/install/cameraPub/lib/python3.8/site-packages/cameraPub
[2.201s] byte-compiling /home/max/Desktop/VisionCode/Honours_a1797823_a1764124/ROS_Workspace/src/cameraPub/install/cameraPub/lib/python3.8/site-packages/cameraPub/__init__.py to __init__.cpython-38.pyc
[2.203s] byte-compiling /home/max/Desktop/VisionCode/Honours_a1797823_a1764124/ROS_Workspace/src/cameraPub/install/cameraPub/lib/python3.8/site-packages/cameraPub/cameraPublisher.py to cameraPublisher.cpython-38.pyc
[2.203s] running install_data
[2.204s] running install_egg_info
[2.206s] Copying build/cameraPub/cameraPub.egg-info to /home/max/Desktop/VisionCode/Honours_a1797823_a1764124/ROS_Workspace/src/cameraPub/install/cameraPub/lib/python3.8/site-packages/cameraPub-0.0.0-py3.8.egg-info
[2.207s] running install_scripts
[2.232s] Installing cameraPub script to /home/max/Desktop/VisionCode/Honours_a1797823_a1764124/ROS_Workspace/src/cameraPub/install/cameraPub/lib/cameraPub
[2.232s] writing list of installed files to '/home/max/Desktop/VisionCode/Honours_a1797823_a1764124/ROS_Workspace/src/cameraPub/build/cameraPub/install.log'
[2.273s] Invoked command in '/home/max/Desktop/VisionCode/Honours_a1797823_a1764124/ROS_Workspace/src/cameraPub' returned '0': PYTHONPATH=/home/max/Desktop/VisionCode/Honours_a1797823_a1764124/ROS_Workspace/src/cameraPub/build/cameraPub/prefix_override:/home/max/Desktop/VisionCode/Honours_a1797823_a1764124/ROS_Workspace/src/cameraPub/install/cameraPub/lib/python3.8/site-packages:${PYTHONPATH} /usr/bin/python3 setup.py egg_info --egg-base build/cameraPub build --build-base /home/max/Desktop/VisionCode/Honours_a1797823_a1764124/ROS_Workspace/src/cameraPub/build/cameraPub/build install --record /home/max/Desktop/VisionCode/Honours_a1797823_a1764124/ROS_Workspace/src/cameraPub/build/cameraPub/install.log --install-scripts $base/lib/cameraPub --single-version-externally-managed
