[0.425s] DEBUG:colcon:Command line arguments: ['/usr/bin/colcon', 'build', '--packages-select', 'custom_msgs/']
[0.425s] DEBUG:colcon:Parsed command line arguments: Namespace(allow_overriding=[], ament_cmake_args=None, base_paths=['.'], build_base='build', catkin_cmake_args=None, catkin_skip_building_tests=False, cmake_args=None, cmake_clean_cache=False, cmake_clean_first=False, cmake_force_configure=False, cmake_target=None, cmake_target_skip_unavailable=False, continue_on_error=False, event_handlers=None, executor='parallel', ignore_user_meta=False, install_base='install', log_base=None, log_level=None, main=<bound method BuildVerb.main of <colcon_core.verb.build.BuildVerb object at 0x7f77816a5640>>, merge_install=False, metas=['./colcon.meta'], packages_above=None, packages_above_and_dependencies=None, packages_above_depth=None, packages_end=None, packages_ignore=None, packages_ignore_regex=None, packages_select=['custom_msgs/'], packages_select_build_failed=False, packages_select_by_dep=None, packages_select_regex=None, packages_select_test_failures=False, packages_skip=None, packages_skip_build_finished=False, packages_skip_by_dep=None, packages_skip_regex=None, packages_skip_test_passed=False, packages_skip_up_to=None, packages_start=None, packages_up_to=None, packages_up_to_regex=None, parallel_workers=4, paths=None, symlink_install=False, test_result_base=None, verb_extension=<colcon_core.verb.build.BuildVerb object at 0x7f77816a5640>, verb_name='build', verb_parser=<colcon_defaults.argument_parser.defaults.DefaultArgumentsDecorator object at 0x7f77816a5b80>)
[0.458s] Level 1:colcon.colcon_core.package_discovery:discover_packages(colcon_meta) check parameters
[0.459s] Level 1:colcon.colcon_core.package_discovery:discover_packages(recursive) check parameters
[0.459s] Level 1:colcon.colcon_core.package_discovery:discover_packages(ignore) check parameters
[0.459s] Level 1:colcon.colcon_core.package_discovery:discover_packages(path) check parameters
[0.459s] Level 1:colcon.colcon_core.package_discovery:discover_packages(colcon_meta) discover
[0.459s] Level 1:colcon.colcon_core.package_discovery:discover_packages(recursive) discover
[0.459s] INFO:colcon.colcon_core.package_discovery:Crawling recursively for packages in '/home/teamvision/Desktop/ROS_Workspace/Honours_a1797823_a1764124/ROS_Workspace'
[0.459s] Level 1:colcon.colcon_core.package_identification:_identify(.) by extensions ['ignore', 'ignore_ament_install']
[0.459s] Level 1:colcon.colcon_core.package_identification:_identify(.) by extension 'ignore'
[0.459s] Level 1:colcon.colcon_core.package_identification:_identify(.) by extension 'ignore_ament_install'
[0.459s] Level 1:colcon.colcon_core.package_identification:_identify(.) by extensions ['colcon_pkg']
[0.459s] Level 1:colcon.colcon_core.package_identification:_identify(.) by extension 'colcon_pkg'
[0.459s] Level 1:colcon.colcon_core.package_identification:_identify(.) by extensions ['colcon_meta']
[0.459s] Level 1:colcon.colcon_core.package_identification:_identify(.) by extension 'colcon_meta'
[0.459s] Level 1:colcon.colcon_core.package_identification:_identify(.) by extensions ['ros']
[0.459s] Level 1:colcon.colcon_core.package_identification:_identify(.) by extension 'ros'
[0.483s] Level 1:colcon.colcon_core.package_identification:_identify(.) by extensions ['cmake', 'python']
[0.483s] Level 1:colcon.colcon_core.package_identification:_identify(.) by extension 'cmake'
[0.483s] Level 1:colcon.colcon_core.package_identification:_identify(.) by extension 'python'
[0.483s] Level 1:colcon.colcon_core.package_identification:_identify(.) by extensions ['python_setup_py']
[0.483s] Level 1:colcon.colcon_core.package_identification:_identify(.) by extension 'python_setup_py'
[0.483s] Level 1:colcon.colcon_core.package_identification:_identify(build) by extensions ['ignore', 'ignore_ament_install']
[0.483s] Level 1:colcon.colcon_core.package_identification:_identify(build) by extension 'ignore'
[0.483s] Level 1:colcon.colcon_core.package_identification:_identify(build) ignored
[0.483s] Level 1:colcon.colcon_core.package_identification:_identify(install) by extensions ['ignore', 'ignore_ament_install']
[0.483s] Level 1:colcon.colcon_core.package_identification:_identify(install) by extension 'ignore'
[0.483s] Level 1:colcon.colcon_core.package_identification:_identify(install) ignored
[0.484s] Level 1:colcon.colcon_core.package_identification:_identify(log) by extensions ['ignore', 'ignore_ament_install']
[0.484s] Level 1:colcon.colcon_core.package_identification:_identify(log) by extension 'ignore'
[0.484s] Level 1:colcon.colcon_core.package_identification:_identify(log) ignored
[0.484s] Level 1:colcon.colcon_core.package_identification:_identify(src) by extensions ['ignore', 'ignore_ament_install']
[0.484s] Level 1:colcon.colcon_core.package_identification:_identify(src) by extension 'ignore'
[0.484s] Level 1:colcon.colcon_core.package_identification:_identify(src) by extension 'ignore_ament_install'
[0.484s] Level 1:colcon.colcon_core.package_identification:_identify(src) by extensions ['colcon_pkg']
[0.484s] Level 1:colcon.colcon_core.package_identification:_identify(src) by extension 'colcon_pkg'
[0.484s] Level 1:colcon.colcon_core.package_identification:_identify(src) by extensions ['colcon_meta']
[0.484s] Level 1:colcon.colcon_core.package_identification:_identify(src) by extension 'colcon_meta'
[0.484s] Level 1:colcon.colcon_core.package_identification:_identify(src) by extensions ['ros']
[0.484s] Level 1:colcon.colcon_core.package_identification:_identify(src) by extension 'ros'
[0.485s] Level 1:colcon.colcon_core.package_identification:_identify(src) by extensions ['cmake', 'python']
[0.485s] Level 1:colcon.colcon_core.package_identification:_identify(src) by extension 'cmake'
[0.485s] Level 1:colcon.colcon_core.package_identification:_identify(src) by extension 'python'
[0.485s] Level 1:colcon.colcon_core.package_identification:_identify(src) by extensions ['python_setup_py']
[0.485s] Level 1:colcon.colcon_core.package_identification:_identify(src) by extension 'python_setup_py'
[0.485s] Level 1:colcon.colcon_core.package_identification:_identify(src/Konig) by extensions ['ignore', 'ignore_ament_install']
[0.485s] Level 1:colcon.colcon_core.package_identification:_identify(src/Konig) by extension 'ignore'
[0.485s] Level 1:colcon.colcon_core.package_identification:_identify(src/Konig) by extension 'ignore_ament_install'
[0.485s] Level 1:colcon.colcon_core.package_identification:_identify(src/Konig) by extensions ['colcon_pkg']
[0.485s] Level 1:colcon.colcon_core.package_identification:_identify(src/Konig) by extension 'colcon_pkg'
[0.485s] Level 1:colcon.colcon_core.package_identification:_identify(src/Konig) by extensions ['colcon_meta']
[0.485s] Level 1:colcon.colcon_core.package_identification:_identify(src/Konig) by extension 'colcon_meta'
[0.485s] Level 1:colcon.colcon_core.package_identification:_identify(src/Konig) by extensions ['ros']
[0.485s] Level 1:colcon.colcon_core.package_identification:_identify(src/Konig) by extension 'ros'
[0.488s] DEBUG:colcon.colcon_core.package_identification:Package 'src/Konig' with type 'ros.ament_python' and name 'Konig'
[0.488s] Level 1:colcon.colcon_core.package_identification:_identify(src/UAVMain) by extensions ['ignore', 'ignore_ament_install']
[0.488s] Level 1:colcon.colcon_core.package_identification:_identify(src/UAVMain) by extension 'ignore'
[0.488s] Level 1:colcon.colcon_core.package_identification:_identify(src/UAVMain) by extension 'ignore_ament_install'
[0.489s] Level 1:colcon.colcon_core.package_identification:_identify(src/UAVMain) by extensions ['colcon_pkg']
[0.489s] Level 1:colcon.colcon_core.package_identification:_identify(src/UAVMain) by extension 'colcon_pkg'
[0.489s] Level 1:colcon.colcon_core.package_identification:_identify(src/UAVMain) by extensions ['colcon_meta']
[0.489s] Level 1:colcon.colcon_core.package_identification:_identify(src/UAVMain) by extension 'colcon_meta'
[0.489s] Level 1:colcon.colcon_core.package_identification:_identify(src/UAVMain) by extensions ['ros']
[0.489s] Level 1:colcon.colcon_core.package_identification:_identify(src/UAVMain) by extension 'ros'
[0.489s] DEBUG:colcon.colcon_core.package_identification:Package 'src/UAVMain' with type 'ros.ament_python' and name 'UAVMain'
[0.490s] Level 1:colcon.colcon_core.package_identification:_identify(src/UAVProcessing) by extensions ['ignore', 'ignore_ament_install']
[0.490s] Level 1:colcon.colcon_core.package_identification:_identify(src/UAVProcessing) by extension 'ignore'
[0.490s] Level 1:colcon.colcon_core.package_identification:_identify(src/UAVProcessing) by extension 'ignore_ament_install'
[0.490s] Level 1:colcon.colcon_core.package_identification:_identify(src/UAVProcessing) by extensions ['colcon_pkg']
[0.490s] Level 1:colcon.colcon_core.package_identification:_identify(src/UAVProcessing) by extension 'colcon_pkg'
[0.490s] Level 1:colcon.colcon_core.package_identification:_identify(src/UAVProcessing) by extensions ['colcon_meta']
[0.490s] Level 1:colcon.colcon_core.package_identification:_identify(src/UAVProcessing) by extension 'colcon_meta'
[0.490s] Level 1:colcon.colcon_core.package_identification:_identify(src/UAVProcessing) by extensions ['ros']
[0.490s] Level 1:colcon.colcon_core.package_identification:_identify(src/UAVProcessing) by extension 'ros'
[0.491s] DEBUG:colcon.colcon_core.package_identification:Package 'src/UAVProcessing' with type 'ros.ament_python' and name 'UAVProcessing'
[0.491s] Level 1:colcon.colcon_core.package_identification:_identify(src/UAVVision) by extensions ['ignore', 'ignore_ament_install']
[0.491s] Level 1:colcon.colcon_core.package_identification:_identify(src/UAVVision) by extension 'ignore'
[0.491s] Level 1:colcon.colcon_core.package_identification:_identify(src/UAVVision) by extension 'ignore_ament_install'
[0.491s] Level 1:colcon.colcon_core.package_identification:_identify(src/UAVVision) by extensions ['colcon_pkg']
[0.491s] Level 1:colcon.colcon_core.package_identification:_identify(src/UAVVision) by extension 'colcon_pkg'
[0.491s] Level 1:colcon.colcon_core.package_identification:_identify(src/UAVVision) by extensions ['colcon_meta']
[0.491s] Level 1:colcon.colcon_core.package_identification:_identify(src/UAVVision) by extension 'colcon_meta'
[0.491s] Level 1:colcon.colcon_core.package_identification:_identify(src/UAVVision) by extensions ['ros']
[0.491s] Level 1:colcon.colcon_core.package_identification:_identify(src/UAVVision) by extension 'ros'
[0.492s] DEBUG:colcon.colcon_core.package_identification:Package 'src/UAVVision' with type 'ros.ament_python' and name 'UAVVision'
[0.492s] Level 1:colcon.colcon_core.package_identification:_identify(src/UGV1Main) by extensions ['ignore', 'ignore_ament_install']
[0.492s] Level 1:colcon.colcon_core.package_identification:_identify(src/UGV1Main) by extension 'ignore'
[0.492s] Level 1:colcon.colcon_core.package_identification:_identify(src/UGV1Main) by extension 'ignore_ament_install'
[0.492s] Level 1:colcon.colcon_core.package_identification:_identify(src/UGV1Main) by extensions ['colcon_pkg']
[0.492s] Level 1:colcon.colcon_core.package_identification:_identify(src/UGV1Main) by extension 'colcon_pkg'
[0.492s] Level 1:colcon.colcon_core.package_identification:_identify(src/UGV1Main) by extensions ['colcon_meta']
[0.493s] Level 1:colcon.colcon_core.package_identification:_identify(src/UGV1Main) by extension 'colcon_meta'
[0.493s] Level 1:colcon.colcon_core.package_identification:_identify(src/UGV1Main) by extensions ['ros']
[0.493s] Level 1:colcon.colcon_core.package_identification:_identify(src/UGV1Main) by extension 'ros'
[0.493s] DEBUG:colcon.colcon_core.package_identification:Package 'src/UGV1Main' with type 'ros.ament_python' and name 'UGV1Main'
[0.493s] Level 1:colcon.colcon_core.package_identification:_identify(src/UGV1Processing) by extensions ['ignore', 'ignore_ament_install']
[0.493s] Level 1:colcon.colcon_core.package_identification:_identify(src/UGV1Processing) by extension 'ignore'
[0.494s] Level 1:colcon.colcon_core.package_identification:_identify(src/UGV1Processing) by extension 'ignore_ament_install'
[0.494s] Level 1:colcon.colcon_core.package_identification:_identify(src/UGV1Processing) by extensions ['colcon_pkg']
[0.494s] Level 1:colcon.colcon_core.package_identification:_identify(src/UGV1Processing) by extension 'colcon_pkg'
[0.494s] Level 1:colcon.colcon_core.package_identification:_identify(src/UGV1Processing) by extensions ['colcon_meta']
[0.494s] Level 1:colcon.colcon_core.package_identification:_identify(src/UGV1Processing) by extension 'colcon_meta'
[0.494s] Level 1:colcon.colcon_core.package_identification:_identify(src/UGV1Processing) by extensions ['ros']
[0.494s] Level 1:colcon.colcon_core.package_identification:_identify(src/UGV1Processing) by extension 'ros'
[0.495s] DEBUG:colcon.colcon_core.package_identification:Package 'src/UGV1Processing' with type 'ros.ament_python' and name 'UGV1Processing'
[0.495s] Level 1:colcon.colcon_core.package_identification:_identify(src/UGV1Vision) by extensions ['ignore', 'ignore_ament_install']
[0.495s] Level 1:colcon.colcon_core.package_identification:_identify(src/UGV1Vision) by extension 'ignore'
[0.495s] Level 1:colcon.colcon_core.package_identification:_identify(src/UGV1Vision) by extension 'ignore_ament_install'
[0.495s] Level 1:colcon.colcon_core.package_identification:_identify(src/UGV1Vision) by extensions ['colcon_pkg']
[0.495s] Level 1:colcon.colcon_core.package_identification:_identify(src/UGV1Vision) by extension 'colcon_pkg'
[0.495s] Level 1:colcon.colcon_core.package_identification:_identify(src/UGV1Vision) by extensions ['colcon_meta']
[0.495s] Level 1:colcon.colcon_core.package_identification:_identify(src/UGV1Vision) by extension 'colcon_meta'
[0.495s] Level 1:colcon.colcon_core.package_identification:_identify(src/UGV1Vision) by extensions ['ros']
[0.495s] Level 1:colcon.colcon_core.package_identification:_identify(src/UGV1Vision) by extension 'ros'
[0.496s] DEBUG:colcon.colcon_core.package_identification:Package 'src/UGV1Vision' with type 'ros.ament_python' and name 'UGV1Vision'
[0.496s] Level 1:colcon.colcon_core.package_identification:_identify(src/build) by extensions ['ignore', 'ignore_ament_install']
[0.496s] Level 1:colcon.colcon_core.package_identification:_identify(src/build) by extension 'ignore'
[0.496s] Level 1:colcon.colcon_core.package_identification:_identify(src/build) ignored
[0.496s] Level 1:colcon.colcon_core.package_identification:_identify(src/cameraPub) by extensions ['ignore', 'ignore_ament_install']
[0.496s] Level 1:colcon.colcon_core.package_identification:_identify(src/cameraPub) by extension 'ignore'
[0.496s] Level 1:colcon.colcon_core.package_identification:_identify(src/cameraPub) by extension 'ignore_ament_install'
[0.496s] Level 1:colcon.colcon_core.package_identification:_identify(src/cameraPub) by extensions ['colcon_pkg']
[0.496s] Level 1:colcon.colcon_core.package_identification:_identify(src/cameraPub) by extension 'colcon_pkg'
[0.496s] Level 1:colcon.colcon_core.package_identification:_identify(src/cameraPub) by extensions ['colcon_meta']
[0.497s] Level 1:colcon.colcon_core.package_identification:_identify(src/cameraPub) by extension 'colcon_meta'
[0.497s] Level 1:colcon.colcon_core.package_identification:_identify(src/cameraPub) by extensions ['ros']
[0.497s] Level 1:colcon.colcon_core.package_identification:_identify(src/cameraPub) by extension 'ros'
[0.497s] DEBUG:colcon.colcon_core.package_identification:Package 'src/cameraPub' with type 'ros.ament_python' and name 'cameraPub'
[0.497s] Level 1:colcon.colcon_core.package_identification:_identify(src/cameraSub) by extensions ['ignore', 'ignore_ament_install']
[0.497s] Level 1:colcon.colcon_core.package_identification:_identify(src/cameraSub) by extension 'ignore'
[0.498s] Level 1:colcon.colcon_core.package_identification:_identify(src/cameraSub) by extension 'ignore_ament_install'
[0.498s] Level 1:colcon.colcon_core.package_identification:_identify(src/cameraSub) by extensions ['colcon_pkg']
[0.498s] Level 1:colcon.colcon_core.package_identification:_identify(src/cameraSub) by extension 'colcon_pkg'
[0.498s] Level 1:colcon.colcon_core.package_identification:_identify(src/cameraSub) by extensions ['colcon_meta']
[0.498s] Level 1:colcon.colcon_core.package_identification:_identify(src/cameraSub) by extension 'colcon_meta'
[0.498s] Level 1:colcon.colcon_core.package_identification:_identify(src/cameraSub) by extensions ['ros']
[0.498s] Level 1:colcon.colcon_core.package_identification:_identify(src/cameraSub) by extension 'ros'
[0.498s] DEBUG:colcon.colcon_core.package_identification:Package 'src/cameraSub' with type 'ros.ament_python' and name 'cameraSub'
[0.499s] Level 1:colcon.colcon_core.package_identification:_identify(src/custom_msgs) by extensions ['ignore', 'ignore_ament_install']
[0.499s] Level 1:colcon.colcon_core.package_identification:_identify(src/custom_msgs) by extension 'ignore'
[0.499s] Level 1:colcon.colcon_core.package_identification:_identify(src/custom_msgs) by extension 'ignore_ament_install'
[0.499s] Level 1:colcon.colcon_core.package_identification:_identify(src/custom_msgs) by extensions ['colcon_pkg']
[0.499s] Level 1:colcon.colcon_core.package_identification:_identify(src/custom_msgs) by extension 'colcon_pkg'
[0.499s] Level 1:colcon.colcon_core.package_identification:_identify(src/custom_msgs) by extensions ['colcon_meta']
[0.499s] Level 1:colcon.colcon_core.package_identification:_identify(src/custom_msgs) by extension 'colcon_meta'
[0.499s] Level 1:colcon.colcon_core.package_identification:_identify(src/custom_msgs) by extensions ['ros']
[0.499s] Level 1:colcon.colcon_core.package_identification:_identify(src/custom_msgs) by extension 'ros'
[0.500s] DEBUG:colcon.colcon_core.package_identification:Package 'src/custom_msgs' with type 'ros.ament_cmake' and name 'custom_msgs'
[0.500s] Level 1:colcon.colcon_core.package_identification:_identify(src/custom_srvs) by extensions ['ignore', 'ignore_ament_install']
[0.500s] Level 1:colcon.colcon_core.package_identification:_identify(src/custom_srvs) by extension 'ignore'
[0.500s] Level 1:colcon.colcon_core.package_identification:_identify(src/custom_srvs) by extension 'ignore_ament_install'
[0.500s] Level 1:colcon.colcon_core.package_identification:_identify(src/custom_srvs) by extensions ['colcon_pkg']
[0.500s] Level 1:colcon.colcon_core.package_identification:_identify(src/custom_srvs) by extension 'colcon_pkg'
[0.501s] Level 1:colcon.colcon_core.package_identification:_identify(src/custom_srvs) by extensions ['colcon_meta']
[0.501s] Level 1:colcon.colcon_core.package_identification:_identify(src/custom_srvs) by extension 'colcon_meta'
[0.501s] Level 1:colcon.colcon_core.package_identification:_identify(src/custom_srvs) by extensions ['ros']
[0.501s] Level 1:colcon.colcon_core.package_identification:_identify(src/custom_srvs) by extension 'ros'
[0.501s] DEBUG:colcon.colcon_core.package_identification:Package 'src/custom_srvs' with type 'ros.ament_cmake' and name 'custom_srvs'
[0.502s] Level 1:colcon.colcon_core.package_identification:_identify(src/install) by extensions ['ignore', 'ignore_ament_install']
[0.502s] Level 1:colcon.colcon_core.package_identification:_identify(src/install) by extension 'ignore'
[0.502s] Level 1:colcon.colcon_core.package_identification:_identify(src/install) ignored
[0.502s] Level 1:colcon.colcon_core.package_identification:_identify(src/launch) by extensions ['ignore', 'ignore_ament_install']
[0.502s] Level 1:colcon.colcon_core.package_identification:_identify(src/launch) by extension 'ignore'
[0.502s] Level 1:colcon.colcon_core.package_identification:_identify(src/launch) by extension 'ignore_ament_install'
[0.502s] Level 1:colcon.colcon_core.package_identification:_identify(src/launch) by extensions ['colcon_pkg']
[0.502s] Level 1:colcon.colcon_core.package_identification:_identify(src/launch) by extension 'colcon_pkg'
[0.502s] Level 1:colcon.colcon_core.package_identification:_identify(src/launch) by extensions ['colcon_meta']
[0.502s] Level 1:colcon.colcon_core.package_identification:_identify(src/launch) by extension 'colcon_meta'
[0.502s] Level 1:colcon.colcon_core.package_identification:_identify(src/launch) by extensions ['ros']
[0.502s] Level 1:colcon.colcon_core.package_identification:_identify(src/launch) by extension 'ros'
[0.503s] Level 1:colcon.colcon_core.package_identification:_identify(src/launch) by extensions ['cmake', 'python']
[0.503s] Level 1:colcon.colcon_core.package_identification:_identify(src/launch) by extension 'cmake'
[0.503s] Level 1:colcon.colcon_core.package_identification:_identify(src/launch) by extension 'python'
[0.503s] Level 1:colcon.colcon_core.package_identification:_identify(src/launch) by extensions ['python_setup_py']
[0.503s] Level 1:colcon.colcon_core.package_identification:_identify(src/launch) by extension 'python_setup_py'
[0.503s] Level 1:colcon.colcon_core.package_identification:_identify(src/launch/__pycache__) by extensions ['ignore', 'ignore_ament_install']
[0.503s] Level 1:colcon.colcon_core.package_identification:_identify(src/launch/__pycache__) by extension 'ignore'
[0.503s] Level 1:colcon.colcon_core.package_identification:_identify(src/launch/__pycache__) by extension 'ignore_ament_install'
[0.503s] Level 1:colcon.colcon_core.package_identification:_identify(src/launch/__pycache__) by extensions ['colcon_pkg']
[0.503s] Level 1:colcon.colcon_core.package_identification:_identify(src/launch/__pycache__) by extension 'colcon_pkg'
[0.503s] Level 1:colcon.colcon_core.package_identification:_identify(src/launch/__pycache__) by extensions ['colcon_meta']
[0.503s] Level 1:colcon.colcon_core.package_identification:_identify(src/launch/__pycache__) by extension 'colcon_meta'
[0.503s] Level 1:colcon.colcon_core.package_identification:_identify(src/launch/__pycache__) by extensions ['ros']
[0.503s] Level 1:colcon.colcon_core.package_identification:_identify(src/launch/__pycache__) by extension 'ros'
[0.504s] Level 1:colcon.colcon_core.package_identification:_identify(src/launch/__pycache__) by extensions ['cmake', 'python']
[0.504s] Level 1:colcon.colcon_core.package_identification:_identify(src/launch/__pycache__) by extension 'cmake'
[0.504s] Level 1:colcon.colcon_core.package_identification:_identify(src/launch/__pycache__) by extension 'python'
[0.504s] Level 1:colcon.colcon_core.package_identification:_identify(src/launch/__pycache__) by extensions ['python_setup_py']
[0.504s] Level 1:colcon.colcon_core.package_identification:_identify(src/launch/__pycache__) by extension 'python_setup_py'
[0.504s] Level 1:colcon.colcon_core.package_identification:_identify(src/log) by extensions ['ignore', 'ignore_ament_install']
[0.504s] Level 1:colcon.colcon_core.package_identification:_identify(src/log) by extension 'ignore'
[0.504s] Level 1:colcon.colcon_core.package_identification:_identify(src/log) ignored
[0.505s] Level 1:colcon.colcon_core.package_identification:_identify(src/turtlebot3_navigation) by extensions ['ignore', 'ignore_ament_install']
[0.505s] Level 1:colcon.colcon_core.package_identification:_identify(src/turtlebot3_navigation) by extension 'ignore'
[0.505s] Level 1:colcon.colcon_core.package_identification:_identify(src/turtlebot3_navigation) by extension 'ignore_ament_install'
[0.505s] Level 1:colcon.colcon_core.package_identification:_identify(src/turtlebot3_navigation) by extensions ['colcon_pkg']
[0.505s] Level 1:colcon.colcon_core.package_identification:_identify(src/turtlebot3_navigation) by extension 'colcon_pkg'
[0.505s] Level 1:colcon.colcon_core.package_identification:_identify(src/turtlebot3_navigation) by extensions ['colcon_meta']
[0.505s] Level 1:colcon.colcon_core.package_identification:_identify(src/turtlebot3_navigation) by extension 'colcon_meta'
[0.505s] Level 1:colcon.colcon_core.package_identification:_identify(src/turtlebot3_navigation) by extensions ['ros']
[0.505s] Level 1:colcon.colcon_core.package_identification:_identify(src/turtlebot3_navigation) by extension 'ros'
[0.506s] DEBUG:colcon.colcon_core.package_identification:Package 'src/turtlebot3_navigation' with type 'ros.ament_python' and name 'turtlebot3_navigation'
[0.506s] Level 1:colcon.colcon_core.package_discovery:discover_packages(recursive) using defaults
[0.506s] Level 1:colcon.colcon_core.package_discovery:discover_packages(ignore) discover
[0.506s] Level 1:colcon.colcon_core.package_discovery:discover_packages(ignore) using defaults
[0.506s] Level 1:colcon.colcon_core.package_discovery:discover_packages(path) discover
[0.506s] Level 1:colcon.colcon_core.package_discovery:discover_packages(path) using defaults
[0.508s] WARNING:colcon.colcon_core.package_selection:ignoring unknown package 'custom_msgs/' in --packages-select
[0.536s] INFO:colcon.colcon_core.package_selection:Skipping not selected package 'Konig' in 'src/Konig'
[0.536s] INFO:colcon.colcon_core.package_selection:Skipping not selected package 'UAVMain' in 'src/UAVMain'
[0.536s] INFO:colcon.colcon_core.package_selection:Skipping not selected package 'UAVProcessing' in 'src/UAVProcessing'
[0.536s] INFO:colcon.colcon_core.package_selection:Skipping not selected package 'UAVVision' in 'src/UAVVision'
[0.536s] INFO:colcon.colcon_core.package_selection:Skipping not selected package 'UGV1Main' in 'src/UGV1Main'
[0.536s] INFO:colcon.colcon_core.package_selection:Skipping not selected package 'UGV1Processing' in 'src/UGV1Processing'
[0.536s] INFO:colcon.colcon_core.package_selection:Skipping not selected package 'UGV1Vision' in 'src/UGV1Vision'
[0.536s] INFO:colcon.colcon_core.package_selection:Skipping not selected package 'cameraPub' in 'src/cameraPub'
[0.537s] INFO:colcon.colcon_core.package_selection:Skipping not selected package 'cameraSub' in 'src/cameraSub'
[0.537s] INFO:colcon.colcon_core.package_selection:Skipping not selected package 'custom_msgs' in 'src/custom_msgs'
[0.537s] INFO:colcon.colcon_core.package_selection:Skipping not selected package 'custom_srvs' in 'src/custom_srvs'
[0.537s] INFO:colcon.colcon_core.package_selection:Skipping not selected package 'turtlebot3_navigation' in 'src/turtlebot3_navigation'
[0.537s] Level 1:colcon.colcon_core.package_discovery:discover_packages(prefix_path) check parameters
[0.537s] Level 1:colcon.colcon_core.package_discovery:discover_packages(prefix_path) discover
[0.542s] DEBUG:colcon.colcon_installed_package_information.package_discovery:Found 12 installed packages in /home/teamvision/Desktop/ROS_Workspace/Honours_a1797823_a1764124/ROS_Workspace/install
[0.544s] DEBUG:colcon.colcon_installed_package_information.package_discovery:Found 0 installed packages in /home/teamvision/colcon_ws/install
[0.546s] DEBUG:colcon.colcon_installed_package_information.package_discovery:Found 14 installed packages in /home/teamvision/Desktop/ROS_Workspace/Honours_a1797823_a1764124/ROS_Workspace/src/install
[0.550s] DEBUG:colcon.colcon_installed_package_information.package_discovery:Found 334 installed packages in /opt/ros/foxy
[0.553s] Level 1:colcon.colcon_core.package_discovery:discover_packages(prefix_path) using defaults
[0.651s] INFO:colcon.colcon_core.executor:Executing jobs using 'parallel' executor
[0.657s] DEBUG:colcon.colcon_parallel_executor.executor.parallel:run_until_complete
[0.657s] DEBUG:colcon.colcon_parallel_executor.executor.parallel:closing loop
[0.658s] DEBUG:colcon.colcon_parallel_executor.executor.parallel:loop closed
[0.658s] DEBUG:colcon.colcon_parallel_executor.executor.parallel:run_until_complete finished with '0'
[0.658s] DEBUG:colcon.colcon_core.event_reactor:joining thread
[0.666s] INFO:colcon.colcon_core.plugin_system:Skipping extension 'colcon_notification.desktop_notification.terminal_notifier': Not used on non-Darwin systems
[0.666s] INFO:colcon.colcon_core.plugin_system:Skipping extension 'colcon_notification.desktop_notification.win32': Not used on non-Windows systems
[0.666s] INFO:colcon.colcon_notification.desktop_notification:Sending desktop notification using 'notify2'
[0.691s] DEBUG:colcon.colcon_core.event_reactor:joined thread
[0.699s] INFO:colcon.colcon_core.plugin_system:Skipping extension 'colcon_core.shell.bat': Not used on non-Windows systems
[0.699s] INFO:colcon.colcon_core.shell:Creating prefix script '/home/teamvision/Desktop/ROS_Workspace/Honours_a1797823_a1764124/ROS_Workspace/install/local_setup.ps1'
[0.701s] INFO:colcon.colcon_core.shell:Creating prefix util module '/home/teamvision/Desktop/ROS_Workspace/Honours_a1797823_a1764124/ROS_Workspace/install/_local_setup_util_ps1.py'
[0.703s] INFO:colcon.colcon_core.shell:Creating prefix chain script '/home/teamvision/Desktop/ROS_Workspace/Honours_a1797823_a1764124/ROS_Workspace/install/setup.ps1'
[0.706s] INFO:colcon.colcon_core.shell:Creating prefix script '/home/teamvision/Desktop/ROS_Workspace/Honours_a1797823_a1764124/ROS_Workspace/install/local_setup.sh'
[0.707s] INFO:colcon.colcon_core.shell:Creating prefix util module '/home/teamvision/Desktop/ROS_Workspace/Honours_a1797823_a1764124/ROS_Workspace/install/_local_setup_util_sh.py'
[0.707s] INFO:colcon.colcon_core.shell:Creating prefix chain script '/home/teamvision/Desktop/ROS_Workspace/Honours_a1797823_a1764124/ROS_Workspace/install/setup.sh'
[0.711s] INFO:colcon.colcon_core.shell:Creating prefix script '/home/teamvision/Desktop/ROS_Workspace/Honours_a1797823_a1764124/ROS_Workspace/install/local_setup.bash'
[0.711s] INFO:colcon.colcon_core.shell:Creating prefix chain script '/home/teamvision/Desktop/ROS_Workspace/Honours_a1797823_a1764124/ROS_Workspace/install/setup.bash'
[0.714s] INFO:colcon.colcon_core.shell:Creating prefix script '/home/teamvision/Desktop/ROS_Workspace/Honours_a1797823_a1764124/ROS_Workspace/install/local_setup.zsh'
[0.715s] INFO:colcon.colcon_core.shell:Creating prefix chain script '/home/teamvision/Desktop/ROS_Workspace/Honours_a1797823_a1764124/ROS_Workspace/install/setup.zsh'
