[1.164s] Invoking command in '/home/max/Desktop/VisionCode/Honours_a1797823_a1764124/ROS_Workspace/src/Konig': PYTHONPATH=/home/max/Desktop/VisionCode/Honours_a1797823_a1764124/ROS_Workspace/src/Konig/build/Konig/prefix_override:/home/max/Desktop/VisionCode/Honours_a1797823_a1764124/ROS_Workspace/src/Konig/install/Konig/lib/python3.8/site-packages:${PYTHONPATH} /usr/bin/python3 setup.py egg_info --egg-base build/Konig build --build-base /home/max/Desktop/VisionCode/Honours_a1797823_a1764124/ROS_Workspace/src/Konig/build/Konig/build install --record /home/max/Desktop/VisionCode/Honours_a1797823_a1764124/ROS_Workspace/src/Konig/build/Konig/install.log --install-scripts $base/lib/Konig --single-version-externally-managed
[1.555s] running egg_info
[1.555s] writing build/Konig/Konig.egg-info/PKG-INFO
[1.556s] writing dependency_links to build/Konig/Konig.egg-info/dependency_links.txt
[1.556s] writing entry points to build/Konig/Konig.egg-info/entry_points.txt
[1.557s] writing requirements to build/Konig/Konig.egg-info/requires.txt
[1.557s] writing top-level names to build/Konig/Konig.egg-info/top_level.txt
[1.622s] reading manifest file 'build/Konig/Konig.egg-info/SOURCES.txt'
[1.623s] writing manifest file 'build/Konig/Konig.egg-info/SOURCES.txt'
[1.623s] running build
[1.624s] running build_py
[1.624s] copying Konig/Konig.py -> /home/max/Desktop/VisionCode/Honours_a1797823_a1764124/ROS_Workspace/src/Konig/build/Konig/build/lib/Konig
[1.624s] running install
[1.625s] running install_lib
[1.627s] copying /home/max/Desktop/VisionCode/Honours_a1797823_a1764124/ROS_Workspace/src/Konig/build/Konig/build/lib/Konig/Konig.py -> /home/max/Desktop/VisionCode/Honours_a1797823_a1764124/ROS_Workspace/src/Konig/install/Konig/lib/python3.8/site-packages/Konig
[1.627s] byte-compiling /home/max/Desktop/VisionCode/Honours_a1797823_a1764124/ROS_Workspace/src/Konig/install/Konig/lib/python3.8/site-packages/Konig/Konig.py to Konig.cpython-38.pyc
[1.631s] running install_data
[1.631s] running install_egg_info
[1.633s] removing '/home/max/Desktop/VisionCode/Honours_a1797823_a1764124/ROS_Workspace/src/Konig/install/Konig/lib/python3.8/site-packages/Konig-0.0.0-py3.8.egg-info' (and everything under it)
[1.634s] Copying build/Konig/Konig.egg-info to /home/max/Desktop/VisionCode/Honours_a1797823_a1764124/ROS_Workspace/src/Konig/install/Konig/lib/python3.8/site-packages/Konig-0.0.0-py3.8.egg-info
[1.635s] running install_scripts
[1.666s] Installing Konig script to /home/max/Desktop/VisionCode/Honours_a1797823_a1764124/ROS_Workspace/src/Konig/install/Konig/lib/Konig
[1.666s] writing list of installed files to '/home/max/Desktop/VisionCode/Honours_a1797823_a1764124/ROS_Workspace/src/Konig/build/Konig/install.log'
[1.706s] Invoked command in '/home/max/Desktop/VisionCode/Honours_a1797823_a1764124/ROS_Workspace/src/Konig' returned '0': PYTHONPATH=/home/max/Desktop/VisionCode/Honours_a1797823_a1764124/ROS_Workspace/src/Konig/build/Konig/prefix_override:/home/max/Desktop/VisionCode/Honours_a1797823_a1764124/ROS_Workspace/src/Konig/install/Konig/lib/python3.8/site-packages:${PYTHONPATH} /usr/bin/python3 setup.py egg_info --egg-base build/Konig build --build-base /home/max/Desktop/VisionCode/Honours_a1797823_a1764124/ROS_Workspace/src/Konig/build/Konig/build install --record /home/max/Desktop/VisionCode/Honours_a1797823_a1764124/ROS_Workspace/src/Konig/build/Konig/install.log --install-scripts $base/lib/Konig --single-version-externally-managed
