[2.711s] Invoking command in '/home/max/Desktop/VisionCode/Honours_a1797823_a1764124/ROS_Workspace/src/UGV1Processing': PYTHONPATH=/home/max/Desktop/VisionCode/Honours_a1797823_a1764124/ROS_Workspace/src/build/UGV1Processing/prefix_override:/home/max/Desktop/VisionCode/Honours_a1797823_a1764124/ROS_Workspace/src/install/UGV1Processing/lib/python3.8/site-packages:${PYTHONPATH} /usr/bin/python3 setup.py egg_info --egg-base ../build/UGV1Processing build --build-base /home/max/Desktop/VisionCode/Honours_a1797823_a1764124/ROS_Workspace/src/build/UGV1Processing/build install --record /home/max/Desktop/VisionCode/Honours_a1797823_a1764124/ROS_Workspace/src/build/UGV1Processing/install.log --install-scripts $base/lib/UGV1Processing --single-version-externally-managed
[2.967s] running egg_info
[2.968s] writing ../build/UGV1Processing/UGV1Processing.egg-info/PKG-INFO
[2.969s] writing dependency_links to ../build/UGV1Processing/UGV1Processing.egg-info/dependency_links.txt
[2.969s] writing entry points to ../build/UGV1Processing/UGV1Processing.egg-info/entry_points.txt
[2.969s] writing requirements to ../build/UGV1Processing/UGV1Processing.egg-info/requires.txt
[2.970s] writing top-level names to ../build/UGV1Processing/UGV1Processing.egg-info/top_level.txt
[3.021s] reading manifest file '../build/UGV1Processing/UGV1Processing.egg-info/SOURCES.txt'
[3.022s] writing manifest file '../build/UGV1Processing/UGV1Processing.egg-info/SOURCES.txt'
[3.022s] running build
[3.022s] running build_py
[3.023s] running install
[3.024s] running install_lib
[3.025s] running install_data
[3.026s] running install_egg_info
[3.028s] removing '/home/max/Desktop/VisionCode/Honours_a1797823_a1764124/ROS_Workspace/src/install/UGV1Processing/lib/python3.8/site-packages/UGV1Processing-0.0.0-py3.8.egg-info' (and everything under it)
[3.031s] Copying ../build/UGV1Processing/UGV1Processing.egg-info to /home/max/Desktop/VisionCode/Honours_a1797823_a1764124/ROS_Workspace/src/install/UGV1Processing/lib/python3.8/site-packages/UGV1Processing-0.0.0-py3.8.egg-info
[3.032s] running install_scripts
[3.059s] Installing UGV1Processing script to /home/max/Desktop/VisionCode/Honours_a1797823_a1764124/ROS_Workspace/src/install/UGV1Processing/lib/UGV1Processing
[3.059s] writing list of installed files to '/home/max/Desktop/VisionCode/Honours_a1797823_a1764124/ROS_Workspace/src/build/UGV1Processing/install.log'
[3.256s] Invoked command in '/home/max/Desktop/VisionCode/Honours_a1797823_a1764124/ROS_Workspace/src/UGV1Processing' returned '0': PYTHONPATH=/home/max/Desktop/VisionCode/Honours_a1797823_a1764124/ROS_Workspace/src/build/UGV1Processing/prefix_override:/home/max/Desktop/VisionCode/Honours_a1797823_a1764124/ROS_Workspace/src/install/UGV1Processing/lib/python3.8/site-packages:${PYTHONPATH} /usr/bin/python3 setup.py egg_info --egg-base ../build/UGV1Processing build --build-base /home/max/Desktop/VisionCode/Honours_a1797823_a1764124/ROS_Workspace/src/build/UGV1Processing/build install --record /home/max/Desktop/VisionCode/Honours_a1797823_a1764124/ROS_Workspace/src/build/UGV1Processing/install.log --install-scripts $base/lib/UGV1Processing --single-version-externally-managed
