[1.222s] Invoking command in '/home/teamvision/Desktop/ROS_Workspace/Honours_a1797823_a1764124/ROS_Workspace/src/UGV2Vision': PYTHONPATH=/home/teamvision/Desktop/ROS_Workspace/Honours_a1797823_a1764124/ROS_Workspace/src/build/UGV2Vision/prefix_override:/home/teamvision/Desktop/ROS_Workspace/Honours_a1797823_a1764124/ROS_Workspace/src/install/UGV2Vision/lib/python3.8/site-packages:${PYTHONPATH} /usr/bin/python3 setup.py egg_info --egg-base ../build/UGV2Vision build --build-base /home/teamvision/Desktop/ROS_Workspace/Honours_a1797823_a1764124/ROS_Workspace/src/build/UGV2Vision/build install --record /home/teamvision/Desktop/ROS_Workspace/Honours_a1797823_a1764124/ROS_Workspace/src/build/UGV2Vision/install.log --install-scripts $base/lib/UGV2Vision --single-version-externally-managed
[1.603s] running egg_info
[1.604s] writing ../build/UGV2Vision/UGV2Vision.egg-info/PKG-INFO
[1.604s] writing dependency_links to ../build/UGV2Vision/UGV2Vision.egg-info/dependency_links.txt
[1.605s] writing entry points to ../build/UGV2Vision/UGV2Vision.egg-info/entry_points.txt
[1.606s] writing requirements to ../build/UGV2Vision/UGV2Vision.egg-info/requires.txt
[1.606s] writing top-level names to ../build/UGV2Vision/UGV2Vision.egg-info/top_level.txt
[1.668s] reading manifest file '../build/UGV2Vision/UGV2Vision.egg-info/SOURCES.txt'
[1.669s] writing manifest file '../build/UGV2Vision/UGV2Vision.egg-info/SOURCES.txt'
[1.670s] running build
[1.670s] running build_py
[1.671s] running install
[1.671s] running install_lib
[1.674s] running install_data
[1.674s] running install_egg_info
[1.677s] removing '/home/teamvision/Desktop/ROS_Workspace/Honours_a1797823_a1764124/ROS_Workspace/src/install/UGV2Vision/lib/python3.8/site-packages/UGV2Vision-0.0.0-py3.8.egg-info' (and everything under it)
[1.677s] Copying ../build/UGV2Vision/UGV2Vision.egg-info to /home/teamvision/Desktop/ROS_Workspace/Honours_a1797823_a1764124/ROS_Workspace/src/install/UGV2Vision/lib/python3.8/site-packages/UGV2Vision-0.0.0-py3.8.egg-info
[1.678s] running install_scripts
[1.712s] Installing UGV2Vision script to /home/teamvision/Desktop/ROS_Workspace/Honours_a1797823_a1764124/ROS_Workspace/src/install/UGV2Vision/lib/UGV2Vision
[1.712s] writing list of installed files to '/home/teamvision/Desktop/ROS_Workspace/Honours_a1797823_a1764124/ROS_Workspace/src/build/UGV2Vision/install.log'
[1.752s] Invoked command in '/home/teamvision/Desktop/ROS_Workspace/Honours_a1797823_a1764124/ROS_Workspace/src/UGV2Vision' returned '0': PYTHONPATH=/home/teamvision/Desktop/ROS_Workspace/Honours_a1797823_a1764124/ROS_Workspace/src/build/UGV2Vision/prefix_override:/home/teamvision/Desktop/ROS_Workspace/Honours_a1797823_a1764124/ROS_Workspace/src/install/UGV2Vision/lib/python3.8/site-packages:${PYTHONPATH} /usr/bin/python3 setup.py egg_info --egg-base ../build/UGV2Vision build --build-base /home/teamvision/Desktop/ROS_Workspace/Honours_a1797823_a1764124/ROS_Workspace/src/build/UGV2Vision/build install --record /home/teamvision/Desktop/ROS_Workspace/Honours_a1797823_a1764124/ROS_Workspace/src/build/UGV2Vision/install.log --install-scripts $base/lib/UGV2Vision --single-version-externally-managed
