[2.130s] Invoking command in '/home/max/Desktop/VisionCode/Honours_a1797823_a1764124/ROS_Workspace/src/cameraSub': PYTHONPATH=/home/max/Desktop/VisionCode/Honours_a1797823_a1764124/ROS_Workspace/src/build/cameraSub/prefix_override:/home/max/Desktop/VisionCode/Honours_a1797823_a1764124/ROS_Workspace/src/install/cameraSub/lib/python3.8/site-packages:${PYTHONPATH} /usr/bin/python3 setup.py egg_info --egg-base ../build/cameraSub build --build-base /home/max/Desktop/VisionCode/Honours_a1797823_a1764124/ROS_Workspace/src/build/cameraSub/build install --record /home/max/Desktop/VisionCode/Honours_a1797823_a1764124/ROS_Workspace/src/build/cameraSub/install.log --install-scripts $base/lib/cameraPub --single-version-externally-managed
[2.615s] running egg_info
[2.615s] writing ../build/cameraSub/cameraSub.egg-info/PKG-INFO
[2.615s] writing dependency_links to ../build/cameraSub/cameraSub.egg-info/dependency_links.txt
[2.615s] writing entry points to ../build/cameraSub/cameraSub.egg-info/entry_points.txt
[2.616s] writing requirements to ../build/cameraSub/cameraSub.egg-info/requires.txt
[2.616s] writing top-level names to ../build/cameraSub/cameraSub.egg-info/top_level.txt
[2.700s] reading manifest file '../build/cameraSub/cameraSub.egg-info/SOURCES.txt'
[2.702s] writing manifest file '../build/cameraSub/cameraSub.egg-info/SOURCES.txt'
[2.703s] running build
[2.703s] running build_py
[2.703s] running install
[2.704s] running install_lib
[2.707s] running install_data
[2.708s] running install_egg_info
[2.711s] removing '/home/max/Desktop/VisionCode/Honours_a1797823_a1764124/ROS_Workspace/src/install/cameraSub/lib/python3.8/site-packages/cameraSub-0.0.0-py3.8.egg-info' (and everything under it)
[2.711s] Copying ../build/cameraSub/cameraSub.egg-info to /home/max/Desktop/VisionCode/Honours_a1797823_a1764124/ROS_Workspace/src/install/cameraSub/lib/python3.8/site-packages/cameraSub-0.0.0-py3.8.egg-info
[2.712s] running install_scripts
[2.746s] Installing cameraSub script to /home/max/Desktop/VisionCode/Honours_a1797823_a1764124/ROS_Workspace/src/install/cameraSub/lib/cameraPub
[2.747s] writing list of installed files to '/home/max/Desktop/VisionCode/Honours_a1797823_a1764124/ROS_Workspace/src/build/cameraSub/install.log'
[2.826s] Invoked command in '/home/max/Desktop/VisionCode/Honours_a1797823_a1764124/ROS_Workspace/src/cameraSub' returned '0': PYTHONPATH=/home/max/Desktop/VisionCode/Honours_a1797823_a1764124/ROS_Workspace/src/build/cameraSub/prefix_override:/home/max/Desktop/VisionCode/Honours_a1797823_a1764124/ROS_Workspace/src/install/cameraSub/lib/python3.8/site-packages:${PYTHONPATH} /usr/bin/python3 setup.py egg_info --egg-base ../build/cameraSub build --build-base /home/max/Desktop/VisionCode/Honours_a1797823_a1764124/ROS_Workspace/src/build/cameraSub/build install --record /home/max/Desktop/VisionCode/Honours_a1797823_a1764124/ROS_Workspace/src/build/cameraSub/install.log --install-scripts $base/lib/cameraPub --single-version-externally-managed
