[1.606s] Invoking command in '/home/teamvision/Desktop/ROS_Workspace/Honours_a1797823_a1764124/ROS_Workspace/src/UGV2Vision': PYTHONPATH=/home/teamvision/Desktop/ROS_Workspace/Honours_a1797823_a1764124/ROS_Workspace/src/build/UGV2Vision/prefix_override:/home/teamvision/Desktop/ROS_Workspace/Honours_a1797823_a1764124/ROS_Workspace/src/install/UGV2Vision/lib/python3.8/site-packages:${PYTHONPATH} /usr/bin/python3 setup.py egg_info --egg-base ../build/UGV2Vision build --build-base /home/teamvision/Desktop/ROS_Workspace/Honours_a1797823_a1764124/ROS_Workspace/src/build/UGV2Vision/build install --record /home/teamvision/Desktop/ROS_Workspace/Honours_a1797823_a1764124/ROS_Workspace/src/build/UGV2Vision/install.log --install-scripts $base/lib/UGV2Vision --single-version-externally-managed
[2.587s] running egg_info
[2.588s] creating ../build/UGV2Vision/UGV2Vision.egg-info
[2.600s] writing ../build/UGV2Vision/UGV2Vision.egg-info/PKG-INFO
[2.601s] writing dependency_links to ../build/UGV2Vision/UGV2Vision.egg-info/dependency_links.txt
[2.601s] writing entry points to ../build/UGV2Vision/UGV2Vision.egg-info/entry_points.txt
[2.601s] writing requirements to ../build/UGV2Vision/UGV2Vision.egg-info/requires.txt
[2.601s] writing top-level names to ../build/UGV2Vision/UGV2Vision.egg-info/top_level.txt
[2.603s] writing manifest file '../build/UGV2Vision/UGV2Vision.egg-info/SOURCES.txt'
[2.793s] reading manifest file '../build/UGV2Vision/UGV2Vision.egg-info/SOURCES.txt'
[2.798s] writing manifest file '../build/UGV2Vision/UGV2Vision.egg-info/SOURCES.txt'
[2.798s] running build
[2.798s] running build_py
[2.798s] creating /home/teamvision/Desktop/ROS_Workspace/Honours_a1797823_a1764124/ROS_Workspace/src/build/UGV2Vision/build
[2.798s] creating /home/teamvision/Desktop/ROS_Workspace/Honours_a1797823_a1764124/ROS_Workspace/src/build/UGV2Vision/build/lib
[2.799s] creating /home/teamvision/Desktop/ROS_Workspace/Honours_a1797823_a1764124/ROS_Workspace/src/build/UGV2Vision/build/lib/UGV2Vision
[2.799s] copying UGV2Vision/__init__.py -> /home/teamvision/Desktop/ROS_Workspace/Honours_a1797823_a1764124/ROS_Workspace/src/build/UGV2Vision/build/lib/UGV2Vision
[2.799s] copying UGV2Vision/UGV2Vision.py -> /home/teamvision/Desktop/ROS_Workspace/Honours_a1797823_a1764124/ROS_Workspace/src/build/UGV2Vision/build/lib/UGV2Vision
[2.799s] running install
[2.800s] running install_lib
[2.819s] creating /home/teamvision/Desktop/ROS_Workspace/Honours_a1797823_a1764124/ROS_Workspace/src/install/UGV2Vision/lib/python3.8/site-packages/UGV2Vision
[2.819s] copying /home/teamvision/Desktop/ROS_Workspace/Honours_a1797823_a1764124/ROS_Workspace/src/build/UGV2Vision/build/lib/UGV2Vision/__init__.py -> /home/teamvision/Desktop/ROS_Workspace/Honours_a1797823_a1764124/ROS_Workspace/src/install/UGV2Vision/lib/python3.8/site-packages/UGV2Vision
[2.821s] copying /home/teamvision/Desktop/ROS_Workspace/Honours_a1797823_a1764124/ROS_Workspace/src/build/UGV2Vision/build/lib/UGV2Vision/UGV2Vision.py -> /home/teamvision/Desktop/ROS_Workspace/Honours_a1797823_a1764124/ROS_Workspace/src/install/UGV2Vision/lib/python3.8/site-packages/UGV2Vision
[2.823s] byte-compiling /home/teamvision/Desktop/ROS_Workspace/Honours_a1797823_a1764124/ROS_Workspace/src/install/UGV2Vision/lib/python3.8/site-packages/UGV2Vision/__init__.py to __init__.cpython-38.pyc
[2.826s] byte-compiling /home/teamvision/Desktop/ROS_Workspace/Honours_a1797823_a1764124/ROS_Workspace/src/install/UGV2Vision/lib/python3.8/site-packages/UGV2Vision/UGV2Vision.py to UGV2Vision.cpython-38.pyc
[2.827s] running install_data
[2.828s] creating /home/teamvision/Desktop/ROS_Workspace/Honours_a1797823_a1764124/ROS_Workspace/src/install/UGV2Vision/share/ament_index
[2.828s] creating /home/teamvision/Desktop/ROS_Workspace/Honours_a1797823_a1764124/ROS_Workspace/src/install/UGV2Vision/share/ament_index/resource_index
[2.828s] creating /home/teamvision/Desktop/ROS_Workspace/Honours_a1797823_a1764124/ROS_Workspace/src/install/UGV2Vision/share/ament_index/resource_index/packages
[2.828s] copying resource/UGV2Vision -> /home/teamvision/Desktop/ROS_Workspace/Honours_a1797823_a1764124/ROS_Workspace/src/install/UGV2Vision/share/ament_index/resource_index/packages
[2.828s] copying package.xml -> /home/teamvision/Desktop/ROS_Workspace/Honours_a1797823_a1764124/ROS_Workspace/src/install/UGV2Vision/share/UGV2Vision
[2.829s] running install_egg_info
[2.831s] Copying ../build/UGV2Vision/UGV2Vision.egg-info to /home/teamvision/Desktop/ROS_Workspace/Honours_a1797823_a1764124/ROS_Workspace/src/install/UGV2Vision/lib/python3.8/site-packages/UGV2Vision-0.0.0-py3.8.egg-info
[2.846s] running install_scripts
[2.942s] Installing UGV2Vision script to /home/teamvision/Desktop/ROS_Workspace/Honours_a1797823_a1764124/ROS_Workspace/src/install/UGV2Vision/lib/UGV2Vision
[2.943s] writing list of installed files to '/home/teamvision/Desktop/ROS_Workspace/Honours_a1797823_a1764124/ROS_Workspace/src/build/UGV2Vision/install.log'
[3.352s] Invoked command in '/home/teamvision/Desktop/ROS_Workspace/Honours_a1797823_a1764124/ROS_Workspace/src/UGV2Vision' returned '0': PYTHONPATH=/home/teamvision/Desktop/ROS_Workspace/Honours_a1797823_a1764124/ROS_Workspace/src/build/UGV2Vision/prefix_override:/home/teamvision/Desktop/ROS_Workspace/Honours_a1797823_a1764124/ROS_Workspace/src/install/UGV2Vision/lib/python3.8/site-packages:${PYTHONPATH} /usr/bin/python3 setup.py egg_info --egg-base ../build/UGV2Vision build --build-base /home/teamvision/Desktop/ROS_Workspace/Honours_a1797823_a1764124/ROS_Workspace/src/build/UGV2Vision/build install --record /home/teamvision/Desktop/ROS_Workspace/Honours_a1797823_a1764124/ROS_Workspace/src/build/UGV2Vision/install.log --install-scripts $base/lib/UGV2Vision --single-version-externally-managed
