[2.724s] Invoking command in '/home/teamvision/Desktop/ROS_Workspace/Honours_a1797823_a1764124/ROS_Workspace/src/UAVMain': PYTHONPATH=/home/teamvision/Desktop/ROS_Workspace/Honours_a1797823_a1764124/ROS_Workspace/src/build/UAVMain/prefix_override:/home/teamvision/Desktop/ROS_Workspace/Honours_a1797823_a1764124/ROS_Workspace/src/install/UAVMain/lib/python3.8/site-packages:${PYTHONPATH} /usr/bin/python3 setup.py egg_info --egg-base ../build/UAVMain build --build-base /home/teamvision/Desktop/ROS_Workspace/Honours_a1797823_a1764124/ROS_Workspace/src/build/UAVMain/build install --record /home/teamvision/Desktop/ROS_Workspace/Honours_a1797823_a1764124/ROS_Workspace/src/build/UAVMain/install.log --install-scripts $base/lib/UAVMain --single-version-externally-managed
[3.711s] running egg_info
[3.711s] creating ../build/UAVMain/UAVMain.egg-info
[3.711s] writing ../build/UAVMain/UAVMain.egg-info/PKG-INFO
[3.712s] writing dependency_links to ../build/UAVMain/UAVMain.egg-info/dependency_links.txt
[3.712s] writing entry points to ../build/UAVMain/UAVMain.egg-info/entry_points.txt
[3.712s] writing requirements to ../build/UAVMain/UAVMain.egg-info/requires.txt
[3.712s] writing top-level names to ../build/UAVMain/UAVMain.egg-info/top_level.txt
[3.715s] writing manifest file '../build/UAVMain/UAVMain.egg-info/SOURCES.txt'
[3.778s] reading manifest file '../build/UAVMain/UAVMain.egg-info/SOURCES.txt'
[3.784s] writing manifest file '../build/UAVMain/UAVMain.egg-info/SOURCES.txt'
[3.784s] running build
[3.784s] running build_py
[3.785s] creating /home/teamvision/Desktop/ROS_Workspace/Honours_a1797823_a1764124/ROS_Workspace/src/build/UAVMain/build
[3.785s] creating /home/teamvision/Desktop/ROS_Workspace/Honours_a1797823_a1764124/ROS_Workspace/src/build/UAVMain/build/lib
[3.785s] creating /home/teamvision/Desktop/ROS_Workspace/Honours_a1797823_a1764124/ROS_Workspace/src/build/UAVMain/build/lib/UAVMain
[3.786s] copying UAVMain/__init__.py -> /home/teamvision/Desktop/ROS_Workspace/Honours_a1797823_a1764124/ROS_Workspace/src/build/UAVMain/build/lib/UAVMain
[3.786s] copying UAVMain/UAVMain.py -> /home/teamvision/Desktop/ROS_Workspace/Honours_a1797823_a1764124/ROS_Workspace/src/build/UAVMain/build/lib/UAVMain
[3.787s] running install
[3.788s] running install_lib
[3.789s] creating /home/teamvision/Desktop/ROS_Workspace/Honours_a1797823_a1764124/ROS_Workspace/src/install/UAVMain/lib/python3.8/site-packages/UAVMain
[3.790s] copying /home/teamvision/Desktop/ROS_Workspace/Honours_a1797823_a1764124/ROS_Workspace/src/build/UAVMain/build/lib/UAVMain/__init__.py -> /home/teamvision/Desktop/ROS_Workspace/Honours_a1797823_a1764124/ROS_Workspace/src/install/UAVMain/lib/python3.8/site-packages/UAVMain
[3.790s] copying /home/teamvision/Desktop/ROS_Workspace/Honours_a1797823_a1764124/ROS_Workspace/src/build/UAVMain/build/lib/UAVMain/UAVMain.py -> /home/teamvision/Desktop/ROS_Workspace/Honours_a1797823_a1764124/ROS_Workspace/src/install/UAVMain/lib/python3.8/site-packages/UAVMain
[3.791s] byte-compiling /home/teamvision/Desktop/ROS_Workspace/Honours_a1797823_a1764124/ROS_Workspace/src/install/UAVMain/lib/python3.8/site-packages/UAVMain/__init__.py to __init__.cpython-38.pyc
[3.795s] byte-compiling /home/teamvision/Desktop/ROS_Workspace/Honours_a1797823_a1764124/ROS_Workspace/src/install/UAVMain/lib/python3.8/site-packages/UAVMain/UAVMain.py to UAVMain.cpython-38.pyc
[3.798s] running install_data
[3.799s] creating /home/teamvision/Desktop/ROS_Workspace/Honours_a1797823_a1764124/ROS_Workspace/src/install/UAVMain/share/ament_index
[3.799s] creating /home/teamvision/Desktop/ROS_Workspace/Honours_a1797823_a1764124/ROS_Workspace/src/install/UAVMain/share/ament_index/resource_index
[3.800s] creating /home/teamvision/Desktop/ROS_Workspace/Honours_a1797823_a1764124/ROS_Workspace/src/install/UAVMain/share/ament_index/resource_index/packages
[3.800s] copying resource/UAVMain -> /home/teamvision/Desktop/ROS_Workspace/Honours_a1797823_a1764124/ROS_Workspace/src/install/UAVMain/share/ament_index/resource_index/packages
[3.800s] copying package.xml -> /home/teamvision/Desktop/ROS_Workspace/Honours_a1797823_a1764124/ROS_Workspace/src/install/UAVMain/share/UAVMain
[3.800s] running install_egg_info
[3.804s] Copying ../build/UAVMain/UAVMain.egg-info to /home/teamvision/Desktop/ROS_Workspace/Honours_a1797823_a1764124/ROS_Workspace/src/install/UAVMain/lib/python3.8/site-packages/UAVMain-0.0.0-py3.8.egg-info
[3.805s] running install_scripts
[3.877s] Installing UAVMain script to /home/teamvision/Desktop/ROS_Workspace/Honours_a1797823_a1764124/ROS_Workspace/src/install/UAVMain/lib/UAVMain
[3.878s] writing list of installed files to '/home/teamvision/Desktop/ROS_Workspace/Honours_a1797823_a1764124/ROS_Workspace/src/build/UAVMain/install.log'
[3.931s] Invoked command in '/home/teamvision/Desktop/ROS_Workspace/Honours_a1797823_a1764124/ROS_Workspace/src/UAVMain' returned '0': PYTHONPATH=/home/teamvision/Desktop/ROS_Workspace/Honours_a1797823_a1764124/ROS_Workspace/src/build/UAVMain/prefix_override:/home/teamvision/Desktop/ROS_Workspace/Honours_a1797823_a1764124/ROS_Workspace/src/install/UAVMain/lib/python3.8/site-packages:${PYTHONPATH} /usr/bin/python3 setup.py egg_info --egg-base ../build/UAVMain build --build-base /home/teamvision/Desktop/ROS_Workspace/Honours_a1797823_a1764124/ROS_Workspace/src/build/UAVMain/build install --record /home/teamvision/Desktop/ROS_Workspace/Honours_a1797823_a1764124/ROS_Workspace/src/build/UAVMain/install.log --install-scripts $base/lib/UAVMain --single-version-externally-managed
