[5.177s] Invoking command in '/home/max/Desktop/VisionCode/Honours_a1797823_a1764124/ROS_Workspace/src/UGV1Vision': PYTHONPATH=/home/max/Desktop/VisionCode/Honours_a1797823_a1764124/ROS_Workspace/src/build/UGV1Vision/prefix_override:/home/max/Desktop/VisionCode/Honours_a1797823_a1764124/ROS_Workspace/src/install/UGV1Vision/lib/python3.8/site-packages:${PYTHONPATH} /usr/bin/python3 setup.py egg_info --egg-base ../build/UGV1Vision build --build-base /home/max/Desktop/VisionCode/Honours_a1797823_a1764124/ROS_Workspace/src/build/UGV1Vision/build install --record /home/max/Desktop/VisionCode/Honours_a1797823_a1764124/ROS_Workspace/src/build/UGV1Vision/install.log --install-scripts $base/lib/UGV1Vision --single-version-externally-managed
[5.820s] running egg_info
[5.822s] writing ../build/UGV1Vision/UGV1Vision.egg-info/PKG-INFO
[5.823s] writing dependency_links to ../build/UGV1Vision/UGV1Vision.egg-info/dependency_links.txt
[5.823s] writing entry points to ../build/UGV1Vision/UGV1Vision.egg-info/entry_points.txt
[5.823s] writing requirements to ../build/UGV1Vision/UGV1Vision.egg-info/requires.txt
[5.823s] writing top-level names to ../build/UGV1Vision/UGV1Vision.egg-info/top_level.txt
[5.917s] reading manifest file '../build/UGV1Vision/UGV1Vision.egg-info/SOURCES.txt'
[5.920s] writing manifest file '../build/UGV1Vision/UGV1Vision.egg-info/SOURCES.txt'
[5.920s] running build
[5.920s] running build_py
[5.920s] running install
[5.923s] running install_lib
[5.936s] running install_data
[5.945s] running install_egg_info
[5.946s] removing '/home/max/Desktop/VisionCode/Honours_a1797823_a1764124/ROS_Workspace/src/install/UGV1Vision/lib/python3.8/site-packages/UGV1Vision-0.0.0-py3.8.egg-info' (and everything under it)
[5.946s] Copying ../build/UGV1Vision/UGV1Vision.egg-info to /home/max/Desktop/VisionCode/Honours_a1797823_a1764124/ROS_Workspace/src/install/UGV1Vision/lib/python3.8/site-packages/UGV1Vision-0.0.0-py3.8.egg-info
[5.946s] running install_scripts
[5.995s] Installing UGV1Vision script to /home/max/Desktop/VisionCode/Honours_a1797823_a1764124/ROS_Workspace/src/install/UGV1Vision/lib/UGV1Vision
[6.005s] writing list of installed files to '/home/max/Desktop/VisionCode/Honours_a1797823_a1764124/ROS_Workspace/src/build/UGV1Vision/install.log'
[6.666s] Invoked command in '/home/max/Desktop/VisionCode/Honours_a1797823_a1764124/ROS_Workspace/src/UGV1Vision' returned '0': PYTHONPATH=/home/max/Desktop/VisionCode/Honours_a1797823_a1764124/ROS_Workspace/src/build/UGV1Vision/prefix_override:/home/max/Desktop/VisionCode/Honours_a1797823_a1764124/ROS_Workspace/src/install/UGV1Vision/lib/python3.8/site-packages:${PYTHONPATH} /usr/bin/python3 setup.py egg_info --egg-base ../build/UGV1Vision build --build-base /home/max/Desktop/VisionCode/Honours_a1797823_a1764124/ROS_Workspace/src/build/UGV1Vision/build install --record /home/max/Desktop/VisionCode/Honours_a1797823_a1764124/ROS_Workspace/src/build/UGV1Vision/install.log --install-scripts $base/lib/UGV1Vision --single-version-externally-managed
