[1.959s] Invoking command in '/home/max/Desktop/VisionCode/Honours_a1797823_a1764124/ROS_Workspace/src/turtlebot3_navigation': PYTHONPATH=/home/max/Desktop/VisionCode/Honours_a1797823_a1764124/ROS_Workspace/src/build/turtlebot3_navigation/prefix_override:/home/max/Desktop/VisionCode/Honours_a1797823_a1764124/ROS_Workspace/src/install/turtlebot3_navigation/lib/python3.8/site-packages:${PYTHONPATH} /usr/bin/python3 setup.py egg_info --egg-base ../build/turtlebot3_navigation build --build-base /home/max/Desktop/VisionCode/Honours_a1797823_a1764124/ROS_Workspace/src/build/turtlebot3_navigation/build install --record /home/max/Desktop/VisionCode/Honours_a1797823_a1764124/ROS_Workspace/src/build/turtlebot3_navigation/install.log --install-scripts $base/lib/turtlebot3_navigation --single-version-externally-managed
[2.440s] running egg_info
[2.441s] writing ../build/turtlebot3_navigation/turtlebot3_navigation.egg-info/PKG-INFO
[2.442s] writing dependency_links to ../build/turtlebot3_navigation/turtlebot3_navigation.egg-info/dependency_links.txt
[2.443s] writing entry points to ../build/turtlebot3_navigation/turtlebot3_navigation.egg-info/entry_points.txt
[2.443s] writing requirements to ../build/turtlebot3_navigation/turtlebot3_navigation.egg-info/requires.txt
[2.443s] writing top-level names to ../build/turtlebot3_navigation/turtlebot3_navigation.egg-info/top_level.txt
[2.525s] reading manifest file '../build/turtlebot3_navigation/turtlebot3_navigation.egg-info/SOURCES.txt'
[2.527s] writing manifest file '../build/turtlebot3_navigation/turtlebot3_navigation.egg-info/SOURCES.txt'
[2.528s] running build
[2.528s] running build_py
[2.528s] running install
[2.530s] running install_lib
[2.533s] running install_data
[2.534s] running install_egg_info
[2.537s] removing '/home/max/Desktop/VisionCode/Honours_a1797823_a1764124/ROS_Workspace/src/install/turtlebot3_navigation/lib/python3.8/site-packages/turtlebot3_navigation-0.0.0-py3.8.egg-info' (and everything under it)
[2.537s] Copying ../build/turtlebot3_navigation/turtlebot3_navigation.egg-info to /home/max/Desktop/VisionCode/Honours_a1797823_a1764124/ROS_Workspace/src/install/turtlebot3_navigation/lib/python3.8/site-packages/turtlebot3_navigation-0.0.0-py3.8.egg-info
[2.539s] running install_scripts
[2.572s] Installing move_robot script to /home/max/Desktop/VisionCode/Honours_a1797823_a1764124/ROS_Workspace/src/install/turtlebot3_navigation/lib/turtlebot3_navigation
[2.572s] Installing set_initial_pose script to /home/max/Desktop/VisionCode/Honours_a1797823_a1764124/ROS_Workspace/src/install/turtlebot3_navigation/lib/turtlebot3_navigation
[2.573s] Installing zone_move script to /home/max/Desktop/VisionCode/Honours_a1797823_a1764124/ROS_Workspace/src/install/turtlebot3_navigation/lib/turtlebot3_navigation
[2.573s] writing list of installed files to '/home/max/Desktop/VisionCode/Honours_a1797823_a1764124/ROS_Workspace/src/build/turtlebot3_navigation/install.log'
[2.640s] Invoked command in '/home/max/Desktop/VisionCode/Honours_a1797823_a1764124/ROS_Workspace/src/turtlebot3_navigation' returned '0': PYTHONPATH=/home/max/Desktop/VisionCode/Honours_a1797823_a1764124/ROS_Workspace/src/build/turtlebot3_navigation/prefix_override:/home/max/Desktop/VisionCode/Honours_a1797823_a1764124/ROS_Workspace/src/install/turtlebot3_navigation/lib/python3.8/site-packages:${PYTHONPATH} /usr/bin/python3 setup.py egg_info --egg-base ../build/turtlebot3_navigation build --build-base /home/max/Desktop/VisionCode/Honours_a1797823_a1764124/ROS_Workspace/src/build/turtlebot3_navigation/build install --record /home/max/Desktop/VisionCode/Honours_a1797823_a1764124/ROS_Workspace/src/build/turtlebot3_navigation/install.log --install-scripts $base/lib/turtlebot3_navigation --single-version-externally-managed
