[2.142s] Invoking command in '/home/teamvision/Desktop/ROS_Workspace/Honours_a1797823_a1764124/ROS_Workspace/src/UAVMain': PYTHONPATH=/home/teamvision/Desktop/ROS_Workspace/Honours_a1797823_a1764124/ROS_Workspace/build/UAVMain/prefix_override:/home/teamvision/Desktop/ROS_Workspace/Honours_a1797823_a1764124/ROS_Workspace/install/UAVMain/lib/python3.8/site-packages:${PYTHONPATH} /usr/bin/python3 setup.py egg_info --egg-base ../../build/UAVMain build --build-base /home/teamvision/Desktop/ROS_Workspace/Honours_a1797823_a1764124/ROS_Workspace/build/UAVMain/build install --record /home/teamvision/Desktop/ROS_Workspace/Honours_a1797823_a1764124/ROS_Workspace/build/UAVMain/install.log --install-scripts $base/lib/UAVMain --single-version-externally-managed
[2.489s] running egg_info
[2.490s] writing ../../build/UAVMain/UAVMain.egg-info/PKG-INFO
[2.490s] writing dependency_links to ../../build/UAVMain/UAVMain.egg-info/dependency_links.txt
[2.490s] writing entry points to ../../build/UAVMain/UAVMain.egg-info/entry_points.txt
[2.491s] writing requirements to ../../build/UAVMain/UAVMain.egg-info/requires.txt
[2.491s] writing top-level names to ../../build/UAVMain/UAVMain.egg-info/top_level.txt
[2.543s] reading manifest file '../../build/UAVMain/UAVMain.egg-info/SOURCES.txt'
[2.544s] writing manifest file '../../build/UAVMain/UAVMain.egg-info/SOURCES.txt'
[2.544s] running build
[2.544s] running build_py
[2.545s] running install
[2.546s] running install_lib
[2.548s] running install_data
[2.549s] running install_egg_info
[2.551s] removing '/home/teamvision/Desktop/ROS_Workspace/Honours_a1797823_a1764124/ROS_Workspace/install/UAVMain/lib/python3.8/site-packages/UAVMain-0.0.0-py3.8.egg-info' (and everything under it)
[2.551s] Copying ../../build/UAVMain/UAVMain.egg-info to /home/teamvision/Desktop/ROS_Workspace/Honours_a1797823_a1764124/ROS_Workspace/install/UAVMain/lib/python3.8/site-packages/UAVMain-0.0.0-py3.8.egg-info
[2.553s] running install_scripts
[2.576s] Installing UAVMain script to /home/teamvision/Desktop/ROS_Workspace/Honours_a1797823_a1764124/ROS_Workspace/install/UAVMain/lib/UAVMain
[2.577s] writing list of installed files to '/home/teamvision/Desktop/ROS_Workspace/Honours_a1797823_a1764124/ROS_Workspace/build/UAVMain/install.log'
[2.651s] Invoked command in '/home/teamvision/Desktop/ROS_Workspace/Honours_a1797823_a1764124/ROS_Workspace/src/UAVMain' returned '0': PYTHONPATH=/home/teamvision/Desktop/ROS_Workspace/Honours_a1797823_a1764124/ROS_Workspace/build/UAVMain/prefix_override:/home/teamvision/Desktop/ROS_Workspace/Honours_a1797823_a1764124/ROS_Workspace/install/UAVMain/lib/python3.8/site-packages:${PYTHONPATH} /usr/bin/python3 setup.py egg_info --egg-base ../../build/UAVMain build --build-base /home/teamvision/Desktop/ROS_Workspace/Honours_a1797823_a1764124/ROS_Workspace/build/UAVMain/build install --record /home/teamvision/Desktop/ROS_Workspace/Honours_a1797823_a1764124/ROS_Workspace/build/UAVMain/install.log --install-scripts $base/lib/UAVMain --single-version-externally-managed
