[1.545s] Invoking command in '/home/max/Desktop/VisionCode/Honours_a1797823_a1764124/ROS_Workspace/src/UAVVision': PYTHONPATH=/home/max/Desktop/VisionCode/Honours_a1797823_a1764124/ROS_Workspace/src/build/UAVVision/prefix_override:/home/max/Desktop/VisionCode/Honours_a1797823_a1764124/ROS_Workspace/src/install/UAVVision/lib/python3.8/site-packages:${PYTHONPATH} /usr/bin/python3 setup.py egg_info --egg-base ../build/UAVVision build --build-base /home/max/Desktop/VisionCode/Honours_a1797823_a1764124/ROS_Workspace/src/build/UAVVision/build install --record /home/max/Desktop/VisionCode/Honours_a1797823_a1764124/ROS_Workspace/src/build/UAVVision/install.log --install-scripts $base/lib/UAVVision --single-version-externally-managed
[1.728s] running egg_info
[1.729s] writing ../build/UAVVision/UAVVision.egg-info/PKG-INFO
[1.729s] writing dependency_links to ../build/UAVVision/UAVVision.egg-info/dependency_links.txt
[1.730s] writing entry points to ../build/UAVVision/UAVVision.egg-info/entry_points.txt
[1.730s] writing requirements to ../build/UAVVision/UAVVision.egg-info/requires.txt
[1.730s] writing top-level names to ../build/UAVVision/UAVVision.egg-info/top_level.txt
[1.756s] reading manifest file '../build/UAVVision/UAVVision.egg-info/SOURCES.txt'
[1.757s] writing manifest file '../build/UAVVision/UAVVision.egg-info/SOURCES.txt'
[1.757s] running build
[1.757s] running build_py
[1.757s] running install
[1.758s] running install_lib
[1.759s] running install_data
[1.760s] running install_egg_info
[1.762s] removing '/home/max/Desktop/VisionCode/Honours_a1797823_a1764124/ROS_Workspace/src/install/UAVVision/lib/python3.8/site-packages/UAVVision-0.0.0-py3.8.egg-info' (and everything under it)
[1.762s] Copying ../build/UAVVision/UAVVision.egg-info to /home/max/Desktop/VisionCode/Honours_a1797823_a1764124/ROS_Workspace/src/install/UAVVision/lib/python3.8/site-packages/UAVVision-0.0.0-py3.8.egg-info
[1.763s] running install_scripts
[1.780s] Installing UAVVision script to /home/max/Desktop/VisionCode/Honours_a1797823_a1764124/ROS_Workspace/src/install/UAVVision/lib/UAVVision
[1.781s] writing list of installed files to '/home/max/Desktop/VisionCode/Honours_a1797823_a1764124/ROS_Workspace/src/build/UAVVision/install.log'
[1.832s] Invoked command in '/home/max/Desktop/VisionCode/Honours_a1797823_a1764124/ROS_Workspace/src/UAVVision' returned '0': PYTHONPATH=/home/max/Desktop/VisionCode/Honours_a1797823_a1764124/ROS_Workspace/src/build/UAVVision/prefix_override:/home/max/Desktop/VisionCode/Honours_a1797823_a1764124/ROS_Workspace/src/install/UAVVision/lib/python3.8/site-packages:${PYTHONPATH} /usr/bin/python3 setup.py egg_info --egg-base ../build/UAVVision build --build-base /home/max/Desktop/VisionCode/Honours_a1797823_a1764124/ROS_Workspace/src/build/UAVVision/build install --record /home/max/Desktop/VisionCode/Honours_a1797823_a1764124/ROS_Workspace/src/build/UAVVision/install.log --install-scripts $base/lib/UAVVision --single-version-externally-managed
