[2.572s] Invoking command in '/home/teamvision/Desktop/ROS_Workspace/Honours_a1797823_a1764124/ROS_Workspace/src/UGV2Processing': PYTHONPATH=/home/teamvision/Desktop/ROS_Workspace/Honours_a1797823_a1764124/ROS_Workspace/src/build/UGV2Processing/prefix_override:/home/teamvision/Desktop/ROS_Workspace/Honours_a1797823_a1764124/ROS_Workspace/src/install/UGV2Processing/lib/python3.8/site-packages:${PYTHONPATH} /usr/bin/python3 setup.py egg_info --egg-base ../build/UGV2Processing build --build-base /home/teamvision/Desktop/ROS_Workspace/Honours_a1797823_a1764124/ROS_Workspace/src/build/UGV2Processing/build install --record /home/teamvision/Desktop/ROS_Workspace/Honours_a1797823_a1764124/ROS_Workspace/src/build/UGV2Processing/install.log --install-scripts $base/lib/UGV2Processing --single-version-externally-managed
[3.274s] running egg_info
[3.275s] writing ../build/UGV2Processing/UGV2Processing.egg-info/PKG-INFO
[3.275s] writing dependency_links to ../build/UGV2Processing/UGV2Processing.egg-info/dependency_links.txt
[3.276s] writing entry points to ../build/UGV2Processing/UGV2Processing.egg-info/entry_points.txt
[3.276s] writing requirements to ../build/UGV2Processing/UGV2Processing.egg-info/requires.txt
[3.277s] writing top-level names to ../build/UGV2Processing/UGV2Processing.egg-info/top_level.txt
[3.339s] reading manifest file '../build/UGV2Processing/UGV2Processing.egg-info/SOURCES.txt'
[3.340s] writing manifest file '../build/UGV2Processing/UGV2Processing.egg-info/SOURCES.txt'
[3.340s] running build
[3.342s] running build_py
[3.342s] running install
[3.343s] running install_lib
[3.344s] running install_data
[3.344s] running install_egg_info
[3.346s] removing '/home/teamvision/Desktop/ROS_Workspace/Honours_a1797823_a1764124/ROS_Workspace/src/install/UGV2Processing/lib/python3.8/site-packages/UGV2Processing-0.0.0-py3.8.egg-info' (and everything under it)
[3.346s] Copying ../build/UGV2Processing/UGV2Processing.egg-info to /home/teamvision/Desktop/ROS_Workspace/Honours_a1797823_a1764124/ROS_Workspace/src/install/UGV2Processing/lib/python3.8/site-packages/UGV2Processing-0.0.0-py3.8.egg-info
[3.347s] running install_scripts
[3.369s] Installing UGV2Processing script to /home/teamvision/Desktop/ROS_Workspace/Honours_a1797823_a1764124/ROS_Workspace/src/install/UGV2Processing/lib/UGV2Processing
[3.369s] writing list of installed files to '/home/teamvision/Desktop/ROS_Workspace/Honours_a1797823_a1764124/ROS_Workspace/src/build/UGV2Processing/install.log'
[3.722s] Invoked command in '/home/teamvision/Desktop/ROS_Workspace/Honours_a1797823_a1764124/ROS_Workspace/src/UGV2Processing' returned '0': PYTHONPATH=/home/teamvision/Desktop/ROS_Workspace/Honours_a1797823_a1764124/ROS_Workspace/src/build/UGV2Processing/prefix_override:/home/teamvision/Desktop/ROS_Workspace/Honours_a1797823_a1764124/ROS_Workspace/src/install/UGV2Processing/lib/python3.8/site-packages:${PYTHONPATH} /usr/bin/python3 setup.py egg_info --egg-base ../build/UGV2Processing build --build-base /home/teamvision/Desktop/ROS_Workspace/Honours_a1797823_a1764124/ROS_Workspace/src/build/UGV2Processing/build install --record /home/teamvision/Desktop/ROS_Workspace/Honours_a1797823_a1764124/ROS_Workspace/src/build/UGV2Processing/install.log --install-scripts $base/lib/UGV2Processing --single-version-externally-managed
