[1.461s] Invoking command in '/home/teamvision/Desktop/ROS_Workspace/Honours_a1797823_a1764124/ROS_Workspace/src/Multi_agent_nav/localization_server': PYTHONPATH=/home/teamvision/Desktop/ROS_Workspace/Honours_a1797823_a1764124/ROS_Workspace/src/build/localization_server/prefix_override:/home/teamvision/Desktop/ROS_Workspace/Honours_a1797823_a1764124/ROS_Workspace/src/install/localization_server/lib/python3.8/site-packages:${PYTHONPATH} /usr/bin/python3 setup.py egg_info --egg-base ../../build/localization_server build --build-base /home/teamvision/Desktop/ROS_Workspace/Honours_a1797823_a1764124/ROS_Workspace/src/build/localization_server/build install --record /home/teamvision/Desktop/ROS_Workspace/Honours_a1797823_a1764124/ROS_Workspace/src/build/localization_server/install.log --install-scripts $base/lib/localization_server --single-version-externally-managed
[1.843s] running egg_info
[1.845s] writing ../../build/localization_server/localization_server.egg-info/PKG-INFO
[1.847s] writing dependency_links to ../../build/localization_server/localization_server.egg-info/dependency_links.txt
[1.851s] writing entry points to ../../build/localization_server/localization_server.egg-info/entry_points.txt
[1.851s] writing requirements to ../../build/localization_server/localization_server.egg-info/requires.txt
[1.851s] writing top-level names to ../../build/localization_server/localization_server.egg-info/top_level.txt
[1.900s] reading manifest file '../../build/localization_server/localization_server.egg-info/SOURCES.txt'
[1.902s] writing manifest file '../../build/localization_server/localization_server.egg-info/SOURCES.txt'
[1.902s] running build
[1.903s] running build_py
[1.903s] running install
[1.903s] running install_lib
[1.905s] running install_data
[1.905s] running install_egg_info
[1.907s] removing '/home/teamvision/Desktop/ROS_Workspace/Honours_a1797823_a1764124/ROS_Workspace/src/install/localization_server/lib/python3.8/site-packages/localization_server-0.0.0-py3.8.egg-info' (and everything under it)
[1.910s] Copying ../../build/localization_server/localization_server.egg-info to /home/teamvision/Desktop/ROS_Workspace/Honours_a1797823_a1764124/ROS_Workspace/src/install/localization_server/lib/python3.8/site-packages/localization_server-0.0.0-py3.8.egg-info
[1.910s] running install_scripts
[1.933s] writing list of installed files to '/home/teamvision/Desktop/ROS_Workspace/Honours_a1797823_a1764124/ROS_Workspace/src/build/localization_server/install.log'
[2.022s] Invoked command in '/home/teamvision/Desktop/ROS_Workspace/Honours_a1797823_a1764124/ROS_Workspace/src/Multi_agent_nav/localization_server' returned '0': PYTHONPATH=/home/teamvision/Desktop/ROS_Workspace/Honours_a1797823_a1764124/ROS_Workspace/src/build/localization_server/prefix_override:/home/teamvision/Desktop/ROS_Workspace/Honours_a1797823_a1764124/ROS_Workspace/src/install/localization_server/lib/python3.8/site-packages:${PYTHONPATH} /usr/bin/python3 setup.py egg_info --egg-base ../../build/localization_server build --build-base /home/teamvision/Desktop/ROS_Workspace/Honours_a1797823_a1764124/ROS_Workspace/src/build/localization_server/build install --record /home/teamvision/Desktop/ROS_Workspace/Honours_a1797823_a1764124/ROS_Workspace/src/build/localization_server/install.log --install-scripts $base/lib/localization_server --single-version-externally-managed
