[0.898s] Invoking command in '/home/teamvision/Desktop/ROS_Workspace/Honours_a1797823_a1764124/ROS_Workspace/src/UAVProcessing': PYTHONPATH=/home/teamvision/Desktop/ROS_Workspace/Honours_a1797823_a1764124/ROS_Workspace/src/UAVProcessing/build/UAVProcessing/prefix_override:/home/teamvision/Desktop/ROS_Workspace/Honours_a1797823_a1764124/ROS_Workspace/src/UAVProcessing/install/UAVProcessing/lib/python3.8/site-packages:${PYTHONPATH} /usr/bin/python3 setup.py egg_info --egg-base build/UAVProcessing build --build-base /home/teamvision/Desktop/ROS_Workspace/Honours_a1797823_a1764124/ROS_Workspace/src/UAVProcessing/build/UAVProcessing/build install --record /home/teamvision/Desktop/ROS_Workspace/Honours_a1797823_a1764124/ROS_Workspace/src/UAVProcessing/build/UAVProcessing/install.log --install-scripts $base/lib/UAVProcessing --single-version-externally-managed
[1.198s] running egg_info
[1.198s] writing build/UAVProcessing/UAVProcessing.egg-info/PKG-INFO
[1.199s] writing dependency_links to build/UAVProcessing/UAVProcessing.egg-info/dependency_links.txt
[1.199s] writing entry points to build/UAVProcessing/UAVProcessing.egg-info/entry_points.txt
[1.199s] writing requirements to build/UAVProcessing/UAVProcessing.egg-info/requires.txt
[1.199s] writing top-level names to build/UAVProcessing/UAVProcessing.egg-info/top_level.txt
[1.246s] reading manifest file 'build/UAVProcessing/UAVProcessing.egg-info/SOURCES.txt'
[1.247s] writing manifest file 'build/UAVProcessing/UAVProcessing.egg-info/SOURCES.txt'
[1.248s] running build
[1.248s] running build_py
[1.248s] copying UAVProcessing/UAVProcessing.py -> /home/teamvision/Desktop/ROS_Workspace/Honours_a1797823_a1764124/ROS_Workspace/src/UAVProcessing/build/UAVProcessing/build/lib/UAVProcessing
[1.248s] running install
[1.249s] running install_lib
[1.250s] copying /home/teamvision/Desktop/ROS_Workspace/Honours_a1797823_a1764124/ROS_Workspace/src/UAVProcessing/build/UAVProcessing/build/lib/UAVProcessing/UAVProcessing.py -> /home/teamvision/Desktop/ROS_Workspace/Honours_a1797823_a1764124/ROS_Workspace/src/UAVProcessing/install/UAVProcessing/lib/python3.8/site-packages/UAVProcessing
[1.251s] byte-compiling /home/teamvision/Desktop/ROS_Workspace/Honours_a1797823_a1764124/ROS_Workspace/src/UAVProcessing/install/UAVProcessing/lib/python3.8/site-packages/UAVProcessing/UAVProcessing.py to UAVProcessing.cpython-38.pyc
[1.254s] running install_data
[1.255s] running install_egg_info
[1.256s] removing '/home/teamvision/Desktop/ROS_Workspace/Honours_a1797823_a1764124/ROS_Workspace/src/UAVProcessing/install/UAVProcessing/lib/python3.8/site-packages/UAVProcessing-0.0.0-py3.8.egg-info' (and everything under it)
[1.257s] Copying build/UAVProcessing/UAVProcessing.egg-info to /home/teamvision/Desktop/ROS_Workspace/Honours_a1797823_a1764124/ROS_Workspace/src/UAVProcessing/install/UAVProcessing/lib/python3.8/site-packages/UAVProcessing-0.0.0-py3.8.egg-info
[1.258s] running install_scripts
[1.278s] Installing UAVProcessing script to /home/teamvision/Desktop/ROS_Workspace/Honours_a1797823_a1764124/ROS_Workspace/src/UAVProcessing/install/UAVProcessing/lib/UAVProcessing
[1.279s] writing list of installed files to '/home/teamvision/Desktop/ROS_Workspace/Honours_a1797823_a1764124/ROS_Workspace/src/UAVProcessing/build/UAVProcessing/install.log'
[1.305s] Invoked command in '/home/teamvision/Desktop/ROS_Workspace/Honours_a1797823_a1764124/ROS_Workspace/src/UAVProcessing' returned '0': PYTHONPATH=/home/teamvision/Desktop/ROS_Workspace/Honours_a1797823_a1764124/ROS_Workspace/src/UAVProcessing/build/UAVProcessing/prefix_override:/home/teamvision/Desktop/ROS_Workspace/Honours_a1797823_a1764124/ROS_Workspace/src/UAVProcessing/install/UAVProcessing/lib/python3.8/site-packages:${PYTHONPATH} /usr/bin/python3 setup.py egg_info --egg-base build/UAVProcessing build --build-base /home/teamvision/Desktop/ROS_Workspace/Honours_a1797823_a1764124/ROS_Workspace/src/UAVProcessing/build/UAVProcessing/build install --record /home/teamvision/Desktop/ROS_Workspace/Honours_a1797823_a1764124/ROS_Workspace/src/UAVProcessing/build/UAVProcessing/install.log --install-scripts $base/lib/UAVProcessing --single-version-externally-managed
