[2.160s] Invoking command in '/home/teamvision/Desktop/ROS_Workspace/Honours_a1797823_a1764124/ROS_Workspace/src/UAVProcessing': PYTHONPATH=/home/teamvision/Desktop/ROS_Workspace/Honours_a1797823_a1764124/ROS_Workspace/build/UAVProcessing/prefix_override:/home/teamvision/Desktop/ROS_Workspace/Honours_a1797823_a1764124/ROS_Workspace/install/UAVProcessing/lib/python3.8/site-packages:${PYTHONPATH} /usr/bin/python3 setup.py egg_info --egg-base ../../build/UAVProcessing build --build-base /home/teamvision/Desktop/ROS_Workspace/Honours_a1797823_a1764124/ROS_Workspace/build/UAVProcessing/build install --record /home/teamvision/Desktop/ROS_Workspace/Honours_a1797823_a1764124/ROS_Workspace/build/UAVProcessing/install.log --install-scripts $base/lib/UAVProcessing --single-version-externally-managed
[2.529s] running egg_info
[2.530s] writing ../../build/UAVProcessing/UAVProcessing.egg-info/PKG-INFO
[2.531s] writing dependency_links to ../../build/UAVProcessing/UAVProcessing.egg-info/dependency_links.txt
[2.531s] writing entry points to ../../build/UAVProcessing/UAVProcessing.egg-info/entry_points.txt
[2.531s] writing requirements to ../../build/UAVProcessing/UAVProcessing.egg-info/requires.txt
[2.531s] writing top-level names to ../../build/UAVProcessing/UAVProcessing.egg-info/top_level.txt
[2.587s] reading manifest file '../../build/UAVProcessing/UAVProcessing.egg-info/SOURCES.txt'
[2.588s] writing manifest file '../../build/UAVProcessing/UAVProcessing.egg-info/SOURCES.txt'
[2.588s] running build
[2.588s] running build_py
[2.588s] copying UAVProcessing/UAVProcessing.py -> /home/teamvision/Desktop/ROS_Workspace/Honours_a1797823_a1764124/ROS_Workspace/build/UAVProcessing/build/lib/UAVProcessing
[2.588s] running install
[2.590s] running install_lib
[2.591s] copying /home/teamvision/Desktop/ROS_Workspace/Honours_a1797823_a1764124/ROS_Workspace/build/UAVProcessing/build/lib/UAVProcessing/UAVProcessing.py -> /home/teamvision/Desktop/ROS_Workspace/Honours_a1797823_a1764124/ROS_Workspace/install/UAVProcessing/lib/python3.8/site-packages/UAVProcessing
[2.593s] byte-compiling /home/teamvision/Desktop/ROS_Workspace/Honours_a1797823_a1764124/ROS_Workspace/install/UAVProcessing/lib/python3.8/site-packages/UAVProcessing/UAVProcessing.py to UAVProcessing.cpython-38.pyc
[2.596s] running install_data
[2.598s] running install_egg_info
[2.601s] removing '/home/teamvision/Desktop/ROS_Workspace/Honours_a1797823_a1764124/ROS_Workspace/install/UAVProcessing/lib/python3.8/site-packages/UAVProcessing-0.0.0-py3.8.egg-info' (and everything under it)
[2.601s] Copying ../../build/UAVProcessing/UAVProcessing.egg-info to /home/teamvision/Desktop/ROS_Workspace/Honours_a1797823_a1764124/ROS_Workspace/install/UAVProcessing/lib/python3.8/site-packages/UAVProcessing-0.0.0-py3.8.egg-info
[2.603s] running install_scripts
[2.630s] Installing UAVProcessing script to /home/teamvision/Desktop/ROS_Workspace/Honours_a1797823_a1764124/ROS_Workspace/install/UAVProcessing/lib/UAVProcessing
[2.631s] writing list of installed files to '/home/teamvision/Desktop/ROS_Workspace/Honours_a1797823_a1764124/ROS_Workspace/build/UAVProcessing/install.log'
[2.713s] Invoked command in '/home/teamvision/Desktop/ROS_Workspace/Honours_a1797823_a1764124/ROS_Workspace/src/UAVProcessing' returned '0': PYTHONPATH=/home/teamvision/Desktop/ROS_Workspace/Honours_a1797823_a1764124/ROS_Workspace/build/UAVProcessing/prefix_override:/home/teamvision/Desktop/ROS_Workspace/Honours_a1797823_a1764124/ROS_Workspace/install/UAVProcessing/lib/python3.8/site-packages:${PYTHONPATH} /usr/bin/python3 setup.py egg_info --egg-base ../../build/UAVProcessing build --build-base /home/teamvision/Desktop/ROS_Workspace/Honours_a1797823_a1764124/ROS_Workspace/build/UAVProcessing/build install --record /home/teamvision/Desktop/ROS_Workspace/Honours_a1797823_a1764124/ROS_Workspace/build/UAVProcessing/install.log --install-scripts $base/lib/UAVProcessing --single-version-externally-managed
