running develop
running egg_info
creating build/cameraPub/cameraSub.egg-info
writing build/cameraPub/cameraSub.egg-info/PKG-INFO
writing dependency_links to build/cameraPub/cameraSub.egg-info/dependency_links.txt
writing entry points to build/cameraPub/cameraSub.egg-info/entry_points.txt
writing requirements to build/cameraPub/cameraSub.egg-info/requires.txt
writing top-level names to build/cameraPub/cameraSub.egg-info/top_level.txt
writing manifest file 'build/cameraPub/cameraSub.egg-info/SOURCES.txt'
reading manifest file 'build/cameraPub/cameraSub.egg-info/SOURCES.txt'
writing manifest file 'build/cameraPub/cameraSub.egg-info/SOURCES.txt'
running build
running build_py
creating /home/max/Desktop/VisionCode/Honours_a1797823_a1764124/ROS_Workspace/src/cameraSub/build/cameraPub/build/lib/cameraSub
copying cameraSub/cameraSubscriber.py -> /home/max/Desktop/VisionCode/Honours_a1797823_a1764124/ROS_Workspace/src/cameraSub/build/cameraPub/build/lib/cameraSub
copying cameraSub/__init__.py -> /home/max/Desktop/VisionCode/Honours_a1797823_a1764124/ROS_Workspace/src/cameraSub/build/cameraPub/build/lib/cameraSub
running install
running install_lib
creating /home/max/Desktop/VisionCode/Honours_a1797823_a1764124/ROS_Workspace/src/cameraSub/install/cameraPub/lib/python3.8/site-packages/cameraSub
copying /home/max/Desktop/VisionCode/Honours_a1797823_a1764124/ROS_Workspace/src/cameraSub/build/cameraPub/build/lib/cameraSub/cameraSubscriber.py -> /home/max/Desktop/VisionCode/Honours_a1797823_a1764124/ROS_Workspace/src/cameraSub/install/cameraPub/lib/python3.8/site-packages/cameraSub
copying /home/max/Desktop/VisionCode/Honours_a1797823_a1764124/ROS_Workspace/src/cameraSub/build/cameraPub/build/lib/cameraSub/__init__.py -> /home/max/Desktop/VisionCode/Honours_a1797823_a1764124/ROS_Workspace/src/cameraSub/install/cameraPub/lib/python3.8/site-packages/cameraSub
byte-compiling /home/max/Desktop/VisionCode/Honours_a1797823_a1764124/ROS_Workspace/src/cameraSub/install/cameraPub/lib/python3.8/site-packages/cameraSub/cameraSubscriber.py to cameraSubscriber.cpython-38.pyc
byte-compiling /home/max/Desktop/VisionCode/Honours_a1797823_a1764124/ROS_Workspace/src/cameraSub/install/cameraPub/lib/python3.8/site-packages/cameraSub/__init__.py to __init__.cpython-38.pyc
running install_data
error: can't copy 'resource/cameraSub': doesn't exist or not a regular file
