[0.020s] Invoking command in '/home/teamvision/Desktop/ROS_Workspace/Honours_a1797823_a1764124/ROS_Workspace/build/custom_srvs': CMAKE_PREFIX_PATH=${CMAKE_PREFIX_PATH}:/home/teamvision/Desktop/ROS_Workspace/Honours_a1797823_a1764124/ROS_Workspace/install/turtlebot3_navigation:/home/teamvision/Desktop/ROS_Workspace/Honours_a1797823_a1764124/ROS_Workspace/install/cameraSub:/home/teamvision/Desktop/ROS_Workspace/Honours_a1797823_a1764124/ROS_Workspace/install/cameraPub:/home/teamvision/Desktop/ROS_Workspace/Honours_a1797823_a1764124/ROS_Workspace/install/UGV1Vision:/home/teamvision/Desktop/ROS_Workspace/Honours_a1797823_a1764124/ROS_Workspace/install/UGV1Processing:/home/teamvision/Desktop/ROS_Workspace/Honours_a1797823_a1764124/ROS_Workspace/install/UGV1Main:/home/teamvision/Desktop/ROS_Workspace/Honours_a1797823_a1764124/ROS_Workspace/install/UAVVision:/home/teamvision/Desktop/ROS_Workspace/Honours_a1797823_a1764124/ROS_Workspace/install/UAVProcessing:/home/teamvision/Desktop/ROS_Workspace/Honours_a1797823_a1764124/ROS_Workspace/install/UAVMain:/home/teamvision/Desktop/ROS_Workspace/Honours_a1797823_a1764124/ROS_Workspace/install/Konig:/opt/ros/foxy /usr/bin/cmake /home/teamvision/Desktop/ROS_Workspace/Honours_a1797823_a1764124/ROS_Workspace/src/custom_srvs -DCMAKE_INSTALL_PREFIX=/home/teamvision/Desktop/ROS_Workspace/Honours_a1797823_a1764124/ROS_Workspace/install/custom_srvs
[0.343s] -- The C compiler identification is GNU 9.4.0
[0.563s] -- The CXX compiler identification is GNU 9.4.0
[0.580s] -- Check for working C compiler: /usr/bin/cc
[0.687s] -- Check for working C compiler: /usr/bin/cc -- works
[0.691s] -- Detecting C compiler ABI info
[0.798s] -- Detecting C compiler ABI info - done
[0.817s] -- Detecting C compile features
[0.818s] -- Detecting C compile features - done
[0.823s] -- Check for working CXX compiler: /usr/bin/c++
[0.927s] -- Check for working CXX compiler: /usr/bin/c++ -- works
[0.929s] -- Detecting CXX compiler ABI info
[1.039s] -- Detecting CXX compiler ABI info - done
[1.059s] -- Detecting CXX compile features
[1.060s] -- Detecting CXX compile features - done
[1.069s] -- Found ament_cmake: 0.9.11 (/opt/ros/foxy/share/ament_cmake/cmake)
[1.125s] -- Found PythonInterp: /usr/bin/python3 (found suitable version "3.8.10", minimum required is "3") 
[1.125s] -- Using PYTHON_EXECUTABLE: /usr/bin/python3
[1.451s] -- Found rosidl_default_generators: 1.0.1 (/opt/ros/foxy/share/rosidl_default_generators/cmake)
[1.465s] -- Using all available rosidl_typesupport_c: rosidl_typesupport_fastrtps_c;rosidl_typesupport_introspection_c
[1.482s] -- Found rosidl_adapter: 1.3.0 (/opt/ros/foxy/share/rosidl_adapter/cmake)
[1.670s] -- Found OpenSSL: /usr/lib/x86_64-linux-gnu/libcrypto.so (found version "1.1.1f")  
[1.709s] -- Found FastRTPS: /opt/ros/foxy/include  
[1.849s] -- Using all available rosidl_typesupport_cpp: rosidl_typesupport_fastrtps_cpp;rosidl_typesupport_introspection_cpp
[1.904s] -- Found std_msgs: 2.0.5 (/opt/ros/foxy/share/std_msgs/cmake)
[1.975s] -- Found geometry_msgs: 2.0.5 (/opt/ros/foxy/share/geometry_msgs/cmake)
[2.073s] -- Found PythonInterp: /usr/bin/python3 (found version "3.8.10") 
[2.339s] -- Found ament_cmake_ros: 0.9.2 (/opt/ros/foxy/share/ament_cmake_ros/cmake)
[2.717s] -- Using all available rosidl_typesupport_c: rosidl_typesupport_fastrtps_c;rosidl_typesupport_introspection_c
[2.896s] -- Using all available rosidl_typesupport_cpp: rosidl_typesupport_fastrtps_cpp;rosidl_typesupport_introspection_cpp
[2.948s] -- Found PythonInterp: /usr/bin/python3 (found suitable version "3.8.10", minimum required is "3.5") 
[2.954s] -- Found python_cmake_module: 0.8.1 (/opt/ros/foxy/share/python_cmake_module/cmake)
[3.013s] -- Found PythonLibs: /usr/lib/x86_64-linux-gnu/libpython3.8.so (found suitable version "3.8.10", minimum required is "3.5") 
[3.013s] -- Using PYTHON_EXECUTABLE: /usr/bin/python3
[3.013s] -- Using PYTHON_INCLUDE_DIRS: /usr/include/python3.8
[3.013s] -- Using PYTHON_LIBRARIES: /usr/lib/x86_64-linux-gnu/libpython3.8.so
[3.053s] -- Found PythonExtra: .so  
[3.212s] -- Configuring done
[3.297s] -- Generating done
[3.300s] -- Build files have been written to: /home/teamvision/Desktop/ROS_Workspace/Honours_a1797823_a1764124/ROS_Workspace/build/custom_srvs
[3.309s] Invoked command in '/home/teamvision/Desktop/ROS_Workspace/Honours_a1797823_a1764124/ROS_Workspace/build/custom_srvs' returned '0': CMAKE_PREFIX_PATH=${CMAKE_PREFIX_PATH}:/home/teamvision/Desktop/ROS_Workspace/Honours_a1797823_a1764124/ROS_Workspace/install/turtlebot3_navigation:/home/teamvision/Desktop/ROS_Workspace/Honours_a1797823_a1764124/ROS_Workspace/install/cameraSub:/home/teamvision/Desktop/ROS_Workspace/Honours_a1797823_a1764124/ROS_Workspace/install/cameraPub:/home/teamvision/Desktop/ROS_Workspace/Honours_a1797823_a1764124/ROS_Workspace/install/UGV1Vision:/home/teamvision/Desktop/ROS_Workspace/Honours_a1797823_a1764124/ROS_Workspace/install/UGV1Processing:/home/teamvision/Desktop/ROS_Workspace/Honours_a1797823_a1764124/ROS_Workspace/install/UGV1Main:/home/teamvision/Desktop/ROS_Workspace/Honours_a1797823_a1764124/ROS_Workspace/install/UAVVision:/home/teamvision/Desktop/ROS_Workspace/Honours_a1797823_a1764124/ROS_Workspace/install/UAVProcessing:/home/teamvision/Desktop/ROS_Workspace/Honours_a1797823_a1764124/ROS_Workspace/install/UAVMain:/home/teamvision/Desktop/ROS_Workspace/Honours_a1797823_a1764124/ROS_Workspace/install/Konig:/opt/ros/foxy /usr/bin/cmake /home/teamvision/Desktop/ROS_Workspace/Honours_a1797823_a1764124/ROS_Workspace/src/custom_srvs -DCMAKE_INSTALL_PREFIX=/home/teamvision/Desktop/ROS_Workspace/Honours_a1797823_a1764124/ROS_Workspace/install/custom_srvs
[3.314s] Invoking command in '/home/teamvision/Desktop/ROS_Workspace/Honours_a1797823_a1764124/ROS_Workspace/build/custom_srvs': CMAKE_PREFIX_PATH=${CMAKE_PREFIX_PATH}:/home/teamvision/Desktop/ROS_Workspace/Honours_a1797823_a1764124/ROS_Workspace/install/turtlebot3_navigation:/home/teamvision/Desktop/ROS_Workspace/Honours_a1797823_a1764124/ROS_Workspace/install/cameraSub:/home/teamvision/Desktop/ROS_Workspace/Honours_a1797823_a1764124/ROS_Workspace/install/cameraPub:/home/teamvision/Desktop/ROS_Workspace/Honours_a1797823_a1764124/ROS_Workspace/install/UGV1Vision:/home/teamvision/Desktop/ROS_Workspace/Honours_a1797823_a1764124/ROS_Workspace/install/UGV1Processing:/home/teamvision/Desktop/ROS_Workspace/Honours_a1797823_a1764124/ROS_Workspace/install/UGV1Main:/home/teamvision/Desktop/ROS_Workspace/Honours_a1797823_a1764124/ROS_Workspace/install/UAVVision:/home/teamvision/Desktop/ROS_Workspace/Honours_a1797823_a1764124/ROS_Workspace/install/UAVProcessing:/home/teamvision/Desktop/ROS_Workspace/Honours_a1797823_a1764124/ROS_Workspace/install/UAVMain:/home/teamvision/Desktop/ROS_Workspace/Honours_a1797823_a1764124/ROS_Workspace/install/Konig:/opt/ros/foxy /usr/bin/cmake --build /home/teamvision/Desktop/ROS_Workspace/Honours_a1797823_a1764124/ROS_Workspace/build/custom_srvs -- -j4 -l4
[3.380s] [35m[1mScanning dependencies of target custom_srvs__cpp[0m
[3.380s] [  3%] [34m[1mGenerating C code for ROS interfaces[0m
[3.392s] [  6%] [34m[1mGenerating C++ code for ROS interfaces[0m
[3.714s] [  6%] Built target custom_srvs__cpp
[3.728s] [  9%] [34m[1mGenerating C++ type support dispatch for ROS interfaces[0m
[3.736s] [ 16%] [34m[1mGenerating C++ introspection for ROS interfaces[0m
[3.736s] [ 16%] [34m[1mGenerating C++ type support for eProsima Fast-RTPS[0m
[3.746s] [35m[1mScanning dependencies of target custom_srvs__rosidl_generator_c[0m
[3.775s] [ 19%] [32mBuilding C object CMakeFiles/custom_srvs__rosidl_generator_c.dir/rosidl_generator_c/custom_srvs/srv/detail/policy__functions.c.o[0m
[3.881s] [ 22%] [32m[1mLinking C shared library libcustom_srvs__rosidl_generator_c.so[0m
[3.954s] [ 22%] Built target custom_srvs__rosidl_generator_c
[3.967s] [ 25%] [34m[1mGenerating C introspection for ROS interfaces[0m
[4.040s] [35m[1mScanning dependencies of target custom_srvs__rosidl_typesupport_cpp[0m
[4.062s] [35m[1mScanning dependencies of target custom_srvs__rosidl_typesupport_introspection_cpp[0m
[4.063s] [ 29%] [32mBuilding CXX object CMakeFiles/custom_srvs__rosidl_typesupport_cpp.dir/rosidl_typesupport_cpp/custom_srvs/srv/policy__type_support.cpp.o[0m
[4.081s] [ 32%] [32mBuilding CXX object CMakeFiles/custom_srvs__rosidl_typesupport_introspection_cpp.dir/rosidl_typesupport_introspection_cpp/custom_srvs/srv/detail/policy__type_support.cpp.o[0m
[4.087s] [35m[1mScanning dependencies of target custom_srvs__rosidl_typesupport_fastrtps_cpp[0m
[4.136s] [ 35%] [32mBuilding CXX object CMakeFiles/custom_srvs__rosidl_typesupport_fastrtps_cpp.dir/rosidl_typesupport_fastrtps_cpp/custom_srvs/srv/detail/dds_fastrtps/policy__type_support.cpp.o[0m
[4.308s] [35m[1mScanning dependencies of target custom_srvs__rosidl_typesupport_introspection_c[0m
[4.328s] [ 38%] [32mBuilding C object CMakeFiles/custom_srvs__rosidl_typesupport_introspection_c.dir/rosidl_typesupport_introspection_c/custom_srvs/srv/detail/policy__type_support.c.o[0m
[4.372s] [ 41%] [32m[1mLinking C shared library libcustom_srvs__rosidl_typesupport_introspection_c.so[0m
[4.411s] [ 41%] Built target custom_srvs__rosidl_typesupport_introspection_c
[4.424s] [ 45%] [34m[1mGenerating C type support dispatch for ROS interfaces[0m
[4.532s] [ 48%] [32m[1mLinking CXX shared library libcustom_srvs__rosidl_typesupport_cpp.so[0m
[4.532s] [ 51%] [32m[1mLinking CXX shared library libcustom_srvs__rosidl_typesupport_introspection_cpp.so[0m
[4.590s] [ 51%] Built target custom_srvs__rosidl_typesupport_cpp
[4.615s] [ 51%] Built target custom_srvs__rosidl_typesupport_introspection_cpp
[4.719s] [35m[1mScanning dependencies of target custom_srvs__rosidl_typesupport_c[0m
[4.736s] [ 54%] [32mBuilding CXX object CMakeFiles/custom_srvs__rosidl_typesupport_c.dir/rosidl_typesupport_c/custom_srvs/srv/policy__type_support.cpp.o[0m
[4.766s] [ 58%] [32m[1mLinking CXX shared library libcustom_srvs__rosidl_typesupport_fastrtps_cpp.so[0m
[4.777s] [ 61%] [32m[1mLinking CXX shared library libcustom_srvs__rosidl_typesupport_c.so[0m
[4.825s] [ 61%] Built target custom_srvs__rosidl_typesupport_c
[4.885s] [ 61%] Built target custom_srvs__rosidl_typesupport_fastrtps_cpp
[4.903s] [ 64%] [34m[1mGenerating C type support for eProsima Fast-RTPS[0m
[5.211s] [35m[1mScanning dependencies of target custom_srvs__rosidl_typesupport_fastrtps_c[0m
[5.236s] [ 67%] [32mBuilding CXX object CMakeFiles/custom_srvs__rosidl_typesupport_fastrtps_c.dir/rosidl_typesupport_fastrtps_c/custom_srvs/srv/detail/policy__type_support_c.cpp.o[0m
[5.701s] [ 70%] [32m[1mLinking CXX shared library libcustom_srvs__rosidl_typesupport_fastrtps_c.so[0m
[5.818s] [ 70%] Built target custom_srvs__rosidl_typesupport_fastrtps_c
[5.834s] [35m[1mScanning dependencies of target custom_srvs[0m
[5.849s] [ 70%] Built target custom_srvs
[5.865s] [35m[1mScanning dependencies of target custom_srvs__py[0m
[5.883s] [ 74%] [34m[1mGenerating Python code for ROS interfaces[0m
[6.560s] [ 74%] Built target custom_srvs__py
[6.576s] [35m[1mScanning dependencies of target custom_srvs__python[0m
[6.653s] [ 77%] [32mBuilding C object CMakeFiles/custom_srvs__python.dir/rosidl_generator_py/custom_srvs/srv/_policy_s.c.o[0m
[6.813s] [ 80%] [32m[1mLinking C shared library rosidl_generator_py/custom_srvs/libcustom_srvs__python.so[0m
[6.876s] [ 80%] Built target custom_srvs__python
[6.888s] [35m[1mScanning dependencies of target custom_srvs__rosidl_typesupport_introspection_c__pyext[0m
[6.888s] [35m[1mScanning dependencies of target custom_srvs__rosidl_typesupport_c__pyext[0m
[6.888s] [35m[1mScanning dependencies of target custom_srvs__rosidl_typesupport_fastrtps_c__pyext[0m
[6.909s] [ 83%] [32mBuilding C object CMakeFiles/custom_srvs__rosidl_typesupport_introspection_c__pyext.dir/rosidl_generator_py/custom_srvs/_custom_srvs_s.ep.rosidl_typesupport_introspection_c.c.o[0m
[6.912s] [ 87%] [32mBuilding C object CMakeFiles/custom_srvs__rosidl_typesupport_c__pyext.dir/rosidl_generator_py/custom_srvs/_custom_srvs_s.ep.rosidl_typesupport_c.c.o[0m
[6.916s] [ 90%] [32mBuilding C object CMakeFiles/custom_srvs__rosidl_typesupport_fastrtps_c__pyext.dir/rosidl_generator_py/custom_srvs/_custom_srvs_s.ep.rosidl_typesupport_fastrtps_c.c.o[0m
[7.019s] [ 96%] [32m[1mLinking C shared library rosidl_generator_py/custom_srvs/custom_srvs_s__rosidl_typesupport_introspection_c.cpython-38-x86_64-linux-gnu.so[0m
[7.019s] [ 96%] [32m[1mLinking C shared library rosidl_generator_py/custom_srvs/custom_srvs_s__rosidl_typesupport_c.cpython-38-x86_64-linux-gnu.so[0m
[7.031s] [100%] [32m[1mLinking CXX shared library rosidl_generator_py/custom_srvs/custom_srvs_s__rosidl_typesupport_fastrtps_c.cpython-38-x86_64-linux-gnu.so[0m
[7.065s] [100%] Built target custom_srvs__rosidl_typesupport_c__pyext
[7.065s] [100%] Built target custom_srvs__rosidl_typesupport_introspection_c__pyext
[7.116s] [100%] Built target custom_srvs__rosidl_typesupport_fastrtps_c__pyext
[7.130s] Invoked command in '/home/teamvision/Desktop/ROS_Workspace/Honours_a1797823_a1764124/ROS_Workspace/build/custom_srvs' returned '0': CMAKE_PREFIX_PATH=${CMAKE_PREFIX_PATH}:/home/teamvision/Desktop/ROS_Workspace/Honours_a1797823_a1764124/ROS_Workspace/install/turtlebot3_navigation:/home/teamvision/Desktop/ROS_Workspace/Honours_a1797823_a1764124/ROS_Workspace/install/cameraSub:/home/teamvision/Desktop/ROS_Workspace/Honours_a1797823_a1764124/ROS_Workspace/install/cameraPub:/home/teamvision/Desktop/ROS_Workspace/Honours_a1797823_a1764124/ROS_Workspace/install/UGV1Vision:/home/teamvision/Desktop/ROS_Workspace/Honours_a1797823_a1764124/ROS_Workspace/install/UGV1Processing:/home/teamvision/Desktop/ROS_Workspace/Honours_a1797823_a1764124/ROS_Workspace/install/UGV1Main:/home/teamvision/Desktop/ROS_Workspace/Honours_a1797823_a1764124/ROS_Workspace/install/UAVVision:/home/teamvision/Desktop/ROS_Workspace/Honours_a1797823_a1764124/ROS_Workspace/install/UAVProcessing:/home/teamvision/Desktop/ROS_Workspace/Honours_a1797823_a1764124/ROS_Workspace/install/UAVMain:/home/teamvision/Desktop/ROS_Workspace/Honours_a1797823_a1764124/ROS_Workspace/install/Konig:/opt/ros/foxy /usr/bin/cmake --build /home/teamvision/Desktop/ROS_Workspace/Honours_a1797823_a1764124/ROS_Workspace/build/custom_srvs -- -j4 -l4
[7.210s] Invoking command in '/home/teamvision/Desktop/ROS_Workspace/Honours_a1797823_a1764124/ROS_Workspace/build/custom_srvs': CMAKE_PREFIX_PATH=${CMAKE_PREFIX_PATH}:/home/teamvision/Desktop/ROS_Workspace/Honours_a1797823_a1764124/ROS_Workspace/install/turtlebot3_navigation:/home/teamvision/Desktop/ROS_Workspace/Honours_a1797823_a1764124/ROS_Workspace/install/cameraSub:/home/teamvision/Desktop/ROS_Workspace/Honours_a1797823_a1764124/ROS_Workspace/install/cameraPub:/home/teamvision/Desktop/ROS_Workspace/Honours_a1797823_a1764124/ROS_Workspace/install/UGV1Vision:/home/teamvision/Desktop/ROS_Workspace/Honours_a1797823_a1764124/ROS_Workspace/install/UGV1Processing:/home/teamvision/Desktop/ROS_Workspace/Honours_a1797823_a1764124/ROS_Workspace/install/UGV1Main:/home/teamvision/Desktop/ROS_Workspace/Honours_a1797823_a1764124/ROS_Workspace/install/UAVVision:/home/teamvision/Desktop/ROS_Workspace/Honours_a1797823_a1764124/ROS_Workspace/install/UAVProcessing:/home/teamvision/Desktop/ROS_Workspace/Honours_a1797823_a1764124/ROS_Workspace/install/UAVMain:/home/teamvision/Desktop/ROS_Workspace/Honours_a1797823_a1764124/ROS_Workspace/install/Konig:/opt/ros/foxy /usr/bin/cmake --install /home/teamvision/Desktop/ROS_Workspace/Honours_a1797823_a1764124/ROS_Workspace/build/custom_srvs
[7.224s] -- Install configuration: ""
[7.225s] -- Installing: /home/teamvision/Desktop/ROS_Workspace/Honours_a1797823_a1764124/ROS_Workspace/install/custom_srvs/share/ament_index/resource_index/rosidl_interfaces/custom_srvs
[7.225s] -- Installing: /home/teamvision/Desktop/ROS_Workspace/Honours_a1797823_a1764124/ROS_Workspace/install/custom_srvs/include/custom_srvs
[7.225s] -- Installing: /home/teamvision/Desktop/ROS_Workspace/Honours_a1797823_a1764124/ROS_Workspace/install/custom_srvs/include/custom_srvs/srv
[7.225s] -- Installing: /home/teamvision/Desktop/ROS_Workspace/Honours_a1797823_a1764124/ROS_Workspace/install/custom_srvs/include/custom_srvs/srv/detail
[7.225s] -- Installing: /home/teamvision/Desktop/ROS_Workspace/Honours_a1797823_a1764124/ROS_Workspace/install/custom_srvs/include/custom_srvs/srv/detail/policy__struct.h
[7.226s] -- Installing: /home/teamvision/Desktop/ROS_Workspace/Honours_a1797823_a1764124/ROS_Workspace/install/custom_srvs/include/custom_srvs/srv/detail/policy__functions.c
[7.226s] -- Installing: /home/teamvision/Desktop/ROS_Workspace/Honours_a1797823_a1764124/ROS_Workspace/install/custom_srvs/include/custom_srvs/srv/detail/policy__type_support.h
[7.226s] -- Installing: /home/teamvision/Desktop/ROS_Workspace/Honours_a1797823_a1764124/ROS_Workspace/install/custom_srvs/include/custom_srvs/srv/detail/policy__functions.h
[7.226s] -- Installing: /home/teamvision/Desktop/ROS_Workspace/Honours_a1797823_a1764124/ROS_Workspace/install/custom_srvs/include/custom_srvs/srv/policy.h
[7.226s] -- Installing: /home/teamvision/Desktop/ROS_Workspace/Honours_a1797823_a1764124/ROS_Workspace/install/custom_srvs/include/custom_srvs/msg
[7.226s] -- Installing: /home/teamvision/Desktop/ROS_Workspace/Honours_a1797823_a1764124/ROS_Workspace/install/custom_srvs/include/custom_srvs/msg/rosidl_generator_c__visibility_control.h
[7.226s] -- Installing: /home/teamvision/Desktop/ROS_Workspace/Honours_a1797823_a1764124/ROS_Workspace/install/custom_srvs/share/custom_srvs/environment/library_path.sh
[7.226s] -- Installing: /home/teamvision/Desktop/ROS_Workspace/Honours_a1797823_a1764124/ROS_Workspace/install/custom_srvs/share/custom_srvs/environment/library_path.dsv
[7.227s] -- Installing: /home/teamvision/Desktop/ROS_Workspace/Honours_a1797823_a1764124/ROS_Workspace/install/custom_srvs/lib/libcustom_srvs__rosidl_generator_c.so
[7.227s] -- Set runtime path of "/home/teamvision/Desktop/ROS_Workspace/Honours_a1797823_a1764124/ROS_Workspace/install/custom_srvs/lib/libcustom_srvs__rosidl_generator_c.so" to ""
[7.227s] -- Up-to-date: /home/teamvision/Desktop/ROS_Workspace/Honours_a1797823_a1764124/ROS_Workspace/install/custom_srvs/include/custom_srvs
[7.227s] -- Up-to-date: /home/teamvision/Desktop/ROS_Workspace/Honours_a1797823_a1764124/ROS_Workspace/install/custom_srvs/include/custom_srvs/srv
[7.227s] -- Up-to-date: /home/teamvision/Desktop/ROS_Workspace/Honours_a1797823_a1764124/ROS_Workspace/install/custom_srvs/include/custom_srvs/srv/detail
[7.227s] -- Installing: /home/teamvision/Desktop/ROS_Workspace/Honours_a1797823_a1764124/ROS_Workspace/install/custom_srvs/include/custom_srvs/srv/detail/policy__rosidl_typesupport_fastrtps_c.h
[7.228s] -- Up-to-date: /home/teamvision/Desktop/ROS_Workspace/Honours_a1797823_a1764124/ROS_Workspace/install/custom_srvs/include/custom_srvs/msg
[7.228s] -- Installing: /home/teamvision/Desktop/ROS_Workspace/Honours_a1797823_a1764124/ROS_Workspace/install/custom_srvs/include/custom_srvs/msg/rosidl_typesupport_fastrtps_c__visibility_control.h
[7.228s] -- Installing: /home/teamvision/Desktop/ROS_Workspace/Honours_a1797823_a1764124/ROS_Workspace/install/custom_srvs/lib/libcustom_srvs__rosidl_typesupport_fastrtps_c.so
[7.228s] -- Set runtime path of "/home/teamvision/Desktop/ROS_Workspace/Honours_a1797823_a1764124/ROS_Workspace/install/custom_srvs/lib/libcustom_srvs__rosidl_typesupport_fastrtps_c.so" to ""
[7.228s] -- Up-to-date: /home/teamvision/Desktop/ROS_Workspace/Honours_a1797823_a1764124/ROS_Workspace/install/custom_srvs/include/custom_srvs
[7.228s] -- Up-to-date: /home/teamvision/Desktop/ROS_Workspace/Honours_a1797823_a1764124/ROS_Workspace/install/custom_srvs/include/custom_srvs/srv
[7.228s] -- Up-to-date: /home/teamvision/Desktop/ROS_Workspace/Honours_a1797823_a1764124/ROS_Workspace/install/custom_srvs/include/custom_srvs/srv/detail
[7.229s] -- Installing: /home/teamvision/Desktop/ROS_Workspace/Honours_a1797823_a1764124/ROS_Workspace/install/custom_srvs/include/custom_srvs/srv/detail/dds_fastrtps
[7.229s] -- Installing: /home/teamvision/Desktop/ROS_Workspace/Honours_a1797823_a1764124/ROS_Workspace/install/custom_srvs/include/custom_srvs/srv/detail/policy__rosidl_typesupport_fastrtps_cpp.hpp
[7.229s] -- Up-to-date: /home/teamvision/Desktop/ROS_Workspace/Honours_a1797823_a1764124/ROS_Workspace/install/custom_srvs/include/custom_srvs/msg
[7.229s] -- Installing: /home/teamvision/Desktop/ROS_Workspace/Honours_a1797823_a1764124/ROS_Workspace/install/custom_srvs/include/custom_srvs/msg/rosidl_typesupport_fastrtps_cpp__visibility_control.h
[7.229s] -- Installing: /home/teamvision/Desktop/ROS_Workspace/Honours_a1797823_a1764124/ROS_Workspace/install/custom_srvs/lib/libcustom_srvs__rosidl_typesupport_fastrtps_cpp.so
[7.229s] -- Set runtime path of "/home/teamvision/Desktop/ROS_Workspace/Honours_a1797823_a1764124/ROS_Workspace/install/custom_srvs/lib/libcustom_srvs__rosidl_typesupport_fastrtps_cpp.so" to ""
[7.229s] -- Up-to-date: /home/teamvision/Desktop/ROS_Workspace/Honours_a1797823_a1764124/ROS_Workspace/install/custom_srvs/include/custom_srvs
[7.229s] -- Up-to-date: /home/teamvision/Desktop/ROS_Workspace/Honours_a1797823_a1764124/ROS_Workspace/install/custom_srvs/include/custom_srvs/srv
[7.230s] -- Up-to-date: /home/teamvision/Desktop/ROS_Workspace/Honours_a1797823_a1764124/ROS_Workspace/install/custom_srvs/include/custom_srvs/srv/detail
[7.230s] -- Installing: /home/teamvision/Desktop/ROS_Workspace/Honours_a1797823_a1764124/ROS_Workspace/install/custom_srvs/include/custom_srvs/srv/detail/policy__rosidl_typesupport_introspection_c.h
[7.230s] -- Installing: /home/teamvision/Desktop/ROS_Workspace/Honours_a1797823_a1764124/ROS_Workspace/install/custom_srvs/include/custom_srvs/srv/detail/policy__type_support.c
[7.230s] -- Up-to-date: /home/teamvision/Desktop/ROS_Workspace/Honours_a1797823_a1764124/ROS_Workspace/install/custom_srvs/include/custom_srvs/msg
[7.230s] -- Installing: /home/teamvision/Desktop/ROS_Workspace/Honours_a1797823_a1764124/ROS_Workspace/install/custom_srvs/include/custom_srvs/msg/rosidl_typesupport_introspection_c__visibility_control.h
[7.230s] -- Installing: /home/teamvision/Desktop/ROS_Workspace/Honours_a1797823_a1764124/ROS_Workspace/install/custom_srvs/lib/libcustom_srvs__rosidl_typesupport_introspection_c.so
[7.230s] -- Set runtime path of "/home/teamvision/Desktop/ROS_Workspace/Honours_a1797823_a1764124/ROS_Workspace/install/custom_srvs/lib/libcustom_srvs__rosidl_typesupport_introspection_c.so" to ""
[7.230s] -- Installing: /home/teamvision/Desktop/ROS_Workspace/Honours_a1797823_a1764124/ROS_Workspace/install/custom_srvs/lib/libcustom_srvs__rosidl_typesupport_c.so
[7.231s] -- Set runtime path of "/home/teamvision/Desktop/ROS_Workspace/Honours_a1797823_a1764124/ROS_Workspace/install/custom_srvs/lib/libcustom_srvs__rosidl_typesupport_c.so" to ""
[7.231s] -- Up-to-date: /home/teamvision/Desktop/ROS_Workspace/Honours_a1797823_a1764124/ROS_Workspace/install/custom_srvs/include/custom_srvs
[7.231s] -- Up-to-date: /home/teamvision/Desktop/ROS_Workspace/Honours_a1797823_a1764124/ROS_Workspace/install/custom_srvs/include/custom_srvs/srv
[7.231s] -- Up-to-date: /home/teamvision/Desktop/ROS_Workspace/Honours_a1797823_a1764124/ROS_Workspace/install/custom_srvs/include/custom_srvs/srv/detail
[7.231s] -- Installing: /home/teamvision/Desktop/ROS_Workspace/Honours_a1797823_a1764124/ROS_Workspace/install/custom_srvs/include/custom_srvs/srv/detail/policy__struct.hpp
[7.231s] -- Installing: /home/teamvision/Desktop/ROS_Workspace/Honours_a1797823_a1764124/ROS_Workspace/install/custom_srvs/include/custom_srvs/srv/detail/policy__traits.hpp
[7.232s] -- Installing: /home/teamvision/Desktop/ROS_Workspace/Honours_a1797823_a1764124/ROS_Workspace/install/custom_srvs/include/custom_srvs/srv/detail/policy__builder.hpp
[7.232s] -- Installing: /home/teamvision/Desktop/ROS_Workspace/Honours_a1797823_a1764124/ROS_Workspace/install/custom_srvs/include/custom_srvs/srv/policy.hpp
[7.232s] -- Up-to-date: /home/teamvision/Desktop/ROS_Workspace/Honours_a1797823_a1764124/ROS_Workspace/install/custom_srvs/include/custom_srvs
[7.232s] -- Up-to-date: /home/teamvision/Desktop/ROS_Workspace/Honours_a1797823_a1764124/ROS_Workspace/install/custom_srvs/include/custom_srvs/srv
[7.232s] -- Up-to-date: /home/teamvision/Desktop/ROS_Workspace/Honours_a1797823_a1764124/ROS_Workspace/install/custom_srvs/include/custom_srvs/srv/detail
[7.232s] -- Installing: /home/teamvision/Desktop/ROS_Workspace/Honours_a1797823_a1764124/ROS_Workspace/install/custom_srvs/include/custom_srvs/srv/detail/policy__rosidl_typesupport_introspection_cpp.hpp
[7.232s] -- Installing: /home/teamvision/Desktop/ROS_Workspace/Honours_a1797823_a1764124/ROS_Workspace/install/custom_srvs/include/custom_srvs/srv/detail/policy__type_support.cpp
[7.232s] -- Installing: /home/teamvision/Desktop/ROS_Workspace/Honours_a1797823_a1764124/ROS_Workspace/install/custom_srvs/lib/libcustom_srvs__rosidl_typesupport_introspection_cpp.so
[7.233s] -- Set runtime path of "/home/teamvision/Desktop/ROS_Workspace/Honours_a1797823_a1764124/ROS_Workspace/install/custom_srvs/lib/libcustom_srvs__rosidl_typesupport_introspection_cpp.so" to ""
[7.233s] -- Installing: /home/teamvision/Desktop/ROS_Workspace/Honours_a1797823_a1764124/ROS_Workspace/install/custom_srvs/lib/libcustom_srvs__rosidl_typesupport_cpp.so
[7.233s] -- Set runtime path of "/home/teamvision/Desktop/ROS_Workspace/Honours_a1797823_a1764124/ROS_Workspace/install/custom_srvs/lib/libcustom_srvs__rosidl_typesupport_cpp.so" to ""
[7.233s] -- Installing: /home/teamvision/Desktop/ROS_Workspace/Honours_a1797823_a1764124/ROS_Workspace/install/custom_srvs/share/custom_srvs/environment/pythonpath.sh
[7.233s] -- Installing: /home/teamvision/Desktop/ROS_Workspace/Honours_a1797823_a1764124/ROS_Workspace/install/custom_srvs/share/custom_srvs/environment/pythonpath.dsv
[7.234s] -- Installing: /home/teamvision/Desktop/ROS_Workspace/Honours_a1797823_a1764124/ROS_Workspace/install/custom_srvs/lib/python3.8/site-packages/custom_srvs/__init__.py
[7.280s] Compiling '/home/teamvision/Desktop/ROS_Workspace/Honours_a1797823_a1764124/ROS_Workspace/install/custom_srvs/lib/python3.8/site-packages/custom_srvs/__init__.py'...
[7.284s] -- Installing: /home/teamvision/Desktop/ROS_Workspace/Honours_a1797823_a1764124/ROS_Workspace/install/custom_srvs/lib/python3.8/site-packages/custom_srvs/srv
[7.285s] -- Installing: /home/teamvision/Desktop/ROS_Workspace/Honours_a1797823_a1764124/ROS_Workspace/install/custom_srvs/lib/python3.8/site-packages/custom_srvs/srv/__init__.py
[7.285s] -- Installing: /home/teamvision/Desktop/ROS_Workspace/Honours_a1797823_a1764124/ROS_Workspace/install/custom_srvs/lib/python3.8/site-packages/custom_srvs/srv/_policy.py
[7.285s] -- Installing: /home/teamvision/Desktop/ROS_Workspace/Honours_a1797823_a1764124/ROS_Workspace/install/custom_srvs/lib/python3.8/site-packages/custom_srvs/srv/_policy_s.c
[7.285s] -- Installing: /home/teamvision/Desktop/ROS_Workspace/Honours_a1797823_a1764124/ROS_Workspace/install/custom_srvs/lib/python3.8/site-packages/custom_srvs/custom_srvs_s__rosidl_typesupport_fastrtps_c.cpython-38-x86_64-linux-gnu.so
[7.286s] -- Set runtime path of "/home/teamvision/Desktop/ROS_Workspace/Honours_a1797823_a1764124/ROS_Workspace/install/custom_srvs/lib/python3.8/site-packages/custom_srvs/custom_srvs_s__rosidl_typesupport_fastrtps_c.cpython-38-x86_64-linux-gnu.so" to ""
[7.286s] -- Installing: /home/teamvision/Desktop/ROS_Workspace/Honours_a1797823_a1764124/ROS_Workspace/install/custom_srvs/lib/python3.8/site-packages/custom_srvs/custom_srvs_s__rosidl_typesupport_introspection_c.cpython-38-x86_64-linux-gnu.so
[7.287s] -- Set runtime path of "/home/teamvision/Desktop/ROS_Workspace/Honours_a1797823_a1764124/ROS_Workspace/install/custom_srvs/lib/python3.8/site-packages/custom_srvs/custom_srvs_s__rosidl_typesupport_introspection_c.cpython-38-x86_64-linux-gnu.so" to ""
[7.287s] -- Installing: /home/teamvision/Desktop/ROS_Workspace/Honours_a1797823_a1764124/ROS_Workspace/install/custom_srvs/lib/python3.8/site-packages/custom_srvs/custom_srvs_s__rosidl_typesupport_c.cpython-38-x86_64-linux-gnu.so
[7.287s] -- Set runtime path of "/home/teamvision/Desktop/ROS_Workspace/Honours_a1797823_a1764124/ROS_Workspace/install/custom_srvs/lib/python3.8/site-packages/custom_srvs/custom_srvs_s__rosidl_typesupport_c.cpython-38-x86_64-linux-gnu.so" to ""
[7.288s] -- Installing: /home/teamvision/Desktop/ROS_Workspace/Honours_a1797823_a1764124/ROS_Workspace/install/custom_srvs/lib/libcustom_srvs__python.so
[7.288s] -- Set runtime path of "/home/teamvision/Desktop/ROS_Workspace/Honours_a1797823_a1764124/ROS_Workspace/install/custom_srvs/lib/libcustom_srvs__python.so" to ""
[7.288s] -- Installing: /home/teamvision/Desktop/ROS_Workspace/Honours_a1797823_a1764124/ROS_Workspace/install/custom_srvs/share/custom_srvs/srv/Policy.idl
[7.289s] -- Installing: /home/teamvision/Desktop/ROS_Workspace/Honours_a1797823_a1764124/ROS_Workspace/install/custom_srvs/share/custom_srvs/srv/Policy.srv
[7.289s] -- Installing: /home/teamvision/Desktop/ROS_Workspace/Honours_a1797823_a1764124/ROS_Workspace/install/custom_srvs/share/custom_srvs/srv/Policy_Request.msg
[7.289s] -- Installing: /home/teamvision/Desktop/ROS_Workspace/Honours_a1797823_a1764124/ROS_Workspace/install/custom_srvs/share/custom_srvs/srv/Policy_Response.msg
[7.289s] -- Installing: /home/teamvision/Desktop/ROS_Workspace/Honours_a1797823_a1764124/ROS_Workspace/install/custom_srvs/share/ament_index/resource_index/package_run_dependencies/custom_srvs
[7.289s] -- Installing: /home/teamvision/Desktop/ROS_Workspace/Honours_a1797823_a1764124/ROS_Workspace/install/custom_srvs/share/ament_index/resource_index/parent_prefix_path/custom_srvs
[7.289s] -- Installing: /home/teamvision/Desktop/ROS_Workspace/Honours_a1797823_a1764124/ROS_Workspace/install/custom_srvs/share/custom_srvs/environment/ament_prefix_path.sh
[7.289s] -- Installing: /home/teamvision/Desktop/ROS_Workspace/Honours_a1797823_a1764124/ROS_Workspace/install/custom_srvs/share/custom_srvs/environment/ament_prefix_path.dsv
[7.290s] -- Installing: /home/teamvision/Desktop/ROS_Workspace/Honours_a1797823_a1764124/ROS_Workspace/install/custom_srvs/share/custom_srvs/environment/path.sh
[7.290s] -- Installing: /home/teamvision/Desktop/ROS_Workspace/Honours_a1797823_a1764124/ROS_Workspace/install/custom_srvs/share/custom_srvs/environment/path.dsv
[7.290s] -- Installing: /home/teamvision/Desktop/ROS_Workspace/Honours_a1797823_a1764124/ROS_Workspace/install/custom_srvs/share/custom_srvs/local_setup.bash
[7.290s] -- Installing: /home/teamvision/Desktop/ROS_Workspace/Honours_a1797823_a1764124/ROS_Workspace/install/custom_srvs/share/custom_srvs/local_setup.sh
[7.290s] -- Installing: /home/teamvision/Desktop/ROS_Workspace/Honours_a1797823_a1764124/ROS_Workspace/install/custom_srvs/share/custom_srvs/local_setup.zsh
[7.290s] -- Installing: /home/teamvision/Desktop/ROS_Workspace/Honours_a1797823_a1764124/ROS_Workspace/install/custom_srvs/share/custom_srvs/local_setup.dsv
[7.291s] -- Installing: /home/teamvision/Desktop/ROS_Workspace/Honours_a1797823_a1764124/ROS_Workspace/install/custom_srvs/share/custom_srvs/package.dsv
[7.291s] -- Installing: /home/teamvision/Desktop/ROS_Workspace/Honours_a1797823_a1764124/ROS_Workspace/install/custom_srvs/share/ament_index/resource_index/packages/custom_srvs
[7.291s] -- Installing: /home/teamvision/Desktop/ROS_Workspace/Honours_a1797823_a1764124/ROS_Workspace/install/custom_srvs/share/custom_srvs/cmake/custom_srvs__rosidl_generator_cExport.cmake
[7.291s] -- Installing: /home/teamvision/Desktop/ROS_Workspace/Honours_a1797823_a1764124/ROS_Workspace/install/custom_srvs/share/custom_srvs/cmake/custom_srvs__rosidl_generator_cExport-noconfig.cmake
[7.291s] -- Installing: /home/teamvision/Desktop/ROS_Workspace/Honours_a1797823_a1764124/ROS_Workspace/install/custom_srvs/share/custom_srvs/cmake/custom_srvs__rosidl_typesupport_introspection_cExport.cmake
[7.292s] -- Installing: /home/teamvision/Desktop/ROS_Workspace/Honours_a1797823_a1764124/ROS_Workspace/install/custom_srvs/share/custom_srvs/cmake/custom_srvs__rosidl_typesupport_introspection_cExport-noconfig.cmake
[7.292s] -- Installing: /home/teamvision/Desktop/ROS_Workspace/Honours_a1797823_a1764124/ROS_Workspace/install/custom_srvs/share/custom_srvs/cmake/custom_srvs__rosidl_typesupport_cExport.cmake
[7.292s] -- Installing: /home/teamvision/Desktop/ROS_Workspace/Honours_a1797823_a1764124/ROS_Workspace/install/custom_srvs/share/custom_srvs/cmake/custom_srvs__rosidl_typesupport_cExport-noconfig.cmake
[7.292s] -- Installing: /home/teamvision/Desktop/ROS_Workspace/Honours_a1797823_a1764124/ROS_Workspace/install/custom_srvs/share/custom_srvs/cmake/custom_srvs__rosidl_generator_cppExport.cmake
[7.293s] -- Installing: /home/teamvision/Desktop/ROS_Workspace/Honours_a1797823_a1764124/ROS_Workspace/install/custom_srvs/share/custom_srvs/cmake/custom_srvs__rosidl_typesupport_introspection_cppExport.cmake
[7.293s] -- Installing: /home/teamvision/Desktop/ROS_Workspace/Honours_a1797823_a1764124/ROS_Workspace/install/custom_srvs/share/custom_srvs/cmake/custom_srvs__rosidl_typesupport_introspection_cppExport-noconfig.cmake
[7.293s] -- Installing: /home/teamvision/Desktop/ROS_Workspace/Honours_a1797823_a1764124/ROS_Workspace/install/custom_srvs/share/custom_srvs/cmake/custom_srvs__rosidl_typesupport_cppExport.cmake
[7.293s] -- Installing: /home/teamvision/Desktop/ROS_Workspace/Honours_a1797823_a1764124/ROS_Workspace/install/custom_srvs/share/custom_srvs/cmake/custom_srvs__rosidl_typesupport_cppExport-noconfig.cmake
[7.293s] -- Installing: /home/teamvision/Desktop/ROS_Workspace/Honours_a1797823_a1764124/ROS_Workspace/install/custom_srvs/share/custom_srvs/cmake/rosidl_cmake-extras.cmake
[7.293s] -- Installing: /home/teamvision/Desktop/ROS_Workspace/Honours_a1797823_a1764124/ROS_Workspace/install/custom_srvs/share/custom_srvs/cmake/ament_cmake_export_dependencies-extras.cmake
[7.294s] -- Installing: /home/teamvision/Desktop/ROS_Workspace/Honours_a1797823_a1764124/ROS_Workspace/install/custom_srvs/share/custom_srvs/cmake/ament_cmake_export_libraries-extras.cmake
[7.294s] -- Installing: /home/teamvision/Desktop/ROS_Workspace/Honours_a1797823_a1764124/ROS_Workspace/install/custom_srvs/share/custom_srvs/cmake/ament_cmake_export_targets-extras.cmake
[7.294s] -- Installing: /home/teamvision/Desktop/ROS_Workspace/Honours_a1797823_a1764124/ROS_Workspace/install/custom_srvs/share/custom_srvs/cmake/ament_cmake_export_include_directories-extras.cmake
[7.294s] -- Installing: /home/teamvision/Desktop/ROS_Workspace/Honours_a1797823_a1764124/ROS_Workspace/install/custom_srvs/share/custom_srvs/cmake/rosidl_cmake_export_typesupport_libraries-extras.cmake
[7.294s] -- Installing: /home/teamvision/Desktop/ROS_Workspace/Honours_a1797823_a1764124/ROS_Workspace/install/custom_srvs/share/custom_srvs/cmake/rosidl_cmake_export_typesupport_targets-extras.cmake
[7.294s] -- Installing: /home/teamvision/Desktop/ROS_Workspace/Honours_a1797823_a1764124/ROS_Workspace/install/custom_srvs/share/custom_srvs/cmake/custom_srvsConfig.cmake
[7.295s] -- Installing: /home/teamvision/Desktop/ROS_Workspace/Honours_a1797823_a1764124/ROS_Workspace/install/custom_srvs/share/custom_srvs/cmake/custom_srvsConfig-version.cmake
[7.295s] -- Installing: /home/teamvision/Desktop/ROS_Workspace/Honours_a1797823_a1764124/ROS_Workspace/install/custom_srvs/share/custom_srvs/package.xml
[7.297s] Invoked command in '/home/teamvision/Desktop/ROS_Workspace/Honours_a1797823_a1764124/ROS_Workspace/build/custom_srvs' returned '0': CMAKE_PREFIX_PATH=${CMAKE_PREFIX_PATH}:/home/teamvision/Desktop/ROS_Workspace/Honours_a1797823_a1764124/ROS_Workspace/install/turtlebot3_navigation:/home/teamvision/Desktop/ROS_Workspace/Honours_a1797823_a1764124/ROS_Workspace/install/cameraSub:/home/teamvision/Desktop/ROS_Workspace/Honours_a1797823_a1764124/ROS_Workspace/install/cameraPub:/home/teamvision/Desktop/ROS_Workspace/Honours_a1797823_a1764124/ROS_Workspace/install/UGV1Vision:/home/teamvision/Desktop/ROS_Workspace/Honours_a1797823_a1764124/ROS_Workspace/install/UGV1Processing:/home/teamvision/Desktop/ROS_Workspace/Honours_a1797823_a1764124/ROS_Workspace/install/UGV1Main:/home/teamvision/Desktop/ROS_Workspace/Honours_a1797823_a1764124/ROS_Workspace/install/UAVVision:/home/teamvision/Desktop/ROS_Workspace/Honours_a1797823_a1764124/ROS_Workspace/install/UAVProcessing:/home/teamvision/Desktop/ROS_Workspace/Honours_a1797823_a1764124/ROS_Workspace/install/UAVMain:/home/teamvision/Desktop/ROS_Workspace/Honours_a1797823_a1764124/ROS_Workspace/install/Konig:/opt/ros/foxy /usr/bin/cmake --install /home/teamvision/Desktop/ROS_Workspace/Honours_a1797823_a1764124/ROS_Workspace/build/custom_srvs
