[0.682s] Invoking command in '/home/max/Desktop/VisionCode/Honours_a1797823_a1764124/ROS_Workspace/src/Konig': PYTHONPATH=/home/max/Desktop/VisionCode/Honours_a1797823_a1764124/ROS_Workspace/src/Konig/build/Konig/prefix_override:/home/max/Desktop/VisionCode/Honours_a1797823_a1764124/ROS_Workspace/src/Konig/install/Konig/lib/python3.8/site-packages:${PYTHONPATH} /usr/bin/python3 setup.py egg_info --egg-base build/Konig build --build-base /home/max/Desktop/VisionCode/Honours_a1797823_a1764124/ROS_Workspace/src/Konig/build/Konig/build install --record /home/max/Desktop/VisionCode/Honours_a1797823_a1764124/ROS_Workspace/src/Konig/build/Konig/install.log --install-scripts $base/lib/Konig --single-version-externally-managed
[0.905s] running egg_info
[0.905s] writing build/Konig/Konig.egg-info/PKG-INFO
[0.906s] writing dependency_links to build/Konig/Konig.egg-info/dependency_links.txt
[0.906s] writing entry points to build/Konig/Konig.egg-info/entry_points.txt
[0.906s] writing requirements to build/Konig/Konig.egg-info/requires.txt
[0.906s] writing top-level names to build/Konig/Konig.egg-info/top_level.txt
[0.946s] reading manifest file 'build/Konig/Konig.egg-info/SOURCES.txt'
[0.947s] writing manifest file 'build/Konig/Konig.egg-info/SOURCES.txt'
[0.947s] running build
[0.947s] running build_py
[0.947s] copying Konig/Konig.py -> /home/max/Desktop/VisionCode/Honours_a1797823_a1764124/ROS_Workspace/src/Konig/build/Konig/build/lib/Konig
[0.947s] running install
[0.948s] running install_lib
[0.949s] copying /home/max/Desktop/VisionCode/Honours_a1797823_a1764124/ROS_Workspace/src/Konig/build/Konig/build/lib/Konig/Konig.py -> /home/max/Desktop/VisionCode/Honours_a1797823_a1764124/ROS_Workspace/src/Konig/install/Konig/lib/python3.8/site-packages/Konig
[0.950s] byte-compiling /home/max/Desktop/VisionCode/Honours_a1797823_a1764124/ROS_Workspace/src/Konig/install/Konig/lib/python3.8/site-packages/Konig/Konig.py to Konig.cpython-38.pyc
[0.951s] running install_data
[0.952s] running install_egg_info
[0.953s] removing '/home/max/Desktop/VisionCode/Honours_a1797823_a1764124/ROS_Workspace/src/Konig/install/Konig/lib/python3.8/site-packages/Konig-0.0.0-py3.8.egg-info' (and everything under it)
[0.954s] Copying build/Konig/Konig.egg-info to /home/max/Desktop/VisionCode/Honours_a1797823_a1764124/ROS_Workspace/src/Konig/install/Konig/lib/python3.8/site-packages/Konig-0.0.0-py3.8.egg-info
[0.954s] running install_scripts
[0.972s] Installing Konig script to /home/max/Desktop/VisionCode/Honours_a1797823_a1764124/ROS_Workspace/src/Konig/install/Konig/lib/Konig
[0.973s] writing list of installed files to '/home/max/Desktop/VisionCode/Honours_a1797823_a1764124/ROS_Workspace/src/Konig/build/Konig/install.log'
[1.006s] Invoked command in '/home/max/Desktop/VisionCode/Honours_a1797823_a1764124/ROS_Workspace/src/Konig' returned '0': PYTHONPATH=/home/max/Desktop/VisionCode/Honours_a1797823_a1764124/ROS_Workspace/src/Konig/build/Konig/prefix_override:/home/max/Desktop/VisionCode/Honours_a1797823_a1764124/ROS_Workspace/src/Konig/install/Konig/lib/python3.8/site-packages:${PYTHONPATH} /usr/bin/python3 setup.py egg_info --egg-base build/Konig build --build-base /home/max/Desktop/VisionCode/Honours_a1797823_a1764124/ROS_Workspace/src/Konig/build/Konig/build install --record /home/max/Desktop/VisionCode/Honours_a1797823_a1764124/ROS_Workspace/src/Konig/build/Konig/install.log --install-scripts $base/lib/Konig --single-version-externally-managed
