[0.026s] Invoking command in '/home/max/Desktop/VisionCode/Honours_a1797823_a1764124/ROS_Workspace/src/build/custom_msgs': CMAKE_PREFIX_PATH=/opt/ros/foxy:/opt/ros/galactic /usr/bin/cmake /home/max/Desktop/VisionCode/Honours_a1797823_a1764124/ROS_Workspace/src/custom_msgs -DCMAKE_INSTALL_PREFIX=/home/max/Desktop/VisionCode/Honours_a1797823_a1764124/ROS_Workspace/src/install/custom_msgs
[0.282s] -- The C compiler identification is GNU 9.4.0
[0.282s] -- The CXX compiler identification is GNU 9.4.0
[0.282s] -- Check for working C compiler: /usr/bin/cc
[0.282s] -- Check for working C compiler: /usr/bin/cc -- works
[0.282s] -- Detecting C compiler ABI info
[0.282s] -- Detecting C compiler ABI info - done
[0.282s] -- Detecting C compile features
[0.282s] -- Detecting C compile features - done
[0.282s] -- Check for working CXX compiler: /usr/bin/c++
[0.332s] -- Check for working CXX compiler: /usr/bin/c++ -- works
[0.333s] -- Detecting CXX compiler ABI info
[0.404s] -- Detecting CXX compiler ABI info - done
[0.416s] -- Detecting CXX compile features
[0.416s] -- Detecting CXX compile features - done
[0.418s] -- Found ament_cmake: 0.9.11 (/opt/ros/foxy/share/ament_cmake/cmake)
[0.440s] -- Found PythonInterp: /usr/bin/python3 (found suitable version "3.8.10", minimum required is "3") 
[0.441s] -- Using PYTHON_EXECUTABLE: /usr/bin/python3
[0.641s] -- Found rosidl_default_generators: 1.0.1 (/opt/ros/foxy/share/rosidl_default_generators/cmake)
[0.644s] -- Using all available rosidl_typesupport_c: rosidl_typesupport_fastrtps_c;rosidl_typesupport_introspection_c
[0.650s] -- Found rosidl_adapter: 1.3.0 (/opt/ros/foxy/share/rosidl_adapter/cmake)
[0.735s] -- Found OpenSSL: /usr/lib/x86_64-linux-gnu/libcrypto.so (found version "1.1.1f")  
[0.766s] -- Found FastRTPS: /opt/ros/foxy/include  
[0.838s] -- Using all available rosidl_typesupport_cpp: rosidl_typesupport_fastrtps_cpp;rosidl_typesupport_introspection_cpp
[0.861s] -- Found std_msgs: 2.0.5 (/opt/ros/foxy/share/std_msgs/cmake)
[0.913s] -- Found PythonInterp: /usr/bin/python3 (found version "3.8.10") 
[1.063s] -- Found ament_cmake_cppcheck: 0.9.7 (/opt/ros/foxy/share/ament_cmake_cppcheck/cmake)
[1.064s] -- Found ament_cmake_cpplint: 0.9.7 (/opt/ros/foxy/share/ament_cmake_cpplint/cmake)
[1.066s] -- Found ament_cmake_uncrustify: 0.9.7 (/opt/ros/foxy/share/ament_cmake_uncrustify/cmake)
[1.067s] -- Found ament_cmake_ros: 0.9.2 (/opt/ros/foxy/share/ament_cmake_ros/cmake)
[1.244s] -- Using all available rosidl_typesupport_c: rosidl_typesupport_fastrtps_c;rosidl_typesupport_introspection_c
[1.304s] -- Using all available rosidl_typesupport_cpp: rosidl_typesupport_fastrtps_cpp;rosidl_typesupport_introspection_cpp
[1.327s] -- Found PythonInterp: /usr/bin/python3 (found suitable version "3.8.10", minimum required is "3.5") 
[1.328s] -- Found python_cmake_module: 0.8.1 (/opt/ros/foxy/share/python_cmake_module/cmake)
[1.352s] -- Found PythonLibs: /usr/lib/x86_64-linux-gnu/libpython3.8.so (found suitable version "3.8.10", minimum required is "3.5") 
[1.352s] -- Using PYTHON_EXECUTABLE: /usr/bin/python3
[1.353s] -- Using PYTHON_INCLUDE_DIRS: /usr/include/python3.8
[1.353s] -- Using PYTHON_LIBRARIES: /usr/lib/x86_64-linux-gnu/libpython3.8.so
[1.370s] -- Found PythonExtra: .so  
[1.424s] -- Found ament_cmake_flake8: 0.9.7 (/opt/ros/foxy/share/ament_cmake_flake8/cmake)
[1.425s] -- Found ament_cmake_pep257: 0.9.7 (/opt/ros/foxy/share/ament_cmake_pep257/cmake)
[1.433s] -- Configuring done
[1.473s] -- Generating done
[1.476s] -- Build files have been written to: /home/max/Desktop/VisionCode/Honours_a1797823_a1764124/ROS_Workspace/src/build/custom_msgs
[1.487s] Invoked command in '/home/max/Desktop/VisionCode/Honours_a1797823_a1764124/ROS_Workspace/src/build/custom_msgs' returned '0': CMAKE_PREFIX_PATH=/opt/ros/foxy:/opt/ros/galactic /usr/bin/cmake /home/max/Desktop/VisionCode/Honours_a1797823_a1764124/ROS_Workspace/src/custom_msgs -DCMAKE_INSTALL_PREFIX=/home/max/Desktop/VisionCode/Honours_a1797823_a1764124/ROS_Workspace/src/install/custom_msgs
[1.490s] Invoking command in '/home/max/Desktop/VisionCode/Honours_a1797823_a1764124/ROS_Workspace/src/build/custom_msgs': CMAKE_PREFIX_PATH=/opt/ros/foxy:/opt/ros/galactic /usr/bin/cmake --build /home/max/Desktop/VisionCode/Honours_a1797823_a1764124/ROS_Workspace/src/build/custom_msgs -- -j8 -l8
[1.523s] [35m[1mScanning dependencies of target custom_msgs__cpp[0m
[1.524s] [  2%] [34m[1mGenerating C code for ROS interfaces[0m
[1.531s] [  5%] [34m[1mGenerating C++ code for ROS interfaces[0m
[1.814s] [  5%] Built target custom_msgs__cpp
[1.824s] [  7%] [34m[1mGenerating C++ introspection for ROS interfaces[0m
[1.824s] [ 10%] [34m[1mGenerating C++ type support dispatch for ROS interfaces[0m
[1.825s] [ 12%] [34m[1mGenerating C++ type support for eProsima Fast-RTPS[0m
[1.839s] [35m[1mScanning dependencies of target custom_msgs__rosidl_generator_c[0m
[1.851s] [ 17%] [32mBuilding C object CMakeFiles/custom_msgs__rosidl_generator_c.dir/rosidl_generator_c/custom_msgs/msg/detail/fire_severity__functions.c.o[0m
[1.851s] [ 17%] [32mBuilding C object CMakeFiles/custom_msgs__rosidl_generator_c.dir/rosidl_generator_c/custom_msgs/msg/detail/led_locations__functions.c.o[0m
[1.890s] [ 20%] [32m[1mLinking C shared library libcustom_msgs__rosidl_generator_c.so[0m
[1.926s] [ 20%] Built target custom_msgs__rosidl_generator_c
[1.935s] [ 25%] [34m[1mGenerating C introspection for ROS interfaces[0m
[1.935s] [ 25%] [34m[1mGenerating C type support dispatch for ROS interfaces[0m
[2.103s] [35m[1mScanning dependencies of target custom_msgs__rosidl_typesupport_cpp[0m
[2.113s] [ 30%] [32mBuilding CXX object CMakeFiles/custom_msgs__rosidl_typesupport_cpp.dir/rosidl_typesupport_cpp/custom_msgs/msg/fire_severity__type_support.cpp.o[0m
[2.113s] [ 30%] [32mBuilding CXX object CMakeFiles/custom_msgs__rosidl_typesupport_cpp.dir/rosidl_typesupport_cpp/custom_msgs/msg/led_locations__type_support.cpp.o[0m
[2.117s] [35m[1mScanning dependencies of target custom_msgs__rosidl_typesupport_introspection_cpp[0m
[2.128s] [ 35%] [32mBuilding CXX object CMakeFiles/custom_msgs__rosidl_typesupport_introspection_cpp.dir/rosidl_typesupport_introspection_cpp/custom_msgs/msg/detail/fire_severity__type_support.cpp.o[0m
[2.128s] [ 35%] [32mBuilding CXX object CMakeFiles/custom_msgs__rosidl_typesupport_introspection_cpp.dir/rosidl_typesupport_introspection_cpp/custom_msgs/msg/detail/led_locations__type_support.cpp.o[0m
[2.152s] [35m[1mScanning dependencies of target custom_msgs__rosidl_typesupport_fastrtps_cpp[0m
[2.168s] [ 38%] [32mBuilding CXX object CMakeFiles/custom_msgs__rosidl_typesupport_fastrtps_cpp.dir/rosidl_typesupport_fastrtps_cpp/custom_msgs/msg/detail/dds_fastrtps/led_locations__type_support.cpp.o[0m
[2.170s] [ 41%] [32mBuilding CXX object CMakeFiles/custom_msgs__rosidl_typesupport_fastrtps_cpp.dir/rosidl_typesupport_fastrtps_cpp/custom_msgs/msg/detail/dds_fastrtps/fire_severity__type_support.cpp.o[0m
[2.213s] [35m[1mScanning dependencies of target custom_msgs__rosidl_typesupport_c[0m
[2.226s] [ 43%] [32mBuilding CXX object CMakeFiles/custom_msgs__rosidl_typesupport_c.dir/rosidl_typesupport_c/custom_msgs/msg/led_locations__type_support.cpp.o[0m
[2.254s] [ 46%] [32mBuilding CXX object CMakeFiles/custom_msgs__rosidl_typesupport_c.dir/rosidl_typesupport_c/custom_msgs/msg/fire_severity__type_support.cpp.o[0m
[2.261s] [35m[1mScanning dependencies of target custom_msgs__rosidl_typesupport_introspection_c[0m
[2.272s] [ 48%] [32mBuilding C object CMakeFiles/custom_msgs__rosidl_typesupport_introspection_c.dir/rosidl_typesupport_introspection_c/custom_msgs/msg/detail/led_locations__type_support.c.o[0m
[2.283s] [ 51%] [32m[1mLinking CXX shared library libcustom_msgs__rosidl_typesupport_c.so[0m
[2.324s] [ 53%] [32mBuilding C object CMakeFiles/custom_msgs__rosidl_typesupport_introspection_c.dir/rosidl_typesupport_introspection_c/custom_msgs/msg/detail/fire_severity__type_support.c.o[0m
[2.326s] [ 53%] Built target custom_msgs__rosidl_typesupport_c
[2.355s] [ 56%] [32m[1mLinking C shared library libcustom_msgs__rosidl_typesupport_introspection_c.so[0m
[2.366s] [ 58%] [32m[1mLinking CXX shared library libcustom_msgs__rosidl_typesupport_cpp.so[0m
[2.385s] [ 58%] Built target custom_msgs__rosidl_typesupport_introspection_c
[2.389s] [ 61%] [32m[1mLinking CXX shared library libcustom_msgs__rosidl_typesupport_introspection_cpp.so[0m
[2.405s] [ 61%] Built target custom_msgs__rosidl_typesupport_cpp
[2.450s] [ 61%] Built target custom_msgs__rosidl_typesupport_introspection_cpp
[2.536s] [ 64%] [32m[1mLinking CXX shared library libcustom_msgs__rosidl_typesupport_fastrtps_cpp.so[0m
[2.610s] [ 64%] Built target custom_msgs__rosidl_typesupport_fastrtps_cpp
[2.618s] [ 66%] [34m[1mGenerating C type support for eProsima Fast-RTPS[0m
[2.898s] [35m[1mScanning dependencies of target custom_msgs__rosidl_typesupport_fastrtps_c[0m
[2.911s] [ 71%] [32mBuilding CXX object CMakeFiles/custom_msgs__rosidl_typesupport_fastrtps_c.dir/rosidl_typesupport_fastrtps_c/custom_msgs/msg/detail/led_locations__type_support_c.cpp.o[0m
[2.911s] [ 71%] [32mBuilding CXX object CMakeFiles/custom_msgs__rosidl_typesupport_fastrtps_c.dir/rosidl_typesupport_fastrtps_c/custom_msgs/msg/detail/fire_severity__type_support_c.cpp.o[0m
[3.165s] [ 74%] [32m[1mLinking CXX shared library libcustom_msgs__rosidl_typesupport_fastrtps_c.so[0m
[3.242s] [ 74%] Built target custom_msgs__rosidl_typesupport_fastrtps_c
[3.250s] [35m[1mScanning dependencies of target custom_msgs[0m
[3.258s] [ 74%] Built target custom_msgs
[3.267s] [35m[1mScanning dependencies of target custom_msgs__py[0m
[3.275s] [ 76%] [34m[1mGenerating Python code for ROS interfaces[0m
[3.765s] [ 76%] Built target custom_msgs__py
[3.773s] [35m[1mScanning dependencies of target custom_msgs__python[0m
[3.789s] [ 79%] [32mBuilding C object CMakeFiles/custom_msgs__python.dir/rosidl_generator_py/custom_msgs/msg/_led_locations_s.c.o[0m
[3.790s] [ 82%] [32mBuilding C object CMakeFiles/custom_msgs__python.dir/rosidl_generator_py/custom_msgs/msg/_fire_severity_s.c.o[0m
[3.855s] [ 84%] [32m[1mLinking C shared library rosidl_generator_py/custom_msgs/libcustom_msgs__python.so[0m
[3.894s] [ 84%] Built target custom_msgs__python
[3.902s] [35m[1mScanning dependencies of target custom_msgs__rosidl_typesupport_introspection_c__pyext[0m
[3.902s] [35m[1mScanning dependencies of target custom_msgs__rosidl_typesupport_c__pyext[0m
[3.902s] [35m[1mScanning dependencies of target custom_msgs__rosidl_typesupport_fastrtps_c__pyext[0m
[3.916s] [ 87%] [32mBuilding C object CMakeFiles/custom_msgs__rosidl_typesupport_c__pyext.dir/rosidl_generator_py/custom_msgs/_custom_msgs_s.ep.rosidl_typesupport_c.c.o[0m
[3.917s] [ 92%] [32mBuilding C object CMakeFiles/custom_msgs__rosidl_typesupport_introspection_c__pyext.dir/rosidl_generator_py/custom_msgs/_custom_msgs_s.ep.rosidl_typesupport_introspection_c.c.o[0m
[3.917s] [ 92%] [32mBuilding C object CMakeFiles/custom_msgs__rosidl_typesupport_fastrtps_c__pyext.dir/rosidl_generator_py/custom_msgs/_custom_msgs_s.ep.rosidl_typesupport_fastrtps_c.c.o[0m
[3.981s] [ 97%] [32m[1mLinking CXX shared library rosidl_generator_py/custom_msgs/custom_msgs_s__rosidl_typesupport_fastrtps_c.cpython-38-x86_64-linux-gnu.so[0m
[3.981s] [ 97%] [32m[1mLinking C shared library rosidl_generator_py/custom_msgs/custom_msgs_s__rosidl_typesupport_introspection_c.cpython-38-x86_64-linux-gnu.so[0m
[3.982s] [100%] [32m[1mLinking C shared library rosidl_generator_py/custom_msgs/custom_msgs_s__rosidl_typesupport_c.cpython-38-x86_64-linux-gnu.so[0m
[4.014s] [100%] Built target custom_msgs__rosidl_typesupport_introspection_c__pyext
[4.014s] [100%] Built target custom_msgs__rosidl_typesupport_c__pyext
[4.040s] [100%] Built target custom_msgs__rosidl_typesupport_fastrtps_c__pyext
[4.050s] Invoked command in '/home/max/Desktop/VisionCode/Honours_a1797823_a1764124/ROS_Workspace/src/build/custom_msgs' returned '0': CMAKE_PREFIX_PATH=/opt/ros/foxy:/opt/ros/galactic /usr/bin/cmake --build /home/max/Desktop/VisionCode/Honours_a1797823_a1764124/ROS_Workspace/src/build/custom_msgs -- -j8 -l8
[4.109s] Invoking command in '/home/max/Desktop/VisionCode/Honours_a1797823_a1764124/ROS_Workspace/src/build/custom_msgs': CMAKE_PREFIX_PATH=/opt/ros/foxy:/opt/ros/galactic /usr/bin/cmake --install /home/max/Desktop/VisionCode/Honours_a1797823_a1764124/ROS_Workspace/src/build/custom_msgs
[4.115s] -- Install configuration: ""
[4.116s] -- Installing: /home/max/Desktop/VisionCode/Honours_a1797823_a1764124/ROS_Workspace/src/install/custom_msgs/share/ament_index/resource_index/rosidl_interfaces/custom_msgs
[4.116s] -- Up-to-date: /home/max/Desktop/VisionCode/Honours_a1797823_a1764124/ROS_Workspace/src/install/custom_msgs/include/custom_msgs
[4.116s] -- Up-to-date: /home/max/Desktop/VisionCode/Honours_a1797823_a1764124/ROS_Workspace/src/install/custom_msgs/include/custom_msgs/msg
[4.116s] -- Up-to-date: /home/max/Desktop/VisionCode/Honours_a1797823_a1764124/ROS_Workspace/src/install/custom_msgs/include/custom_msgs/msg/detail
[4.116s] -- Installing: /home/max/Desktop/VisionCode/Honours_a1797823_a1764124/ROS_Workspace/src/install/custom_msgs/include/custom_msgs/msg/detail/led_locations__struct.h
[4.117s] -- Installing: /home/max/Desktop/VisionCode/Honours_a1797823_a1764124/ROS_Workspace/src/install/custom_msgs/include/custom_msgs/msg/detail/fire_severity__functions.h
[4.117s] -- Installing: /home/max/Desktop/VisionCode/Honours_a1797823_a1764124/ROS_Workspace/src/install/custom_msgs/include/custom_msgs/msg/detail/fire_severity__struct.h
[4.117s] -- Installing: /home/max/Desktop/VisionCode/Honours_a1797823_a1764124/ROS_Workspace/src/install/custom_msgs/include/custom_msgs/msg/detail/led_locations__type_support.h
[4.117s] -- Installing: /home/max/Desktop/VisionCode/Honours_a1797823_a1764124/ROS_Workspace/src/install/custom_msgs/include/custom_msgs/msg/detail/led_locations__functions.h
[4.117s] -- Installing: /home/max/Desktop/VisionCode/Honours_a1797823_a1764124/ROS_Workspace/src/install/custom_msgs/include/custom_msgs/msg/detail/fire_severity__functions.c
[4.117s] -- Installing: /home/max/Desktop/VisionCode/Honours_a1797823_a1764124/ROS_Workspace/src/install/custom_msgs/include/custom_msgs/msg/detail/led_locations__functions.c
[4.117s] -- Installing: /home/max/Desktop/VisionCode/Honours_a1797823_a1764124/ROS_Workspace/src/install/custom_msgs/include/custom_msgs/msg/detail/fire_severity__type_support.h
[4.118s] -- Installing: /home/max/Desktop/VisionCode/Honours_a1797823_a1764124/ROS_Workspace/src/install/custom_msgs/include/custom_msgs/msg/fire_severity.h
[4.119s] -- Installing: /home/max/Desktop/VisionCode/Honours_a1797823_a1764124/ROS_Workspace/src/install/custom_msgs/include/custom_msgs/msg/rosidl_generator_c__visibility_control.h
[4.119s] -- Installing: /home/max/Desktop/VisionCode/Honours_a1797823_a1764124/ROS_Workspace/src/install/custom_msgs/include/custom_msgs/msg/led_locations.h
[4.119s] -- Up-to-date: /home/max/Desktop/VisionCode/Honours_a1797823_a1764124/ROS_Workspace/src/install/custom_msgs/share/custom_msgs/environment/library_path.sh
[4.119s] -- Installing: /home/max/Desktop/VisionCode/Honours_a1797823_a1764124/ROS_Workspace/src/install/custom_msgs/share/custom_msgs/environment/library_path.dsv
[4.120s] -- Installing: /home/max/Desktop/VisionCode/Honours_a1797823_a1764124/ROS_Workspace/src/install/custom_msgs/lib/libcustom_msgs__rosidl_generator_c.so
[4.121s] -- Set runtime path of "/home/max/Desktop/VisionCode/Honours_a1797823_a1764124/ROS_Workspace/src/install/custom_msgs/lib/libcustom_msgs__rosidl_generator_c.so" to ""
[4.121s] -- Up-to-date: /home/max/Desktop/VisionCode/Honours_a1797823_a1764124/ROS_Workspace/src/install/custom_msgs/include/custom_msgs
[4.121s] -- Up-to-date: /home/max/Desktop/VisionCode/Honours_a1797823_a1764124/ROS_Workspace/src/install/custom_msgs/include/custom_msgs/msg
[4.121s] -- Up-to-date: /home/max/Desktop/VisionCode/Honours_a1797823_a1764124/ROS_Workspace/src/install/custom_msgs/include/custom_msgs/msg/detail
[4.121s] -- Installing: /home/max/Desktop/VisionCode/Honours_a1797823_a1764124/ROS_Workspace/src/install/custom_msgs/include/custom_msgs/msg/detail/led_locations__rosidl_typesupport_fastrtps_c.h
[4.121s] -- Installing: /home/max/Desktop/VisionCode/Honours_a1797823_a1764124/ROS_Workspace/src/install/custom_msgs/include/custom_msgs/msg/detail/fire_severity__rosidl_typesupport_fastrtps_c.h
[4.121s] -- Installing: /home/max/Desktop/VisionCode/Honours_a1797823_a1764124/ROS_Workspace/src/install/custom_msgs/include/custom_msgs/msg/rosidl_typesupport_fastrtps_c__visibility_control.h
[4.122s] -- Installing: /home/max/Desktop/VisionCode/Honours_a1797823_a1764124/ROS_Workspace/src/install/custom_msgs/lib/libcustom_msgs__rosidl_typesupport_fastrtps_c.so
[4.122s] -- Set runtime path of "/home/max/Desktop/VisionCode/Honours_a1797823_a1764124/ROS_Workspace/src/install/custom_msgs/lib/libcustom_msgs__rosidl_typesupport_fastrtps_c.so" to ""
[4.122s] -- Up-to-date: /home/max/Desktop/VisionCode/Honours_a1797823_a1764124/ROS_Workspace/src/install/custom_msgs/include/custom_msgs
[4.123s] -- Up-to-date: /home/max/Desktop/VisionCode/Honours_a1797823_a1764124/ROS_Workspace/src/install/custom_msgs/include/custom_msgs/msg
[4.123s] -- Up-to-date: /home/max/Desktop/VisionCode/Honours_a1797823_a1764124/ROS_Workspace/src/install/custom_msgs/include/custom_msgs/msg/detail
[4.123s] -- Installing: /home/max/Desktop/VisionCode/Honours_a1797823_a1764124/ROS_Workspace/src/install/custom_msgs/include/custom_msgs/msg/detail/led_locations__rosidl_typesupport_fastrtps_cpp.hpp
[4.123s] -- Installing: /home/max/Desktop/VisionCode/Honours_a1797823_a1764124/ROS_Workspace/src/install/custom_msgs/include/custom_msgs/msg/detail/fire_severity__rosidl_typesupport_fastrtps_cpp.hpp
[4.123s] -- Up-to-date: /home/max/Desktop/VisionCode/Honours_a1797823_a1764124/ROS_Workspace/src/install/custom_msgs/include/custom_msgs/msg/detail/dds_fastrtps
[4.123s] -- Installing: /home/max/Desktop/VisionCode/Honours_a1797823_a1764124/ROS_Workspace/src/install/custom_msgs/include/custom_msgs/msg/rosidl_typesupport_fastrtps_cpp__visibility_control.h
[4.124s] -- Installing: /home/max/Desktop/VisionCode/Honours_a1797823_a1764124/ROS_Workspace/src/install/custom_msgs/lib/libcustom_msgs__rosidl_typesupport_fastrtps_cpp.so
[4.124s] -- Set runtime path of "/home/max/Desktop/VisionCode/Honours_a1797823_a1764124/ROS_Workspace/src/install/custom_msgs/lib/libcustom_msgs__rosidl_typesupport_fastrtps_cpp.so" to ""
[4.124s] -- Up-to-date: /home/max/Desktop/VisionCode/Honours_a1797823_a1764124/ROS_Workspace/src/install/custom_msgs/include/custom_msgs
[4.124s] -- Up-to-date: /home/max/Desktop/VisionCode/Honours_a1797823_a1764124/ROS_Workspace/src/install/custom_msgs/include/custom_msgs/msg
[4.124s] -- Up-to-date: /home/max/Desktop/VisionCode/Honours_a1797823_a1764124/ROS_Workspace/src/install/custom_msgs/include/custom_msgs/msg/detail
[4.124s] -- Installing: /home/max/Desktop/VisionCode/Honours_a1797823_a1764124/ROS_Workspace/src/install/custom_msgs/include/custom_msgs/msg/detail/fire_severity__type_support.c
[4.125s] -- Installing: /home/max/Desktop/VisionCode/Honours_a1797823_a1764124/ROS_Workspace/src/install/custom_msgs/include/custom_msgs/msg/detail/led_locations__type_support.c
[4.125s] -- Installing: /home/max/Desktop/VisionCode/Honours_a1797823_a1764124/ROS_Workspace/src/install/custom_msgs/include/custom_msgs/msg/detail/fire_severity__rosidl_typesupport_introspection_c.h
[4.125s] -- Installing: /home/max/Desktop/VisionCode/Honours_a1797823_a1764124/ROS_Workspace/src/install/custom_msgs/include/custom_msgs/msg/detail/led_locations__rosidl_typesupport_introspection_c.h
[4.125s] -- Installing: /home/max/Desktop/VisionCode/Honours_a1797823_a1764124/ROS_Workspace/src/install/custom_msgs/include/custom_msgs/msg/rosidl_typesupport_introspection_c__visibility_control.h
[4.125s] -- Installing: /home/max/Desktop/VisionCode/Honours_a1797823_a1764124/ROS_Workspace/src/install/custom_msgs/lib/libcustom_msgs__rosidl_typesupport_introspection_c.so
[4.125s] -- Set runtime path of "/home/max/Desktop/VisionCode/Honours_a1797823_a1764124/ROS_Workspace/src/install/custom_msgs/lib/libcustom_msgs__rosidl_typesupport_introspection_c.so" to ""
[4.126s] -- Installing: /home/max/Desktop/VisionCode/Honours_a1797823_a1764124/ROS_Workspace/src/install/custom_msgs/lib/libcustom_msgs__rosidl_typesupport_c.so
[4.126s] -- Set runtime path of "/home/max/Desktop/VisionCode/Honours_a1797823_a1764124/ROS_Workspace/src/install/custom_msgs/lib/libcustom_msgs__rosidl_typesupport_c.so" to ""
[4.126s] -- Up-to-date: /home/max/Desktop/VisionCode/Honours_a1797823_a1764124/ROS_Workspace/src/install/custom_msgs/include/custom_msgs
[4.126s] -- Up-to-date: /home/max/Desktop/VisionCode/Honours_a1797823_a1764124/ROS_Workspace/src/install/custom_msgs/include/custom_msgs/msg
[4.126s] -- Installing: /home/max/Desktop/VisionCode/Honours_a1797823_a1764124/ROS_Workspace/src/install/custom_msgs/include/custom_msgs/msg/led_locations.hpp
[4.126s] -- Up-to-date: /home/max/Desktop/VisionCode/Honours_a1797823_a1764124/ROS_Workspace/src/install/custom_msgs/include/custom_msgs/msg/detail
[4.126s] -- Installing: /home/max/Desktop/VisionCode/Honours_a1797823_a1764124/ROS_Workspace/src/install/custom_msgs/include/custom_msgs/msg/detail/led_locations__struct.hpp
[4.127s] -- Installing: /home/max/Desktop/VisionCode/Honours_a1797823_a1764124/ROS_Workspace/src/install/custom_msgs/include/custom_msgs/msg/detail/fire_severity__traits.hpp
[4.127s] -- Installing: /home/max/Desktop/VisionCode/Honours_a1797823_a1764124/ROS_Workspace/src/install/custom_msgs/include/custom_msgs/msg/detail/fire_severity__struct.hpp
[4.127s] -- Installing: /home/max/Desktop/VisionCode/Honours_a1797823_a1764124/ROS_Workspace/src/install/custom_msgs/include/custom_msgs/msg/detail/led_locations__builder.hpp
[4.127s] -- Installing: /home/max/Desktop/VisionCode/Honours_a1797823_a1764124/ROS_Workspace/src/install/custom_msgs/include/custom_msgs/msg/detail/led_locations__traits.hpp
[4.127s] -- Installing: /home/max/Desktop/VisionCode/Honours_a1797823_a1764124/ROS_Workspace/src/install/custom_msgs/include/custom_msgs/msg/detail/fire_severity__builder.hpp
[4.127s] -- Installing: /home/max/Desktop/VisionCode/Honours_a1797823_a1764124/ROS_Workspace/src/install/custom_msgs/include/custom_msgs/msg/fire_severity.hpp
[4.127s] -- Up-to-date: /home/max/Desktop/VisionCode/Honours_a1797823_a1764124/ROS_Workspace/src/install/custom_msgs/include/custom_msgs
[4.127s] -- Up-to-date: /home/max/Desktop/VisionCode/Honours_a1797823_a1764124/ROS_Workspace/src/install/custom_msgs/include/custom_msgs/msg
[4.128s] -- Up-to-date: /home/max/Desktop/VisionCode/Honours_a1797823_a1764124/ROS_Workspace/src/install/custom_msgs/include/custom_msgs/msg/detail
[4.128s] -- Installing: /home/max/Desktop/VisionCode/Honours_a1797823_a1764124/ROS_Workspace/src/install/custom_msgs/include/custom_msgs/msg/detail/fire_severity__type_support.cpp
[4.128s] -- Installing: /home/max/Desktop/VisionCode/Honours_a1797823_a1764124/ROS_Workspace/src/install/custom_msgs/include/custom_msgs/msg/detail/fire_severity__rosidl_typesupport_introspection_cpp.hpp
[4.128s] -- Installing: /home/max/Desktop/VisionCode/Honours_a1797823_a1764124/ROS_Workspace/src/install/custom_msgs/include/custom_msgs/msg/detail/led_locations__type_support.cpp
[4.128s] -- Installing: /home/max/Desktop/VisionCode/Honours_a1797823_a1764124/ROS_Workspace/src/install/custom_msgs/include/custom_msgs/msg/detail/led_locations__rosidl_typesupport_introspection_cpp.hpp
[4.128s] -- Installing: /home/max/Desktop/VisionCode/Honours_a1797823_a1764124/ROS_Workspace/src/install/custom_msgs/lib/libcustom_msgs__rosidl_typesupport_introspection_cpp.so
[4.129s] -- Set runtime path of "/home/max/Desktop/VisionCode/Honours_a1797823_a1764124/ROS_Workspace/src/install/custom_msgs/lib/libcustom_msgs__rosidl_typesupport_introspection_cpp.so" to ""
[4.129s] -- Installing: /home/max/Desktop/VisionCode/Honours_a1797823_a1764124/ROS_Workspace/src/install/custom_msgs/lib/libcustom_msgs__rosidl_typesupport_cpp.so
[4.129s] -- Set runtime path of "/home/max/Desktop/VisionCode/Honours_a1797823_a1764124/ROS_Workspace/src/install/custom_msgs/lib/libcustom_msgs__rosidl_typesupport_cpp.so" to ""
[4.129s] -- Installing: /home/max/Desktop/VisionCode/Honours_a1797823_a1764124/ROS_Workspace/src/install/custom_msgs/share/custom_msgs/environment/pythonpath.sh
[4.129s] -- Installing: /home/max/Desktop/VisionCode/Honours_a1797823_a1764124/ROS_Workspace/src/install/custom_msgs/share/custom_msgs/environment/pythonpath.dsv
[4.129s] -- Installing: /home/max/Desktop/VisionCode/Honours_a1797823_a1764124/ROS_Workspace/src/install/custom_msgs/lib/python3.8/site-packages/custom_msgs/__init__.py
[4.156s] Compiling '/home/max/Desktop/VisionCode/Honours_a1797823_a1764124/ROS_Workspace/src/install/custom_msgs/lib/python3.8/site-packages/custom_msgs/__init__.py'...
[4.160s] -- Up-to-date: /home/max/Desktop/VisionCode/Honours_a1797823_a1764124/ROS_Workspace/src/install/custom_msgs/lib/python3.8/site-packages/custom_msgs/msg
[4.160s] -- Installing: /home/max/Desktop/VisionCode/Honours_a1797823_a1764124/ROS_Workspace/src/install/custom_msgs/lib/python3.8/site-packages/custom_msgs/msg/_fire_severity_s.c
[4.161s] -- Installing: /home/max/Desktop/VisionCode/Honours_a1797823_a1764124/ROS_Workspace/src/install/custom_msgs/lib/python3.8/site-packages/custom_msgs/msg/_fire_severity.py
[4.161s] -- Installing: /home/max/Desktop/VisionCode/Honours_a1797823_a1764124/ROS_Workspace/src/install/custom_msgs/lib/python3.8/site-packages/custom_msgs/msg/_led_locations.py
[4.161s] -- Installing: /home/max/Desktop/VisionCode/Honours_a1797823_a1764124/ROS_Workspace/src/install/custom_msgs/lib/python3.8/site-packages/custom_msgs/msg/__init__.py
[4.161s] -- Installing: /home/max/Desktop/VisionCode/Honours_a1797823_a1764124/ROS_Workspace/src/install/custom_msgs/lib/python3.8/site-packages/custom_msgs/msg/_led_locations_s.c
[4.161s] -- Installing: /home/max/Desktop/VisionCode/Honours_a1797823_a1764124/ROS_Workspace/src/install/custom_msgs/lib/python3.8/site-packages/custom_msgs/custom_msgs_s__rosidl_typesupport_fastrtps_c.cpython-38-x86_64-linux-gnu.so
[4.161s] -- Set runtime path of "/home/max/Desktop/VisionCode/Honours_a1797823_a1764124/ROS_Workspace/src/install/custom_msgs/lib/python3.8/site-packages/custom_msgs/custom_msgs_s__rosidl_typesupport_fastrtps_c.cpython-38-x86_64-linux-gnu.so" to ""
[4.162s] -- Installing: /home/max/Desktop/VisionCode/Honours_a1797823_a1764124/ROS_Workspace/src/install/custom_msgs/lib/python3.8/site-packages/custom_msgs/custom_msgs_s__rosidl_typesupport_introspection_c.cpython-38-x86_64-linux-gnu.so
[4.162s] -- Set runtime path of "/home/max/Desktop/VisionCode/Honours_a1797823_a1764124/ROS_Workspace/src/install/custom_msgs/lib/python3.8/site-packages/custom_msgs/custom_msgs_s__rosidl_typesupport_introspection_c.cpython-38-x86_64-linux-gnu.so" to ""
[4.163s] -- Installing: /home/max/Desktop/VisionCode/Honours_a1797823_a1764124/ROS_Workspace/src/install/custom_msgs/lib/python3.8/site-packages/custom_msgs/custom_msgs_s__rosidl_typesupport_c.cpython-38-x86_64-linux-gnu.so
[4.163s] -- Set runtime path of "/home/max/Desktop/VisionCode/Honours_a1797823_a1764124/ROS_Workspace/src/install/custom_msgs/lib/python3.8/site-packages/custom_msgs/custom_msgs_s__rosidl_typesupport_c.cpython-38-x86_64-linux-gnu.so" to ""
[4.164s] -- Installing: /home/max/Desktop/VisionCode/Honours_a1797823_a1764124/ROS_Workspace/src/install/custom_msgs/lib/libcustom_msgs__python.so
[4.164s] -- Set runtime path of "/home/max/Desktop/VisionCode/Honours_a1797823_a1764124/ROS_Workspace/src/install/custom_msgs/lib/libcustom_msgs__python.so" to ""
[4.164s] -- Installing: /home/max/Desktop/VisionCode/Honours_a1797823_a1764124/ROS_Workspace/src/install/custom_msgs/share/custom_msgs/msg/LEDLocations.idl
[4.165s] -- Installing: /home/max/Desktop/VisionCode/Honours_a1797823_a1764124/ROS_Workspace/src/install/custom_msgs/share/custom_msgs/msg/FireSeverity.idl
[4.165s] -- Up-to-date: /home/max/Desktop/VisionCode/Honours_a1797823_a1764124/ROS_Workspace/src/install/custom_msgs/share/custom_msgs/msg/LEDLocations.msg
[4.165s] -- Up-to-date: /home/max/Desktop/VisionCode/Honours_a1797823_a1764124/ROS_Workspace/src/install/custom_msgs/share/custom_msgs/msg/FireSeverity.msg
[4.165s] -- Installing: /home/max/Desktop/VisionCode/Honours_a1797823_a1764124/ROS_Workspace/src/install/custom_msgs/share/ament_index/resource_index/package_run_dependencies/custom_msgs
[4.165s] -- Installing: /home/max/Desktop/VisionCode/Honours_a1797823_a1764124/ROS_Workspace/src/install/custom_msgs/share/ament_index/resource_index/parent_prefix_path/custom_msgs
[4.165s] -- Up-to-date: /home/max/Desktop/VisionCode/Honours_a1797823_a1764124/ROS_Workspace/src/install/custom_msgs/share/custom_msgs/environment/ament_prefix_path.sh
[4.166s] -- Installing: /home/max/Desktop/VisionCode/Honours_a1797823_a1764124/ROS_Workspace/src/install/custom_msgs/share/custom_msgs/environment/ament_prefix_path.dsv
[4.166s] -- Up-to-date: /home/max/Desktop/VisionCode/Honours_a1797823_a1764124/ROS_Workspace/src/install/custom_msgs/share/custom_msgs/environment/path.sh
[4.166s] -- Installing: /home/max/Desktop/VisionCode/Honours_a1797823_a1764124/ROS_Workspace/src/install/custom_msgs/share/custom_msgs/environment/path.dsv
[4.166s] -- Installing: /home/max/Desktop/VisionCode/Honours_a1797823_a1764124/ROS_Workspace/src/install/custom_msgs/share/custom_msgs/local_setup.bash
[4.166s] -- Installing: /home/max/Desktop/VisionCode/Honours_a1797823_a1764124/ROS_Workspace/src/install/custom_msgs/share/custom_msgs/local_setup.sh
[4.166s] -- Installing: /home/max/Desktop/VisionCode/Honours_a1797823_a1764124/ROS_Workspace/src/install/custom_msgs/share/custom_msgs/local_setup.zsh
[4.166s] -- Installing: /home/max/Desktop/VisionCode/Honours_a1797823_a1764124/ROS_Workspace/src/install/custom_msgs/share/custom_msgs/local_setup.dsv
[4.166s] -- Installing: /home/max/Desktop/VisionCode/Honours_a1797823_a1764124/ROS_Workspace/src/install/custom_msgs/share/custom_msgs/package.dsv
[4.166s] -- Installing: /home/max/Desktop/VisionCode/Honours_a1797823_a1764124/ROS_Workspace/src/install/custom_msgs/share/ament_index/resource_index/packages/custom_msgs
[4.167s] -- Installing: /home/max/Desktop/VisionCode/Honours_a1797823_a1764124/ROS_Workspace/src/install/custom_msgs/share/custom_msgs/cmake/custom_msgs__rosidl_generator_cExport.cmake
[4.167s] -- Installing: /home/max/Desktop/VisionCode/Honours_a1797823_a1764124/ROS_Workspace/src/install/custom_msgs/share/custom_msgs/cmake/custom_msgs__rosidl_generator_cExport-noconfig.cmake
[4.167s] -- Installing: /home/max/Desktop/VisionCode/Honours_a1797823_a1764124/ROS_Workspace/src/install/custom_msgs/share/custom_msgs/cmake/custom_msgs__rosidl_typesupport_introspection_cExport.cmake
[4.167s] -- Installing: /home/max/Desktop/VisionCode/Honours_a1797823_a1764124/ROS_Workspace/src/install/custom_msgs/share/custom_msgs/cmake/custom_msgs__rosidl_typesupport_introspection_cExport-noconfig.cmake
[4.168s] -- Installing: /home/max/Desktop/VisionCode/Honours_a1797823_a1764124/ROS_Workspace/src/install/custom_msgs/share/custom_msgs/cmake/custom_msgs__rosidl_typesupport_cExport.cmake
[4.168s] -- Installing: /home/max/Desktop/VisionCode/Honours_a1797823_a1764124/ROS_Workspace/src/install/custom_msgs/share/custom_msgs/cmake/custom_msgs__rosidl_typesupport_cExport-noconfig.cmake
[4.168s] -- Installing: /home/max/Desktop/VisionCode/Honours_a1797823_a1764124/ROS_Workspace/src/install/custom_msgs/share/custom_msgs/cmake/custom_msgs__rosidl_generator_cppExport.cmake
[4.169s] -- Installing: /home/max/Desktop/VisionCode/Honours_a1797823_a1764124/ROS_Workspace/src/install/custom_msgs/share/custom_msgs/cmake/custom_msgs__rosidl_typesupport_introspection_cppExport.cmake
[4.169s] -- Installing: /home/max/Desktop/VisionCode/Honours_a1797823_a1764124/ROS_Workspace/src/install/custom_msgs/share/custom_msgs/cmake/custom_msgs__rosidl_typesupport_introspection_cppExport-noconfig.cmake
[4.169s] -- Installing: /home/max/Desktop/VisionCode/Honours_a1797823_a1764124/ROS_Workspace/src/install/custom_msgs/share/custom_msgs/cmake/custom_msgs__rosidl_typesupport_cppExport.cmake
[4.169s] -- Installing: /home/max/Desktop/VisionCode/Honours_a1797823_a1764124/ROS_Workspace/src/install/custom_msgs/share/custom_msgs/cmake/custom_msgs__rosidl_typesupport_cppExport-noconfig.cmake
[4.169s] -- Installing: /home/max/Desktop/VisionCode/Honours_a1797823_a1764124/ROS_Workspace/src/install/custom_msgs/share/custom_msgs/cmake/rosidl_cmake-extras.cmake
[4.169s] -- Installing: /home/max/Desktop/VisionCode/Honours_a1797823_a1764124/ROS_Workspace/src/install/custom_msgs/share/custom_msgs/cmake/ament_cmake_export_dependencies-extras.cmake
[4.169s] -- Installing: /home/max/Desktop/VisionCode/Honours_a1797823_a1764124/ROS_Workspace/src/install/custom_msgs/share/custom_msgs/cmake/ament_cmake_export_libraries-extras.cmake
[4.170s] -- Installing: /home/max/Desktop/VisionCode/Honours_a1797823_a1764124/ROS_Workspace/src/install/custom_msgs/share/custom_msgs/cmake/ament_cmake_export_targets-extras.cmake
[4.170s] -- Installing: /home/max/Desktop/VisionCode/Honours_a1797823_a1764124/ROS_Workspace/src/install/custom_msgs/share/custom_msgs/cmake/ament_cmake_export_include_directories-extras.cmake
[4.170s] -- Installing: /home/max/Desktop/VisionCode/Honours_a1797823_a1764124/ROS_Workspace/src/install/custom_msgs/share/custom_msgs/cmake/rosidl_cmake_export_typesupport_libraries-extras.cmake
[4.170s] -- Installing: /home/max/Desktop/VisionCode/Honours_a1797823_a1764124/ROS_Workspace/src/install/custom_msgs/share/custom_msgs/cmake/rosidl_cmake_export_typesupport_targets-extras.cmake
[4.170s] -- Installing: /home/max/Desktop/VisionCode/Honours_a1797823_a1764124/ROS_Workspace/src/install/custom_msgs/share/custom_msgs/cmake/custom_msgsConfig.cmake
[4.170s] -- Installing: /home/max/Desktop/VisionCode/Honours_a1797823_a1764124/ROS_Workspace/src/install/custom_msgs/share/custom_msgs/cmake/custom_msgsConfig-version.cmake
[4.170s] -- Up-to-date: /home/max/Desktop/VisionCode/Honours_a1797823_a1764124/ROS_Workspace/src/install/custom_msgs/share/custom_msgs/package.xml
[4.175s] Invoked command in '/home/max/Desktop/VisionCode/Honours_a1797823_a1764124/ROS_Workspace/src/build/custom_msgs' returned '0': CMAKE_PREFIX_PATH=/opt/ros/foxy:/opt/ros/galactic /usr/bin/cmake --install /home/max/Desktop/VisionCode/Honours_a1797823_a1764124/ROS_Workspace/src/build/custom_msgs
