[2.307s] Invoking command in '/home/max/Desktop/VisionCode/Honours_a1797823_a1764124/ROS_Workspace/src/UGV1Vision': PYTHONPATH=/home/max/Desktop/VisionCode/Honours_a1797823_a1764124/ROS_Workspace/src/build/UGV1Vision/prefix_override:/home/max/Desktop/VisionCode/Honours_a1797823_a1764124/ROS_Workspace/src/install/UGV1Vision/lib/python3.8/site-packages:${PYTHONPATH} /usr/bin/python3 setup.py egg_info --egg-base ../build/UGV1Vision build --build-base /home/max/Desktop/VisionCode/Honours_a1797823_a1764124/ROS_Workspace/src/build/UGV1Vision/build install --record /home/max/Desktop/VisionCode/Honours_a1797823_a1764124/ROS_Workspace/src/build/UGV1Vision/install.log --install-scripts $base/lib/UGV1Vision --single-version-externally-managed
[2.546s] running egg_info
[2.547s] creating ../build/UGV1Vision/UGV1Vision.egg-info
[2.547s] writing ../build/UGV1Vision/UGV1Vision.egg-info/PKG-INFO
[2.548s] writing dependency_links to ../build/UGV1Vision/UGV1Vision.egg-info/dependency_links.txt
[2.548s] writing entry points to ../build/UGV1Vision/UGV1Vision.egg-info/entry_points.txt
[2.548s] writing requirements to ../build/UGV1Vision/UGV1Vision.egg-info/requires.txt
[2.548s] writing top-level names to ../build/UGV1Vision/UGV1Vision.egg-info/top_level.txt
[2.550s] writing manifest file '../build/UGV1Vision/UGV1Vision.egg-info/SOURCES.txt'
[2.594s] reading manifest file '../build/UGV1Vision/UGV1Vision.egg-info/SOURCES.txt'
[2.596s] writing manifest file '../build/UGV1Vision/UGV1Vision.egg-info/SOURCES.txt'
[2.596s] running build
[2.596s] running build_py
[2.597s] creating /home/max/Desktop/VisionCode/Honours_a1797823_a1764124/ROS_Workspace/src/build/UGV1Vision/build
[2.597s] creating /home/max/Desktop/VisionCode/Honours_a1797823_a1764124/ROS_Workspace/src/build/UGV1Vision/build/lib
[2.597s] creating /home/max/Desktop/VisionCode/Honours_a1797823_a1764124/ROS_Workspace/src/build/UGV1Vision/build/lib/UGV1Vision
[2.597s] copying UGV1Vision/UGV1Vision.py -> /home/max/Desktop/VisionCode/Honours_a1797823_a1764124/ROS_Workspace/src/build/UGV1Vision/build/lib/UGV1Vision
[2.597s] copying UGV1Vision/__init__.py -> /home/max/Desktop/VisionCode/Honours_a1797823_a1764124/ROS_Workspace/src/build/UGV1Vision/build/lib/UGV1Vision
[2.598s] running install
[2.598s] running install_lib
[2.599s] running install_data
[2.600s] running install_egg_info
[2.603s] removing '/home/max/Desktop/VisionCode/Honours_a1797823_a1764124/ROS_Workspace/src/install/UGV1Vision/lib/python3.8/site-packages/UGV1Vision-0.0.0-py3.8.egg-info' (and everything under it)
[2.603s] Copying ../build/UGV1Vision/UGV1Vision.egg-info to /home/max/Desktop/VisionCode/Honours_a1797823_a1764124/ROS_Workspace/src/install/UGV1Vision/lib/python3.8/site-packages/UGV1Vision-0.0.0-py3.8.egg-info
[2.603s] running install_scripts
[2.627s] Installing UGV1Vision script to /home/max/Desktop/VisionCode/Honours_a1797823_a1764124/ROS_Workspace/src/install/UGV1Vision/lib/UGV1Vision
[2.627s] writing list of installed files to '/home/max/Desktop/VisionCode/Honours_a1797823_a1764124/ROS_Workspace/src/build/UGV1Vision/install.log'
[2.944s] Invoked command in '/home/max/Desktop/VisionCode/Honours_a1797823_a1764124/ROS_Workspace/src/UGV1Vision' returned '0': PYTHONPATH=/home/max/Desktop/VisionCode/Honours_a1797823_a1764124/ROS_Workspace/src/build/UGV1Vision/prefix_override:/home/max/Desktop/VisionCode/Honours_a1797823_a1764124/ROS_Workspace/src/install/UGV1Vision/lib/python3.8/site-packages:${PYTHONPATH} /usr/bin/python3 setup.py egg_info --egg-base ../build/UGV1Vision build --build-base /home/max/Desktop/VisionCode/Honours_a1797823_a1764124/ROS_Workspace/src/build/UGV1Vision/build install --record /home/max/Desktop/VisionCode/Honours_a1797823_a1764124/ROS_Workspace/src/build/UGV1Vision/install.log --install-scripts $base/lib/UGV1Vision --single-version-externally-managed
