[2.664s] Invoking command in '/home/max/Desktop/VisionCode/Honours_a1797823_a1764124/ROS_Workspace/src/UAVVision': PYTHONPATH=/home/max/Desktop/VisionCode/Honours_a1797823_a1764124/ROS_Workspace/src/build/UAVVision/prefix_override:/home/max/Desktop/VisionCode/Honours_a1797823_a1764124/ROS_Workspace/src/install/UAVVision/lib/python3.8/site-packages:${PYTHONPATH} /usr/bin/python3 setup.py egg_info --egg-base ../build/UAVVision build --build-base /home/max/Desktop/VisionCode/Honours_a1797823_a1764124/ROS_Workspace/src/build/UAVVision/build install --record /home/max/Desktop/VisionCode/Honours_a1797823_a1764124/ROS_Workspace/src/build/UAVVision/install.log --install-scripts $base/lib/UAVVision --single-version-externally-managed
[2.943s] running egg_info
[2.943s] writing ../build/UAVVision/UAVVision.egg-info/PKG-INFO
[2.943s] writing dependency_links to ../build/UAVVision/UAVVision.egg-info/dependency_links.txt
[2.944s] writing entry points to ../build/UAVVision/UAVVision.egg-info/entry_points.txt
[2.944s] writing requirements to ../build/UAVVision/UAVVision.egg-info/requires.txt
[2.944s] writing top-level names to ../build/UAVVision/UAVVision.egg-info/top_level.txt
[2.990s] reading manifest file '../build/UAVVision/UAVVision.egg-info/SOURCES.txt'
[2.992s] writing manifest file '../build/UAVVision/UAVVision.egg-info/SOURCES.txt'
[2.992s] running build
[2.992s] running build_py
[2.992s] running install
[2.993s] running install_lib
[2.995s] running install_data
[2.995s] running install_egg_info
[3.002s] removing '/home/max/Desktop/VisionCode/Honours_a1797823_a1764124/ROS_Workspace/src/install/UAVVision/lib/python3.8/site-packages/UAVVision-0.0.0-py3.8.egg-info' (and everything under it)
[3.003s] Copying ../build/UAVVision/UAVVision.egg-info to /home/max/Desktop/VisionCode/Honours_a1797823_a1764124/ROS_Workspace/src/install/UAVVision/lib/python3.8/site-packages/UAVVision-0.0.0-py3.8.egg-info
[3.014s] running install_scripts
[3.048s] Installing UAVVision script to /home/max/Desktop/VisionCode/Honours_a1797823_a1764124/ROS_Workspace/src/install/UAVVision/lib/UAVVision
[3.049s] writing list of installed files to '/home/max/Desktop/VisionCode/Honours_a1797823_a1764124/ROS_Workspace/src/build/UAVVision/install.log'
[3.162s] Invoked command in '/home/max/Desktop/VisionCode/Honours_a1797823_a1764124/ROS_Workspace/src/UAVVision' returned '0': PYTHONPATH=/home/max/Desktop/VisionCode/Honours_a1797823_a1764124/ROS_Workspace/src/build/UAVVision/prefix_override:/home/max/Desktop/VisionCode/Honours_a1797823_a1764124/ROS_Workspace/src/install/UAVVision/lib/python3.8/site-packages:${PYTHONPATH} /usr/bin/python3 setup.py egg_info --egg-base ../build/UAVVision build --build-base /home/max/Desktop/VisionCode/Honours_a1797823_a1764124/ROS_Workspace/src/build/UAVVision/build install --record /home/max/Desktop/VisionCode/Honours_a1797823_a1764124/ROS_Workspace/src/build/UAVVision/install.log --install-scripts $base/lib/UAVVision --single-version-externally-managed
