[0.864s] Invoking command in '/home/teamvision/Desktop/ROS_Workspace/Honours_a1797823_a1764124/ROS_Workspace/src/UAVMain': PYTHONPATH=/home/teamvision/Desktop/ROS_Workspace/Honours_a1797823_a1764124/ROS_Workspace/build/UAVMain/prefix_override:/home/teamvision/Desktop/ROS_Workspace/Honours_a1797823_a1764124/ROS_Workspace/install/UAVMain/lib/python3.8/site-packages:${PYTHONPATH} /usr/bin/python3 setup.py egg_info --egg-base ../../build/UAVMain build --build-base /home/teamvision/Desktop/ROS_Workspace/Honours_a1797823_a1764124/ROS_Workspace/build/UAVMain/build install --record /home/teamvision/Desktop/ROS_Workspace/Honours_a1797823_a1764124/ROS_Workspace/build/UAVMain/install.log --install-scripts $base/lib/UAVMain --single-version-externally-managed
[1.159s] running egg_info
[1.160s] writing ../../build/UAVMain/UAVMain.egg-info/PKG-INFO
[1.160s] writing dependency_links to ../../build/UAVMain/UAVMain.egg-info/dependency_links.txt
[1.160s] writing entry points to ../../build/UAVMain/UAVMain.egg-info/entry_points.txt
[1.160s] writing requirements to ../../build/UAVMain/UAVMain.egg-info/requires.txt
[1.161s] writing top-level names to ../../build/UAVMain/UAVMain.egg-info/top_level.txt
[1.204s] reading manifest file '../../build/UAVMain/UAVMain.egg-info/SOURCES.txt'
[1.205s] writing manifest file '../../build/UAVMain/UAVMain.egg-info/SOURCES.txt'
[1.205s] running build
[1.205s] running build_py
[1.205s] running install
[1.206s] running install_lib
[1.208s] running install_data
[1.208s] running install_egg_info
[1.210s] removing '/home/teamvision/Desktop/ROS_Workspace/Honours_a1797823_a1764124/ROS_Workspace/install/UAVMain/lib/python3.8/site-packages/UAVMain-0.0.0-py3.8.egg-info' (and everything under it)
[1.210s] Copying ../../build/UAVMain/UAVMain.egg-info to /home/teamvision/Desktop/ROS_Workspace/Honours_a1797823_a1764124/ROS_Workspace/install/UAVMain/lib/python3.8/site-packages/UAVMain-0.0.0-py3.8.egg-info
[1.212s] running install_scripts
[1.231s] Installing UAVMain script to /home/teamvision/Desktop/ROS_Workspace/Honours_a1797823_a1764124/ROS_Workspace/install/UAVMain/lib/UAVMain
[1.232s] writing list of installed files to '/home/teamvision/Desktop/ROS_Workspace/Honours_a1797823_a1764124/ROS_Workspace/build/UAVMain/install.log'
[1.256s] Invoked command in '/home/teamvision/Desktop/ROS_Workspace/Honours_a1797823_a1764124/ROS_Workspace/src/UAVMain' returned '0': PYTHONPATH=/home/teamvision/Desktop/ROS_Workspace/Honours_a1797823_a1764124/ROS_Workspace/build/UAVMain/prefix_override:/home/teamvision/Desktop/ROS_Workspace/Honours_a1797823_a1764124/ROS_Workspace/install/UAVMain/lib/python3.8/site-packages:${PYTHONPATH} /usr/bin/python3 setup.py egg_info --egg-base ../../build/UAVMain build --build-base /home/teamvision/Desktop/ROS_Workspace/Honours_a1797823_a1764124/ROS_Workspace/build/UAVMain/build install --record /home/teamvision/Desktop/ROS_Workspace/Honours_a1797823_a1764124/ROS_Workspace/build/UAVMain/install.log --install-scripts $base/lib/UAVMain --single-version-externally-managed
