[2.083s] Invoking command in '/home/teamvision/Desktop/ROS_Workspace/Honours_a1797823_a1764124/ROS_Workspace/src/UAVMain': PYTHONPATH=/home/teamvision/Desktop/ROS_Workspace/Honours_a1797823_a1764124/ROS_Workspace/src/build/UAVMain/prefix_override:/home/teamvision/Desktop/ROS_Workspace/Honours_a1797823_a1764124/ROS_Workspace/src/install/UAVMain/lib/python3.8/site-packages:${PYTHONPATH} /usr/bin/python3 setup.py egg_info --egg-base ../build/UAVMain build --build-base /home/teamvision/Desktop/ROS_Workspace/Honours_a1797823_a1764124/ROS_Workspace/src/build/UAVMain/build install --record /home/teamvision/Desktop/ROS_Workspace/Honours_a1797823_a1764124/ROS_Workspace/src/build/UAVMain/install.log --install-scripts $base/lib/UAVMain --single-version-externally-managed
[2.444s] running egg_info
[2.445s] creating ../build/UAVMain/UAVMain.egg-info
[2.445s] writing ../build/UAVMain/UAVMain.egg-info/PKG-INFO
[2.445s] writing dependency_links to ../build/UAVMain/UAVMain.egg-info/dependency_links.txt
[2.446s] writing entry points to ../build/UAVMain/UAVMain.egg-info/entry_points.txt
[2.446s] writing requirements to ../build/UAVMain/UAVMain.egg-info/requires.txt
[2.446s] writing top-level names to ../build/UAVMain/UAVMain.egg-info/top_level.txt
[2.448s] writing manifest file '../build/UAVMain/UAVMain.egg-info/SOURCES.txt'
[2.497s] reading manifest file '../build/UAVMain/UAVMain.egg-info/SOURCES.txt'
[2.498s] writing manifest file '../build/UAVMain/UAVMain.egg-info/SOURCES.txt'
[2.498s] running build
[2.498s] running build_py
[2.498s] creating /home/teamvision/Desktop/ROS_Workspace/Honours_a1797823_a1764124/ROS_Workspace/src/build/UAVMain/build
[2.498s] creating /home/teamvision/Desktop/ROS_Workspace/Honours_a1797823_a1764124/ROS_Workspace/src/build/UAVMain/build/lib
[2.498s] creating /home/teamvision/Desktop/ROS_Workspace/Honours_a1797823_a1764124/ROS_Workspace/src/build/UAVMain/build/lib/UAVMain
[2.499s] copying UAVMain/__init__.py -> /home/teamvision/Desktop/ROS_Workspace/Honours_a1797823_a1764124/ROS_Workspace/src/build/UAVMain/build/lib/UAVMain
[2.499s] copying UAVMain/UAVMain.py -> /home/teamvision/Desktop/ROS_Workspace/Honours_a1797823_a1764124/ROS_Workspace/src/build/UAVMain/build/lib/UAVMain
[2.499s] running install
[2.500s] running install_lib
[2.502s] running install_data
[2.503s] running install_egg_info
[2.505s] removing '/home/teamvision/Desktop/ROS_Workspace/Honours_a1797823_a1764124/ROS_Workspace/src/install/UAVMain/lib/python3.8/site-packages/UAVMain-0.0.0-py3.8.egg-info' (and everything under it)
[2.505s] Copying ../build/UAVMain/UAVMain.egg-info to /home/teamvision/Desktop/ROS_Workspace/Honours_a1797823_a1764124/ROS_Workspace/src/install/UAVMain/lib/python3.8/site-packages/UAVMain-0.0.0-py3.8.egg-info
[2.507s] running install_scripts
[2.529s] Installing UAVMain script to /home/teamvision/Desktop/ROS_Workspace/Honours_a1797823_a1764124/ROS_Workspace/src/install/UAVMain/lib/UAVMain
[2.530s] writing list of installed files to '/home/teamvision/Desktop/ROS_Workspace/Honours_a1797823_a1764124/ROS_Workspace/src/build/UAVMain/install.log'
