running egg_info
creating ../../build/localization_server/localization_server.egg-info
writing ../../build/localization_server/localization_server.egg-info/PKG-INFO
writing dependency_links to ../../build/localization_server/localization_server.egg-info/dependency_links.txt
writing entry points to ../../build/localization_server/localization_server.egg-info/entry_points.txt
writing requirements to ../../build/localization_server/localization_server.egg-info/requires.txt
writing top-level names to ../../build/localization_server/localization_server.egg-info/top_level.txt
writing manifest file '../../build/localization_server/localization_server.egg-info/SOURCES.txt'
reading manifest file '../../build/localization_server/localization_server.egg-info/SOURCES.txt'
writing manifest file '../../build/localization_server/localization_server.egg-info/SOURCES.txt'
running build
running build_py
creating /home/teamvision/Desktop/ROS_Workspace/Honours_a1797823_a1764124/ROS_Workspace/src/build/localization_server/build
creating /home/teamvision/Desktop/ROS_Workspace/Honours_a1797823_a1764124/ROS_Workspace/src/build/localization_server/build/lib
creating /home/teamvision/Desktop/ROS_Workspace/Honours_a1797823_a1764124/ROS_Workspace/src/build/localization_server/build/lib/localization_server
copying localization_server/__init__.py -> /home/teamvision/Desktop/ROS_Workspace/Honours_a1797823_a1764124/ROS_Workspace/src/build/localization_server/build/lib/localization_server
running install
running install_lib
creating /home/teamvision/Desktop/ROS_Workspace/Honours_a1797823_a1764124/ROS_Workspace/src/install/localization_server/lib/python3.8/site-packages/localization_server
copying /home/teamvision/Desktop/ROS_Workspace/Honours_a1797823_a1764124/ROS_Workspace/src/build/localization_server/build/lib/localization_server/__init__.py -> /home/teamvision/Desktop/ROS_Workspace/Honours_a1797823_a1764124/ROS_Workspace/src/install/localization_server/lib/python3.8/site-packages/localization_server
byte-compiling /home/teamvision/Desktop/ROS_Workspace/Honours_a1797823_a1764124/ROS_Workspace/src/install/localization_server/lib/python3.8/site-packages/localization_server/__init__.py to __init__.cpython-38.pyc
running install_data
creating /home/teamvision/Desktop/ROS_Workspace/Honours_a1797823_a1764124/ROS_Workspace/src/install/localization_server/share/ament_index
creating /home/teamvision/Desktop/ROS_Workspace/Honours_a1797823_a1764124/ROS_Workspace/src/install/localization_server/share/ament_index/resource_index
creating /home/teamvision/Desktop/ROS_Workspace/Honours_a1797823_a1764124/ROS_Workspace/src/install/localization_server/share/ament_index/resource_index/packages
copying resource/localization_server -> /home/teamvision/Desktop/ROS_Workspace/Honours_a1797823_a1764124/ROS_Workspace/src/install/localization_server/share/ament_index/resource_index/packages
copying package.xml -> /home/teamvision/Desktop/ROS_Workspace/Honours_a1797823_a1764124/ROS_Workspace/src/install/localization_server/share/localization_server
creating /home/teamvision/Desktop/ROS_Workspace/Honours_a1797823_a1764124/ROS_Workspace/src/install/localization_server/share/localization_server/launch
copying launch/localization.launch.py -> /home/teamvision/Desktop/ROS_Workspace/Honours_a1797823_a1764124/ROS_Workspace/src/install/localization_server/share/localization_server/launch
copying launch/multi_localization_launch.py -> /home/teamvision/Desktop/ROS_Workspace/Honours_a1797823_a1764124/ROS_Workspace/src/install/localization_server/share/localization_server/launch
creating /home/teamvision/Desktop/ROS_Workspace/Honours_a1797823_a1764124/ROS_Workspace/src/install/localization_server/share/localization_server/config
copying config/tb3_1_nav2_params.yaml -> /home/teamvision/Desktop/ROS_Workspace/Honours_a1797823_a1764124/ROS_Workspace/src/install/localization_server/share/localization_server/config
copying config/tb3_0_nav2_params.yaml -> /home/teamvision/Desktop/ROS_Workspace/Honours_a1797823_a1764124/ROS_Workspace/src/install/localization_server/share/localization_server/config
running install_egg_info
Copying ../../build/localization_server/localization_server.egg-info to /home/teamvision/Desktop/ROS_Workspace/Honours_a1797823_a1764124/ROS_Workspace/src/install/localization_server/lib/python3.8/site-packages/localization_server-0.0.0-py3.8.egg-info
running install_scripts
writing list of installed files to '/home/teamvision/Desktop/ROS_Workspace/Honours_a1797823_a1764124/ROS_Workspace/src/build/localization_server/install.log'
