[4.254s] Invoking command in '/home/max/Desktop/VisionCode/Honours_a1797823_a1764124/ROS_Workspace/src/UAVProcessing': PYTHONPATH=/home/max/Desktop/VisionCode/Honours_a1797823_a1764124/ROS_Workspace/build/UAVProcessing/prefix_override:/home/max/Desktop/VisionCode/Honours_a1797823_a1764124/ROS_Workspace/install/UAVProcessing/lib/python3.8/site-packages:${PYTHONPATH} /usr/bin/python3 setup.py egg_info --egg-base ../../build/UAVProcessing build --build-base /home/max/Desktop/VisionCode/Honours_a1797823_a1764124/ROS_Workspace/build/UAVProcessing/build install --record /home/max/Desktop/VisionCode/Honours_a1797823_a1764124/ROS_Workspace/build/UAVProcessing/install.log --install-scripts $base/lib/UAVProcessing --single-version-externally-managed
[4.708s] running egg_info
[4.708s] writing ../../build/UAVProcessing/UAVProcessing.egg-info/PKG-INFO
[4.708s] writing dependency_links to ../../build/UAVProcessing/UAVProcessing.egg-info/dependency_links.txt
[4.709s] writing entry points to ../../build/UAVProcessing/UAVProcessing.egg-info/entry_points.txt
[4.709s] writing requirements to ../../build/UAVProcessing/UAVProcessing.egg-info/requires.txt
[4.709s] writing top-level names to ../../build/UAVProcessing/UAVProcessing.egg-info/top_level.txt
[4.772s] reading manifest file '../../build/UAVProcessing/UAVProcessing.egg-info/SOURCES.txt'
[4.774s] writing manifest file '../../build/UAVProcessing/UAVProcessing.egg-info/SOURCES.txt'
[4.774s] running build
[4.774s] running build_py
[4.775s] running install
[4.777s] running install_lib
[4.779s] running install_data
[4.780s] running install_egg_info
[4.782s] removing '/home/max/Desktop/VisionCode/Honours_a1797823_a1764124/ROS_Workspace/install/UAVProcessing/lib/python3.8/site-packages/UAVProcessing-0.0.0-py3.8.egg-info' (and everything under it)
[4.785s] Copying ../../build/UAVProcessing/UAVProcessing.egg-info to /home/max/Desktop/VisionCode/Honours_a1797823_a1764124/ROS_Workspace/install/UAVProcessing/lib/python3.8/site-packages/UAVProcessing-0.0.0-py3.8.egg-info
[4.788s] running install_scripts
[4.812s] Installing UAVProcessing script to /home/max/Desktop/VisionCode/Honours_a1797823_a1764124/ROS_Workspace/install/UAVProcessing/lib/UAVProcessing
[4.817s] writing list of installed files to '/home/max/Desktop/VisionCode/Honours_a1797823_a1764124/ROS_Workspace/build/UAVProcessing/install.log'
