[1.340s] Invoking command in '/home/teamvision/Desktop/ROS_Workspace/Honours_a1797823_a1764124/ROS_Workspace/src/UGV1Vision': PYTHONPATH=/home/teamvision/Desktop/ROS_Workspace/Honours_a1797823_a1764124/ROS_Workspace/src/build/UGV1Vision/prefix_override:/home/teamvision/Desktop/ROS_Workspace/Honours_a1797823_a1764124/ROS_Workspace/src/install/UGV1Vision/lib/python3.8/site-packages:${PYTHONPATH} /usr/bin/python3 setup.py egg_info --egg-base ../build/UGV1Vision build --build-base /home/teamvision/Desktop/ROS_Workspace/Honours_a1797823_a1764124/ROS_Workspace/src/build/UGV1Vision/build install --record /home/teamvision/Desktop/ROS_Workspace/Honours_a1797823_a1764124/ROS_Workspace/src/build/UGV1Vision/install.log --install-scripts $base/lib/UGV1Vision --single-version-externally-managed
[1.706s] running egg_info
[1.707s] writing ../build/UGV1Vision/UGV1Vision.egg-info/PKG-INFO
[1.708s] writing dependency_links to ../build/UGV1Vision/UGV1Vision.egg-info/dependency_links.txt
[1.708s] writing entry points to ../build/UGV1Vision/UGV1Vision.egg-info/entry_points.txt
[1.709s] writing requirements to ../build/UGV1Vision/UGV1Vision.egg-info/requires.txt
[1.709s] writing top-level names to ../build/UGV1Vision/UGV1Vision.egg-info/top_level.txt
[1.758s] reading manifest file '../build/UGV1Vision/UGV1Vision.egg-info/SOURCES.txt'
[1.759s] writing manifest file '../build/UGV1Vision/UGV1Vision.egg-info/SOURCES.txt'
[1.760s] running build
[1.760s] running build_py
[1.761s] running install
[1.762s] running install_lib
[1.763s] running install_data
[1.763s] running install_egg_info
[1.765s] removing '/home/teamvision/Desktop/ROS_Workspace/Honours_a1797823_a1764124/ROS_Workspace/src/install/UGV1Vision/lib/python3.8/site-packages/UGV1Vision-0.0.0-py3.8.egg-info' (and everything under it)
[1.766s] Copying ../build/UGV1Vision/UGV1Vision.egg-info to /home/teamvision/Desktop/ROS_Workspace/Honours_a1797823_a1764124/ROS_Workspace/src/install/UGV1Vision/lib/python3.8/site-packages/UGV1Vision-0.0.0-py3.8.egg-info
[1.766s] running install_scripts
[1.792s] Installing UGV1Vision script to /home/teamvision/Desktop/ROS_Workspace/Honours_a1797823_a1764124/ROS_Workspace/src/install/UGV1Vision/lib/UGV1Vision
[1.797s] writing list of installed files to '/home/teamvision/Desktop/ROS_Workspace/Honours_a1797823_a1764124/ROS_Workspace/src/build/UGV1Vision/install.log'
[1.833s] Invoked command in '/home/teamvision/Desktop/ROS_Workspace/Honours_a1797823_a1764124/ROS_Workspace/src/UGV1Vision' returned '0': PYTHONPATH=/home/teamvision/Desktop/ROS_Workspace/Honours_a1797823_a1764124/ROS_Workspace/src/build/UGV1Vision/prefix_override:/home/teamvision/Desktop/ROS_Workspace/Honours_a1797823_a1764124/ROS_Workspace/src/install/UGV1Vision/lib/python3.8/site-packages:${PYTHONPATH} /usr/bin/python3 setup.py egg_info --egg-base ../build/UGV1Vision build --build-base /home/teamvision/Desktop/ROS_Workspace/Honours_a1797823_a1764124/ROS_Workspace/src/build/UGV1Vision/build install --record /home/teamvision/Desktop/ROS_Workspace/Honours_a1797823_a1764124/ROS_Workspace/src/build/UGV1Vision/install.log --install-scripts $base/lib/UGV1Vision --single-version-externally-managed
