[0.976s] Invoking command in '/home/max/Desktop/VisionCode/Honours_a1797823_a1764124/ROS_Workspace/src/build/custom_msgs': CMAKE_PREFIX_PATH=/opt/ros/foxy:/opt/ros/galactic /usr/bin/cmake --build /home/max/Desktop/VisionCode/Honours_a1797823_a1764124/ROS_Workspace/src/build/custom_msgs -- -j8 -l8
[1.147s] -- Found ament_cmake: 0.9.11 (/opt/ros/foxy/share/ament_cmake/cmake)
[1.147s] -- Found PythonInterp: /usr/bin/python3 (found suitable version "3.8.10", minimum required is "3") 
[1.147s] -- Using PYTHON_EXECUTABLE: /usr/bin/python3
[1.151s] -- Found rosidl_default_generators: 1.0.1 (/opt/ros/foxy/share/rosidl_default_generators/cmake)
[1.151s] -- Using all available rosidl_typesupport_c: rosidl_typesupport_fastrtps_c;rosidl_typesupport_introspection_c
[1.154s] -- Found rosidl_adapter: 1.3.0 (/opt/ros/foxy/share/rosidl_adapter/cmake)
[1.278s] -- Using all available rosidl_typesupport_cpp: rosidl_typesupport_fastrtps_cpp;rosidl_typesupport_introspection_cpp
[1.296s] -- Found std_msgs: 2.0.5 (/opt/ros/foxy/share/std_msgs/cmake)
[1.324s] CMake Error at /opt/ros/foxy/share/rosidl_cmake/cmake/rosidl_generate_interfaces.cmake:93 (message):
[1.325s]   rosidl_generate_interfaces() the passed file 'msg/Custom.msg' doesn't exist
[1.325s]   relative to the CMAKE_CURRENT_SOURCE_DIR
[1.325s]   '/home/max/Desktop/VisionCode/Honours_a1797823_a1764124/ROS_Workspace/src/custom_msgs'
[1.325s] Call Stack (most recent call first):
[1.326s]   CMakeLists.txt:27 (rosidl_generate_interfaces)
[1.326s] 
[1.326s] 
[1.326s] -- Configuring incomplete, errors occurred!
[1.326s] See also "/home/max/Desktop/VisionCode/Honours_a1797823_a1764124/ROS_Workspace/src/build/custom_msgs/CMakeFiles/CMakeOutput.log".
[1.335s] make: *** [Makefile:988: cmake_check_build_system] Error 1
[1.339s] Invoked command in '/home/max/Desktop/VisionCode/Honours_a1797823_a1764124/ROS_Workspace/src/build/custom_msgs' returned '2': CMAKE_PREFIX_PATH=/opt/ros/foxy:/opt/ros/galactic /usr/bin/cmake --build /home/max/Desktop/VisionCode/Honours_a1797823_a1764124/ROS_Workspace/src/build/custom_msgs -- -j8 -l8
