[0.812s] Invoking command in '/home/teamvision/Desktop/ROS_Workspace/Honours_a1797823_a1764124/ROS_Workspace/src/build/custom_msgs': CMAKE_PREFIX_PATH=${CMAKE_PREFIX_PATH}:/home/teamvision/Desktop/ROS_Workspace/Honours_a1797823_a1764124/ROS_Workspace/src/install/turtlebot3_teleop:/home/teamvision/Desktop/ROS_Workspace/Honours_a1797823_a1764124/ROS_Workspace/src/install/turtlebot3_navigation:/home/teamvision/Desktop/ROS_Workspace/Honours_a1797823_a1764124/ROS_Workspace/src/install/turtlebot3_example:/home/teamvision/Desktop/ROS_Workspace/Honours_a1797823_a1764124/ROS_Workspace/src/install/path_planner_server:/home/teamvision/Desktop/ROS_Workspace/Honours_a1797823_a1764124/ROS_Workspace/src/install/localization_server:/home/teamvision/Desktop/ROS_Workspace/Honours_a1797823_a1764124/ROS_Workspace/src/install/cameraSub:/home/teamvision/Desktop/ROS_Workspace/Honours_a1797823_a1764124/ROS_Workspace/src/install/cameraPub:/home/teamvision/Desktop/ROS_Workspace/Honours_a1797823_a1764124/ROS_Workspace/src/install/UGV2Vision:/home/teamvision/Desktop/ROS_Workspace/Honours_a1797823_a1764124/ROS_Workspace/src/install/UGV2Processing:/home/teamvision/Desktop/ROS_Workspace/Honours_a1797823_a1764124/ROS_Workspace/src/install/UGV2Main:/home/teamvision/Desktop/ROS_Workspace/Honours_a1797823_a1764124/ROS_Workspace/src/install/UGV1Vision:/home/teamvision/Desktop/ROS_Workspace/Honours_a1797823_a1764124/ROS_Workspace/src/install/UGV1Processing:/home/teamvision/Desktop/ROS_Workspace/Honours_a1797823_a1764124/ROS_Workspace/src/install/UGV1Main:/home/teamvision/Desktop/ROS_Workspace/Honours_a1797823_a1764124/ROS_Workspace/src/install/UAVVision:/home/teamvision/Desktop/ROS_Workspace/Honours_a1797823_a1764124/ROS_Workspace/src/install/UAVProcessing:/home/teamvision/Desktop/ROS_Workspace/Honours_a1797823_a1764124/ROS_Workspace/src/install/UAVMain:/home/teamvision/Desktop/ROS_Workspace/Honours_a1797823_a1764124/ROS_Workspace/src/install/Konig:/opt/ros/foxy /usr/bin/cmake --build /home/teamvision/Desktop/ROS_Workspace/Honours_a1797823_a1764124/ROS_Workspace/src/build/custom_msgs -- -j4 -l4
[0.996s] [ 10%] Built target custom_msgs__rosidl_generator_c
[1.013s] [ 12%] Built target custom_msgs__cpp
[1.123s] [ 23%] Built target custom_msgs__rosidl_typesupport_introspection_c
[1.158s] [ 33%] Built target custom_msgs__rosidl_typesupport_c
[1.160s] [ 43%] Built target custom_msgs__rosidl_typesupport_cpp
[1.186s] [ 53%] Built target custom_msgs__rosidl_typesupport_fastrtps_cpp
[1.244s] [ 64%] Built target custom_msgs__rosidl_typesupport_introspection_cpp
[1.301s] [ 74%] Built target custom_msgs__rosidl_typesupport_fastrtps_c
[1.343s] [ 74%] Built target custom_msgs
[1.378s] [ 76%] Built target custom_msgs__py
[1.480s] [ 84%] Built target custom_msgs__python
[1.613s] [ 89%] Built target custom_msgs__rosidl_typesupport_introspection_c__pyext
[1.628s] [ 94%] Built target custom_msgs__rosidl_typesupport_c__pyext
[1.640s] [100%] Built target custom_msgs__rosidl_typesupport_fastrtps_c__pyext
[1.733s] Invoked command in '/home/teamvision/Desktop/ROS_Workspace/Honours_a1797823_a1764124/ROS_Workspace/src/build/custom_msgs' returned '0': CMAKE_PREFIX_PATH=${CMAKE_PREFIX_PATH}:/home/teamvision/Desktop/ROS_Workspace/Honours_a1797823_a1764124/ROS_Workspace/src/install/turtlebot3_teleop:/home/teamvision/Desktop/ROS_Workspace/Honours_a1797823_a1764124/ROS_Workspace/src/install/turtlebot3_navigation:/home/teamvision/Desktop/ROS_Workspace/Honours_a1797823_a1764124/ROS_Workspace/src/install/turtlebot3_example:/home/teamvision/Desktop/ROS_Workspace/Honours_a1797823_a1764124/ROS_Workspace/src/install/path_planner_server:/home/teamvision/Desktop/ROS_Workspace/Honours_a1797823_a1764124/ROS_Workspace/src/install/localization_server:/home/teamvision/Desktop/ROS_Workspace/Honours_a1797823_a1764124/ROS_Workspace/src/install/cameraSub:/home/teamvision/Desktop/ROS_Workspace/Honours_a1797823_a1764124/ROS_Workspace/src/install/cameraPub:/home/teamvision/Desktop/ROS_Workspace/Honours_a1797823_a1764124/ROS_Workspace/src/install/UGV2Vision:/home/teamvision/Desktop/ROS_Workspace/Honours_a1797823_a1764124/ROS_Workspace/src/install/UGV2Processing:/home/teamvision/Desktop/ROS_Workspace/Honours_a1797823_a1764124/ROS_Workspace/src/install/UGV2Main:/home/teamvision/Desktop/ROS_Workspace/Honours_a1797823_a1764124/ROS_Workspace/src/install/UGV1Vision:/home/teamvision/Desktop/ROS_Workspace/Honours_a1797823_a1764124/ROS_Workspace/src/install/UGV1Processing:/home/teamvision/Desktop/ROS_Workspace/Honours_a1797823_a1764124/ROS_Workspace/src/install/UGV1Main:/home/teamvision/Desktop/ROS_Workspace/Honours_a1797823_a1764124/ROS_Workspace/src/install/UAVVision:/home/teamvision/Desktop/ROS_Workspace/Honours_a1797823_a1764124/ROS_Workspace/src/install/UAVProcessing:/home/teamvision/Desktop/ROS_Workspace/Honours_a1797823_a1764124/ROS_Workspace/src/install/UAVMain:/home/teamvision/Desktop/ROS_Workspace/Honours_a1797823_a1764124/ROS_Workspace/src/install/Konig:/opt/ros/foxy /usr/bin/cmake --build /home/teamvision/Desktop/ROS_Workspace/Honours_a1797823_a1764124/ROS_Workspace/src/build/custom_msgs -- -j4 -l4
[2.172s] Invoking command in '/home/teamvision/Desktop/ROS_Workspace/Honours_a1797823_a1764124/ROS_Workspace/src/build/custom_msgs': CMAKE_PREFIX_PATH=${CMAKE_PREFIX_PATH}:/home/teamvision/Desktop/ROS_Workspace/Honours_a1797823_a1764124/ROS_Workspace/src/install/turtlebot3_teleop:/home/teamvision/Desktop/ROS_Workspace/Honours_a1797823_a1764124/ROS_Workspace/src/install/turtlebot3_navigation:/home/teamvision/Desktop/ROS_Workspace/Honours_a1797823_a1764124/ROS_Workspace/src/install/turtlebot3_example:/home/teamvision/Desktop/ROS_Workspace/Honours_a1797823_a1764124/ROS_Workspace/src/install/path_planner_server:/home/teamvision/Desktop/ROS_Workspace/Honours_a1797823_a1764124/ROS_Workspace/src/install/localization_server:/home/teamvision/Desktop/ROS_Workspace/Honours_a1797823_a1764124/ROS_Workspace/src/install/cameraSub:/home/teamvision/Desktop/ROS_Workspace/Honours_a1797823_a1764124/ROS_Workspace/src/install/cameraPub:/home/teamvision/Desktop/ROS_Workspace/Honours_a1797823_a1764124/ROS_Workspace/src/install/UGV2Vision:/home/teamvision/Desktop/ROS_Workspace/Honours_a1797823_a1764124/ROS_Workspace/src/install/UGV2Processing:/home/teamvision/Desktop/ROS_Workspace/Honours_a1797823_a1764124/ROS_Workspace/src/install/UGV2Main:/home/teamvision/Desktop/ROS_Workspace/Honours_a1797823_a1764124/ROS_Workspace/src/install/UGV1Vision:/home/teamvision/Desktop/ROS_Workspace/Honours_a1797823_a1764124/ROS_Workspace/src/install/UGV1Processing:/home/teamvision/Desktop/ROS_Workspace/Honours_a1797823_a1764124/ROS_Workspace/src/install/UGV1Main:/home/teamvision/Desktop/ROS_Workspace/Honours_a1797823_a1764124/ROS_Workspace/src/install/UAVVision:/home/teamvision/Desktop/ROS_Workspace/Honours_a1797823_a1764124/ROS_Workspace/src/install/UAVProcessing:/home/teamvision/Desktop/ROS_Workspace/Honours_a1797823_a1764124/ROS_Workspace/src/install/UAVMain:/home/teamvision/Desktop/ROS_Workspace/Honours_a1797823_a1764124/ROS_Workspace/src/install/Konig:/opt/ros/foxy /usr/bin/cmake --install /home/teamvision/Desktop/ROS_Workspace/Honours_a1797823_a1764124/ROS_Workspace/src/build/custom_msgs
[2.207s] -- Install configuration: ""
[2.207s] -- Up-to-date: /home/teamvision/Desktop/ROS_Workspace/Honours_a1797823_a1764124/ROS_Workspace/src/install/custom_msgs/share/ament_index/resource_index/rosidl_interfaces/custom_msgs
[2.207s] -- Up-to-date: /home/teamvision/Desktop/ROS_Workspace/Honours_a1797823_a1764124/ROS_Workspace/src/install/custom_msgs/include/custom_msgs
[2.207s] -- Up-to-date: /home/teamvision/Desktop/ROS_Workspace/Honours_a1797823_a1764124/ROS_Workspace/src/install/custom_msgs/include/custom_msgs/msg
[2.207s] -- Up-to-date: /home/teamvision/Desktop/ROS_Workspace/Honours_a1797823_a1764124/ROS_Workspace/src/install/custom_msgs/include/custom_msgs/msg/rosidl_generator_c__visibility_control.h
[2.208s] -- Up-to-date: /home/teamvision/Desktop/ROS_Workspace/Honours_a1797823_a1764124/ROS_Workspace/src/install/custom_msgs/include/custom_msgs/msg/detail
[2.213s] -- Up-to-date: /home/teamvision/Desktop/ROS_Workspace/Honours_a1797823_a1764124/ROS_Workspace/src/install/custom_msgs/include/custom_msgs/msg/detail/led_locations__functions.h
[2.213s] -- Up-to-date: /home/teamvision/Desktop/ROS_Workspace/Honours_a1797823_a1764124/ROS_Workspace/src/install/custom_msgs/include/custom_msgs/msg/detail/fire_severity__type_support.h
[2.213s] -- Up-to-date: /home/teamvision/Desktop/ROS_Workspace/Honours_a1797823_a1764124/ROS_Workspace/src/install/custom_msgs/include/custom_msgs/msg/detail/fire_severity__functions.h
[2.213s] -- Up-to-date: /home/teamvision/Desktop/ROS_Workspace/Honours_a1797823_a1764124/ROS_Workspace/src/install/custom_msgs/include/custom_msgs/msg/detail/led_locations__struct.h
[2.214s] -- Up-to-date: /home/teamvision/Desktop/ROS_Workspace/Honours_a1797823_a1764124/ROS_Workspace/src/install/custom_msgs/include/custom_msgs/msg/detail/fire_severity__struct.h
[2.214s] -- Up-to-date: /home/teamvision/Desktop/ROS_Workspace/Honours_a1797823_a1764124/ROS_Workspace/src/install/custom_msgs/include/custom_msgs/msg/detail/led_locations__functions.c
[2.214s] -- Up-to-date: /home/teamvision/Desktop/ROS_Workspace/Honours_a1797823_a1764124/ROS_Workspace/src/install/custom_msgs/include/custom_msgs/msg/detail/led_locations__type_support.h
[2.214s] -- Up-to-date: /home/teamvision/Desktop/ROS_Workspace/Honours_a1797823_a1764124/ROS_Workspace/src/install/custom_msgs/include/custom_msgs/msg/detail/fire_severity__functions.c
[2.214s] -- Up-to-date: /home/teamvision/Desktop/ROS_Workspace/Honours_a1797823_a1764124/ROS_Workspace/src/install/custom_msgs/include/custom_msgs/msg/fire_severity.h
[2.214s] -- Up-to-date: /home/teamvision/Desktop/ROS_Workspace/Honours_a1797823_a1764124/ROS_Workspace/src/install/custom_msgs/include/custom_msgs/msg/led_locations.h
[2.214s] -- Up-to-date: /home/teamvision/Desktop/ROS_Workspace/Honours_a1797823_a1764124/ROS_Workspace/src/install/custom_msgs/share/custom_msgs/environment/library_path.sh
[2.214s] -- Up-to-date: /home/teamvision/Desktop/ROS_Workspace/Honours_a1797823_a1764124/ROS_Workspace/src/install/custom_msgs/share/custom_msgs/environment/library_path.dsv
[2.214s] -- Up-to-date: /home/teamvision/Desktop/ROS_Workspace/Honours_a1797823_a1764124/ROS_Workspace/src/install/custom_msgs/lib/libcustom_msgs__rosidl_generator_c.so
[2.214s] -- Up-to-date: /home/teamvision/Desktop/ROS_Workspace/Honours_a1797823_a1764124/ROS_Workspace/src/install/custom_msgs/include/custom_msgs
[2.215s] -- Up-to-date: /home/teamvision/Desktop/ROS_Workspace/Honours_a1797823_a1764124/ROS_Workspace/src/install/custom_msgs/include/custom_msgs/msg
[2.215s] -- Up-to-date: /home/teamvision/Desktop/ROS_Workspace/Honours_a1797823_a1764124/ROS_Workspace/src/install/custom_msgs/include/custom_msgs/msg/detail
[2.215s] -- Up-to-date: /home/teamvision/Desktop/ROS_Workspace/Honours_a1797823_a1764124/ROS_Workspace/src/install/custom_msgs/include/custom_msgs/msg/detail/led_locations__rosidl_typesupport_fastrtps_c.h
[2.215s] -- Up-to-date: /home/teamvision/Desktop/ROS_Workspace/Honours_a1797823_a1764124/ROS_Workspace/src/install/custom_msgs/include/custom_msgs/msg/detail/fire_severity__rosidl_typesupport_fastrtps_c.h
[2.215s] -- Up-to-date: /home/teamvision/Desktop/ROS_Workspace/Honours_a1797823_a1764124/ROS_Workspace/src/install/custom_msgs/include/custom_msgs/msg/rosidl_typesupport_fastrtps_c__visibility_control.h
[2.215s] -- Up-to-date: /home/teamvision/Desktop/ROS_Workspace/Honours_a1797823_a1764124/ROS_Workspace/src/install/custom_msgs/lib/libcustom_msgs__rosidl_typesupport_fastrtps_c.so
[2.216s] -- Up-to-date: /home/teamvision/Desktop/ROS_Workspace/Honours_a1797823_a1764124/ROS_Workspace/src/install/custom_msgs/include/custom_msgs
[2.216s] -- Up-to-date: /home/teamvision/Desktop/ROS_Workspace/Honours_a1797823_a1764124/ROS_Workspace/src/install/custom_msgs/include/custom_msgs/msg
[2.216s] -- Up-to-date: /home/teamvision/Desktop/ROS_Workspace/Honours_a1797823_a1764124/ROS_Workspace/src/install/custom_msgs/include/custom_msgs/msg/detail
[2.216s] -- Up-to-date: /home/teamvision/Desktop/ROS_Workspace/Honours_a1797823_a1764124/ROS_Workspace/src/install/custom_msgs/include/custom_msgs/msg/detail/led_locations__rosidl_typesupport_fastrtps_cpp.hpp
[2.217s] -- Up-to-date: /home/teamvision/Desktop/ROS_Workspace/Honours_a1797823_a1764124/ROS_Workspace/src/install/custom_msgs/include/custom_msgs/msg/detail/fire_severity__rosidl_typesupport_fastrtps_cpp.hpp
[2.217s] -- Up-to-date: /home/teamvision/Desktop/ROS_Workspace/Honours_a1797823_a1764124/ROS_Workspace/src/install/custom_msgs/include/custom_msgs/msg/detail/dds_fastrtps
[2.217s] -- Up-to-date: /home/teamvision/Desktop/ROS_Workspace/Honours_a1797823_a1764124/ROS_Workspace/src/install/custom_msgs/include/custom_msgs/msg/rosidl_typesupport_fastrtps_cpp__visibility_control.h
[2.217s] -- Up-to-date: /home/teamvision/Desktop/ROS_Workspace/Honours_a1797823_a1764124/ROS_Workspace/src/install/custom_msgs/lib/libcustom_msgs__rosidl_typesupport_fastrtps_cpp.so
[2.217s] -- Up-to-date: /home/teamvision/Desktop/ROS_Workspace/Honours_a1797823_a1764124/ROS_Workspace/src/install/custom_msgs/include/custom_msgs
[2.217s] -- Up-to-date: /home/teamvision/Desktop/ROS_Workspace/Honours_a1797823_a1764124/ROS_Workspace/src/install/custom_msgs/include/custom_msgs/msg
[2.218s] -- Up-to-date: /home/teamvision/Desktop/ROS_Workspace/Honours_a1797823_a1764124/ROS_Workspace/src/install/custom_msgs/include/custom_msgs/msg/detail
[2.218s] -- Up-to-date: /home/teamvision/Desktop/ROS_Workspace/Honours_a1797823_a1764124/ROS_Workspace/src/install/custom_msgs/include/custom_msgs/msg/detail/fire_severity__type_support.c
[2.218s] -- Up-to-date: /home/teamvision/Desktop/ROS_Workspace/Honours_a1797823_a1764124/ROS_Workspace/src/install/custom_msgs/include/custom_msgs/msg/detail/led_locations__type_support.c
[2.218s] -- Up-to-date: /home/teamvision/Desktop/ROS_Workspace/Honours_a1797823_a1764124/ROS_Workspace/src/install/custom_msgs/include/custom_msgs/msg/detail/led_locations__rosidl_typesupport_introspection_c.h
[2.222s] -- Up-to-date: /home/teamvision/Desktop/ROS_Workspace/Honours_a1797823_a1764124/ROS_Workspace/src/install/custom_msgs/include/custom_msgs/msg/detail/fire_severity__rosidl_typesupport_introspection_c.h
[2.223s] -- Up-to-date: /home/teamvision/Desktop/ROS_Workspace/Honours_a1797823_a1764124/ROS_Workspace/src/install/custom_msgs/include/custom_msgs/msg/rosidl_typesupport_introspection_c__visibility_control.h
[2.227s] -- Up-to-date: /home/teamvision/Desktop/ROS_Workspace/Honours_a1797823_a1764124/ROS_Workspace/src/install/custom_msgs/lib/libcustom_msgs__rosidl_typesupport_introspection_c.so
[2.227s] -- Up-to-date: /home/teamvision/Desktop/ROS_Workspace/Honours_a1797823_a1764124/ROS_Workspace/src/install/custom_msgs/lib/libcustom_msgs__rosidl_typesupport_c.so
[2.228s] -- Up-to-date: /home/teamvision/Desktop/ROS_Workspace/Honours_a1797823_a1764124/ROS_Workspace/src/install/custom_msgs/include/custom_msgs
[2.229s] -- Up-to-date: /home/teamvision/Desktop/ROS_Workspace/Honours_a1797823_a1764124/ROS_Workspace/src/install/custom_msgs/include/custom_msgs/msg
[2.229s] -- Up-to-date: /home/teamvision/Desktop/ROS_Workspace/Honours_a1797823_a1764124/ROS_Workspace/src/install/custom_msgs/include/custom_msgs/msg/led_locations.hpp
[2.229s] -- Up-to-date: /home/teamvision/Desktop/ROS_Workspace/Honours_a1797823_a1764124/ROS_Workspace/src/install/custom_msgs/include/custom_msgs/msg/detail
[2.229s] -- Up-to-date: /home/teamvision/Desktop/ROS_Workspace/Honours_a1797823_a1764124/ROS_Workspace/src/install/custom_msgs/include/custom_msgs/msg/detail/led_locations__builder.hpp
[2.229s] -- Up-to-date: /home/teamvision/Desktop/ROS_Workspace/Honours_a1797823_a1764124/ROS_Workspace/src/install/custom_msgs/include/custom_msgs/msg/detail/led_locations__traits.hpp
[2.229s] -- Up-to-date: /home/teamvision/Desktop/ROS_Workspace/Honours_a1797823_a1764124/ROS_Workspace/src/install/custom_msgs/include/custom_msgs/msg/detail/led_locations__struct.hpp
[2.229s] -- Up-to-date: /home/teamvision/Desktop/ROS_Workspace/Honours_a1797823_a1764124/ROS_Workspace/src/install/custom_msgs/include/custom_msgs/msg/detail/fire_severity__struct.hpp
[2.229s] -- Up-to-date: /home/teamvision/Desktop/ROS_Workspace/Honours_a1797823_a1764124/ROS_Workspace/src/install/custom_msgs/include/custom_msgs/msg/detail/fire_severity__builder.hpp
[2.230s] -- Up-to-date: /home/teamvision/Desktop/ROS_Workspace/Honours_a1797823_a1764124/ROS_Workspace/src/install/custom_msgs/include/custom_msgs/msg/detail/fire_severity__traits.hpp
[2.230s] -- Up-to-date: /home/teamvision/Desktop/ROS_Workspace/Honours_a1797823_a1764124/ROS_Workspace/src/install/custom_msgs/include/custom_msgs/msg/fire_severity.hpp
[2.230s] -- Up-to-date: /home/teamvision/Desktop/ROS_Workspace/Honours_a1797823_a1764124/ROS_Workspace/src/install/custom_msgs/include/custom_msgs
[2.230s] -- Up-to-date: /home/teamvision/Desktop/ROS_Workspace/Honours_a1797823_a1764124/ROS_Workspace/src/install/custom_msgs/include/custom_msgs/msg
[2.230s] -- Up-to-date: /home/teamvision/Desktop/ROS_Workspace/Honours_a1797823_a1764124/ROS_Workspace/src/install/custom_msgs/include/custom_msgs/msg/detail
[2.230s] -- Up-to-date: /home/teamvision/Desktop/ROS_Workspace/Honours_a1797823_a1764124/ROS_Workspace/src/install/custom_msgs/include/custom_msgs/msg/detail/fire_severity__rosidl_typesupport_introspection_cpp.hpp
[2.230s] -- Up-to-date: /home/teamvision/Desktop/ROS_Workspace/Honours_a1797823_a1764124/ROS_Workspace/src/install/custom_msgs/include/custom_msgs/msg/detail/fire_severity__type_support.cpp
[2.230s] -- Up-to-date: /home/teamvision/Desktop/ROS_Workspace/Honours_a1797823_a1764124/ROS_Workspace/src/install/custom_msgs/include/custom_msgs/msg/detail/led_locations__type_support.cpp
[2.230s] -- Up-to-date: /home/teamvision/Desktop/ROS_Workspace/Honours_a1797823_a1764124/ROS_Workspace/src/install/custom_msgs/include/custom_msgs/msg/detail/led_locations__rosidl_typesupport_introspection_cpp.hpp
[2.231s] -- Up-to-date: /home/teamvision/Desktop/ROS_Workspace/Honours_a1797823_a1764124/ROS_Workspace/src/install/custom_msgs/lib/libcustom_msgs__rosidl_typesupport_introspection_cpp.so
[2.231s] -- Up-to-date: /home/teamvision/Desktop/ROS_Workspace/Honours_a1797823_a1764124/ROS_Workspace/src/install/custom_msgs/lib/libcustom_msgs__rosidl_typesupport_cpp.so
[2.231s] -- Up-to-date: /home/teamvision/Desktop/ROS_Workspace/Honours_a1797823_a1764124/ROS_Workspace/src/install/custom_msgs/share/custom_msgs/environment/pythonpath.sh
[2.231s] -- Up-to-date: /home/teamvision/Desktop/ROS_Workspace/Honours_a1797823_a1764124/ROS_Workspace/src/install/custom_msgs/share/custom_msgs/environment/pythonpath.dsv
[2.231s] -- Up-to-date: /home/teamvision/Desktop/ROS_Workspace/Honours_a1797823_a1764124/ROS_Workspace/src/install/custom_msgs/lib/python3.8/site-packages/custom_msgs/__init__.py
[2.349s] -- Up-to-date: /home/teamvision/Desktop/ROS_Workspace/Honours_a1797823_a1764124/ROS_Workspace/src/install/custom_msgs/lib/python3.8/site-packages/custom_msgs/msg
[2.350s] -- Up-to-date: /home/teamvision/Desktop/ROS_Workspace/Honours_a1797823_a1764124/ROS_Workspace/src/install/custom_msgs/lib/python3.8/site-packages/custom_msgs/msg/__init__.py
[2.350s] -- Up-to-date: /home/teamvision/Desktop/ROS_Workspace/Honours_a1797823_a1764124/ROS_Workspace/src/install/custom_msgs/lib/python3.8/site-packages/custom_msgs/msg/_led_locations_s.c
[2.350s] -- Up-to-date: /home/teamvision/Desktop/ROS_Workspace/Honours_a1797823_a1764124/ROS_Workspace/src/install/custom_msgs/lib/python3.8/site-packages/custom_msgs/msg/_fire_severity.py
[2.350s] -- Up-to-date: /home/teamvision/Desktop/ROS_Workspace/Honours_a1797823_a1764124/ROS_Workspace/src/install/custom_msgs/lib/python3.8/site-packages/custom_msgs/msg/_fire_severity_s.c
[2.350s] -- Up-to-date: /home/teamvision/Desktop/ROS_Workspace/Honours_a1797823_a1764124/ROS_Workspace/src/install/custom_msgs/lib/python3.8/site-packages/custom_msgs/msg/_led_locations.py
[2.350s] -- Up-to-date: /home/teamvision/Desktop/ROS_Workspace/Honours_a1797823_a1764124/ROS_Workspace/src/install/custom_msgs/lib/python3.8/site-packages/custom_msgs/custom_msgs_s__rosidl_typesupport_fastrtps_c.cpython-38-x86_64-linux-gnu.so
[2.365s] -- Up-to-date: /home/teamvision/Desktop/ROS_Workspace/Honours_a1797823_a1764124/ROS_Workspace/src/install/custom_msgs/lib/python3.8/site-packages/custom_msgs/custom_msgs_s__rosidl_typesupport_introspection_c.cpython-38-x86_64-linux-gnu.so
[2.365s] -- Up-to-date: /home/teamvision/Desktop/ROS_Workspace/Honours_a1797823_a1764124/ROS_Workspace/src/install/custom_msgs/lib/python3.8/site-packages/custom_msgs/custom_msgs_s__rosidl_typesupport_c.cpython-38-x86_64-linux-gnu.so
[2.366s] -- Up-to-date: /home/teamvision/Desktop/ROS_Workspace/Honours_a1797823_a1764124/ROS_Workspace/src/install/custom_msgs/lib/libcustom_msgs__python.so
[2.366s] -- Up-to-date: /home/teamvision/Desktop/ROS_Workspace/Honours_a1797823_a1764124/ROS_Workspace/src/install/custom_msgs/share/custom_msgs/msg/LEDLocations.idl
[2.366s] -- Up-to-date: /home/teamvision/Desktop/ROS_Workspace/Honours_a1797823_a1764124/ROS_Workspace/src/install/custom_msgs/share/custom_msgs/msg/FireSeverity.idl
[2.366s] -- Up-to-date: /home/teamvision/Desktop/ROS_Workspace/Honours_a1797823_a1764124/ROS_Workspace/src/install/custom_msgs/share/custom_msgs/msg/LEDLocations.msg
[2.366s] -- Up-to-date: /home/teamvision/Desktop/ROS_Workspace/Honours_a1797823_a1764124/ROS_Workspace/src/install/custom_msgs/share/custom_msgs/msg/FireSeverity.msg
[2.366s] -- Up-to-date: /home/teamvision/Desktop/ROS_Workspace/Honours_a1797823_a1764124/ROS_Workspace/src/install/custom_msgs/share/ament_index/resource_index/package_run_dependencies/custom_msgs
[2.366s] -- Up-to-date: /home/teamvision/Desktop/ROS_Workspace/Honours_a1797823_a1764124/ROS_Workspace/src/install/custom_msgs/share/ament_index/resource_index/parent_prefix_path/custom_msgs
[2.366s] -- Up-to-date: /home/teamvision/Desktop/ROS_Workspace/Honours_a1797823_a1764124/ROS_Workspace/src/install/custom_msgs/share/custom_msgs/environment/ament_prefix_path.sh
[2.366s] -- Up-to-date: /home/teamvision/Desktop/ROS_Workspace/Honours_a1797823_a1764124/ROS_Workspace/src/install/custom_msgs/share/custom_msgs/environment/ament_prefix_path.dsv
[2.367s] -- Up-to-date: /home/teamvision/Desktop/ROS_Workspace/Honours_a1797823_a1764124/ROS_Workspace/src/install/custom_msgs/share/custom_msgs/environment/path.sh
[2.367s] -- Up-to-date: /home/teamvision/Desktop/ROS_Workspace/Honours_a1797823_a1764124/ROS_Workspace/src/install/custom_msgs/share/custom_msgs/environment/path.dsv
[2.367s] -- Up-to-date: /home/teamvision/Desktop/ROS_Workspace/Honours_a1797823_a1764124/ROS_Workspace/src/install/custom_msgs/share/custom_msgs/local_setup.bash
[2.367s] -- Up-to-date: /home/teamvision/Desktop/ROS_Workspace/Honours_a1797823_a1764124/ROS_Workspace/src/install/custom_msgs/share/custom_msgs/local_setup.sh
[2.367s] -- Up-to-date: /home/teamvision/Desktop/ROS_Workspace/Honours_a1797823_a1764124/ROS_Workspace/src/install/custom_msgs/share/custom_msgs/local_setup.zsh
[2.367s] -- Up-to-date: /home/teamvision/Desktop/ROS_Workspace/Honours_a1797823_a1764124/ROS_Workspace/src/install/custom_msgs/share/custom_msgs/local_setup.dsv
[2.367s] -- Installing: /home/teamvision/Desktop/ROS_Workspace/Honours_a1797823_a1764124/ROS_Workspace/src/install/custom_msgs/share/custom_msgs/package.dsv
[2.367s] -- Up-to-date: /home/teamvision/Desktop/ROS_Workspace/Honours_a1797823_a1764124/ROS_Workspace/src/install/custom_msgs/share/ament_index/resource_index/packages/custom_msgs
[2.367s] -- Up-to-date: /home/teamvision/Desktop/ROS_Workspace/Honours_a1797823_a1764124/ROS_Workspace/src/install/custom_msgs/share/custom_msgs/cmake/custom_msgs__rosidl_generator_cExport.cmake
[2.367s] -- Up-to-date: /home/teamvision/Desktop/ROS_Workspace/Honours_a1797823_a1764124/ROS_Workspace/src/install/custom_msgs/share/custom_msgs/cmake/custom_msgs__rosidl_generator_cExport-noconfig.cmake
[2.368s] -- Up-to-date: /home/teamvision/Desktop/ROS_Workspace/Honours_a1797823_a1764124/ROS_Workspace/src/install/custom_msgs/share/custom_msgs/cmake/custom_msgs__rosidl_typesupport_introspection_cExport.cmake
[2.368s] -- Up-to-date: /home/teamvision/Desktop/ROS_Workspace/Honours_a1797823_a1764124/ROS_Workspace/src/install/custom_msgs/share/custom_msgs/cmake/custom_msgs__rosidl_typesupport_introspection_cExport-noconfig.cmake
[2.368s] -- Up-to-date: /home/teamvision/Desktop/ROS_Workspace/Honours_a1797823_a1764124/ROS_Workspace/src/install/custom_msgs/share/custom_msgs/cmake/custom_msgs__rosidl_typesupport_cExport.cmake
[2.368s] -- Up-to-date: /home/teamvision/Desktop/ROS_Workspace/Honours_a1797823_a1764124/ROS_Workspace/src/install/custom_msgs/share/custom_msgs/cmake/custom_msgs__rosidl_typesupport_cExport-noconfig.cmake
[2.372s] -- Up-to-date: /home/teamvision/Desktop/ROS_Workspace/Honours_a1797823_a1764124/ROS_Workspace/src/install/custom_msgs/share/custom_msgs/cmake/custom_msgs__rosidl_generator_cppExport.cmake
[2.373s] -- Up-to-date: /home/teamvision/Desktop/ROS_Workspace/Honours_a1797823_a1764124/ROS_Workspace/src/install/custom_msgs/share/custom_msgs/cmake/custom_msgs__rosidl_typesupport_introspection_cppExport.cmake
[2.373s] -- Up-to-date: /home/teamvision/Desktop/ROS_Workspace/Honours_a1797823_a1764124/ROS_Workspace/src/install/custom_msgs/share/custom_msgs/cmake/custom_msgs__rosidl_typesupport_introspection_cppExport-noconfig.cmake
[2.373s] -- Up-to-date: /home/teamvision/Desktop/ROS_Workspace/Honours_a1797823_a1764124/ROS_Workspace/src/install/custom_msgs/share/custom_msgs/cmake/custom_msgs__rosidl_typesupport_cppExport.cmake
[2.373s] -- Up-to-date: /home/teamvision/Desktop/ROS_Workspace/Honours_a1797823_a1764124/ROS_Workspace/src/install/custom_msgs/share/custom_msgs/cmake/custom_msgs__rosidl_typesupport_cppExport-noconfig.cmake
[2.373s] -- Up-to-date: /home/teamvision/Desktop/ROS_Workspace/Honours_a1797823_a1764124/ROS_Workspace/src/install/custom_msgs/share/custom_msgs/cmake/rosidl_cmake-extras.cmake
[2.373s] -- Up-to-date: /home/teamvision/Desktop/ROS_Workspace/Honours_a1797823_a1764124/ROS_Workspace/src/install/custom_msgs/share/custom_msgs/cmake/ament_cmake_export_dependencies-extras.cmake
[2.373s] -- Up-to-date: /home/teamvision/Desktop/ROS_Workspace/Honours_a1797823_a1764124/ROS_Workspace/src/install/custom_msgs/share/custom_msgs/cmake/ament_cmake_export_libraries-extras.cmake
[2.374s] -- Up-to-date: /home/teamvision/Desktop/ROS_Workspace/Honours_a1797823_a1764124/ROS_Workspace/src/install/custom_msgs/share/custom_msgs/cmake/ament_cmake_export_targets-extras.cmake
[2.374s] -- Up-to-date: /home/teamvision/Desktop/ROS_Workspace/Honours_a1797823_a1764124/ROS_Workspace/src/install/custom_msgs/share/custom_msgs/cmake/ament_cmake_export_include_directories-extras.cmake
[2.374s] -- Up-to-date: /home/teamvision/Desktop/ROS_Workspace/Honours_a1797823_a1764124/ROS_Workspace/src/install/custom_msgs/share/custom_msgs/cmake/rosidl_cmake_export_typesupport_libraries-extras.cmake
[2.374s] -- Up-to-date: /home/teamvision/Desktop/ROS_Workspace/Honours_a1797823_a1764124/ROS_Workspace/src/install/custom_msgs/share/custom_msgs/cmake/rosidl_cmake_export_typesupport_targets-extras.cmake
[2.374s] -- Up-to-date: /home/teamvision/Desktop/ROS_Workspace/Honours_a1797823_a1764124/ROS_Workspace/src/install/custom_msgs/share/custom_msgs/cmake/custom_msgsConfig.cmake
[2.374s] -- Up-to-date: /home/teamvision/Desktop/ROS_Workspace/Honours_a1797823_a1764124/ROS_Workspace/src/install/custom_msgs/share/custom_msgs/cmake/custom_msgsConfig-version.cmake
[2.374s] -- Up-to-date: /home/teamvision/Desktop/ROS_Workspace/Honours_a1797823_a1764124/ROS_Workspace/src/install/custom_msgs/share/custom_msgs/package.xml
[2.374s] Invoked command in '/home/teamvision/Desktop/ROS_Workspace/Honours_a1797823_a1764124/ROS_Workspace/src/build/custom_msgs' returned '0': CMAKE_PREFIX_PATH=${CMAKE_PREFIX_PATH}:/home/teamvision/Desktop/ROS_Workspace/Honours_a1797823_a1764124/ROS_Workspace/src/install/turtlebot3_teleop:/home/teamvision/Desktop/ROS_Workspace/Honours_a1797823_a1764124/ROS_Workspace/src/install/turtlebot3_navigation:/home/teamvision/Desktop/ROS_Workspace/Honours_a1797823_a1764124/ROS_Workspace/src/install/turtlebot3_example:/home/teamvision/Desktop/ROS_Workspace/Honours_a1797823_a1764124/ROS_Workspace/src/install/path_planner_server:/home/teamvision/Desktop/ROS_Workspace/Honours_a1797823_a1764124/ROS_Workspace/src/install/localization_server:/home/teamvision/Desktop/ROS_Workspace/Honours_a1797823_a1764124/ROS_Workspace/src/install/cameraSub:/home/teamvision/Desktop/ROS_Workspace/Honours_a1797823_a1764124/ROS_Workspace/src/install/cameraPub:/home/teamvision/Desktop/ROS_Workspace/Honours_a1797823_a1764124/ROS_Workspace/src/install/UGV2Vision:/home/teamvision/Desktop/ROS_Workspace/Honours_a1797823_a1764124/ROS_Workspace/src/install/UGV2Processing:/home/teamvision/Desktop/ROS_Workspace/Honours_a1797823_a1764124/ROS_Workspace/src/install/UGV2Main:/home/teamvision/Desktop/ROS_Workspace/Honours_a1797823_a1764124/ROS_Workspace/src/install/UGV1Vision:/home/teamvision/Desktop/ROS_Workspace/Honours_a1797823_a1764124/ROS_Workspace/src/install/UGV1Processing:/home/teamvision/Desktop/ROS_Workspace/Honours_a1797823_a1764124/ROS_Workspace/src/install/UGV1Main:/home/teamvision/Desktop/ROS_Workspace/Honours_a1797823_a1764124/ROS_Workspace/src/install/UAVVision:/home/teamvision/Desktop/ROS_Workspace/Honours_a1797823_a1764124/ROS_Workspace/src/install/UAVProcessing:/home/teamvision/Desktop/ROS_Workspace/Honours_a1797823_a1764124/ROS_Workspace/src/install/UAVMain:/home/teamvision/Desktop/ROS_Workspace/Honours_a1797823_a1764124/ROS_Workspace/src/install/Konig:/opt/ros/foxy /usr/bin/cmake --install /home/teamvision/Desktop/ROS_Workspace/Honours_a1797823_a1764124/ROS_Workspace/src/build/custom_msgs
