[2.219s] Invoking command in '/home/teamvision/Desktop/ROS_Workspace/Honours_a1797823_a1764124/ROS_Workspace/src/cameraPub': PYTHONPATH=/home/teamvision/Desktop/ROS_Workspace/Honours_a1797823_a1764124/ROS_Workspace/src/build/cameraPub/prefix_override:/home/teamvision/Desktop/ROS_Workspace/Honours_a1797823_a1764124/ROS_Workspace/src/install/cameraPub/lib/python3.8/site-packages:${PYTHONPATH} /usr/bin/python3 setup.py egg_info --egg-base ../build/cameraPub build --build-base /home/teamvision/Desktop/ROS_Workspace/Honours_a1797823_a1764124/ROS_Workspace/src/build/cameraPub/build install --record /home/teamvision/Desktop/ROS_Workspace/Honours_a1797823_a1764124/ROS_Workspace/src/build/cameraPub/install.log --install-scripts $base/lib/cameraPub --single-version-externally-managed
[3.128s] running egg_info
[3.128s] writing ../build/cameraPub/cameraPub.egg-info/PKG-INFO
[3.128s] writing dependency_links to ../build/cameraPub/cameraPub.egg-info/dependency_links.txt
[3.128s] writing entry points to ../build/cameraPub/cameraPub.egg-info/entry_points.txt
[3.129s] writing requirements to ../build/cameraPub/cameraPub.egg-info/requires.txt
[3.129s] writing top-level names to ../build/cameraPub/cameraPub.egg-info/top_level.txt
[3.190s] reading manifest file '../build/cameraPub/cameraPub.egg-info/SOURCES.txt'
[3.192s] writing manifest file '../build/cameraPub/cameraPub.egg-info/SOURCES.txt'
[3.193s] running build
[3.193s] running build_py
[3.194s] running install
[3.202s] running install_lib
[3.205s] running install_data
[3.206s] running install_egg_info
[3.218s] removing '/home/teamvision/Desktop/ROS_Workspace/Honours_a1797823_a1764124/ROS_Workspace/src/install/cameraPub/lib/python3.8/site-packages/cameraPub-0.0.0-py3.8.egg-info' (and everything under it)
[3.219s] Copying ../build/cameraPub/cameraPub.egg-info to /home/teamvision/Desktop/ROS_Workspace/Honours_a1797823_a1764124/ROS_Workspace/src/install/cameraPub/lib/python3.8/site-packages/cameraPub-0.0.0-py3.8.egg-info
[3.231s] running install_scripts
[3.288s] Installing cameraPub script to /home/teamvision/Desktop/ROS_Workspace/Honours_a1797823_a1764124/ROS_Workspace/src/install/cameraPub/lib/cameraPub
[3.293s] writing list of installed files to '/home/teamvision/Desktop/ROS_Workspace/Honours_a1797823_a1764124/ROS_Workspace/src/build/cameraPub/install.log'
[3.405s] Invoked command in '/home/teamvision/Desktop/ROS_Workspace/Honours_a1797823_a1764124/ROS_Workspace/src/cameraPub' returned '0': PYTHONPATH=/home/teamvision/Desktop/ROS_Workspace/Honours_a1797823_a1764124/ROS_Workspace/src/build/cameraPub/prefix_override:/home/teamvision/Desktop/ROS_Workspace/Honours_a1797823_a1764124/ROS_Workspace/src/install/cameraPub/lib/python3.8/site-packages:${PYTHONPATH} /usr/bin/python3 setup.py egg_info --egg-base ../build/cameraPub build --build-base /home/teamvision/Desktop/ROS_Workspace/Honours_a1797823_a1764124/ROS_Workspace/src/build/cameraPub/build install --record /home/teamvision/Desktop/ROS_Workspace/Honours_a1797823_a1764124/ROS_Workspace/src/build/cameraPub/install.log --install-scripts $base/lib/cameraPub --single-version-externally-managed
