[1.097s] Invoking command in '/home/teamvision/Desktop/ROS_Workspace/Honours_a1797823_a1764124/ROS_Workspace/src/UAVVision': PYTHONPATH=/home/teamvision/Desktop/ROS_Workspace/Honours_a1797823_a1764124/ROS_Workspace/src/build/UAVVision/prefix_override:/home/teamvision/Desktop/ROS_Workspace/Honours_a1797823_a1764124/ROS_Workspace/src/install/UAVVision/lib/python3.8/site-packages:${PYTHONPATH} /usr/bin/python3 setup.py egg_info --egg-base ../build/UAVVision build --build-base /home/teamvision/Desktop/ROS_Workspace/Honours_a1797823_a1764124/ROS_Workspace/src/build/UAVVision/build install --record /home/teamvision/Desktop/ROS_Workspace/Honours_a1797823_a1764124/ROS_Workspace/src/build/UAVVision/install.log --install-scripts $base/lib/UAVVision --single-version-externally-managed
[1.405s] running egg_info
[1.406s] creating ../build/UAVVision/UAVVision.egg-info
[1.406s] writing ../build/UAVVision/UAVVision.egg-info/PKG-INFO
[1.406s] writing dependency_links to ../build/UAVVision/UAVVision.egg-info/dependency_links.txt
[1.409s] writing entry points to ../build/UAVVision/UAVVision.egg-info/entry_points.txt
[1.409s] writing requirements to ../build/UAVVision/UAVVision.egg-info/requires.txt
[1.409s] writing top-level names to ../build/UAVVision/UAVVision.egg-info/top_level.txt
[1.413s] writing manifest file '../build/UAVVision/UAVVision.egg-info/SOURCES.txt'
[1.505s] reading manifest file '../build/UAVVision/UAVVision.egg-info/SOURCES.txt'
[1.518s] writing manifest file '../build/UAVVision/UAVVision.egg-info/SOURCES.txt'
[1.518s] running build
[1.524s] running build_py
[1.524s] creating /home/teamvision/Desktop/ROS_Workspace/Honours_a1797823_a1764124/ROS_Workspace/src/build/UAVVision/build
[1.524s] creating /home/teamvision/Desktop/ROS_Workspace/Honours_a1797823_a1764124/ROS_Workspace/src/build/UAVVision/build/lib
[1.524s] creating /home/teamvision/Desktop/ROS_Workspace/Honours_a1797823_a1764124/ROS_Workspace/src/build/UAVVision/build/lib/UAVVision
[1.524s] copying UAVVision/__init__.py -> /home/teamvision/Desktop/ROS_Workspace/Honours_a1797823_a1764124/ROS_Workspace/src/build/UAVVision/build/lib/UAVVision
[1.524s] copying UAVVision/UAVVision.py -> /home/teamvision/Desktop/ROS_Workspace/Honours_a1797823_a1764124/ROS_Workspace/src/build/UAVVision/build/lib/UAVVision
[1.524s] running install
[1.524s] running install_lib
[1.524s] running install_data
[1.526s] running install_egg_info
[1.535s] removing '/home/teamvision/Desktop/ROS_Workspace/Honours_a1797823_a1764124/ROS_Workspace/src/install/UAVVision/lib/python3.8/site-packages/UAVVision-0.0.0-py3.8.egg-info' (and everything under it)
[1.535s] Copying ../build/UAVVision/UAVVision.egg-info to /home/teamvision/Desktop/ROS_Workspace/Honours_a1797823_a1764124/ROS_Workspace/src/install/UAVVision/lib/python3.8/site-packages/UAVVision-0.0.0-py3.8.egg-info
[1.537s] running install_scripts
[1.579s] Installing UAVVision script to /home/teamvision/Desktop/ROS_Workspace/Honours_a1797823_a1764124/ROS_Workspace/src/install/UAVVision/lib/UAVVision
[1.579s] writing list of installed files to '/home/teamvision/Desktop/ROS_Workspace/Honours_a1797823_a1764124/ROS_Workspace/src/build/UAVVision/install.log'
[1.645s] Invoked command in '/home/teamvision/Desktop/ROS_Workspace/Honours_a1797823_a1764124/ROS_Workspace/src/UAVVision' returned '0': PYTHONPATH=/home/teamvision/Desktop/ROS_Workspace/Honours_a1797823_a1764124/ROS_Workspace/src/build/UAVVision/prefix_override:/home/teamvision/Desktop/ROS_Workspace/Honours_a1797823_a1764124/ROS_Workspace/src/install/UAVVision/lib/python3.8/site-packages:${PYTHONPATH} /usr/bin/python3 setup.py egg_info --egg-base ../build/UAVVision build --build-base /home/teamvision/Desktop/ROS_Workspace/Honours_a1797823_a1764124/ROS_Workspace/src/build/UAVVision/build install --record /home/teamvision/Desktop/ROS_Workspace/Honours_a1797823_a1764124/ROS_Workspace/src/build/UAVVision/install.log --install-scripts $base/lib/UAVVision --single-version-externally-managed
