[1.580s] Invoking command in '/home/max/Desktop/VisionCode/Honours_a1797823_a1764124/ROS_Workspace/src/turtlebot3_navigation': PYTHONPATH=/home/max/Desktop/VisionCode/Honours_a1797823_a1764124/ROS_Workspace/src/build/turtlebot3_navigation/prefix_override:/home/max/Desktop/VisionCode/Honours_a1797823_a1764124/ROS_Workspace/src/install/turtlebot3_navigation/lib/python3.8/site-packages:${PYTHONPATH} /usr/bin/python3 setup.py egg_info --egg-base ../build/turtlebot3_navigation build --build-base /home/max/Desktop/VisionCode/Honours_a1797823_a1764124/ROS_Workspace/src/build/turtlebot3_navigation/build install --record /home/max/Desktop/VisionCode/Honours_a1797823_a1764124/ROS_Workspace/src/build/turtlebot3_navigation/install.log --install-scripts $base/lib/turtlebot3_navigation --single-version-externally-managed
[1.759s] running egg_info
[1.762s] writing ../build/turtlebot3_navigation/turtlebot3_navigation.egg-info/PKG-INFO
[1.762s] writing dependency_links to ../build/turtlebot3_navigation/turtlebot3_navigation.egg-info/dependency_links.txt
[1.762s] writing entry points to ../build/turtlebot3_navigation/turtlebot3_navigation.egg-info/entry_points.txt
[1.763s] writing requirements to ../build/turtlebot3_navigation/turtlebot3_navigation.egg-info/requires.txt
[1.763s] writing top-level names to ../build/turtlebot3_navigation/turtlebot3_navigation.egg-info/top_level.txt
[1.787s] reading manifest file '../build/turtlebot3_navigation/turtlebot3_navigation.egg-info/SOURCES.txt'
[1.788s] writing manifest file '../build/turtlebot3_navigation/turtlebot3_navigation.egg-info/SOURCES.txt'
[1.788s] running build
[1.788s] running build_py
[1.788s] running install
[1.789s] running install_lib
[1.790s] running install_data
[1.791s] running install_egg_info
[1.793s] removing '/home/max/Desktop/VisionCode/Honours_a1797823_a1764124/ROS_Workspace/src/install/turtlebot3_navigation/lib/python3.8/site-packages/turtlebot3_navigation-0.0.0-py3.8.egg-info' (and everything under it)
[1.794s] Copying ../build/turtlebot3_navigation/turtlebot3_navigation.egg-info to /home/max/Desktop/VisionCode/Honours_a1797823_a1764124/ROS_Workspace/src/install/turtlebot3_navigation/lib/python3.8/site-packages/turtlebot3_navigation-0.0.0-py3.8.egg-info
[1.794s] running install_scripts
[1.807s] Installing move_robot script to /home/max/Desktop/VisionCode/Honours_a1797823_a1764124/ROS_Workspace/src/install/turtlebot3_navigation/lib/turtlebot3_navigation
[1.807s] Installing set_initial_pose script to /home/max/Desktop/VisionCode/Honours_a1797823_a1764124/ROS_Workspace/src/install/turtlebot3_navigation/lib/turtlebot3_navigation
[1.807s] Installing zone_move script to /home/max/Desktop/VisionCode/Honours_a1797823_a1764124/ROS_Workspace/src/install/turtlebot3_navigation/lib/turtlebot3_navigation
[1.807s] writing list of installed files to '/home/max/Desktop/VisionCode/Honours_a1797823_a1764124/ROS_Workspace/src/build/turtlebot3_navigation/install.log'
