[2.133s] Invoking command in '/home/teamvision/Desktop/ROS_Workspace/Honours_a1797823_a1764124/ROS_Workspace/src/UGV1Vision': PYTHONPATH=/home/teamvision/Desktop/ROS_Workspace/Honours_a1797823_a1764124/ROS_Workspace/build/UGV1Vision/prefix_override:/home/teamvision/Desktop/ROS_Workspace/Honours_a1797823_a1764124/ROS_Workspace/install/UGV1Vision/lib/python3.8/site-packages:${PYTHONPATH} /usr/bin/python3 setup.py egg_info --egg-base ../../build/UGV1Vision build --build-base /home/teamvision/Desktop/ROS_Workspace/Honours_a1797823_a1764124/ROS_Workspace/build/UGV1Vision/build install --record /home/teamvision/Desktop/ROS_Workspace/Honours_a1797823_a1764124/ROS_Workspace/build/UGV1Vision/install.log --install-scripts $base/lib/UGV1Vision --single-version-externally-managed
[2.477s] running egg_info
[2.478s] writing ../../build/UGV1Vision/UGV1Vision.egg-info/PKG-INFO
[2.478s] writing dependency_links to ../../build/UGV1Vision/UGV1Vision.egg-info/dependency_links.txt
[2.478s] writing entry points to ../../build/UGV1Vision/UGV1Vision.egg-info/entry_points.txt
[2.478s] writing requirements to ../../build/UGV1Vision/UGV1Vision.egg-info/requires.txt
[2.479s] writing top-level names to ../../build/UGV1Vision/UGV1Vision.egg-info/top_level.txt
[2.544s] reading manifest file '../../build/UGV1Vision/UGV1Vision.egg-info/SOURCES.txt'
[2.545s] writing manifest file '../../build/UGV1Vision/UGV1Vision.egg-info/SOURCES.txt'
[2.546s] running build
[2.546s] running build_py
[2.546s] running install
[2.547s] running install_lib
[2.549s] running install_data
[2.550s] running install_egg_info
[2.552s] removing '/home/teamvision/Desktop/ROS_Workspace/Honours_a1797823_a1764124/ROS_Workspace/install/UGV1Vision/lib/python3.8/site-packages/UGV1Vision-0.0.0-py3.8.egg-info' (and everything under it)
[2.552s] Copying ../../build/UGV1Vision/UGV1Vision.egg-info to /home/teamvision/Desktop/ROS_Workspace/Honours_a1797823_a1764124/ROS_Workspace/install/UGV1Vision/lib/python3.8/site-packages/UGV1Vision-0.0.0-py3.8.egg-info
[2.554s] running install_scripts
[2.577s] Installing UGV1Vision script to /home/teamvision/Desktop/ROS_Workspace/Honours_a1797823_a1764124/ROS_Workspace/install/UGV1Vision/lib/UGV1Vision
[2.578s] writing list of installed files to '/home/teamvision/Desktop/ROS_Workspace/Honours_a1797823_a1764124/ROS_Workspace/build/UGV1Vision/install.log'
[2.643s] Invoked command in '/home/teamvision/Desktop/ROS_Workspace/Honours_a1797823_a1764124/ROS_Workspace/src/UGV1Vision' returned '0': PYTHONPATH=/home/teamvision/Desktop/ROS_Workspace/Honours_a1797823_a1764124/ROS_Workspace/build/UGV1Vision/prefix_override:/home/teamvision/Desktop/ROS_Workspace/Honours_a1797823_a1764124/ROS_Workspace/install/UGV1Vision/lib/python3.8/site-packages:${PYTHONPATH} /usr/bin/python3 setup.py egg_info --egg-base ../../build/UGV1Vision build --build-base /home/teamvision/Desktop/ROS_Workspace/Honours_a1797823_a1764124/ROS_Workspace/build/UGV1Vision/build install --record /home/teamvision/Desktop/ROS_Workspace/Honours_a1797823_a1764124/ROS_Workspace/build/UGV1Vision/install.log --install-scripts $base/lib/UGV1Vision --single-version-externally-managed
