[0.844s] Invoking command in '/home/teamvision/Desktop/ROS_Workspace/Honours_a1797823_a1764124/ROS_Workspace/src/cameraSub': PYTHONPATH=/home/teamvision/Desktop/ROS_Workspace/Honours_a1797823_a1764124/ROS_Workspace/src/cameraSub/build/cameraSub/prefix_override:/home/teamvision/Desktop/ROS_Workspace/Honours_a1797823_a1764124/ROS_Workspace/src/cameraSub/install/cameraSub/lib/python3.8/site-packages:${PYTHONPATH} /usr/bin/python3 setup.py egg_info --egg-base build/cameraSub build --build-base /home/teamvision/Desktop/ROS_Workspace/Honours_a1797823_a1764124/ROS_Workspace/src/cameraSub/build/cameraSub/build install --record /home/teamvision/Desktop/ROS_Workspace/Honours_a1797823_a1764124/ROS_Workspace/src/cameraSub/build/cameraSub/install.log --install-scripts $base/lib/cameraPub --single-version-externally-managed
[1.121s] running egg_info
[1.121s] writing build/cameraSub/cameraSub.egg-info/PKG-INFO
[1.122s] writing dependency_links to build/cameraSub/cameraSub.egg-info/dependency_links.txt
[1.122s] writing entry points to build/cameraSub/cameraSub.egg-info/entry_points.txt
[1.122s] writing requirements to build/cameraSub/cameraSub.egg-info/requires.txt
[1.122s] writing top-level names to build/cameraSub/cameraSub.egg-info/top_level.txt
[1.168s] reading manifest file 'build/cameraSub/cameraSub.egg-info/SOURCES.txt'
[1.169s] writing manifest file 'build/cameraSub/cameraSub.egg-info/SOURCES.txt'
[1.170s] running build
[1.170s] running build_py
[1.170s] copying cameraSub/cameraSubscriber.py -> /home/teamvision/Desktop/ROS_Workspace/Honours_a1797823_a1764124/ROS_Workspace/src/cameraSub/build/cameraSub/build/lib/cameraSub
[1.170s] running install
[1.171s] running install_lib
[1.172s] copying /home/teamvision/Desktop/ROS_Workspace/Honours_a1797823_a1764124/ROS_Workspace/src/cameraSub/build/cameraSub/build/lib/cameraSub/cameraSubscriber.py -> /home/teamvision/Desktop/ROS_Workspace/Honours_a1797823_a1764124/ROS_Workspace/src/cameraSub/install/cameraSub/lib/python3.8/site-packages/cameraSub
[1.173s] byte-compiling /home/teamvision/Desktop/ROS_Workspace/Honours_a1797823_a1764124/ROS_Workspace/src/cameraSub/install/cameraSub/lib/python3.8/site-packages/cameraSub/cameraSubscriber.py to cameraSubscriber.cpython-38.pyc
[1.175s] running install_data
[1.175s] running install_egg_info
[1.177s] removing '/home/teamvision/Desktop/ROS_Workspace/Honours_a1797823_a1764124/ROS_Workspace/src/cameraSub/install/cameraSub/lib/python3.8/site-packages/cameraSub-0.0.0-py3.8.egg-info' (and everything under it)
[1.177s] Copying build/cameraSub/cameraSub.egg-info to /home/teamvision/Desktop/ROS_Workspace/Honours_a1797823_a1764124/ROS_Workspace/src/cameraSub/install/cameraSub/lib/python3.8/site-packages/cameraSub-0.0.0-py3.8.egg-info
[1.178s] running install_scripts
[1.197s] Installing cameraSub script to /home/teamvision/Desktop/ROS_Workspace/Honours_a1797823_a1764124/ROS_Workspace/src/cameraSub/install/cameraSub/lib/cameraPub
[1.198s] writing list of installed files to '/home/teamvision/Desktop/ROS_Workspace/Honours_a1797823_a1764124/ROS_Workspace/src/cameraSub/build/cameraSub/install.log'
[1.222s] Invoked command in '/home/teamvision/Desktop/ROS_Workspace/Honours_a1797823_a1764124/ROS_Workspace/src/cameraSub' returned '0': PYTHONPATH=/home/teamvision/Desktop/ROS_Workspace/Honours_a1797823_a1764124/ROS_Workspace/src/cameraSub/build/cameraSub/prefix_override:/home/teamvision/Desktop/ROS_Workspace/Honours_a1797823_a1764124/ROS_Workspace/src/cameraSub/install/cameraSub/lib/python3.8/site-packages:${PYTHONPATH} /usr/bin/python3 setup.py egg_info --egg-base build/cameraSub build --build-base /home/teamvision/Desktop/ROS_Workspace/Honours_a1797823_a1764124/ROS_Workspace/src/cameraSub/build/cameraSub/build install --record /home/teamvision/Desktop/ROS_Workspace/Honours_a1797823_a1764124/ROS_Workspace/src/cameraSub/build/cameraSub/install.log --install-scripts $base/lib/cameraPub --single-version-externally-managed
