[4.975s] Invoking command in '/home/max/Desktop/VisionCode/Honours_a1797823_a1764124/ROS_Workspace/src/UAVProcessing': PYTHONPATH=/home/max/Desktop/VisionCode/Honours_a1797823_a1764124/ROS_Workspace/src/build/UAVProcessing/prefix_override:/home/max/Desktop/VisionCode/Honours_a1797823_a1764124/ROS_Workspace/src/install/UAVProcessing/lib/python3.8/site-packages:${PYTHONPATH} /usr/bin/python3 setup.py egg_info --egg-base ../build/UAVProcessing build --build-base /home/max/Desktop/VisionCode/Honours_a1797823_a1764124/ROS_Workspace/src/build/UAVProcessing/build install --record /home/max/Desktop/VisionCode/Honours_a1797823_a1764124/ROS_Workspace/src/build/UAVProcessing/install.log --install-scripts $base/lib/UAVProcessing --single-version-externally-managed
[5.372s] running egg_info
[5.373s] writing ../build/UAVProcessing/UAVProcessing.egg-info/PKG-INFO
[5.384s] writing dependency_links to ../build/UAVProcessing/UAVProcessing.egg-info/dependency_links.txt
[5.385s] writing entry points to ../build/UAVProcessing/UAVProcessing.egg-info/entry_points.txt
[5.385s] writing requirements to ../build/UAVProcessing/UAVProcessing.egg-info/requires.txt
[5.386s] writing top-level names to ../build/UAVProcessing/UAVProcessing.egg-info/top_level.txt
[5.462s] reading manifest file '../build/UAVProcessing/UAVProcessing.egg-info/SOURCES.txt'
[5.464s] writing manifest file '../build/UAVProcessing/UAVProcessing.egg-info/SOURCES.txt'
[5.465s] running build
[5.465s] running build_py
[5.467s] running install
[5.467s] running install_lib
[5.469s] running install_data
[5.470s] running install_egg_info
[5.473s] removing '/home/max/Desktop/VisionCode/Honours_a1797823_a1764124/ROS_Workspace/src/install/UAVProcessing/lib/python3.8/site-packages/UAVProcessing-0.0.0-py3.8.egg-info' (and everything under it)
[5.474s] Copying ../build/UAVProcessing/UAVProcessing.egg-info to /home/max/Desktop/VisionCode/Honours_a1797823_a1764124/ROS_Workspace/src/install/UAVProcessing/lib/python3.8/site-packages/UAVProcessing-0.0.0-py3.8.egg-info
[5.475s] running install_scripts
[5.510s] Installing UAVProcessing script to /home/max/Desktop/VisionCode/Honours_a1797823_a1764124/ROS_Workspace/src/install/UAVProcessing/lib/UAVProcessing
[5.511s] writing list of installed files to '/home/max/Desktop/VisionCode/Honours_a1797823_a1764124/ROS_Workspace/src/build/UAVProcessing/install.log'
[5.665s] Invoked command in '/home/max/Desktop/VisionCode/Honours_a1797823_a1764124/ROS_Workspace/src/UAVProcessing' returned '0': PYTHONPATH=/home/max/Desktop/VisionCode/Honours_a1797823_a1764124/ROS_Workspace/src/build/UAVProcessing/prefix_override:/home/max/Desktop/VisionCode/Honours_a1797823_a1764124/ROS_Workspace/src/install/UAVProcessing/lib/python3.8/site-packages:${PYTHONPATH} /usr/bin/python3 setup.py egg_info --egg-base ../build/UAVProcessing build --build-base /home/max/Desktop/VisionCode/Honours_a1797823_a1764124/ROS_Workspace/src/build/UAVProcessing/build install --record /home/max/Desktop/VisionCode/Honours_a1797823_a1764124/ROS_Workspace/src/build/UAVProcessing/install.log --install-scripts $base/lib/UAVProcessing --single-version-externally-managed
