[0.895s] Invoking command in '/home/teamvision/Desktop/ROS_Workspace/Honours_a1797823_a1764124/ROS_Workspace/src/UGV1Vision': PYTHONPATH=/home/teamvision/Desktop/ROS_Workspace/Honours_a1797823_a1764124/ROS_Workspace/build/UGV1Vision/prefix_override:/home/teamvision/Desktop/ROS_Workspace/Honours_a1797823_a1764124/ROS_Workspace/install/UGV1Vision/lib/python3.8/site-packages:${PYTHONPATH} /usr/bin/python3 setup.py egg_info --egg-base ../../build/UGV1Vision build --build-base /home/teamvision/Desktop/ROS_Workspace/Honours_a1797823_a1764124/ROS_Workspace/build/UGV1Vision/build install --record /home/teamvision/Desktop/ROS_Workspace/Honours_a1797823_a1764124/ROS_Workspace/build/UGV1Vision/install.log --install-scripts $base/lib/UGV1Vision --single-version-externally-managed
[1.186s] running egg_info
[1.187s] writing ../../build/UGV1Vision/UGV1Vision.egg-info/PKG-INFO
[1.187s] writing dependency_links to ../../build/UGV1Vision/UGV1Vision.egg-info/dependency_links.txt
[1.187s] writing entry points to ../../build/UGV1Vision/UGV1Vision.egg-info/entry_points.txt
[1.188s] writing requirements to ../../build/UGV1Vision/UGV1Vision.egg-info/requires.txt
[1.188s] writing top-level names to ../../build/UGV1Vision/UGV1Vision.egg-info/top_level.txt
[1.232s] reading manifest file '../../build/UGV1Vision/UGV1Vision.egg-info/SOURCES.txt'
[1.234s] writing manifest file '../../build/UGV1Vision/UGV1Vision.egg-info/SOURCES.txt'
[1.234s] running build
[1.234s] running build_py
[1.234s] running install
[1.235s] running install_lib
[1.237s] running install_data
[1.238s] running install_egg_info
[1.240s] removing '/home/teamvision/Desktop/ROS_Workspace/Honours_a1797823_a1764124/ROS_Workspace/install/UGV1Vision/lib/python3.8/site-packages/UGV1Vision-0.0.0-py3.8.egg-info' (and everything under it)
[1.240s] Copying ../../build/UGV1Vision/UGV1Vision.egg-info to /home/teamvision/Desktop/ROS_Workspace/Honours_a1797823_a1764124/ROS_Workspace/install/UGV1Vision/lib/python3.8/site-packages/UGV1Vision-0.0.0-py3.8.egg-info
[1.241s] running install_scripts
[1.261s] Installing UGV1Vision script to /home/teamvision/Desktop/ROS_Workspace/Honours_a1797823_a1764124/ROS_Workspace/install/UGV1Vision/lib/UGV1Vision
[1.262s] writing list of installed files to '/home/teamvision/Desktop/ROS_Workspace/Honours_a1797823_a1764124/ROS_Workspace/build/UGV1Vision/install.log'
[1.286s] Invoked command in '/home/teamvision/Desktop/ROS_Workspace/Honours_a1797823_a1764124/ROS_Workspace/src/UGV1Vision' returned '0': PYTHONPATH=/home/teamvision/Desktop/ROS_Workspace/Honours_a1797823_a1764124/ROS_Workspace/build/UGV1Vision/prefix_override:/home/teamvision/Desktop/ROS_Workspace/Honours_a1797823_a1764124/ROS_Workspace/install/UGV1Vision/lib/python3.8/site-packages:${PYTHONPATH} /usr/bin/python3 setup.py egg_info --egg-base ../../build/UGV1Vision build --build-base /home/teamvision/Desktop/ROS_Workspace/Honours_a1797823_a1764124/ROS_Workspace/build/UGV1Vision/build install --record /home/teamvision/Desktop/ROS_Workspace/Honours_a1797823_a1764124/ROS_Workspace/build/UGV1Vision/install.log --install-scripts $base/lib/UGV1Vision --single-version-externally-managed
