[1.927s] Invoking command in '/home/teamvision/Desktop/ROS_Workspace/Honours_a1797823_a1764124/ROS_Workspace/src/UAVMain': PYTHONPATH=/home/teamvision/Desktop/ROS_Workspace/Honours_a1797823_a1764124/ROS_Workspace/build/UAVMain/prefix_override:/home/teamvision/Desktop/ROS_Workspace/Honours_a1797823_a1764124/ROS_Workspace/install/UAVMain/lib/python3.8/site-packages:${PYTHONPATH} /usr/bin/python3 setup.py egg_info --egg-base ../../build/UAVMain build --build-base /home/teamvision/Desktop/ROS_Workspace/Honours_a1797823_a1764124/ROS_Workspace/build/UAVMain/build install --record /home/teamvision/Desktop/ROS_Workspace/Honours_a1797823_a1764124/ROS_Workspace/build/UAVMain/install.log --install-scripts $base/lib/UAVMain --single-version-externally-managed
[2.223s] running egg_info
[2.224s] creating ../../build/UAVMain/UAVMain.egg-info
[2.224s] writing ../../build/UAVMain/UAVMain.egg-info/PKG-INFO
[2.224s] writing dependency_links to ../../build/UAVMain/UAVMain.egg-info/dependency_links.txt
[2.225s] writing entry points to ../../build/UAVMain/UAVMain.egg-info/entry_points.txt
[2.225s] writing requirements to ../../build/UAVMain/UAVMain.egg-info/requires.txt
[2.225s] writing top-level names to ../../build/UAVMain/UAVMain.egg-info/top_level.txt
[2.229s] writing manifest file '../../build/UAVMain/UAVMain.egg-info/SOURCES.txt'
[2.276s] reading manifest file '../../build/UAVMain/UAVMain.egg-info/SOURCES.txt'
[2.277s] writing manifest file '../../build/UAVMain/UAVMain.egg-info/SOURCES.txt'
[2.278s] running build
[2.278s] running build_py
[2.278s] creating /home/teamvision/Desktop/ROS_Workspace/Honours_a1797823_a1764124/ROS_Workspace/build/UAVMain/build
[2.278s] creating /home/teamvision/Desktop/ROS_Workspace/Honours_a1797823_a1764124/ROS_Workspace/build/UAVMain/build/lib
[2.278s] creating /home/teamvision/Desktop/ROS_Workspace/Honours_a1797823_a1764124/ROS_Workspace/build/UAVMain/build/lib/UAVMain
[2.278s] copying UAVMain/__init__.py -> /home/teamvision/Desktop/ROS_Workspace/Honours_a1797823_a1764124/ROS_Workspace/build/UAVMain/build/lib/UAVMain
[2.279s] copying UAVMain/UAVMain.py -> /home/teamvision/Desktop/ROS_Workspace/Honours_a1797823_a1764124/ROS_Workspace/build/UAVMain/build/lib/UAVMain
[2.279s] running install
[2.280s] running install_lib
[2.281s] creating /home/teamvision/Desktop/ROS_Workspace/Honours_a1797823_a1764124/ROS_Workspace/install/UAVMain/lib/python3.8/site-packages/UAVMain
[2.281s] copying /home/teamvision/Desktop/ROS_Workspace/Honours_a1797823_a1764124/ROS_Workspace/build/UAVMain/build/lib/UAVMain/__init__.py -> /home/teamvision/Desktop/ROS_Workspace/Honours_a1797823_a1764124/ROS_Workspace/install/UAVMain/lib/python3.8/site-packages/UAVMain
[2.281s] copying /home/teamvision/Desktop/ROS_Workspace/Honours_a1797823_a1764124/ROS_Workspace/build/UAVMain/build/lib/UAVMain/UAVMain.py -> /home/teamvision/Desktop/ROS_Workspace/Honours_a1797823_a1764124/ROS_Workspace/install/UAVMain/lib/python3.8/site-packages/UAVMain
[2.282s] byte-compiling /home/teamvision/Desktop/ROS_Workspace/Honours_a1797823_a1764124/ROS_Workspace/install/UAVMain/lib/python3.8/site-packages/UAVMain/__init__.py to __init__.cpython-38.pyc
[2.283s] byte-compiling /home/teamvision/Desktop/ROS_Workspace/Honours_a1797823_a1764124/ROS_Workspace/install/UAVMain/lib/python3.8/site-packages/UAVMain/UAVMain.py to UAVMain.cpython-38.pyc
[2.284s] running install_data
[2.285s] creating /home/teamvision/Desktop/ROS_Workspace/Honours_a1797823_a1764124/ROS_Workspace/install/UAVMain/share/ament_index
[2.285s] creating /home/teamvision/Desktop/ROS_Workspace/Honours_a1797823_a1764124/ROS_Workspace/install/UAVMain/share/ament_index/resource_index
[2.285s] creating /home/teamvision/Desktop/ROS_Workspace/Honours_a1797823_a1764124/ROS_Workspace/install/UAVMain/share/ament_index/resource_index/packages
[2.285s] copying resource/UAVMain -> /home/teamvision/Desktop/ROS_Workspace/Honours_a1797823_a1764124/ROS_Workspace/install/UAVMain/share/ament_index/resource_index/packages
[2.285s] copying package.xml -> /home/teamvision/Desktop/ROS_Workspace/Honours_a1797823_a1764124/ROS_Workspace/install/UAVMain/share/UAVMain
[2.285s] running install_egg_info
[2.287s] Copying ../../build/UAVMain/UAVMain.egg-info to /home/teamvision/Desktop/ROS_Workspace/Honours_a1797823_a1764124/ROS_Workspace/install/UAVMain/lib/python3.8/site-packages/UAVMain-0.0.0-py3.8.egg-info
[2.288s] running install_scripts
[2.310s] Installing UAVMain script to /home/teamvision/Desktop/ROS_Workspace/Honours_a1797823_a1764124/ROS_Workspace/install/UAVMain/lib/UAVMain
[2.310s] writing list of installed files to '/home/teamvision/Desktop/ROS_Workspace/Honours_a1797823_a1764124/ROS_Workspace/build/UAVMain/install.log'
[2.344s] Invoked command in '/home/teamvision/Desktop/ROS_Workspace/Honours_a1797823_a1764124/ROS_Workspace/src/UAVMain' returned '0': PYTHONPATH=/home/teamvision/Desktop/ROS_Workspace/Honours_a1797823_a1764124/ROS_Workspace/build/UAVMain/prefix_override:/home/teamvision/Desktop/ROS_Workspace/Honours_a1797823_a1764124/ROS_Workspace/install/UAVMain/lib/python3.8/site-packages:${PYTHONPATH} /usr/bin/python3 setup.py egg_info --egg-base ../../build/UAVMain build --build-base /home/teamvision/Desktop/ROS_Workspace/Honours_a1797823_a1764124/ROS_Workspace/build/UAVMain/build install --record /home/teamvision/Desktop/ROS_Workspace/Honours_a1797823_a1764124/ROS_Workspace/build/UAVMain/install.log --install-scripts $base/lib/UAVMain --single-version-externally-managed
