[1.619s] Invoking command in '/home/teamvision/Desktop/ROS_Workspace/Honours_a1797823_a1764124/ROS_Workspace/src/cameraPub': PYTHONPATH=/home/teamvision/Desktop/ROS_Workspace/Honours_a1797823_a1764124/ROS_Workspace/src/build/cameraPub/prefix_override:/home/teamvision/Desktop/ROS_Workspace/Honours_a1797823_a1764124/ROS_Workspace/src/install/cameraPub/lib/python3.8/site-packages:${PYTHONPATH} /usr/bin/python3 setup.py egg_info --egg-base ../build/cameraPub build --build-base /home/teamvision/Desktop/ROS_Workspace/Honours_a1797823_a1764124/ROS_Workspace/src/build/cameraPub/build install --record /home/teamvision/Desktop/ROS_Workspace/Honours_a1797823_a1764124/ROS_Workspace/src/build/cameraPub/install.log --install-scripts $base/lib/cameraPub --single-version-externally-managed
[1.989s] running egg_info
[1.990s] writing ../build/cameraPub/cameraPub.egg-info/PKG-INFO
[1.992s] writing dependency_links to ../build/cameraPub/cameraPub.egg-info/dependency_links.txt
[1.992s] writing entry points to ../build/cameraPub/cameraPub.egg-info/entry_points.txt
[1.992s] writing requirements to ../build/cameraPub/cameraPub.egg-info/requires.txt
[1.992s] writing top-level names to ../build/cameraPub/cameraPub.egg-info/top_level.txt
[2.043s] reading manifest file '../build/cameraPub/cameraPub.egg-info/SOURCES.txt'
[2.044s] writing manifest file '../build/cameraPub/cameraPub.egg-info/SOURCES.txt'
[2.045s] running build
[2.045s] running build_py
[2.046s] running install
[2.047s] running install_lib
[2.049s] running install_data
[2.050s] running install_egg_info
[2.053s] removing '/home/teamvision/Desktop/ROS_Workspace/Honours_a1797823_a1764124/ROS_Workspace/src/install/cameraPub/lib/python3.8/site-packages/cameraPub-0.0.0-py3.8.egg-info' (and everything under it)
[2.053s] Copying ../build/cameraPub/cameraPub.egg-info to /home/teamvision/Desktop/ROS_Workspace/Honours_a1797823_a1764124/ROS_Workspace/src/install/cameraPub/lib/python3.8/site-packages/cameraPub-0.0.0-py3.8.egg-info
[2.054s] running install_scripts
[2.078s] Installing cameraPub script to /home/teamvision/Desktop/ROS_Workspace/Honours_a1797823_a1764124/ROS_Workspace/src/install/cameraPub/lib/cameraPub
[2.079s] writing list of installed files to '/home/teamvision/Desktop/ROS_Workspace/Honours_a1797823_a1764124/ROS_Workspace/src/build/cameraPub/install.log'
[2.228s] Invoked command in '/home/teamvision/Desktop/ROS_Workspace/Honours_a1797823_a1764124/ROS_Workspace/src/cameraPub' returned '0': PYTHONPATH=/home/teamvision/Desktop/ROS_Workspace/Honours_a1797823_a1764124/ROS_Workspace/src/build/cameraPub/prefix_override:/home/teamvision/Desktop/ROS_Workspace/Honours_a1797823_a1764124/ROS_Workspace/src/install/cameraPub/lib/python3.8/site-packages:${PYTHONPATH} /usr/bin/python3 setup.py egg_info --egg-base ../build/cameraPub build --build-base /home/teamvision/Desktop/ROS_Workspace/Honours_a1797823_a1764124/ROS_Workspace/src/build/cameraPub/build install --record /home/teamvision/Desktop/ROS_Workspace/Honours_a1797823_a1764124/ROS_Workspace/src/build/cameraPub/install.log --install-scripts $base/lib/cameraPub --single-version-externally-managed
