[1.192s] Invoking command in '/home/teamvision/Desktop/ROS_Workspace/Honours_a1797823_a1764124/ROS_Workspace/build/cameraPub': PYTHONPATH=/home/teamvision/Desktop/ROS_Workspace/Honours_a1797823_a1764124/ROS_Workspace/build/cameraPub/prefix_override:/home/teamvision/Desktop/ROS_Workspace/Honours_a1797823_a1764124/ROS_Workspace/install/cameraPub/lib/python3.8/site-packages:${PYTHONPATH} /usr/bin/python3 setup.py develop --editable --build-directory /home/teamvision/Desktop/ROS_Workspace/Honours_a1797823_a1764124/ROS_Workspace/build/cameraPub/build --no-deps install_data
[1.495s] running develop
[1.681s] running egg_info
[1.681s] creating cameraPub.egg-info
[1.681s] writing cameraPub.egg-info/PKG-INFO
[1.682s] writing dependency_links to cameraPub.egg-info/dependency_links.txt
[1.682s] writing entry points to cameraPub.egg-info/entry_points.txt
[1.682s] writing requirements to cameraPub.egg-info/requires.txt
[1.682s] writing top-level names to cameraPub.egg-info/top_level.txt
[1.683s] writing manifest file 'cameraPub.egg-info/SOURCES.txt'
[1.727s] reading manifest file 'cameraPub.egg-info/SOURCES.txt'
[1.727s] writing manifest file 'cameraPub.egg-info/SOURCES.txt'
[1.773s] running build_ext
[1.774s] Creating /home/teamvision/Desktop/ROS_Workspace/Honours_a1797823_a1764124/ROS_Workspace/install/cameraPub/lib/python3.8/site-packages/site.py
[1.777s] Creating /home/teamvision/Desktop/ROS_Workspace/Honours_a1797823_a1764124/ROS_Workspace/install/cameraPub/lib/python3.8/site-packages/cameraPub.egg-link (link to .)
[1.777s] Installing cameraPub script to /home/teamvision/Desktop/ROS_Workspace/Honours_a1797823_a1764124/ROS_Workspace/install/cameraPub/lib/cameraPub
[1.778s] 
[1.778s] Installed /home/teamvision/Desktop/ROS_Workspace/Honours_a1797823_a1764124/ROS_Workspace/build/cameraPub
[1.778s] running install_data
[1.778s] creating /home/teamvision/Desktop/ROS_Workspace/Honours_a1797823_a1764124/ROS_Workspace/install/cameraPub/share/ament_index
[1.778s] creating /home/teamvision/Desktop/ROS_Workspace/Honours_a1797823_a1764124/ROS_Workspace/install/cameraPub/share/ament_index/resource_index
[1.779s] creating /home/teamvision/Desktop/ROS_Workspace/Honours_a1797823_a1764124/ROS_Workspace/install/cameraPub/share/ament_index/resource_index/packages
[1.779s] copying resource/cameraPub -> /home/teamvision/Desktop/ROS_Workspace/Honours_a1797823_a1764124/ROS_Workspace/install/cameraPub/share/ament_index/resource_index/packages
[1.779s] copying package.xml -> /home/teamvision/Desktop/ROS_Workspace/Honours_a1797823_a1764124/ROS_Workspace/install/cameraPub/share/cameraPub
[1.821s] Invoked command in '/home/teamvision/Desktop/ROS_Workspace/Honours_a1797823_a1764124/ROS_Workspace/build/cameraPub' returned '0': PYTHONPATH=/home/teamvision/Desktop/ROS_Workspace/Honours_a1797823_a1764124/ROS_Workspace/build/cameraPub/prefix_override:/home/teamvision/Desktop/ROS_Workspace/Honours_a1797823_a1764124/ROS_Workspace/install/cameraPub/lib/python3.8/site-packages:${PYTHONPATH} /usr/bin/python3 setup.py develop --editable --build-directory /home/teamvision/Desktop/ROS_Workspace/Honours_a1797823_a1764124/ROS_Workspace/build/cameraPub/build --no-deps install_data
