[1.719s] Invoking command in '/home/teamvision/Desktop/ROS_Workspace/Honours_a1797823_a1764124/ROS_Workspace/src/UGV2Vision': PYTHONPATH=/home/teamvision/Desktop/ROS_Workspace/Honours_a1797823_a1764124/ROS_Workspace/src/build/UGV2Vision/prefix_override:/home/teamvision/Desktop/ROS_Workspace/Honours_a1797823_a1764124/ROS_Workspace/src/install/UGV2Vision/lib/python3.8/site-packages:${PYTHONPATH} /usr/bin/python3 setup.py egg_info --egg-base ../build/UGV2Vision build --build-base /home/teamvision/Desktop/ROS_Workspace/Honours_a1797823_a1764124/ROS_Workspace/src/build/UGV2Vision/build install --record /home/teamvision/Desktop/ROS_Workspace/Honours_a1797823_a1764124/ROS_Workspace/src/build/UGV2Vision/install.log --install-scripts $base/lib/UGV2Vision --single-version-externally-managed
[2.103s] running egg_info
[2.104s] writing ../build/UGV2Vision/UGV2Vision.egg-info/PKG-INFO
[2.104s] writing dependency_links to ../build/UGV2Vision/UGV2Vision.egg-info/dependency_links.txt
[2.106s] writing entry points to ../build/UGV2Vision/UGV2Vision.egg-info/entry_points.txt
[2.106s] writing requirements to ../build/UGV2Vision/UGV2Vision.egg-info/requires.txt
[2.106s] writing top-level names to ../build/UGV2Vision/UGV2Vision.egg-info/top_level.txt
[2.169s] reading manifest file '../build/UGV2Vision/UGV2Vision.egg-info/SOURCES.txt'
[2.170s] writing manifest file '../build/UGV2Vision/UGV2Vision.egg-info/SOURCES.txt'
[2.171s] running build
[2.171s] running build_py
[2.171s] running install
[2.172s] running install_lib
[2.174s] running install_data
[2.174s] running install_egg_info
[2.177s] removing '/home/teamvision/Desktop/ROS_Workspace/Honours_a1797823_a1764124/ROS_Workspace/src/install/UGV2Vision/lib/python3.8/site-packages/UGV2Vision-0.0.0-py3.8.egg-info' (and everything under it)
[2.177s] Copying ../build/UGV2Vision/UGV2Vision.egg-info to /home/teamvision/Desktop/ROS_Workspace/Honours_a1797823_a1764124/ROS_Workspace/src/install/UGV2Vision/lib/python3.8/site-packages/UGV2Vision-0.0.0-py3.8.egg-info
[2.178s] running install_scripts
[2.202s] Installing UGV2Vision script to /home/teamvision/Desktop/ROS_Workspace/Honours_a1797823_a1764124/ROS_Workspace/src/install/UGV2Vision/lib/UGV2Vision
[2.203s] writing list of installed files to '/home/teamvision/Desktop/ROS_Workspace/Honours_a1797823_a1764124/ROS_Workspace/src/build/UGV2Vision/install.log'
[2.242s] Invoked command in '/home/teamvision/Desktop/ROS_Workspace/Honours_a1797823_a1764124/ROS_Workspace/src/UGV2Vision' returned '0': PYTHONPATH=/home/teamvision/Desktop/ROS_Workspace/Honours_a1797823_a1764124/ROS_Workspace/src/build/UGV2Vision/prefix_override:/home/teamvision/Desktop/ROS_Workspace/Honours_a1797823_a1764124/ROS_Workspace/src/install/UGV2Vision/lib/python3.8/site-packages:${PYTHONPATH} /usr/bin/python3 setup.py egg_info --egg-base ../build/UGV2Vision build --build-base /home/teamvision/Desktop/ROS_Workspace/Honours_a1797823_a1764124/ROS_Workspace/src/build/UGV2Vision/build install --record /home/teamvision/Desktop/ROS_Workspace/Honours_a1797823_a1764124/ROS_Workspace/src/build/UGV2Vision/install.log --install-scripts $base/lib/UGV2Vision --single-version-externally-managed
