[5.384s] Invoking command in '/home/max/Desktop/VisionCode/Honours_a1797823_a1764124/ROS_Workspace/src/cameraSub': PYTHONPATH=/home/max/Desktop/VisionCode/Honours_a1797823_a1764124/ROS_Workspace/src/build/cameraSub/prefix_override:/home/max/Desktop/VisionCode/Honours_a1797823_a1764124/ROS_Workspace/src/install/cameraSub/lib/python3.8/site-packages:${PYTHONPATH} /usr/bin/python3 setup.py egg_info --egg-base ../build/cameraSub build --build-base /home/max/Desktop/VisionCode/Honours_a1797823_a1764124/ROS_Workspace/src/build/cameraSub/build install --record /home/max/Desktop/VisionCode/Honours_a1797823_a1764124/ROS_Workspace/src/build/cameraSub/install.log --install-scripts $base/lib/cameraPub --single-version-externally-managed
[5.995s] running egg_info
[5.995s] writing ../build/cameraSub/cameraSub.egg-info/PKG-INFO
[5.995s] writing dependency_links to ../build/cameraSub/cameraSub.egg-info/dependency_links.txt
[5.997s] writing entry points to ../build/cameraSub/cameraSub.egg-info/entry_points.txt
[5.998s] writing requirements to ../build/cameraSub/cameraSub.egg-info/requires.txt
[5.998s] writing top-level names to ../build/cameraSub/cameraSub.egg-info/top_level.txt
[6.081s] reading manifest file '../build/cameraSub/cameraSub.egg-info/SOURCES.txt'
[6.083s] writing manifest file '../build/cameraSub/cameraSub.egg-info/SOURCES.txt'
[6.084s] running build
[6.084s] running build_py
[6.084s] running install
[6.088s] running install_lib
[6.092s] running install_data
[6.093s] running install_egg_info
[6.111s] removing '/home/max/Desktop/VisionCode/Honours_a1797823_a1764124/ROS_Workspace/src/install/cameraSub/lib/python3.8/site-packages/cameraSub-0.0.0-py3.8.egg-info' (and everything under it)
[6.112s] Copying ../build/cameraSub/cameraSub.egg-info to /home/max/Desktop/VisionCode/Honours_a1797823_a1764124/ROS_Workspace/src/install/cameraSub/lib/python3.8/site-packages/cameraSub-0.0.0-py3.8.egg-info
[6.112s] running install_scripts
[6.154s] Installing cameraSub script to /home/max/Desktop/VisionCode/Honours_a1797823_a1764124/ROS_Workspace/src/install/cameraSub/lib/cameraPub
[6.154s] writing list of installed files to '/home/max/Desktop/VisionCode/Honours_a1797823_a1764124/ROS_Workspace/src/build/cameraSub/install.log'
[6.321s] Invoked command in '/home/max/Desktop/VisionCode/Honours_a1797823_a1764124/ROS_Workspace/src/cameraSub' returned '0': PYTHONPATH=/home/max/Desktop/VisionCode/Honours_a1797823_a1764124/ROS_Workspace/src/build/cameraSub/prefix_override:/home/max/Desktop/VisionCode/Honours_a1797823_a1764124/ROS_Workspace/src/install/cameraSub/lib/python3.8/site-packages:${PYTHONPATH} /usr/bin/python3 setup.py egg_info --egg-base ../build/cameraSub build --build-base /home/max/Desktop/VisionCode/Honours_a1797823_a1764124/ROS_Workspace/src/build/cameraSub/build install --record /home/max/Desktop/VisionCode/Honours_a1797823_a1764124/ROS_Workspace/src/build/cameraSub/install.log --install-scripts $base/lib/cameraPub --single-version-externally-managed
