[2.152s] Invoking command in '/home/teamvision/Desktop/ROS_Workspace/Honours_a1797823_a1764124/ROS_Workspace/src/UGV1Processing': PYTHONPATH=/home/teamvision/Desktop/ROS_Workspace/Honours_a1797823_a1764124/ROS_Workspace/src/build/UGV1Processing/prefix_override:/home/teamvision/Desktop/ROS_Workspace/Honours_a1797823_a1764124/ROS_Workspace/src/install/UGV1Processing/lib/python3.8/site-packages:${PYTHONPATH} /usr/bin/python3 setup.py egg_info --egg-base ../build/UGV1Processing build --build-base /home/teamvision/Desktop/ROS_Workspace/Honours_a1797823_a1764124/ROS_Workspace/src/build/UGV1Processing/build install --record /home/teamvision/Desktop/ROS_Workspace/Honours_a1797823_a1764124/ROS_Workspace/src/build/UGV1Processing/install.log --install-scripts $base/lib/UGV1Processing --single-version-externally-managed
[2.664s] running egg_info
[2.664s] writing ../build/UGV1Processing/UGV1Processing.egg-info/PKG-INFO
[2.664s] writing dependency_links to ../build/UGV1Processing/UGV1Processing.egg-info/dependency_links.txt
[2.664s] writing entry points to ../build/UGV1Processing/UGV1Processing.egg-info/entry_points.txt
[2.664s] writing requirements to ../build/UGV1Processing/UGV1Processing.egg-info/requires.txt
[2.664s] writing top-level names to ../build/UGV1Processing/UGV1Processing.egg-info/top_level.txt
[2.758s] reading manifest file '../build/UGV1Processing/UGV1Processing.egg-info/SOURCES.txt'
[2.765s] writing manifest file '../build/UGV1Processing/UGV1Processing.egg-info/SOURCES.txt'
[2.765s] running build
[2.766s] running build_py
[2.766s] running install
[2.767s] running install_lib
[2.767s] running install_data
[2.768s] running install_egg_info
[2.770s] removing '/home/teamvision/Desktop/ROS_Workspace/Honours_a1797823_a1764124/ROS_Workspace/src/install/UGV1Processing/lib/python3.8/site-packages/UGV1Processing-0.0.0-py3.8.egg-info' (and everything under it)
[2.770s] Copying ../build/UGV1Processing/UGV1Processing.egg-info to /home/teamvision/Desktop/ROS_Workspace/Honours_a1797823_a1764124/ROS_Workspace/src/install/UGV1Processing/lib/python3.8/site-packages/UGV1Processing-0.0.0-py3.8.egg-info
[2.770s] running install_scripts
[2.823s] Installing UGV1Processing script to /home/teamvision/Desktop/ROS_Workspace/Honours_a1797823_a1764124/ROS_Workspace/src/install/UGV1Processing/lib/UGV1Processing
[2.823s] writing list of installed files to '/home/teamvision/Desktop/ROS_Workspace/Honours_a1797823_a1764124/ROS_Workspace/src/build/UGV1Processing/install.log'
[3.394s] Invoked command in '/home/teamvision/Desktop/ROS_Workspace/Honours_a1797823_a1764124/ROS_Workspace/src/UGV1Processing' returned '0': PYTHONPATH=/home/teamvision/Desktop/ROS_Workspace/Honours_a1797823_a1764124/ROS_Workspace/src/build/UGV1Processing/prefix_override:/home/teamvision/Desktop/ROS_Workspace/Honours_a1797823_a1764124/ROS_Workspace/src/install/UGV1Processing/lib/python3.8/site-packages:${PYTHONPATH} /usr/bin/python3 setup.py egg_info --egg-base ../build/UGV1Processing build --build-base /home/teamvision/Desktop/ROS_Workspace/Honours_a1797823_a1764124/ROS_Workspace/src/build/UGV1Processing/build install --record /home/teamvision/Desktop/ROS_Workspace/Honours_a1797823_a1764124/ROS_Workspace/src/build/UGV1Processing/install.log --install-scripts $base/lib/UGV1Processing --single-version-externally-managed
