[1.141s] Invoking command in '/home/teamvision/Desktop/ROS_Workspace/Honours_a1797823_a1764124/ROS_Workspace/src/UAVVision': PYTHONPATH=/home/teamvision/Desktop/ROS_Workspace/Honours_a1797823_a1764124/ROS_Workspace/src/build/UAVVision/prefix_override:/home/teamvision/Desktop/ROS_Workspace/Honours_a1797823_a1764124/ROS_Workspace/src/install/UAVVision/lib/python3.8/site-packages:${PYTHONPATH} /usr/bin/python3 setup.py egg_info --egg-base ../build/UAVVision build --build-base /home/teamvision/Desktop/ROS_Workspace/Honours_a1797823_a1764124/ROS_Workspace/src/build/UAVVision/build install --record /home/teamvision/Desktop/ROS_Workspace/Honours_a1797823_a1764124/ROS_Workspace/src/build/UAVVision/install.log --install-scripts $base/lib/UAVVision --single-version-externally-managed
[1.514s] running egg_info
[1.515s] writing ../build/UAVVision/UAVVision.egg-info/PKG-INFO
[1.515s] writing dependency_links to ../build/UAVVision/UAVVision.egg-info/dependency_links.txt
[1.515s] writing entry points to ../build/UAVVision/UAVVision.egg-info/entry_points.txt
[1.516s] writing requirements to ../build/UAVVision/UAVVision.egg-info/requires.txt
[1.516s] writing top-level names to ../build/UAVVision/UAVVision.egg-info/top_level.txt
[1.568s] reading manifest file '../build/UAVVision/UAVVision.egg-info/SOURCES.txt'
[1.569s] writing manifest file '../build/UAVVision/UAVVision.egg-info/SOURCES.txt'
[1.569s] running build
[1.569s] running build_py
[1.572s] running install
[1.572s] running install_lib
[1.573s] running install_data
[1.574s] running install_egg_info
[1.576s] removing '/home/teamvision/Desktop/ROS_Workspace/Honours_a1797823_a1764124/ROS_Workspace/src/install/UAVVision/lib/python3.8/site-packages/UAVVision-0.0.0-py3.8.egg-info' (and everything under it)
[1.576s] Copying ../build/UAVVision/UAVVision.egg-info to /home/teamvision/Desktop/ROS_Workspace/Honours_a1797823_a1764124/ROS_Workspace/src/install/UAVVision/lib/python3.8/site-packages/UAVVision-0.0.0-py3.8.egg-info
[1.579s] running install_scripts
[1.600s] Installing UAVVision script to /home/teamvision/Desktop/ROS_Workspace/Honours_a1797823_a1764124/ROS_Workspace/src/install/UAVVision/lib/UAVVision
[1.600s] writing list of installed files to '/home/teamvision/Desktop/ROS_Workspace/Honours_a1797823_a1764124/ROS_Workspace/src/build/UAVVision/install.log'
[1.799s] Invoked command in '/home/teamvision/Desktop/ROS_Workspace/Honours_a1797823_a1764124/ROS_Workspace/src/UAVVision' returned '0': PYTHONPATH=/home/teamvision/Desktop/ROS_Workspace/Honours_a1797823_a1764124/ROS_Workspace/src/build/UAVVision/prefix_override:/home/teamvision/Desktop/ROS_Workspace/Honours_a1797823_a1764124/ROS_Workspace/src/install/UAVVision/lib/python3.8/site-packages:${PYTHONPATH} /usr/bin/python3 setup.py egg_info --egg-base ../build/UAVVision build --build-base /home/teamvision/Desktop/ROS_Workspace/Honours_a1797823_a1764124/ROS_Workspace/src/build/UAVVision/build install --record /home/teamvision/Desktop/ROS_Workspace/Honours_a1797823_a1764124/ROS_Workspace/src/build/UAVVision/install.log --install-scripts $base/lib/UAVVision --single-version-externally-managed
