[0.683s] Invoking command in '/home/max/Desktop/VisionCode/Honours_a1797823_a1764124/ROS_Workspace/src/UGV1Processing': PYTHONPATH=/home/max/Desktop/VisionCode/Honours_a1797823_a1764124/ROS_Workspace/src/UGV1Processing/build/UGV1Processing/prefix_override:/home/max/Desktop/VisionCode/Honours_a1797823_a1764124/ROS_Workspace/src/UGV1Processing/install/UGV1Processing/lib/python3.8/site-packages:${PYTHONPATH} /usr/bin/python3 setup.py egg_info --egg-base build/UGV1Processing build --build-base /home/max/Desktop/VisionCode/Honours_a1797823_a1764124/ROS_Workspace/src/UGV1Processing/build/UGV1Processing/build install --record /home/max/Desktop/VisionCode/Honours_a1797823_a1764124/ROS_Workspace/src/UGV1Processing/build/UGV1Processing/install.log --install-scripts $base/lib/UGV1Processing --single-version-externally-managed
[0.886s] running egg_info
[0.886s] writing build/UGV1Processing/UGV1Processing.egg-info/PKG-INFO
[0.887s] writing dependency_links to build/UGV1Processing/UGV1Processing.egg-info/dependency_links.txt
[0.887s] writing entry points to build/UGV1Processing/UGV1Processing.egg-info/entry_points.txt
[0.887s] writing requirements to build/UGV1Processing/UGV1Processing.egg-info/requires.txt
[0.887s] writing top-level names to build/UGV1Processing/UGV1Processing.egg-info/top_level.txt
[0.924s] reading manifest file 'build/UGV1Processing/UGV1Processing.egg-info/SOURCES.txt'
[0.925s] writing manifest file 'build/UGV1Processing/UGV1Processing.egg-info/SOURCES.txt'
[0.925s] running build
[0.925s] running build_py
[0.925s] copying UGV1Processing/UGV1Processing.py -> /home/max/Desktop/VisionCode/Honours_a1797823_a1764124/ROS_Workspace/src/UGV1Processing/build/UGV1Processing/build/lib/UGV1Processing
[0.925s] running install
[0.926s] running install_lib
[0.927s] copying /home/max/Desktop/VisionCode/Honours_a1797823_a1764124/ROS_Workspace/src/UGV1Processing/build/UGV1Processing/build/lib/UGV1Processing/UGV1Processing.py -> /home/max/Desktop/VisionCode/Honours_a1797823_a1764124/ROS_Workspace/src/UGV1Processing/install/UGV1Processing/lib/python3.8/site-packages/UGV1Processing
[0.927s] byte-compiling /home/max/Desktop/VisionCode/Honours_a1797823_a1764124/ROS_Workspace/src/UGV1Processing/install/UGV1Processing/lib/python3.8/site-packages/UGV1Processing/UGV1Processing.py to UGV1Processing.cpython-38.pyc
[0.929s] running install_data
[0.929s] running install_egg_info
[0.930s] removing '/home/max/Desktop/VisionCode/Honours_a1797823_a1764124/ROS_Workspace/src/UGV1Processing/install/UGV1Processing/lib/python3.8/site-packages/UGV1Processing-0.0.0-py3.8.egg-info' (and everything under it)
[0.931s] Copying build/UGV1Processing/UGV1Processing.egg-info to /home/max/Desktop/VisionCode/Honours_a1797823_a1764124/ROS_Workspace/src/UGV1Processing/install/UGV1Processing/lib/python3.8/site-packages/UGV1Processing-0.0.0-py3.8.egg-info
[0.931s] running install_scripts
[0.947s] Installing UGV1Processing script to /home/max/Desktop/VisionCode/Honours_a1797823_a1764124/ROS_Workspace/src/UGV1Processing/install/UGV1Processing/lib/UGV1Processing
[0.947s] writing list of installed files to '/home/max/Desktop/VisionCode/Honours_a1797823_a1764124/ROS_Workspace/src/UGV1Processing/build/UGV1Processing/install.log'
[0.977s] Invoked command in '/home/max/Desktop/VisionCode/Honours_a1797823_a1764124/ROS_Workspace/src/UGV1Processing' returned '0': PYTHONPATH=/home/max/Desktop/VisionCode/Honours_a1797823_a1764124/ROS_Workspace/src/UGV1Processing/build/UGV1Processing/prefix_override:/home/max/Desktop/VisionCode/Honours_a1797823_a1764124/ROS_Workspace/src/UGV1Processing/install/UGV1Processing/lib/python3.8/site-packages:${PYTHONPATH} /usr/bin/python3 setup.py egg_info --egg-base build/UGV1Processing build --build-base /home/max/Desktop/VisionCode/Honours_a1797823_a1764124/ROS_Workspace/src/UGV1Processing/build/UGV1Processing/build install --record /home/max/Desktop/VisionCode/Honours_a1797823_a1764124/ROS_Workspace/src/UGV1Processing/build/UGV1Processing/install.log --install-scripts $base/lib/UGV1Processing --single-version-externally-managed
