[0.066s] Invoking command in '/home/teamvision/Desktop/ROS_Workspace/Honours_a1797823_a1764124/ROS_Workspace/src/build/custom_srvs': CMAKE_PREFIX_PATH=${CMAKE_PREFIX_PATH}:/home/teamvision/Desktop/ROS_Workspace/Honours_a1797823_a1764124/ROS_Workspace/src/install/turtlebot3_teleop:/home/teamvision/Desktop/ROS_Workspace/Honours_a1797823_a1764124/ROS_Workspace/src/install/turtlebot3_navigation:/home/teamvision/Desktop/ROS_Workspace/Honours_a1797823_a1764124/ROS_Workspace/src/install/turtlebot3_example:/home/teamvision/Desktop/ROS_Workspace/Honours_a1797823_a1764124/ROS_Workspace/src/install/path_planner_server:/home/teamvision/Desktop/ROS_Workspace/Honours_a1797823_a1764124/ROS_Workspace/src/install/localization_server:/home/teamvision/Desktop/ROS_Workspace/Honours_a1797823_a1764124/ROS_Workspace/src/install/cameraSub:/home/teamvision/Desktop/ROS_Workspace/Honours_a1797823_a1764124/ROS_Workspace/src/install/cameraPub:/home/teamvision/Desktop/ROS_Workspace/Honours_a1797823_a1764124/ROS_Workspace/src/install/UGV2Vision:/home/teamvision/Desktop/ROS_Workspace/Honours_a1797823_a1764124/ROS_Workspace/src/install/UGV2Processing:/home/teamvision/Desktop/ROS_Workspace/Honours_a1797823_a1764124/ROS_Workspace/src/install/UGV2Main:/home/teamvision/Desktop/ROS_Workspace/Honours_a1797823_a1764124/ROS_Workspace/src/install/UGV1Vision:/home/teamvision/Desktop/ROS_Workspace/Honours_a1797823_a1764124/ROS_Workspace/src/install/UGV1Processing:/home/teamvision/Desktop/ROS_Workspace/Honours_a1797823_a1764124/ROS_Workspace/src/install/UGV1Main:/home/teamvision/Desktop/ROS_Workspace/Honours_a1797823_a1764124/ROS_Workspace/src/install/UAVVision:/home/teamvision/Desktop/ROS_Workspace/Honours_a1797823_a1764124/ROS_Workspace/src/install/UAVProcessing:/home/teamvision/Desktop/ROS_Workspace/Honours_a1797823_a1764124/ROS_Workspace/src/install/UAVMain:/home/teamvision/Desktop/ROS_Workspace/Honours_a1797823_a1764124/ROS_Workspace/src/install/Konig:/opt/ros/foxy /usr/bin/cmake --build /home/teamvision/Desktop/ROS_Workspace/Honours_a1797823_a1764124/ROS_Workspace/src/build/custom_srvs -- -j4 -l4
[0.185s] [ 10%] Built target custom_srvs__rosidl_generator_c
[0.209s] [ 12%] Built target custom_srvs__cpp
[0.307s] [ 23%] Built target custom_srvs__rosidl_typesupport_introspection_c
[0.319s] [ 33%] Built target custom_srvs__rosidl_typesupport_cpp
[0.329s] [ 43%] Built target custom_srvs__rosidl_typesupport_c
[0.336s] [ 53%] Built target custom_srvs__rosidl_typesupport_fastrtps_cpp
[0.350s] [ 64%] Built target custom_srvs__rosidl_typesupport_introspection_cpp
[0.401s] [ 74%] Built target custom_srvs__rosidl_typesupport_fastrtps_c
[0.429s] [ 74%] Built target custom_srvs
[0.463s] [ 76%] Built target custom_srvs__py
[0.496s] [ 84%] Built target custom_srvs__python
[0.541s] [ 89%] Built target custom_srvs__rosidl_typesupport_introspection_c__pyext
[0.559s] [ 94%] Built target custom_srvs__rosidl_typesupport_c__pyext
[0.564s] [100%] Built target custom_srvs__rosidl_typesupport_fastrtps_c__pyext
[0.747s] Invoked command in '/home/teamvision/Desktop/ROS_Workspace/Honours_a1797823_a1764124/ROS_Workspace/src/build/custom_srvs' returned '0': CMAKE_PREFIX_PATH=${CMAKE_PREFIX_PATH}:/home/teamvision/Desktop/ROS_Workspace/Honours_a1797823_a1764124/ROS_Workspace/src/install/turtlebot3_teleop:/home/teamvision/Desktop/ROS_Workspace/Honours_a1797823_a1764124/ROS_Workspace/src/install/turtlebot3_navigation:/home/teamvision/Desktop/ROS_Workspace/Honours_a1797823_a1764124/ROS_Workspace/src/install/turtlebot3_example:/home/teamvision/Desktop/ROS_Workspace/Honours_a1797823_a1764124/ROS_Workspace/src/install/path_planner_server:/home/teamvision/Desktop/ROS_Workspace/Honours_a1797823_a1764124/ROS_Workspace/src/install/localization_server:/home/teamvision/Desktop/ROS_Workspace/Honours_a1797823_a1764124/ROS_Workspace/src/install/cameraSub:/home/teamvision/Desktop/ROS_Workspace/Honours_a1797823_a1764124/ROS_Workspace/src/install/cameraPub:/home/teamvision/Desktop/ROS_Workspace/Honours_a1797823_a1764124/ROS_Workspace/src/install/UGV2Vision:/home/teamvision/Desktop/ROS_Workspace/Honours_a1797823_a1764124/ROS_Workspace/src/install/UGV2Processing:/home/teamvision/Desktop/ROS_Workspace/Honours_a1797823_a1764124/ROS_Workspace/src/install/UGV2Main:/home/teamvision/Desktop/ROS_Workspace/Honours_a1797823_a1764124/ROS_Workspace/src/install/UGV1Vision:/home/teamvision/Desktop/ROS_Workspace/Honours_a1797823_a1764124/ROS_Workspace/src/install/UGV1Processing:/home/teamvision/Desktop/ROS_Workspace/Honours_a1797823_a1764124/ROS_Workspace/src/install/UGV1Main:/home/teamvision/Desktop/ROS_Workspace/Honours_a1797823_a1764124/ROS_Workspace/src/install/UAVVision:/home/teamvision/Desktop/ROS_Workspace/Honours_a1797823_a1764124/ROS_Workspace/src/install/UAVProcessing:/home/teamvision/Desktop/ROS_Workspace/Honours_a1797823_a1764124/ROS_Workspace/src/install/UAVMain:/home/teamvision/Desktop/ROS_Workspace/Honours_a1797823_a1764124/ROS_Workspace/src/install/Konig:/opt/ros/foxy /usr/bin/cmake --build /home/teamvision/Desktop/ROS_Workspace/Honours_a1797823_a1764124/ROS_Workspace/src/build/custom_srvs -- -j4 -l4
[1.232s] Invoking command in '/home/teamvision/Desktop/ROS_Workspace/Honours_a1797823_a1764124/ROS_Workspace/src/build/custom_srvs': CMAKE_PREFIX_PATH=${CMAKE_PREFIX_PATH}:/home/teamvision/Desktop/ROS_Workspace/Honours_a1797823_a1764124/ROS_Workspace/src/install/turtlebot3_teleop:/home/teamvision/Desktop/ROS_Workspace/Honours_a1797823_a1764124/ROS_Workspace/src/install/turtlebot3_navigation:/home/teamvision/Desktop/ROS_Workspace/Honours_a1797823_a1764124/ROS_Workspace/src/install/turtlebot3_example:/home/teamvision/Desktop/ROS_Workspace/Honours_a1797823_a1764124/ROS_Workspace/src/install/path_planner_server:/home/teamvision/Desktop/ROS_Workspace/Honours_a1797823_a1764124/ROS_Workspace/src/install/localization_server:/home/teamvision/Desktop/ROS_Workspace/Honours_a1797823_a1764124/ROS_Workspace/src/install/cameraSub:/home/teamvision/Desktop/ROS_Workspace/Honours_a1797823_a1764124/ROS_Workspace/src/install/cameraPub:/home/teamvision/Desktop/ROS_Workspace/Honours_a1797823_a1764124/ROS_Workspace/src/install/UGV2Vision:/home/teamvision/Desktop/ROS_Workspace/Honours_a1797823_a1764124/ROS_Workspace/src/install/UGV2Processing:/home/teamvision/Desktop/ROS_Workspace/Honours_a1797823_a1764124/ROS_Workspace/src/install/UGV2Main:/home/teamvision/Desktop/ROS_Workspace/Honours_a1797823_a1764124/ROS_Workspace/src/install/UGV1Vision:/home/teamvision/Desktop/ROS_Workspace/Honours_a1797823_a1764124/ROS_Workspace/src/install/UGV1Processing:/home/teamvision/Desktop/ROS_Workspace/Honours_a1797823_a1764124/ROS_Workspace/src/install/UGV1Main:/home/teamvision/Desktop/ROS_Workspace/Honours_a1797823_a1764124/ROS_Workspace/src/install/UAVVision:/home/teamvision/Desktop/ROS_Workspace/Honours_a1797823_a1764124/ROS_Workspace/src/install/UAVProcessing:/home/teamvision/Desktop/ROS_Workspace/Honours_a1797823_a1764124/ROS_Workspace/src/install/UAVMain:/home/teamvision/Desktop/ROS_Workspace/Honours_a1797823_a1764124/ROS_Workspace/src/install/Konig:/opt/ros/foxy /usr/bin/cmake --install /home/teamvision/Desktop/ROS_Workspace/Honours_a1797823_a1764124/ROS_Workspace/src/build/custom_srvs
[1.262s] -- Install configuration: ""
[1.262s] -- Up-to-date: /home/teamvision/Desktop/ROS_Workspace/Honours_a1797823_a1764124/ROS_Workspace/src/install/custom_srvs/share/ament_index/resource_index/rosidl_interfaces/custom_srvs
[1.262s] -- Up-to-date: /home/teamvision/Desktop/ROS_Workspace/Honours_a1797823_a1764124/ROS_Workspace/src/install/custom_srvs/include/custom_srvs
[1.263s] -- Up-to-date: /home/teamvision/Desktop/ROS_Workspace/Honours_a1797823_a1764124/ROS_Workspace/src/install/custom_srvs/include/custom_srvs/srv
[1.263s] -- Up-to-date: /home/teamvision/Desktop/ROS_Workspace/Honours_a1797823_a1764124/ROS_Workspace/src/install/custom_srvs/include/custom_srvs/srv/detail
[1.268s] -- Up-to-date: /home/teamvision/Desktop/ROS_Workspace/Honours_a1797823_a1764124/ROS_Workspace/src/install/custom_srvs/include/custom_srvs/srv/detail/policy__struct.h
[1.269s] -- Up-to-date: /home/teamvision/Desktop/ROS_Workspace/Honours_a1797823_a1764124/ROS_Workspace/src/install/custom_srvs/include/custom_srvs/srv/detail/move_order__struct.h
[1.274s] -- Up-to-date: /home/teamvision/Desktop/ROS_Workspace/Honours_a1797823_a1764124/ROS_Workspace/src/install/custom_srvs/include/custom_srvs/srv/detail/move_order__type_support.h
[1.274s] -- Up-to-date: /home/teamvision/Desktop/ROS_Workspace/Honours_a1797823_a1764124/ROS_Workspace/src/install/custom_srvs/include/custom_srvs/srv/detail/policy__functions.c
[1.275s] -- Up-to-date: /home/teamvision/Desktop/ROS_Workspace/Honours_a1797823_a1764124/ROS_Workspace/src/install/custom_srvs/include/custom_srvs/srv/detail/policy__type_support.h
[1.275s] -- Up-to-date: /home/teamvision/Desktop/ROS_Workspace/Honours_a1797823_a1764124/ROS_Workspace/src/install/custom_srvs/include/custom_srvs/srv/detail/move_order__functions.c
[1.275s] -- Up-to-date: /home/teamvision/Desktop/ROS_Workspace/Honours_a1797823_a1764124/ROS_Workspace/src/install/custom_srvs/include/custom_srvs/srv/detail/policy__functions.h
[1.275s] -- Up-to-date: /home/teamvision/Desktop/ROS_Workspace/Honours_a1797823_a1764124/ROS_Workspace/src/install/custom_srvs/include/custom_srvs/srv/detail/move_order__functions.h
[1.275s] -- Up-to-date: /home/teamvision/Desktop/ROS_Workspace/Honours_a1797823_a1764124/ROS_Workspace/src/install/custom_srvs/include/custom_srvs/srv/policy.h
[1.275s] -- Up-to-date: /home/teamvision/Desktop/ROS_Workspace/Honours_a1797823_a1764124/ROS_Workspace/src/install/custom_srvs/include/custom_srvs/srv/move_order.h
[1.275s] -- Up-to-date: /home/teamvision/Desktop/ROS_Workspace/Honours_a1797823_a1764124/ROS_Workspace/src/install/custom_srvs/include/custom_srvs/msg
[1.276s] -- Up-to-date: /home/teamvision/Desktop/ROS_Workspace/Honours_a1797823_a1764124/ROS_Workspace/src/install/custom_srvs/include/custom_srvs/msg/rosidl_generator_c__visibility_control.h
[1.276s] -- Up-to-date: /home/teamvision/Desktop/ROS_Workspace/Honours_a1797823_a1764124/ROS_Workspace/src/install/custom_srvs/share/custom_srvs/environment/library_path.sh
[1.276s] -- Up-to-date: /home/teamvision/Desktop/ROS_Workspace/Honours_a1797823_a1764124/ROS_Workspace/src/install/custom_srvs/share/custom_srvs/environment/library_path.dsv
[1.276s] -- Up-to-date: /home/teamvision/Desktop/ROS_Workspace/Honours_a1797823_a1764124/ROS_Workspace/src/install/custom_srvs/lib/libcustom_srvs__rosidl_generator_c.so
[1.276s] -- Up-to-date: /home/teamvision/Desktop/ROS_Workspace/Honours_a1797823_a1764124/ROS_Workspace/src/install/custom_srvs/include/custom_srvs
[1.276s] -- Up-to-date: /home/teamvision/Desktop/ROS_Workspace/Honours_a1797823_a1764124/ROS_Workspace/src/install/custom_srvs/include/custom_srvs/srv
[1.276s] -- Up-to-date: /home/teamvision/Desktop/ROS_Workspace/Honours_a1797823_a1764124/ROS_Workspace/src/install/custom_srvs/include/custom_srvs/srv/detail
[1.276s] -- Up-to-date: /home/teamvision/Desktop/ROS_Workspace/Honours_a1797823_a1764124/ROS_Workspace/src/install/custom_srvs/include/custom_srvs/srv/detail/policy__rosidl_typesupport_fastrtps_c.h
[1.276s] -- Up-to-date: /home/teamvision/Desktop/ROS_Workspace/Honours_a1797823_a1764124/ROS_Workspace/src/install/custom_srvs/include/custom_srvs/srv/detail/move_order__rosidl_typesupport_fastrtps_c.h
[1.277s] -- Up-to-date: /home/teamvision/Desktop/ROS_Workspace/Honours_a1797823_a1764124/ROS_Workspace/src/install/custom_srvs/include/custom_srvs/msg
[1.277s] -- Up-to-date: /home/teamvision/Desktop/ROS_Workspace/Honours_a1797823_a1764124/ROS_Workspace/src/install/custom_srvs/include/custom_srvs/msg/rosidl_typesupport_fastrtps_c__visibility_control.h
[1.279s] -- Up-to-date: /home/teamvision/Desktop/ROS_Workspace/Honours_a1797823_a1764124/ROS_Workspace/src/install/custom_srvs/lib/libcustom_srvs__rosidl_typesupport_fastrtps_c.so
[1.279s] -- Up-to-date: /home/teamvision/Desktop/ROS_Workspace/Honours_a1797823_a1764124/ROS_Workspace/src/install/custom_srvs/include/custom_srvs
[1.279s] -- Up-to-date: /home/teamvision/Desktop/ROS_Workspace/Honours_a1797823_a1764124/ROS_Workspace/src/install/custom_srvs/include/custom_srvs/srv
[1.280s] -- Up-to-date: /home/teamvision/Desktop/ROS_Workspace/Honours_a1797823_a1764124/ROS_Workspace/src/install/custom_srvs/include/custom_srvs/srv/detail
[1.280s] -- Up-to-date: /home/teamvision/Desktop/ROS_Workspace/Honours_a1797823_a1764124/ROS_Workspace/src/install/custom_srvs/include/custom_srvs/srv/detail/move_order__rosidl_typesupport_fastrtps_cpp.hpp
[1.280s] -- Up-to-date: /home/teamvision/Desktop/ROS_Workspace/Honours_a1797823_a1764124/ROS_Workspace/src/install/custom_srvs/include/custom_srvs/srv/detail/dds_fastrtps
[1.280s] -- Up-to-date: /home/teamvision/Desktop/ROS_Workspace/Honours_a1797823_a1764124/ROS_Workspace/src/install/custom_srvs/include/custom_srvs/srv/detail/policy__rosidl_typesupport_fastrtps_cpp.hpp
[1.280s] -- Up-to-date: /home/teamvision/Desktop/ROS_Workspace/Honours_a1797823_a1764124/ROS_Workspace/src/install/custom_srvs/include/custom_srvs/msg
[1.280s] -- Up-to-date: /home/teamvision/Desktop/ROS_Workspace/Honours_a1797823_a1764124/ROS_Workspace/src/install/custom_srvs/include/custom_srvs/msg/rosidl_typesupport_fastrtps_cpp__visibility_control.h
[1.280s] -- Up-to-date: /home/teamvision/Desktop/ROS_Workspace/Honours_a1797823_a1764124/ROS_Workspace/src/install/custom_srvs/lib/libcustom_srvs__rosidl_typesupport_fastrtps_cpp.so
[1.281s] -- Up-to-date: /home/teamvision/Desktop/ROS_Workspace/Honours_a1797823_a1764124/ROS_Workspace/src/install/custom_srvs/include/custom_srvs
[1.281s] -- Up-to-date: /home/teamvision/Desktop/ROS_Workspace/Honours_a1797823_a1764124/ROS_Workspace/src/install/custom_srvs/include/custom_srvs/srv
[1.281s] -- Up-to-date: /home/teamvision/Desktop/ROS_Workspace/Honours_a1797823_a1764124/ROS_Workspace/src/install/custom_srvs/include/custom_srvs/srv/detail
[1.281s] -- Up-to-date: /home/teamvision/Desktop/ROS_Workspace/Honours_a1797823_a1764124/ROS_Workspace/src/install/custom_srvs/include/custom_srvs/srv/detail/move_order__type_support.c
[1.281s] -- Up-to-date: /home/teamvision/Desktop/ROS_Workspace/Honours_a1797823_a1764124/ROS_Workspace/src/install/custom_srvs/include/custom_srvs/srv/detail/policy__rosidl_typesupport_introspection_c.h
[1.281s] -- Up-to-date: /home/teamvision/Desktop/ROS_Workspace/Honours_a1797823_a1764124/ROS_Workspace/src/install/custom_srvs/include/custom_srvs/srv/detail/policy__type_support.c
[1.282s] -- Up-to-date: /home/teamvision/Desktop/ROS_Workspace/Honours_a1797823_a1764124/ROS_Workspace/src/install/custom_srvs/include/custom_srvs/srv/detail/move_order__rosidl_typesupport_introspection_c.h
[1.282s] -- Up-to-date: /home/teamvision/Desktop/ROS_Workspace/Honours_a1797823_a1764124/ROS_Workspace/src/install/custom_srvs/include/custom_srvs/msg
[1.282s] -- Up-to-date: /home/teamvision/Desktop/ROS_Workspace/Honours_a1797823_a1764124/ROS_Workspace/src/install/custom_srvs/include/custom_srvs/msg/rosidl_typesupport_introspection_c__visibility_control.h
[1.282s] -- Up-to-date: /home/teamvision/Desktop/ROS_Workspace/Honours_a1797823_a1764124/ROS_Workspace/src/install/custom_srvs/lib/libcustom_srvs__rosidl_typesupport_introspection_c.so
[1.285s] -- Up-to-date: /home/teamvision/Desktop/ROS_Workspace/Honours_a1797823_a1764124/ROS_Workspace/src/install/custom_srvs/lib/libcustom_srvs__rosidl_typesupport_c.so
[1.285s] -- Up-to-date: /home/teamvision/Desktop/ROS_Workspace/Honours_a1797823_a1764124/ROS_Workspace/src/install/custom_srvs/include/custom_srvs
[1.285s] -- Up-to-date: /home/teamvision/Desktop/ROS_Workspace/Honours_a1797823_a1764124/ROS_Workspace/src/install/custom_srvs/include/custom_srvs/srv
[1.285s] -- Up-to-date: /home/teamvision/Desktop/ROS_Workspace/Honours_a1797823_a1764124/ROS_Workspace/src/install/custom_srvs/include/custom_srvs/srv/detail
[1.285s] -- Up-to-date: /home/teamvision/Desktop/ROS_Workspace/Honours_a1797823_a1764124/ROS_Workspace/src/install/custom_srvs/include/custom_srvs/srv/detail/move_order__struct.hpp
[1.285s] -- Up-to-date: /home/teamvision/Desktop/ROS_Workspace/Honours_a1797823_a1764124/ROS_Workspace/src/install/custom_srvs/include/custom_srvs/srv/detail/policy__struct.hpp
[1.286s] -- Up-to-date: /home/teamvision/Desktop/ROS_Workspace/Honours_a1797823_a1764124/ROS_Workspace/src/install/custom_srvs/include/custom_srvs/srv/detail/move_order__traits.hpp
[1.286s] -- Up-to-date: /home/teamvision/Desktop/ROS_Workspace/Honours_a1797823_a1764124/ROS_Workspace/src/install/custom_srvs/include/custom_srvs/srv/detail/policy__traits.hpp
[1.286s] -- Up-to-date: /home/teamvision/Desktop/ROS_Workspace/Honours_a1797823_a1764124/ROS_Workspace/src/install/custom_srvs/include/custom_srvs/srv/detail/policy__builder.hpp
[1.286s] -- Up-to-date: /home/teamvision/Desktop/ROS_Workspace/Honours_a1797823_a1764124/ROS_Workspace/src/install/custom_srvs/include/custom_srvs/srv/detail/move_order__builder.hpp
[1.286s] -- Up-to-date: /home/teamvision/Desktop/ROS_Workspace/Honours_a1797823_a1764124/ROS_Workspace/src/install/custom_srvs/include/custom_srvs/srv/policy.hpp
[1.286s] -- Up-to-date: /home/teamvision/Desktop/ROS_Workspace/Honours_a1797823_a1764124/ROS_Workspace/src/install/custom_srvs/include/custom_srvs/srv/move_order.hpp
[1.286s] -- Up-to-date: /home/teamvision/Desktop/ROS_Workspace/Honours_a1797823_a1764124/ROS_Workspace/src/install/custom_srvs/include/custom_srvs
[1.286s] -- Up-to-date: /home/teamvision/Desktop/ROS_Workspace/Honours_a1797823_a1764124/ROS_Workspace/src/install/custom_srvs/include/custom_srvs/srv
[1.286s] -- Up-to-date: /home/teamvision/Desktop/ROS_Workspace/Honours_a1797823_a1764124/ROS_Workspace/src/install/custom_srvs/include/custom_srvs/srv/detail
[1.287s] -- Up-to-date: /home/teamvision/Desktop/ROS_Workspace/Honours_a1797823_a1764124/ROS_Workspace/src/install/custom_srvs/include/custom_srvs/srv/detail/policy__rosidl_typesupport_introspection_cpp.hpp
[1.287s] -- Up-to-date: /home/teamvision/Desktop/ROS_Workspace/Honours_a1797823_a1764124/ROS_Workspace/src/install/custom_srvs/include/custom_srvs/srv/detail/policy__type_support.cpp
[1.287s] -- Up-to-date: /home/teamvision/Desktop/ROS_Workspace/Honours_a1797823_a1764124/ROS_Workspace/src/install/custom_srvs/include/custom_srvs/srv/detail/move_order__type_support.cpp
[1.287s] -- Up-to-date: /home/teamvision/Desktop/ROS_Workspace/Honours_a1797823_a1764124/ROS_Workspace/src/install/custom_srvs/include/custom_srvs/srv/detail/move_order__rosidl_typesupport_introspection_cpp.hpp
[1.288s] -- Up-to-date: /home/teamvision/Desktop/ROS_Workspace/Honours_a1797823_a1764124/ROS_Workspace/src/install/custom_srvs/lib/libcustom_srvs__rosidl_typesupport_introspection_cpp.so
[1.293s] -- Up-to-date: /home/teamvision/Desktop/ROS_Workspace/Honours_a1797823_a1764124/ROS_Workspace/src/install/custom_srvs/lib/libcustom_srvs__rosidl_typesupport_cpp.so
[1.293s] -- Up-to-date: /home/teamvision/Desktop/ROS_Workspace/Honours_a1797823_a1764124/ROS_Workspace/src/install/custom_srvs/share/custom_srvs/environment/pythonpath.sh
[1.293s] -- Up-to-date: /home/teamvision/Desktop/ROS_Workspace/Honours_a1797823_a1764124/ROS_Workspace/src/install/custom_srvs/share/custom_srvs/environment/pythonpath.dsv
[1.293s] -- Up-to-date: /home/teamvision/Desktop/ROS_Workspace/Honours_a1797823_a1764124/ROS_Workspace/src/install/custom_srvs/lib/python3.8/site-packages/custom_srvs/__init__.py
[1.383s] -- Up-to-date: /home/teamvision/Desktop/ROS_Workspace/Honours_a1797823_a1764124/ROS_Workspace/src/install/custom_srvs/lib/python3.8/site-packages/custom_srvs/srv
[1.383s] -- Up-to-date: /home/teamvision/Desktop/ROS_Workspace/Honours_a1797823_a1764124/ROS_Workspace/src/install/custom_srvs/lib/python3.8/site-packages/custom_srvs/srv/__init__.py
[1.384s] -- Up-to-date: /home/teamvision/Desktop/ROS_Workspace/Honours_a1797823_a1764124/ROS_Workspace/src/install/custom_srvs/lib/python3.8/site-packages/custom_srvs/srv/_policy.py
[1.384s] -- Up-to-date: /home/teamvision/Desktop/ROS_Workspace/Honours_a1797823_a1764124/ROS_Workspace/src/install/custom_srvs/lib/python3.8/site-packages/custom_srvs/srv/_policy_s.c
[1.384s] -- Up-to-date: /home/teamvision/Desktop/ROS_Workspace/Honours_a1797823_a1764124/ROS_Workspace/src/install/custom_srvs/lib/python3.8/site-packages/custom_srvs/srv/_move_order_s.c
[1.384s] -- Up-to-date: /home/teamvision/Desktop/ROS_Workspace/Honours_a1797823_a1764124/ROS_Workspace/src/install/custom_srvs/lib/python3.8/site-packages/custom_srvs/srv/_move_order.py
[1.384s] -- Up-to-date: /home/teamvision/Desktop/ROS_Workspace/Honours_a1797823_a1764124/ROS_Workspace/src/install/custom_srvs/lib/python3.8/site-packages/custom_srvs/custom_srvs_s__rosidl_typesupport_fastrtps_c.cpython-38-x86_64-linux-gnu.so
[1.385s] -- Up-to-date: /home/teamvision/Desktop/ROS_Workspace/Honours_a1797823_a1764124/ROS_Workspace/src/install/custom_srvs/lib/python3.8/site-packages/custom_srvs/custom_srvs_s__rosidl_typesupport_introspection_c.cpython-38-x86_64-linux-gnu.so
[1.389s] -- Up-to-date: /home/teamvision/Desktop/ROS_Workspace/Honours_a1797823_a1764124/ROS_Workspace/src/install/custom_srvs/lib/python3.8/site-packages/custom_srvs/custom_srvs_s__rosidl_typesupport_c.cpython-38-x86_64-linux-gnu.so
[1.389s] -- Up-to-date: /home/teamvision/Desktop/ROS_Workspace/Honours_a1797823_a1764124/ROS_Workspace/src/install/custom_srvs/lib/libcustom_srvs__python.so
[1.389s] -- Up-to-date: /home/teamvision/Desktop/ROS_Workspace/Honours_a1797823_a1764124/ROS_Workspace/src/install/custom_srvs/share/custom_srvs/srv/Policy.idl
[1.389s] -- Up-to-date: /home/teamvision/Desktop/ROS_Workspace/Honours_a1797823_a1764124/ROS_Workspace/src/install/custom_srvs/share/custom_srvs/srv/MoveOrder.idl
[1.390s] -- Up-to-date: /home/teamvision/Desktop/ROS_Workspace/Honours_a1797823_a1764124/ROS_Workspace/src/install/custom_srvs/share/custom_srvs/srv/Policy.srv
[1.390s] -- Up-to-date: /home/teamvision/Desktop/ROS_Workspace/Honours_a1797823_a1764124/ROS_Workspace/src/install/custom_srvs/share/custom_srvs/srv/Policy_Request.msg
[1.390s] -- Up-to-date: /home/teamvision/Desktop/ROS_Workspace/Honours_a1797823_a1764124/ROS_Workspace/src/install/custom_srvs/share/custom_srvs/srv/Policy_Response.msg
[1.390s] -- Up-to-date: /home/teamvision/Desktop/ROS_Workspace/Honours_a1797823_a1764124/ROS_Workspace/src/install/custom_srvs/share/custom_srvs/srv/MoveOrder.srv
[1.390s] -- Up-to-date: /home/teamvision/Desktop/ROS_Workspace/Honours_a1797823_a1764124/ROS_Workspace/src/install/custom_srvs/share/custom_srvs/srv/MoveOrder_Request.msg
[1.390s] -- Up-to-date: /home/teamvision/Desktop/ROS_Workspace/Honours_a1797823_a1764124/ROS_Workspace/src/install/custom_srvs/share/custom_srvs/srv/MoveOrder_Response.msg
[1.390s] -- Up-to-date: /home/teamvision/Desktop/ROS_Workspace/Honours_a1797823_a1764124/ROS_Workspace/src/install/custom_srvs/share/ament_index/resource_index/package_run_dependencies/custom_srvs
[1.390s] -- Up-to-date: /home/teamvision/Desktop/ROS_Workspace/Honours_a1797823_a1764124/ROS_Workspace/src/install/custom_srvs/share/ament_index/resource_index/parent_prefix_path/custom_srvs
[1.390s] -- Up-to-date: /home/teamvision/Desktop/ROS_Workspace/Honours_a1797823_a1764124/ROS_Workspace/src/install/custom_srvs/share/custom_srvs/environment/ament_prefix_path.sh
[1.391s] -- Up-to-date: /home/teamvision/Desktop/ROS_Workspace/Honours_a1797823_a1764124/ROS_Workspace/src/install/custom_srvs/share/custom_srvs/environment/ament_prefix_path.dsv
[1.391s] -- Up-to-date: /home/teamvision/Desktop/ROS_Workspace/Honours_a1797823_a1764124/ROS_Workspace/src/install/custom_srvs/share/custom_srvs/environment/path.sh
[1.391s] -- Up-to-date: /home/teamvision/Desktop/ROS_Workspace/Honours_a1797823_a1764124/ROS_Workspace/src/install/custom_srvs/share/custom_srvs/environment/path.dsv
[1.391s] -- Up-to-date: /home/teamvision/Desktop/ROS_Workspace/Honours_a1797823_a1764124/ROS_Workspace/src/install/custom_srvs/share/custom_srvs/local_setup.bash
[1.391s] -- Up-to-date: /home/teamvision/Desktop/ROS_Workspace/Honours_a1797823_a1764124/ROS_Workspace/src/install/custom_srvs/share/custom_srvs/local_setup.sh
[1.391s] -- Up-to-date: /home/teamvision/Desktop/ROS_Workspace/Honours_a1797823_a1764124/ROS_Workspace/src/install/custom_srvs/share/custom_srvs/local_setup.zsh
[1.391s] -- Up-to-date: /home/teamvision/Desktop/ROS_Workspace/Honours_a1797823_a1764124/ROS_Workspace/src/install/custom_srvs/share/custom_srvs/local_setup.dsv
[1.391s] -- Installing: /home/teamvision/Desktop/ROS_Workspace/Honours_a1797823_a1764124/ROS_Workspace/src/install/custom_srvs/share/custom_srvs/package.dsv
[1.392s] -- Up-to-date: /home/teamvision/Desktop/ROS_Workspace/Honours_a1797823_a1764124/ROS_Workspace/src/install/custom_srvs/share/ament_index/resource_index/packages/custom_srvs
[1.392s] -- Up-to-date: /home/teamvision/Desktop/ROS_Workspace/Honours_a1797823_a1764124/ROS_Workspace/src/install/custom_srvs/share/custom_srvs/cmake/custom_srvs__rosidl_generator_cExport.cmake
[1.392s] -- Up-to-date: /home/teamvision/Desktop/ROS_Workspace/Honours_a1797823_a1764124/ROS_Workspace/src/install/custom_srvs/share/custom_srvs/cmake/custom_srvs__rosidl_generator_cExport-noconfig.cmake
[1.392s] -- Up-to-date: /home/teamvision/Desktop/ROS_Workspace/Honours_a1797823_a1764124/ROS_Workspace/src/install/custom_srvs/share/custom_srvs/cmake/custom_srvs__rosidl_typesupport_introspection_cExport.cmake
[1.392s] -- Up-to-date: /home/teamvision/Desktop/ROS_Workspace/Honours_a1797823_a1764124/ROS_Workspace/src/install/custom_srvs/share/custom_srvs/cmake/custom_srvs__rosidl_typesupport_introspection_cExport-noconfig.cmake
[1.392s] -- Up-to-date: /home/teamvision/Desktop/ROS_Workspace/Honours_a1797823_a1764124/ROS_Workspace/src/install/custom_srvs/share/custom_srvs/cmake/custom_srvs__rosidl_typesupport_cExport.cmake
[1.392s] -- Up-to-date: /home/teamvision/Desktop/ROS_Workspace/Honours_a1797823_a1764124/ROS_Workspace/src/install/custom_srvs/share/custom_srvs/cmake/custom_srvs__rosidl_typesupport_cExport-noconfig.cmake
[1.393s] -- Up-to-date: /home/teamvision/Desktop/ROS_Workspace/Honours_a1797823_a1764124/ROS_Workspace/src/install/custom_srvs/share/custom_srvs/cmake/custom_srvs__rosidl_generator_cppExport.cmake
[1.393s] -- Up-to-date: /home/teamvision/Desktop/ROS_Workspace/Honours_a1797823_a1764124/ROS_Workspace/src/install/custom_srvs/share/custom_srvs/cmake/custom_srvs__rosidl_typesupport_introspection_cppExport.cmake
[1.393s] -- Up-to-date: /home/teamvision/Desktop/ROS_Workspace/Honours_a1797823_a1764124/ROS_Workspace/src/install/custom_srvs/share/custom_srvs/cmake/custom_srvs__rosidl_typesupport_introspection_cppExport-noconfig.cmake
[1.393s] -- Up-to-date: /home/teamvision/Desktop/ROS_Workspace/Honours_a1797823_a1764124/ROS_Workspace/src/install/custom_srvs/share/custom_srvs/cmake/custom_srvs__rosidl_typesupport_cppExport.cmake
[1.393s] -- Up-to-date: /home/teamvision/Desktop/ROS_Workspace/Honours_a1797823_a1764124/ROS_Workspace/src/install/custom_srvs/share/custom_srvs/cmake/custom_srvs__rosidl_typesupport_cppExport-noconfig.cmake
[1.393s] -- Up-to-date: /home/teamvision/Desktop/ROS_Workspace/Honours_a1797823_a1764124/ROS_Workspace/src/install/custom_srvs/share/custom_srvs/cmake/rosidl_cmake-extras.cmake
[1.393s] -- Up-to-date: /home/teamvision/Desktop/ROS_Workspace/Honours_a1797823_a1764124/ROS_Workspace/src/install/custom_srvs/share/custom_srvs/cmake/ament_cmake_export_dependencies-extras.cmake
[1.393s] -- Up-to-date: /home/teamvision/Desktop/ROS_Workspace/Honours_a1797823_a1764124/ROS_Workspace/src/install/custom_srvs/share/custom_srvs/cmake/ament_cmake_export_libraries-extras.cmake
[1.393s] -- Up-to-date: /home/teamvision/Desktop/ROS_Workspace/Honours_a1797823_a1764124/ROS_Workspace/src/install/custom_srvs/share/custom_srvs/cmake/ament_cmake_export_targets-extras.cmake
[1.393s] -- Up-to-date: /home/teamvision/Desktop/ROS_Workspace/Honours_a1797823_a1764124/ROS_Workspace/src/install/custom_srvs/share/custom_srvs/cmake/ament_cmake_export_include_directories-extras.cmake
[1.394s] -- Up-to-date: /home/teamvision/Desktop/ROS_Workspace/Honours_a1797823_a1764124/ROS_Workspace/src/install/custom_srvs/share/custom_srvs/cmake/rosidl_cmake_export_typesupport_libraries-extras.cmake
[1.394s] -- Up-to-date: /home/teamvision/Desktop/ROS_Workspace/Honours_a1797823_a1764124/ROS_Workspace/src/install/custom_srvs/share/custom_srvs/cmake/rosidl_cmake_export_typesupport_targets-extras.cmake
[1.394s] -- Up-to-date: /home/teamvision/Desktop/ROS_Workspace/Honours_a1797823_a1764124/ROS_Workspace/src/install/custom_srvs/share/custom_srvs/cmake/custom_srvsConfig.cmake
[1.394s] -- Up-to-date: /home/teamvision/Desktop/ROS_Workspace/Honours_a1797823_a1764124/ROS_Workspace/src/install/custom_srvs/share/custom_srvs/cmake/custom_srvsConfig-version.cmake
[1.394s] -- Up-to-date: /home/teamvision/Desktop/ROS_Workspace/Honours_a1797823_a1764124/ROS_Workspace/src/install/custom_srvs/share/custom_srvs/package.xml
[1.477s] Invoked command in '/home/teamvision/Desktop/ROS_Workspace/Honours_a1797823_a1764124/ROS_Workspace/src/build/custom_srvs' returned '0': CMAKE_PREFIX_PATH=${CMAKE_PREFIX_PATH}:/home/teamvision/Desktop/ROS_Workspace/Honours_a1797823_a1764124/ROS_Workspace/src/install/turtlebot3_teleop:/home/teamvision/Desktop/ROS_Workspace/Honours_a1797823_a1764124/ROS_Workspace/src/install/turtlebot3_navigation:/home/teamvision/Desktop/ROS_Workspace/Honours_a1797823_a1764124/ROS_Workspace/src/install/turtlebot3_example:/home/teamvision/Desktop/ROS_Workspace/Honours_a1797823_a1764124/ROS_Workspace/src/install/path_planner_server:/home/teamvision/Desktop/ROS_Workspace/Honours_a1797823_a1764124/ROS_Workspace/src/install/localization_server:/home/teamvision/Desktop/ROS_Workspace/Honours_a1797823_a1764124/ROS_Workspace/src/install/cameraSub:/home/teamvision/Desktop/ROS_Workspace/Honours_a1797823_a1764124/ROS_Workspace/src/install/cameraPub:/home/teamvision/Desktop/ROS_Workspace/Honours_a1797823_a1764124/ROS_Workspace/src/install/UGV2Vision:/home/teamvision/Desktop/ROS_Workspace/Honours_a1797823_a1764124/ROS_Workspace/src/install/UGV2Processing:/home/teamvision/Desktop/ROS_Workspace/Honours_a1797823_a1764124/ROS_Workspace/src/install/UGV2Main:/home/teamvision/Desktop/ROS_Workspace/Honours_a1797823_a1764124/ROS_Workspace/src/install/UGV1Vision:/home/teamvision/Desktop/ROS_Workspace/Honours_a1797823_a1764124/ROS_Workspace/src/install/UGV1Processing:/home/teamvision/Desktop/ROS_Workspace/Honours_a1797823_a1764124/ROS_Workspace/src/install/UGV1Main:/home/teamvision/Desktop/ROS_Workspace/Honours_a1797823_a1764124/ROS_Workspace/src/install/UAVVision:/home/teamvision/Desktop/ROS_Workspace/Honours_a1797823_a1764124/ROS_Workspace/src/install/UAVProcessing:/home/teamvision/Desktop/ROS_Workspace/Honours_a1797823_a1764124/ROS_Workspace/src/install/UAVMain:/home/teamvision/Desktop/ROS_Workspace/Honours_a1797823_a1764124/ROS_Workspace/src/install/Konig:/opt/ros/foxy /usr/bin/cmake --install /home/teamvision/Desktop/ROS_Workspace/Honours_a1797823_a1764124/ROS_Workspace/src/build/custom_srvs
