[1.123s] Invoking command in '/home/teamvision/Desktop/ROS_Workspace/Honours_a1797823_a1764124/ROS_Workspace/src/Konig': PYTHONPATH=/home/teamvision/Desktop/ROS_Workspace/Honours_a1797823_a1764124/ROS_Workspace/src/build/Konig/prefix_override:/home/teamvision/Desktop/ROS_Workspace/Honours_a1797823_a1764124/ROS_Workspace/src/install/Konig/lib/python3.8/site-packages:${PYTHONPATH} /usr/bin/python3 setup.py egg_info --egg-base ../build/Konig build --build-base /home/teamvision/Desktop/ROS_Workspace/Honours_a1797823_a1764124/ROS_Workspace/src/build/Konig/build install --record /home/teamvision/Desktop/ROS_Workspace/Honours_a1797823_a1764124/ROS_Workspace/src/build/Konig/install.log --install-scripts $base/lib/Konig --single-version-externally-managed
[1.474s] running egg_info
[1.475s] writing ../build/Konig/Konig.egg-info/PKG-INFO
[1.476s] writing dependency_links to ../build/Konig/Konig.egg-info/dependency_links.txt
[1.476s] writing entry points to ../build/Konig/Konig.egg-info/entry_points.txt
[1.477s] writing requirements to ../build/Konig/Konig.egg-info/requires.txt
[1.477s] writing top-level names to ../build/Konig/Konig.egg-info/top_level.txt
[1.538s] reading manifest file '../build/Konig/Konig.egg-info/SOURCES.txt'
[1.538s] writing manifest file '../build/Konig/Konig.egg-info/SOURCES.txt'
[1.539s] running build
[1.539s] running build_py
[1.540s] running install
[1.542s] running install_lib
[1.556s] running install_data
[1.557s] running install_egg_info
[1.559s] removing '/home/teamvision/Desktop/ROS_Workspace/Honours_a1797823_a1764124/ROS_Workspace/src/install/Konig/lib/python3.8/site-packages/Konig-0.0.0-py3.8.egg-info' (and everything under it)
[1.560s] Copying ../build/Konig/Konig.egg-info to /home/teamvision/Desktop/ROS_Workspace/Honours_a1797823_a1764124/ROS_Workspace/src/install/Konig/lib/python3.8/site-packages/Konig-0.0.0-py3.8.egg-info
[1.561s] running install_scripts
[1.587s] Installing Konig script to /home/teamvision/Desktop/ROS_Workspace/Honours_a1797823_a1764124/ROS_Workspace/src/install/Konig/lib/Konig
[1.588s] writing list of installed files to '/home/teamvision/Desktop/ROS_Workspace/Honours_a1797823_a1764124/ROS_Workspace/src/build/Konig/install.log'
[1.936s] Invoked command in '/home/teamvision/Desktop/ROS_Workspace/Honours_a1797823_a1764124/ROS_Workspace/src/Konig' returned '0': PYTHONPATH=/home/teamvision/Desktop/ROS_Workspace/Honours_a1797823_a1764124/ROS_Workspace/src/build/Konig/prefix_override:/home/teamvision/Desktop/ROS_Workspace/Honours_a1797823_a1764124/ROS_Workspace/src/install/Konig/lib/python3.8/site-packages:${PYTHONPATH} /usr/bin/python3 setup.py egg_info --egg-base ../build/Konig build --build-base /home/teamvision/Desktop/ROS_Workspace/Honours_a1797823_a1764124/ROS_Workspace/src/build/Konig/build install --record /home/teamvision/Desktop/ROS_Workspace/Honours_a1797823_a1764124/ROS_Workspace/src/build/Konig/install.log --install-scripts $base/lib/Konig --single-version-externally-managed
