[1.005s] Invoking command in '/home/max/Desktop/VisionCode/Honours_a1797823_a1764124/ROS_Workspace/src/build/custom_msgs': CMAKE_PREFIX_PATH=/opt/ros/foxy:/opt/ros/galactic /usr/bin/cmake --build /home/max/Desktop/VisionCode/Honours_a1797823_a1764124/ROS_Workspace/src/build/custom_msgs -- -j8 -l8
[1.171s] -- Found ament_cmake: 0.9.11 (/opt/ros/foxy/share/ament_cmake/cmake)
[1.171s] -- Found PythonInterp: /usr/bin/python3 (found suitable version "3.8.10", minimum required is "3") 
[1.171s] -- Using PYTHON_EXECUTABLE: /usr/bin/python3
[1.179s] -- Found rosidl_default_generators: 1.0.1 (/opt/ros/foxy/share/rosidl_default_generators/cmake)
[1.179s] -- Using all available rosidl_typesupport_c: rosidl_typesupport_fastrtps_c;rosidl_typesupport_introspection_c
[1.182s] -- Found rosidl_adapter: 1.3.0 (/opt/ros/foxy/share/rosidl_adapter/cmake)
[1.285s] -- Using all available rosidl_typesupport_cpp: rosidl_typesupport_fastrtps_cpp;rosidl_typesupport_introspection_cpp
[1.302s] -- Found std_msgs: 2.0.5 (/opt/ros/foxy/share/std_msgs/cmake)
[1.342s] -- Found PythonInterp: /usr/bin/python3 (found version "3.8.10") 
[1.525s] CMake Error at /opt/ros/foxy/share/rosidl_adapter/cmake/rosidl_adapt_interfaces.cmake:60 (message):
[1.526s]   execute_process(/usr/bin/python3 -m rosidl_adapter --package-name
[1.526s]   custom_msgs --arguments-file
[1.526s]   /home/max/Desktop/VisionCode/Honours_a1797823_a1764124/ROS_Workspace/src/build/custom_msgs/rosidl_adapter__arguments__custom_msgs.json
[1.527s]   --output-dir
[1.527s]   /home/max/Desktop/VisionCode/Honours_a1797823_a1764124/ROS_Workspace/src/build/custom_msgs/rosidl_adapter/custom_msgs
[1.527s]   --output-file
[1.528s]   /home/max/Desktop/VisionCode/Honours_a1797823_a1764124/ROS_Workspace/src/build/custom_msgs/rosidl_adapter/custom_msgs.idls)
[1.528s]   returned error code 1:
[1.528s] 
[1.529s]   Error processing 'float32 LED' of 'custom_msgs/LEDLocations': ''LED' is an
[1.529s]   invalid field name.  It should have the pattern
[1.529s]   '^(?!.*__)(?!.*_$)[a-z][a-z0-9_]*$''
[1.530s] 
[1.530s]   Traceback (most recent call last):
[1.531s] 
[1.531s]     File "/usr/lib/python3.8/runpy.py", line 194, in _run_module_as_main
[1.531s]       return _run_code(code, main_globals, None,
[1.532s]     File "/usr/lib/python3.8/runpy.py", line 87, in _run_code
[1.532s]       exec(code, run_globals)
[1.533s]     File "/opt/ros/foxy/lib/python3.8/site-packages/rosidl_adapter/__main__.py", line 19, in <module>
[1.533s]       sys.exit(main())
[1.535s]     File "/opt/ros/foxy/lib/python3.8/site-packages/rosidl_adapter/main.py", line 53, in main
[1.535s]       abs_idl_file = convert_to_idl(
[1.535s]     File "/opt/ros/foxy/lib/python3.8/site-packages/rosidl_adapter/__init__.py", line 19, in convert_to_idl
[1.535s]       return convert_msg_to_idl(
[1.536s]     File "/opt/ros/foxy/lib/python3.8/site-packages/rosidl_adapter/msg/__init__.py", line 28, in convert_msg_to_idl
[1.536s]       msg = parse_message_string(package_name, input_file.stem, content)
[1.536s]     File "/opt/ros/foxy/lib/python3.8/site-packages/rosidl_adapter/parser.py", line 515, in parse_message_string
[1.536s]       fields.append(Field(
[1.536s]     File "/opt/ros/foxy/lib/python3.8/site-packages/rosidl_adapter/parser.py", line 353, in __init__
[1.536s]       raise NameError(
[1.536s] 
[1.536s]   NameError: 'LED' is an invalid field name.  It should have the pattern
[1.537s]   '^(?!.*__)(?!.*_$)[a-z][a-z0-9_]*$'
[1.540s] 
[1.540s] Call Stack (most recent call first):
[1.540s]   /opt/ros/foxy/share/rosidl_cmake/cmake/rosidl_generate_interfaces.cmake:130 (rosidl_adapt_interfaces)
[1.540s]   CMakeLists.txt:26 (rosidl_generate_interfaces)
[1.541s] 
[1.541s] 
[1.542s] -- Configuring incomplete, errors occurred!
[1.542s] See also "/home/max/Desktop/VisionCode/Honours_a1797823_a1764124/ROS_Workspace/src/build/custom_msgs/CMakeFiles/CMakeOutput.log".
[1.542s] make: *** [Makefile:748: cmake_check_build_system] Error 1
[1.550s] Invoked command in '/home/max/Desktop/VisionCode/Honours_a1797823_a1764124/ROS_Workspace/src/build/custom_msgs' returned '2': CMAKE_PREFIX_PATH=/opt/ros/foxy:/opt/ros/galactic /usr/bin/cmake --build /home/max/Desktop/VisionCode/Honours_a1797823_a1764124/ROS_Workspace/src/build/custom_msgs -- -j8 -l8
