[3.081s] Invoking command in '/home/max/Desktop/VisionCode/Honours_a1797823_a1764124/ROS_Workspace/src/UGV1Vision': PYTHONPATH=/home/max/Desktop/VisionCode/Honours_a1797823_a1764124/ROS_Workspace/src/build/UGV1Vision/prefix_override:/home/max/Desktop/VisionCode/Honours_a1797823_a1764124/ROS_Workspace/src/install/UGV1Vision/lib/python3.8/site-packages:${PYTHONPATH} /usr/bin/python3 setup.py egg_info --egg-base ../build/UGV1Vision build --build-base /home/max/Desktop/VisionCode/Honours_a1797823_a1764124/ROS_Workspace/src/build/UGV1Vision/build install --record /home/max/Desktop/VisionCode/Honours_a1797823_a1764124/ROS_Workspace/src/build/UGV1Vision/install.log --install-scripts $base/lib/UGV1Vision --single-version-externally-managed
[3.399s] running egg_info
[3.399s] writing ../build/UGV1Vision/UGV1Vision.egg-info/PKG-INFO
[3.418s] writing dependency_links to ../build/UGV1Vision/UGV1Vision.egg-info/dependency_links.txt
[3.418s] writing entry points to ../build/UGV1Vision/UGV1Vision.egg-info/entry_points.txt
[3.418s] writing requirements to ../build/UGV1Vision/UGV1Vision.egg-info/requires.txt
[3.418s] writing top-level names to ../build/UGV1Vision/UGV1Vision.egg-info/top_level.txt
[3.457s] reading manifest file '../build/UGV1Vision/UGV1Vision.egg-info/SOURCES.txt'
[3.458s] writing manifest file '../build/UGV1Vision/UGV1Vision.egg-info/SOURCES.txt'
[3.458s] running build
[3.458s] running build_py
[3.458s] running install
[3.460s] running install_lib
[3.461s] running install_data
[3.461s] running install_egg_info
[3.462s] removing '/home/max/Desktop/VisionCode/Honours_a1797823_a1764124/ROS_Workspace/src/install/UGV1Vision/lib/python3.8/site-packages/UGV1Vision-0.0.0-py3.8.egg-info' (and everything under it)
[3.477s] Copying ../build/UGV1Vision/UGV1Vision.egg-info to /home/max/Desktop/VisionCode/Honours_a1797823_a1764124/ROS_Workspace/src/install/UGV1Vision/lib/python3.8/site-packages/UGV1Vision-0.0.0-py3.8.egg-info
[3.478s] running install_scripts
[3.508s] Installing UGV1Vision script to /home/max/Desktop/VisionCode/Honours_a1797823_a1764124/ROS_Workspace/src/install/UGV1Vision/lib/UGV1Vision
[3.508s] writing list of installed files to '/home/max/Desktop/VisionCode/Honours_a1797823_a1764124/ROS_Workspace/src/build/UGV1Vision/install.log'
[3.864s] Invoked command in '/home/max/Desktop/VisionCode/Honours_a1797823_a1764124/ROS_Workspace/src/UGV1Vision' returned '0': PYTHONPATH=/home/max/Desktop/VisionCode/Honours_a1797823_a1764124/ROS_Workspace/src/build/UGV1Vision/prefix_override:/home/max/Desktop/VisionCode/Honours_a1797823_a1764124/ROS_Workspace/src/install/UGV1Vision/lib/python3.8/site-packages:${PYTHONPATH} /usr/bin/python3 setup.py egg_info --egg-base ../build/UGV1Vision build --build-base /home/max/Desktop/VisionCode/Honours_a1797823_a1764124/ROS_Workspace/src/build/UGV1Vision/build install --record /home/max/Desktop/VisionCode/Honours_a1797823_a1764124/ROS_Workspace/src/build/UGV1Vision/install.log --install-scripts $base/lib/UGV1Vision --single-version-externally-managed
