[1.187s] Invoking command in '/home/teamvision/Desktop/ROS_Workspace/Honours_a1797823_a1764124/ROS_Workspace/src/UGV2Processing': PYTHONPATH=/home/teamvision/Desktop/ROS_Workspace/Honours_a1797823_a1764124/ROS_Workspace/src/build/UGV2Processing/prefix_override:/home/teamvision/Desktop/ROS_Workspace/Honours_a1797823_a1764124/ROS_Workspace/src/install/UGV2Processing/lib/python3.8/site-packages:${PYTHONPATH} /usr/bin/python3 setup.py egg_info --egg-base ../build/UGV2Processing build --build-base /home/teamvision/Desktop/ROS_Workspace/Honours_a1797823_a1764124/ROS_Workspace/src/build/UGV2Processing/build install --record /home/teamvision/Desktop/ROS_Workspace/Honours_a1797823_a1764124/ROS_Workspace/src/build/UGV2Processing/install.log --install-scripts $base/lib/UGV2Processing --single-version-externally-managed
[1.540s] running egg_info
[1.541s] writing ../build/UGV2Processing/UGV2Processing.egg-info/PKG-INFO
[1.541s] writing dependency_links to ../build/UGV2Processing/UGV2Processing.egg-info/dependency_links.txt
[1.542s] writing entry points to ../build/UGV2Processing/UGV2Processing.egg-info/entry_points.txt
[1.542s] writing requirements to ../build/UGV2Processing/UGV2Processing.egg-info/requires.txt
[1.542s] writing top-level names to ../build/UGV2Processing/UGV2Processing.egg-info/top_level.txt
[1.590s] reading manifest file '../build/UGV2Processing/UGV2Processing.egg-info/SOURCES.txt'
[1.592s] writing manifest file '../build/UGV2Processing/UGV2Processing.egg-info/SOURCES.txt'
[1.592s] running build
[1.592s] running build_py
[1.592s] running install
[1.593s] running install_lib
[1.595s] running install_data
[1.595s] running install_egg_info
[1.597s] removing '/home/teamvision/Desktop/ROS_Workspace/Honours_a1797823_a1764124/ROS_Workspace/src/install/UGV2Processing/lib/python3.8/site-packages/UGV2Processing-0.0.0-py3.8.egg-info' (and everything under it)
[1.598s] Copying ../build/UGV2Processing/UGV2Processing.egg-info to /home/teamvision/Desktop/ROS_Workspace/Honours_a1797823_a1764124/ROS_Workspace/src/install/UGV2Processing/lib/python3.8/site-packages/UGV2Processing-0.0.0-py3.8.egg-info
[1.599s] running install_scripts
[1.619s] Installing UGV2Processing script to /home/teamvision/Desktop/ROS_Workspace/Honours_a1797823_a1764124/ROS_Workspace/src/install/UGV2Processing/lib/UGV2Processing
[1.620s] writing list of installed files to '/home/teamvision/Desktop/ROS_Workspace/Honours_a1797823_a1764124/ROS_Workspace/src/build/UGV2Processing/install.log'
