[3.943s] Invoking command in '/home/max/Desktop/VisionCode/Honours_a1797823_a1764124/ROS_Workspace/src/cameraPub': PYTHONPATH=/home/max/Desktop/VisionCode/Honours_a1797823_a1764124/ROS_Workspace/src/build/cameraPub/prefix_override:/home/max/Desktop/VisionCode/Honours_a1797823_a1764124/ROS_Workspace/src/install/cameraPub/lib/python3.8/site-packages:${PYTHONPATH} /usr/bin/python3 setup.py egg_info --egg-base ../build/cameraPub build --build-base /home/max/Desktop/VisionCode/Honours_a1797823_a1764124/ROS_Workspace/src/build/cameraPub/build install --record /home/max/Desktop/VisionCode/Honours_a1797823_a1764124/ROS_Workspace/src/build/cameraPub/install.log --install-scripts $base/lib/cameraPub --single-version-externally-managed
[4.487s] running egg_info
[4.495s] writing ../build/cameraPub/cameraPub.egg-info/PKG-INFO
[4.495s] writing dependency_links to ../build/cameraPub/cameraPub.egg-info/dependency_links.txt
[4.497s] writing entry points to ../build/cameraPub/cameraPub.egg-info/entry_points.txt
[4.500s] writing requirements to ../build/cameraPub/cameraPub.egg-info/requires.txt
[4.501s] writing top-level names to ../build/cameraPub/cameraPub.egg-info/top_level.txt
[4.589s] reading manifest file '../build/cameraPub/cameraPub.egg-info/SOURCES.txt'
[4.591s] writing manifest file '../build/cameraPub/cameraPub.egg-info/SOURCES.txt'
[4.591s] running build
[4.591s] running build_py
[4.591s] running install
[4.592s] running install_lib
[4.594s] running install_data
[4.595s] running install_egg_info
[4.597s] removing '/home/max/Desktop/VisionCode/Honours_a1797823_a1764124/ROS_Workspace/src/install/cameraPub/lib/python3.8/site-packages/cameraPub-0.0.0-py3.8.egg-info' (and everything under it)
[4.598s] Copying ../build/cameraPub/cameraPub.egg-info to /home/max/Desktop/VisionCode/Honours_a1797823_a1764124/ROS_Workspace/src/install/cameraPub/lib/python3.8/site-packages/cameraPub-0.0.0-py3.8.egg-info
[4.599s] running install_scripts
[4.626s] Installing cameraPub script to /home/max/Desktop/VisionCode/Honours_a1797823_a1764124/ROS_Workspace/src/install/cameraPub/lib/cameraPub
[4.626s] writing list of installed files to '/home/max/Desktop/VisionCode/Honours_a1797823_a1764124/ROS_Workspace/src/build/cameraPub/install.log'
[4.948s] Invoked command in '/home/max/Desktop/VisionCode/Honours_a1797823_a1764124/ROS_Workspace/src/cameraPub' returned '0': PYTHONPATH=/home/max/Desktop/VisionCode/Honours_a1797823_a1764124/ROS_Workspace/src/build/cameraPub/prefix_override:/home/max/Desktop/VisionCode/Honours_a1797823_a1764124/ROS_Workspace/src/install/cameraPub/lib/python3.8/site-packages:${PYTHONPATH} /usr/bin/python3 setup.py egg_info --egg-base ../build/cameraPub build --build-base /home/max/Desktop/VisionCode/Honours_a1797823_a1764124/ROS_Workspace/src/build/cameraPub/build install --record /home/max/Desktop/VisionCode/Honours_a1797823_a1764124/ROS_Workspace/src/build/cameraPub/install.log --install-scripts $base/lib/cameraPub --single-version-externally-managed
