[5.219s] Invoking command in '/home/max/Desktop/VisionCode/Honours_a1797823_a1764124/ROS_Workspace/src/UGV1Main': PYTHONPATH=/home/max/Desktop/VisionCode/Honours_a1797823_a1764124/ROS_Workspace/build/UGV1Main/prefix_override:/home/max/Desktop/VisionCode/Honours_a1797823_a1764124/ROS_Workspace/install/UGV1Main/lib/python3.8/site-packages:${PYTHONPATH} /usr/bin/python3 setup.py egg_info --egg-base ../../build/UGV1Main build --build-base /home/max/Desktop/VisionCode/Honours_a1797823_a1764124/ROS_Workspace/build/UGV1Main/build install --record /home/max/Desktop/VisionCode/Honours_a1797823_a1764124/ROS_Workspace/build/UGV1Main/install.log --install-scripts $base/lib/UGV1Main --single-version-externally-managed
[5.763s] running egg_info
[5.763s] creating ../../build/UGV1Main/UGV1Main.egg-info
[5.763s] writing ../../build/UGV1Main/UGV1Main.egg-info/PKG-INFO
[5.763s] writing dependency_links to ../../build/UGV1Main/UGV1Main.egg-info/dependency_links.txt
[5.763s] writing entry points to ../../build/UGV1Main/UGV1Main.egg-info/entry_points.txt
[5.764s] writing requirements to ../../build/UGV1Main/UGV1Main.egg-info/requires.txt
[5.764s] writing top-level names to ../../build/UGV1Main/UGV1Main.egg-info/top_level.txt
[5.765s] writing manifest file '../../build/UGV1Main/UGV1Main.egg-info/SOURCES.txt'
[5.869s] reading manifest file '../../build/UGV1Main/UGV1Main.egg-info/SOURCES.txt'
[5.869s] writing manifest file '../../build/UGV1Main/UGV1Main.egg-info/SOURCES.txt'
[5.869s] running build
[5.869s] running build_py
[5.869s] creating /home/max/Desktop/VisionCode/Honours_a1797823_a1764124/ROS_Workspace/build/UGV1Main/build
[5.869s] creating /home/max/Desktop/VisionCode/Honours_a1797823_a1764124/ROS_Workspace/build/UGV1Main/build/lib
[5.869s] creating /home/max/Desktop/VisionCode/Honours_a1797823_a1764124/ROS_Workspace/build/UGV1Main/build/lib/UGV1Main
[5.870s] copying UGV1Main/UGV1Main.py -> /home/max/Desktop/VisionCode/Honours_a1797823_a1764124/ROS_Workspace/build/UGV1Main/build/lib/UGV1Main
[5.870s] copying UGV1Main/__init__.py -> /home/max/Desktop/VisionCode/Honours_a1797823_a1764124/ROS_Workspace/build/UGV1Main/build/lib/UGV1Main
[5.870s] running install
[5.870s] running install_lib
[5.871s] creating /home/max/Desktop/VisionCode/Honours_a1797823_a1764124/ROS_Workspace/install/UGV1Main/lib/python3.8/site-packages/UGV1Main
[5.871s] copying /home/max/Desktop/VisionCode/Honours_a1797823_a1764124/ROS_Workspace/build/UGV1Main/build/lib/UGV1Main/UGV1Main.py -> /home/max/Desktop/VisionCode/Honours_a1797823_a1764124/ROS_Workspace/install/UGV1Main/lib/python3.8/site-packages/UGV1Main
[5.872s] copying /home/max/Desktop/VisionCode/Honours_a1797823_a1764124/ROS_Workspace/build/UGV1Main/build/lib/UGV1Main/__init__.py -> /home/max/Desktop/VisionCode/Honours_a1797823_a1764124/ROS_Workspace/install/UGV1Main/lib/python3.8/site-packages/UGV1Main
[5.873s] byte-compiling /home/max/Desktop/VisionCode/Honours_a1797823_a1764124/ROS_Workspace/install/UGV1Main/lib/python3.8/site-packages/UGV1Main/UGV1Main.py to UGV1Main.cpython-38.pyc
[5.873s] byte-compiling /home/max/Desktop/VisionCode/Honours_a1797823_a1764124/ROS_Workspace/install/UGV1Main/lib/python3.8/site-packages/UGV1Main/__init__.py to __init__.cpython-38.pyc
[5.873s] running install_data
[5.873s] creating /home/max/Desktop/VisionCode/Honours_a1797823_a1764124/ROS_Workspace/install/UGV1Main/share/ament_index
[5.873s] creating /home/max/Desktop/VisionCode/Honours_a1797823_a1764124/ROS_Workspace/install/UGV1Main/share/ament_index/resource_index
[5.874s] creating /home/max/Desktop/VisionCode/Honours_a1797823_a1764124/ROS_Workspace/install/UGV1Main/share/ament_index/resource_index/packages
[5.874s] copying resource/UGV1Main -> /home/max/Desktop/VisionCode/Honours_a1797823_a1764124/ROS_Workspace/install/UGV1Main/share/ament_index/resource_index/packages
[5.876s] copying package.xml -> /home/max/Desktop/VisionCode/Honours_a1797823_a1764124/ROS_Workspace/install/UGV1Main/share/UGV1Main
[5.876s] running install_egg_info
[5.884s] Copying ../../build/UGV1Main/UGV1Main.egg-info to /home/max/Desktop/VisionCode/Honours_a1797823_a1764124/ROS_Workspace/install/UGV1Main/lib/python3.8/site-packages/UGV1Main-0.0.0-py3.8.egg-info
[5.884s] running install_scripts
[5.911s] Installing UGV1Main script to /home/max/Desktop/VisionCode/Honours_a1797823_a1764124/ROS_Workspace/install/UGV1Main/lib/UGV1Main
[5.912s] writing list of installed files to '/home/max/Desktop/VisionCode/Honours_a1797823_a1764124/ROS_Workspace/build/UGV1Main/install.log'
