[1.943s] Invoking command in '/home/teamvision/Desktop/ROS_Workspace/Honours_a1797823_a1764124/ROS_Workspace/src/UAVVision': PYTHONPATH=/home/teamvision/Desktop/ROS_Workspace/Honours_a1797823_a1764124/ROS_Workspace/build/UAVVision/prefix_override:/home/teamvision/Desktop/ROS_Workspace/Honours_a1797823_a1764124/ROS_Workspace/install/UAVVision/lib/python3.8/site-packages:${PYTHONPATH} /usr/bin/python3 setup.py egg_info --egg-base ../../build/UAVVision build --build-base /home/teamvision/Desktop/ROS_Workspace/Honours_a1797823_a1764124/ROS_Workspace/build/UAVVision/build install --record /home/teamvision/Desktop/ROS_Workspace/Honours_a1797823_a1764124/ROS_Workspace/build/UAVVision/install.log --install-scripts $base/lib/UAVVision --single-version-externally-managed
[2.239s] running egg_info
[2.241s] writing ../../build/UAVVision/UAVVision.egg-info/PKG-INFO
[2.241s] writing dependency_links to ../../build/UAVVision/UAVVision.egg-info/dependency_links.txt
[2.241s] writing entry points to ../../build/UAVVision/UAVVision.egg-info/entry_points.txt
[2.242s] writing requirements to ../../build/UAVVision/UAVVision.egg-info/requires.txt
[2.242s] writing top-level names to ../../build/UAVVision/UAVVision.egg-info/top_level.txt
[2.295s] reading manifest file '../../build/UAVVision/UAVVision.egg-info/SOURCES.txt'
[2.297s] writing manifest file '../../build/UAVVision/UAVVision.egg-info/SOURCES.txt'
[2.297s] running build
[2.297s] running build_py
[2.300s] running install
[2.301s] running install_lib
[2.303s] running install_data
[2.304s] running install_egg_info
[2.306s] removing '/home/teamvision/Desktop/ROS_Workspace/Honours_a1797823_a1764124/ROS_Workspace/install/UAVVision/lib/python3.8/site-packages/UAVVision-0.0.0-py3.8.egg-info' (and everything under it)
[2.307s] Copying ../../build/UAVVision/UAVVision.egg-info to /home/teamvision/Desktop/ROS_Workspace/Honours_a1797823_a1764124/ROS_Workspace/install/UAVVision/lib/python3.8/site-packages/UAVVision-0.0.0-py3.8.egg-info
[2.308s] running install_scripts
[2.330s] Installing UAVVision script to /home/teamvision/Desktop/ROS_Workspace/Honours_a1797823_a1764124/ROS_Workspace/install/UAVVision/lib/UAVVision
[2.331s] writing list of installed files to '/home/teamvision/Desktop/ROS_Workspace/Honours_a1797823_a1764124/ROS_Workspace/build/UAVVision/install.log'
[2.414s] Invoked command in '/home/teamvision/Desktop/ROS_Workspace/Honours_a1797823_a1764124/ROS_Workspace/src/UAVVision' returned '0': PYTHONPATH=/home/teamvision/Desktop/ROS_Workspace/Honours_a1797823_a1764124/ROS_Workspace/build/UAVVision/prefix_override:/home/teamvision/Desktop/ROS_Workspace/Honours_a1797823_a1764124/ROS_Workspace/install/UAVVision/lib/python3.8/site-packages:${PYTHONPATH} /usr/bin/python3 setup.py egg_info --egg-base ../../build/UAVVision build --build-base /home/teamvision/Desktop/ROS_Workspace/Honours_a1797823_a1764124/ROS_Workspace/build/UAVVision/build install --record /home/teamvision/Desktop/ROS_Workspace/Honours_a1797823_a1764124/ROS_Workspace/build/UAVVision/install.log --install-scripts $base/lib/UAVVision --single-version-externally-managed
