[0.408s] Invoking command in '/home/teamvision/Desktop/ROS_Workspace/Honours_a1797823_a1764124/ROS_Workspace/src/build/custom_msgs': CMAKE_PREFIX_PATH=${CMAKE_PREFIX_PATH}:/home/teamvision/Desktop/ROS_Workspace/Honours_a1797823_a1764124/ROS_Workspace/src/install/turtlebot3_teleop:/home/teamvision/Desktop/ROS_Workspace/Honours_a1797823_a1764124/ROS_Workspace/src/install/turtlebot3_navigation:/home/teamvision/Desktop/ROS_Workspace/Honours_a1797823_a1764124/ROS_Workspace/src/install/turtlebot3_example:/home/teamvision/Desktop/ROS_Workspace/Honours_a1797823_a1764124/ROS_Workspace/src/install/path_planner_server:/home/teamvision/Desktop/ROS_Workspace/Honours_a1797823_a1764124/ROS_Workspace/src/install/localization_server:/home/teamvision/Desktop/ROS_Workspace/Honours_a1797823_a1764124/ROS_Workspace/src/install/dynamixel_sdk_custom_interfaces:/home/teamvision/Desktop/ROS_Workspace/Honours_a1797823_a1764124/ROS_Workspace/src/install/cameraSub:/home/teamvision/Desktop/ROS_Workspace/Honours_a1797823_a1764124/ROS_Workspace/src/install/cameraPub:/home/teamvision/Desktop/ROS_Workspace/Honours_a1797823_a1764124/ROS_Workspace/src/install/UGV2Vision:/home/teamvision/Desktop/ROS_Workspace/Honours_a1797823_a1764124/ROS_Workspace/src/install/UGV2Processing:/home/teamvision/Desktop/ROS_Workspace/Honours_a1797823_a1764124/ROS_Workspace/src/install/UGV2Main:/home/teamvision/Desktop/ROS_Workspace/Honours_a1797823_a1764124/ROS_Workspace/src/install/UGV1Vision:/home/teamvision/Desktop/ROS_Workspace/Honours_a1797823_a1764124/ROS_Workspace/src/install/UGV1Processing:/home/teamvision/Desktop/ROS_Workspace/Honours_a1797823_a1764124/ROS_Workspace/src/install/UGV1Main:/home/teamvision/Desktop/ROS_Workspace/Honours_a1797823_a1764124/ROS_Workspace/src/install/UAVVision:/home/teamvision/Desktop/ROS_Workspace/Honours_a1797823_a1764124/ROS_Workspace/src/install/UAVProcessing:/home/teamvision/Desktop/ROS_Workspace/Honours_a1797823_a1764124/ROS_Workspace/src/install/UAVMain:/home/teamvision/Desktop/ROS_Workspace/Honours_a1797823_a1764124/ROS_Workspace/src/install/Konig:/opt/ros/foxy /usr/bin/cmake --build /home/teamvision/Desktop/ROS_Workspace/Honours_a1797823_a1764124/ROS_Workspace/src/build/custom_msgs -- -j4 -l4
[0.508s] [ 10%] Built target custom_msgs__rosidl_generator_c
[0.524s] [ 12%] Built target custom_msgs__cpp
[0.564s] [ 23%] Built target custom_msgs__rosidl_typesupport_c
[0.579s] [ 33%] Built target custom_msgs__rosidl_typesupport_fastrtps_cpp
[0.605s] [ 43%] Built target custom_msgs__rosidl_typesupport_cpp
[0.612s] [ 53%] Built target custom_msgs__rosidl_typesupport_introspection_cpp
[0.631s] [ 64%] Built target custom_msgs__rosidl_typesupport_introspection_c
[0.671s] [ 74%] Built target custom_msgs__rosidl_typesupport_fastrtps_c
[0.699s] [ 74%] Built target custom_msgs
[0.751s] [ 76%] Built target custom_msgs__py
[0.788s] [ 84%] Built target custom_msgs__python
[0.855s] [ 89%] Built target custom_msgs__rosidl_typesupport_c__pyext
[0.855s] [ 94%] Built target custom_msgs__rosidl_typesupport_fastrtps_c__pyext
[0.905s] [100%] Built target custom_msgs__rosidl_typesupport_introspection_c__pyext
[0.941s] Invoked command in '/home/teamvision/Desktop/ROS_Workspace/Honours_a1797823_a1764124/ROS_Workspace/src/build/custom_msgs' returned '0': CMAKE_PREFIX_PATH=${CMAKE_PREFIX_PATH}:/home/teamvision/Desktop/ROS_Workspace/Honours_a1797823_a1764124/ROS_Workspace/src/install/turtlebot3_teleop:/home/teamvision/Desktop/ROS_Workspace/Honours_a1797823_a1764124/ROS_Workspace/src/install/turtlebot3_navigation:/home/teamvision/Desktop/ROS_Workspace/Honours_a1797823_a1764124/ROS_Workspace/src/install/turtlebot3_example:/home/teamvision/Desktop/ROS_Workspace/Honours_a1797823_a1764124/ROS_Workspace/src/install/path_planner_server:/home/teamvision/Desktop/ROS_Workspace/Honours_a1797823_a1764124/ROS_Workspace/src/install/localization_server:/home/teamvision/Desktop/ROS_Workspace/Honours_a1797823_a1764124/ROS_Workspace/src/install/dynamixel_sdk_custom_interfaces:/home/teamvision/Desktop/ROS_Workspace/Honours_a1797823_a1764124/ROS_Workspace/src/install/cameraSub:/home/teamvision/Desktop/ROS_Workspace/Honours_a1797823_a1764124/ROS_Workspace/src/install/cameraPub:/home/teamvision/Desktop/ROS_Workspace/Honours_a1797823_a1764124/ROS_Workspace/src/install/UGV2Vision:/home/teamvision/Desktop/ROS_Workspace/Honours_a1797823_a1764124/ROS_Workspace/src/install/UGV2Processing:/home/teamvision/Desktop/ROS_Workspace/Honours_a1797823_a1764124/ROS_Workspace/src/install/UGV2Main:/home/teamvision/Desktop/ROS_Workspace/Honours_a1797823_a1764124/ROS_Workspace/src/install/UGV1Vision:/home/teamvision/Desktop/ROS_Workspace/Honours_a1797823_a1764124/ROS_Workspace/src/install/UGV1Processing:/home/teamvision/Desktop/ROS_Workspace/Honours_a1797823_a1764124/ROS_Workspace/src/install/UGV1Main:/home/teamvision/Desktop/ROS_Workspace/Honours_a1797823_a1764124/ROS_Workspace/src/install/UAVVision:/home/teamvision/Desktop/ROS_Workspace/Honours_a1797823_a1764124/ROS_Workspace/src/install/UAVProcessing:/home/teamvision/Desktop/ROS_Workspace/Honours_a1797823_a1764124/ROS_Workspace/src/install/UAVMain:/home/teamvision/Desktop/ROS_Workspace/Honours_a1797823_a1764124/ROS_Workspace/src/install/Konig:/opt/ros/foxy /usr/bin/cmake --build /home/teamvision/Desktop/ROS_Workspace/Honours_a1797823_a1764124/ROS_Workspace/src/build/custom_msgs -- -j4 -l4
[1.070s] Invoking command in '/home/teamvision/Desktop/ROS_Workspace/Honours_a1797823_a1764124/ROS_Workspace/src/build/custom_msgs': CMAKE_PREFIX_PATH=${CMAKE_PREFIX_PATH}:/home/teamvision/Desktop/ROS_Workspace/Honours_a1797823_a1764124/ROS_Workspace/src/install/turtlebot3_teleop:/home/teamvision/Desktop/ROS_Workspace/Honours_a1797823_a1764124/ROS_Workspace/src/install/turtlebot3_navigation:/home/teamvision/Desktop/ROS_Workspace/Honours_a1797823_a1764124/ROS_Workspace/src/install/turtlebot3_example:/home/teamvision/Desktop/ROS_Workspace/Honours_a1797823_a1764124/ROS_Workspace/src/install/path_planner_server:/home/teamvision/Desktop/ROS_Workspace/Honours_a1797823_a1764124/ROS_Workspace/src/install/localization_server:/home/teamvision/Desktop/ROS_Workspace/Honours_a1797823_a1764124/ROS_Workspace/src/install/dynamixel_sdk_custom_interfaces:/home/teamvision/Desktop/ROS_Workspace/Honours_a1797823_a1764124/ROS_Workspace/src/install/cameraSub:/home/teamvision/Desktop/ROS_Workspace/Honours_a1797823_a1764124/ROS_Workspace/src/install/cameraPub:/home/teamvision/Desktop/ROS_Workspace/Honours_a1797823_a1764124/ROS_Workspace/src/install/UGV2Vision:/home/teamvision/Desktop/ROS_Workspace/Honours_a1797823_a1764124/ROS_Workspace/src/install/UGV2Processing:/home/teamvision/Desktop/ROS_Workspace/Honours_a1797823_a1764124/ROS_Workspace/src/install/UGV2Main:/home/teamvision/Desktop/ROS_Workspace/Honours_a1797823_a1764124/ROS_Workspace/src/install/UGV1Vision:/home/teamvision/Desktop/ROS_Workspace/Honours_a1797823_a1764124/ROS_Workspace/src/install/UGV1Processing:/home/teamvision/Desktop/ROS_Workspace/Honours_a1797823_a1764124/ROS_Workspace/src/install/UGV1Main:/home/teamvision/Desktop/ROS_Workspace/Honours_a1797823_a1764124/ROS_Workspace/src/install/UAVVision:/home/teamvision/Desktop/ROS_Workspace/Honours_a1797823_a1764124/ROS_Workspace/src/install/UAVProcessing:/home/teamvision/Desktop/ROS_Workspace/Honours_a1797823_a1764124/ROS_Workspace/src/install/UAVMain:/home/teamvision/Desktop/ROS_Workspace/Honours_a1797823_a1764124/ROS_Workspace/src/install/Konig:/opt/ros/foxy /usr/bin/cmake --install /home/teamvision/Desktop/ROS_Workspace/Honours_a1797823_a1764124/ROS_Workspace/src/build/custom_msgs
[1.090s] -- Install configuration: ""
[1.090s] -- Up-to-date: /home/teamvision/Desktop/ROS_Workspace/Honours_a1797823_a1764124/ROS_Workspace/src/install/custom_msgs/share/ament_index/resource_index/rosidl_interfaces/custom_msgs
[1.091s] -- Up-to-date: /home/teamvision/Desktop/ROS_Workspace/Honours_a1797823_a1764124/ROS_Workspace/src/install/custom_msgs/include/custom_msgs
[1.092s] -- Up-to-date: /home/teamvision/Desktop/ROS_Workspace/Honours_a1797823_a1764124/ROS_Workspace/src/install/custom_msgs/include/custom_msgs/msg
[1.092s] -- Up-to-date: /home/teamvision/Desktop/ROS_Workspace/Honours_a1797823_a1764124/ROS_Workspace/src/install/custom_msgs/include/custom_msgs/msg/rosidl_generator_c__visibility_control.h
[1.092s] -- Up-to-date: /home/teamvision/Desktop/ROS_Workspace/Honours_a1797823_a1764124/ROS_Workspace/src/install/custom_msgs/include/custom_msgs/msg/detail
[1.092s] -- Up-to-date: /home/teamvision/Desktop/ROS_Workspace/Honours_a1797823_a1764124/ROS_Workspace/src/install/custom_msgs/include/custom_msgs/msg/detail/led_locations__functions.h
[1.092s] -- Up-to-date: /home/teamvision/Desktop/ROS_Workspace/Honours_a1797823_a1764124/ROS_Workspace/src/install/custom_msgs/include/custom_msgs/msg/detail/fire_severity__type_support.h
[1.092s] -- Up-to-date: /home/teamvision/Desktop/ROS_Workspace/Honours_a1797823_a1764124/ROS_Workspace/src/install/custom_msgs/include/custom_msgs/msg/detail/fire_severity__functions.h
[1.092s] -- Up-to-date: /home/teamvision/Desktop/ROS_Workspace/Honours_a1797823_a1764124/ROS_Workspace/src/install/custom_msgs/include/custom_msgs/msg/detail/led_locations__struct.h
[1.092s] -- Up-to-date: /home/teamvision/Desktop/ROS_Workspace/Honours_a1797823_a1764124/ROS_Workspace/src/install/custom_msgs/include/custom_msgs/msg/detail/fire_severity__struct.h
[1.092s] -- Up-to-date: /home/teamvision/Desktop/ROS_Workspace/Honours_a1797823_a1764124/ROS_Workspace/src/install/custom_msgs/include/custom_msgs/msg/detail/led_locations__functions.c
[1.092s] -- Up-to-date: /home/teamvision/Desktop/ROS_Workspace/Honours_a1797823_a1764124/ROS_Workspace/src/install/custom_msgs/include/custom_msgs/msg/detail/led_locations__type_support.h
[1.093s] -- Up-to-date: /home/teamvision/Desktop/ROS_Workspace/Honours_a1797823_a1764124/ROS_Workspace/src/install/custom_msgs/include/custom_msgs/msg/detail/fire_severity__functions.c
[1.093s] -- Up-to-date: /home/teamvision/Desktop/ROS_Workspace/Honours_a1797823_a1764124/ROS_Workspace/src/install/custom_msgs/include/custom_msgs/msg/fire_severity.h
[1.093s] -- Up-to-date: /home/teamvision/Desktop/ROS_Workspace/Honours_a1797823_a1764124/ROS_Workspace/src/install/custom_msgs/include/custom_msgs/msg/led_locations.h
[1.093s] -- Up-to-date: /home/teamvision/Desktop/ROS_Workspace/Honours_a1797823_a1764124/ROS_Workspace/src/install/custom_msgs/share/custom_msgs/environment/library_path.sh
[1.093s] -- Up-to-date: /home/teamvision/Desktop/ROS_Workspace/Honours_a1797823_a1764124/ROS_Workspace/src/install/custom_msgs/share/custom_msgs/environment/library_path.dsv
[1.093s] -- Up-to-date: /home/teamvision/Desktop/ROS_Workspace/Honours_a1797823_a1764124/ROS_Workspace/src/install/custom_msgs/lib/libcustom_msgs__rosidl_generator_c.so
[1.093s] -- Up-to-date: /home/teamvision/Desktop/ROS_Workspace/Honours_a1797823_a1764124/ROS_Workspace/src/install/custom_msgs/include/custom_msgs
[1.093s] -- Up-to-date: /home/teamvision/Desktop/ROS_Workspace/Honours_a1797823_a1764124/ROS_Workspace/src/install/custom_msgs/include/custom_msgs/msg
[1.094s] -- Up-to-date: /home/teamvision/Desktop/ROS_Workspace/Honours_a1797823_a1764124/ROS_Workspace/src/install/custom_msgs/include/custom_msgs/msg/detail
[1.094s] -- Up-to-date: /home/teamvision/Desktop/ROS_Workspace/Honours_a1797823_a1764124/ROS_Workspace/src/install/custom_msgs/include/custom_msgs/msg/detail/led_locations__rosidl_typesupport_fastrtps_c.h
[1.094s] -- Up-to-date: /home/teamvision/Desktop/ROS_Workspace/Honours_a1797823_a1764124/ROS_Workspace/src/install/custom_msgs/include/custom_msgs/msg/detail/fire_severity__rosidl_typesupport_fastrtps_c.h
[1.094s] -- Up-to-date: /home/teamvision/Desktop/ROS_Workspace/Honours_a1797823_a1764124/ROS_Workspace/src/install/custom_msgs/include/custom_msgs/msg/rosidl_typesupport_fastrtps_c__visibility_control.h
[1.094s] -- Up-to-date: /home/teamvision/Desktop/ROS_Workspace/Honours_a1797823_a1764124/ROS_Workspace/src/install/custom_msgs/lib/libcustom_msgs__rosidl_typesupport_fastrtps_c.so
[1.094s] -- Up-to-date: /home/teamvision/Desktop/ROS_Workspace/Honours_a1797823_a1764124/ROS_Workspace/src/install/custom_msgs/include/custom_msgs
[1.094s] -- Up-to-date: /home/teamvision/Desktop/ROS_Workspace/Honours_a1797823_a1764124/ROS_Workspace/src/install/custom_msgs/include/custom_msgs/msg
[1.094s] -- Up-to-date: /home/teamvision/Desktop/ROS_Workspace/Honours_a1797823_a1764124/ROS_Workspace/src/install/custom_msgs/include/custom_msgs/msg/detail
[1.095s] -- Up-to-date: /home/teamvision/Desktop/ROS_Workspace/Honours_a1797823_a1764124/ROS_Workspace/src/install/custom_msgs/include/custom_msgs/msg/detail/led_locations__rosidl_typesupport_fastrtps_cpp.hpp
[1.095s] -- Up-to-date: /home/teamvision/Desktop/ROS_Workspace/Honours_a1797823_a1764124/ROS_Workspace/src/install/custom_msgs/include/custom_msgs/msg/detail/fire_severity__rosidl_typesupport_fastrtps_cpp.hpp
[1.095s] -- Up-to-date: /home/teamvision/Desktop/ROS_Workspace/Honours_a1797823_a1764124/ROS_Workspace/src/install/custom_msgs/include/custom_msgs/msg/detail/dds_fastrtps
[1.095s] -- Up-to-date: /home/teamvision/Desktop/ROS_Workspace/Honours_a1797823_a1764124/ROS_Workspace/src/install/custom_msgs/include/custom_msgs/msg/rosidl_typesupport_fastrtps_cpp__visibility_control.h
[1.095s] -- Up-to-date: /home/teamvision/Desktop/ROS_Workspace/Honours_a1797823_a1764124/ROS_Workspace/src/install/custom_msgs/lib/libcustom_msgs__rosidl_typesupport_fastrtps_cpp.so
[1.095s] -- Up-to-date: /home/teamvision/Desktop/ROS_Workspace/Honours_a1797823_a1764124/ROS_Workspace/src/install/custom_msgs/include/custom_msgs
[1.095s] -- Up-to-date: /home/teamvision/Desktop/ROS_Workspace/Honours_a1797823_a1764124/ROS_Workspace/src/install/custom_msgs/include/custom_msgs/msg
[1.095s] -- Up-to-date: /home/teamvision/Desktop/ROS_Workspace/Honours_a1797823_a1764124/ROS_Workspace/src/install/custom_msgs/include/custom_msgs/msg/detail
[1.096s] -- Up-to-date: /home/teamvision/Desktop/ROS_Workspace/Honours_a1797823_a1764124/ROS_Workspace/src/install/custom_msgs/include/custom_msgs/msg/detail/fire_severity__type_support.c
[1.096s] -- Up-to-date: /home/teamvision/Desktop/ROS_Workspace/Honours_a1797823_a1764124/ROS_Workspace/src/install/custom_msgs/include/custom_msgs/msg/detail/led_locations__type_support.c
[1.096s] -- Up-to-date: /home/teamvision/Desktop/ROS_Workspace/Honours_a1797823_a1764124/ROS_Workspace/src/install/custom_msgs/include/custom_msgs/msg/detail/led_locations__rosidl_typesupport_introspection_c.h
[1.096s] -- Up-to-date: /home/teamvision/Desktop/ROS_Workspace/Honours_a1797823_a1764124/ROS_Workspace/src/install/custom_msgs/include/custom_msgs/msg/detail/fire_severity__rosidl_typesupport_introspection_c.h
[1.096s] -- Up-to-date: /home/teamvision/Desktop/ROS_Workspace/Honours_a1797823_a1764124/ROS_Workspace/src/install/custom_msgs/include/custom_msgs/msg/rosidl_typesupport_introspection_c__visibility_control.h
[1.096s] -- Up-to-date: /home/teamvision/Desktop/ROS_Workspace/Honours_a1797823_a1764124/ROS_Workspace/src/install/custom_msgs/lib/libcustom_msgs__rosidl_typesupport_introspection_c.so
[1.096s] -- Up-to-date: /home/teamvision/Desktop/ROS_Workspace/Honours_a1797823_a1764124/ROS_Workspace/src/install/custom_msgs/lib/libcustom_msgs__rosidl_typesupport_c.so
[1.096s] -- Up-to-date: /home/teamvision/Desktop/ROS_Workspace/Honours_a1797823_a1764124/ROS_Workspace/src/install/custom_msgs/include/custom_msgs
[1.096s] -- Up-to-date: /home/teamvision/Desktop/ROS_Workspace/Honours_a1797823_a1764124/ROS_Workspace/src/install/custom_msgs/include/custom_msgs/msg
[1.097s] -- Up-to-date: /home/teamvision/Desktop/ROS_Workspace/Honours_a1797823_a1764124/ROS_Workspace/src/install/custom_msgs/include/custom_msgs/msg/led_locations.hpp
[1.097s] -- Up-to-date: /home/teamvision/Desktop/ROS_Workspace/Honours_a1797823_a1764124/ROS_Workspace/src/install/custom_msgs/include/custom_msgs/msg/detail
[1.097s] -- Up-to-date: /home/teamvision/Desktop/ROS_Workspace/Honours_a1797823_a1764124/ROS_Workspace/src/install/custom_msgs/include/custom_msgs/msg/detail/led_locations__builder.hpp
[1.097s] -- Up-to-date: /home/teamvision/Desktop/ROS_Workspace/Honours_a1797823_a1764124/ROS_Workspace/src/install/custom_msgs/include/custom_msgs/msg/detail/led_locations__traits.hpp
[1.097s] -- Up-to-date: /home/teamvision/Desktop/ROS_Workspace/Honours_a1797823_a1764124/ROS_Workspace/src/install/custom_msgs/include/custom_msgs/msg/detail/led_locations__struct.hpp
[1.097s] -- Up-to-date: /home/teamvision/Desktop/ROS_Workspace/Honours_a1797823_a1764124/ROS_Workspace/src/install/custom_msgs/include/custom_msgs/msg/detail/fire_severity__struct.hpp
[1.097s] -- Up-to-date: /home/teamvision/Desktop/ROS_Workspace/Honours_a1797823_a1764124/ROS_Workspace/src/install/custom_msgs/include/custom_msgs/msg/detail/fire_severity__builder.hpp
[1.097s] -- Up-to-date: /home/teamvision/Desktop/ROS_Workspace/Honours_a1797823_a1764124/ROS_Workspace/src/install/custom_msgs/include/custom_msgs/msg/detail/fire_severity__traits.hpp
[1.097s] -- Up-to-date: /home/teamvision/Desktop/ROS_Workspace/Honours_a1797823_a1764124/ROS_Workspace/src/install/custom_msgs/include/custom_msgs/msg/fire_severity.hpp
[1.098s] -- Up-to-date: /home/teamvision/Desktop/ROS_Workspace/Honours_a1797823_a1764124/ROS_Workspace/src/install/custom_msgs/include/custom_msgs
[1.098s] -- Up-to-date: /home/teamvision/Desktop/ROS_Workspace/Honours_a1797823_a1764124/ROS_Workspace/src/install/custom_msgs/include/custom_msgs/msg
[1.098s] -- Up-to-date: /home/teamvision/Desktop/ROS_Workspace/Honours_a1797823_a1764124/ROS_Workspace/src/install/custom_msgs/include/custom_msgs/msg/detail
[1.098s] -- Up-to-date: /home/teamvision/Desktop/ROS_Workspace/Honours_a1797823_a1764124/ROS_Workspace/src/install/custom_msgs/include/custom_msgs/msg/detail/fire_severity__rosidl_typesupport_introspection_cpp.hpp
[1.098s] -- Up-to-date: /home/teamvision/Desktop/ROS_Workspace/Honours_a1797823_a1764124/ROS_Workspace/src/install/custom_msgs/include/custom_msgs/msg/detail/fire_severity__type_support.cpp
[1.098s] -- Up-to-date: /home/teamvision/Desktop/ROS_Workspace/Honours_a1797823_a1764124/ROS_Workspace/src/install/custom_msgs/include/custom_msgs/msg/detail/led_locations__type_support.cpp
[1.098s] -- Up-to-date: /home/teamvision/Desktop/ROS_Workspace/Honours_a1797823_a1764124/ROS_Workspace/src/install/custom_msgs/include/custom_msgs/msg/detail/led_locations__rosidl_typesupport_introspection_cpp.hpp
[1.098s] -- Up-to-date: /home/teamvision/Desktop/ROS_Workspace/Honours_a1797823_a1764124/ROS_Workspace/src/install/custom_msgs/lib/libcustom_msgs__rosidl_typesupport_introspection_cpp.so
[1.098s] -- Up-to-date: /home/teamvision/Desktop/ROS_Workspace/Honours_a1797823_a1764124/ROS_Workspace/src/install/custom_msgs/lib/libcustom_msgs__rosidl_typesupport_cpp.so
[1.099s] -- Up-to-date: /home/teamvision/Desktop/ROS_Workspace/Honours_a1797823_a1764124/ROS_Workspace/src/install/custom_msgs/share/custom_msgs/environment/pythonpath.sh
[1.099s] -- Up-to-date: /home/teamvision/Desktop/ROS_Workspace/Honours_a1797823_a1764124/ROS_Workspace/src/install/custom_msgs/share/custom_msgs/environment/pythonpath.dsv
[1.099s] -- Up-to-date: /home/teamvision/Desktop/ROS_Workspace/Honours_a1797823_a1764124/ROS_Workspace/src/install/custom_msgs/lib/python3.8/site-packages/custom_msgs/__init__.py
[1.166s] -- Up-to-date: /home/teamvision/Desktop/ROS_Workspace/Honours_a1797823_a1764124/ROS_Workspace/src/install/custom_msgs/lib/python3.8/site-packages/custom_msgs/msg
[1.166s] -- Up-to-date: /home/teamvision/Desktop/ROS_Workspace/Honours_a1797823_a1764124/ROS_Workspace/src/install/custom_msgs/lib/python3.8/site-packages/custom_msgs/msg/__init__.py
[1.167s] -- Up-to-date: /home/teamvision/Desktop/ROS_Workspace/Honours_a1797823_a1764124/ROS_Workspace/src/install/custom_msgs/lib/python3.8/site-packages/custom_msgs/msg/_led_locations_s.c
[1.167s] -- Up-to-date: /home/teamvision/Desktop/ROS_Workspace/Honours_a1797823_a1764124/ROS_Workspace/src/install/custom_msgs/lib/python3.8/site-packages/custom_msgs/msg/_fire_severity.py
[1.168s] -- Up-to-date: /home/teamvision/Desktop/ROS_Workspace/Honours_a1797823_a1764124/ROS_Workspace/src/install/custom_msgs/lib/python3.8/site-packages/custom_msgs/msg/_fire_severity_s.c
[1.168s] -- Up-to-date: /home/teamvision/Desktop/ROS_Workspace/Honours_a1797823_a1764124/ROS_Workspace/src/install/custom_msgs/lib/python3.8/site-packages/custom_msgs/msg/_led_locations.py
[1.168s] -- Up-to-date: /home/teamvision/Desktop/ROS_Workspace/Honours_a1797823_a1764124/ROS_Workspace/src/install/custom_msgs/lib/python3.8/site-packages/custom_msgs/custom_msgs_s__rosidl_typesupport_fastrtps_c.cpython-38-x86_64-linux-gnu.so
[1.168s] -- Up-to-date: /home/teamvision/Desktop/ROS_Workspace/Honours_a1797823_a1764124/ROS_Workspace/src/install/custom_msgs/lib/python3.8/site-packages/custom_msgs/custom_msgs_s__rosidl_typesupport_introspection_c.cpython-38-x86_64-linux-gnu.so
[1.171s] -- Up-to-date: /home/teamvision/Desktop/ROS_Workspace/Honours_a1797823_a1764124/ROS_Workspace/src/install/custom_msgs/lib/python3.8/site-packages/custom_msgs/custom_msgs_s__rosidl_typesupport_c.cpython-38-x86_64-linux-gnu.so
[1.171s] -- Up-to-date: /home/teamvision/Desktop/ROS_Workspace/Honours_a1797823_a1764124/ROS_Workspace/src/install/custom_msgs/lib/libcustom_msgs__python.so
[1.171s] -- Up-to-date: /home/teamvision/Desktop/ROS_Workspace/Honours_a1797823_a1764124/ROS_Workspace/src/install/custom_msgs/share/custom_msgs/msg/LEDLocations.idl
[1.171s] -- Up-to-date: /home/teamvision/Desktop/ROS_Workspace/Honours_a1797823_a1764124/ROS_Workspace/src/install/custom_msgs/share/custom_msgs/msg/FireSeverity.idl
[1.172s] -- Up-to-date: /home/teamvision/Desktop/ROS_Workspace/Honours_a1797823_a1764124/ROS_Workspace/src/install/custom_msgs/share/custom_msgs/msg/LEDLocations.msg
[1.172s] -- Up-to-date: /home/teamvision/Desktop/ROS_Workspace/Honours_a1797823_a1764124/ROS_Workspace/src/install/custom_msgs/share/custom_msgs/msg/FireSeverity.msg
[1.172s] -- Up-to-date: /home/teamvision/Desktop/ROS_Workspace/Honours_a1797823_a1764124/ROS_Workspace/src/install/custom_msgs/share/ament_index/resource_index/package_run_dependencies/custom_msgs
[1.172s] -- Up-to-date: /home/teamvision/Desktop/ROS_Workspace/Honours_a1797823_a1764124/ROS_Workspace/src/install/custom_msgs/share/ament_index/resource_index/parent_prefix_path/custom_msgs
[1.172s] -- Up-to-date: /home/teamvision/Desktop/ROS_Workspace/Honours_a1797823_a1764124/ROS_Workspace/src/install/custom_msgs/share/custom_msgs/environment/ament_prefix_path.sh
[1.172s] -- Up-to-date: /home/teamvision/Desktop/ROS_Workspace/Honours_a1797823_a1764124/ROS_Workspace/src/install/custom_msgs/share/custom_msgs/environment/ament_prefix_path.dsv
[1.172s] -- Up-to-date: /home/teamvision/Desktop/ROS_Workspace/Honours_a1797823_a1764124/ROS_Workspace/src/install/custom_msgs/share/custom_msgs/environment/path.sh
[1.172s] -- Up-to-date: /home/teamvision/Desktop/ROS_Workspace/Honours_a1797823_a1764124/ROS_Workspace/src/install/custom_msgs/share/custom_msgs/environment/path.dsv
[1.173s] -- Up-to-date: /home/teamvision/Desktop/ROS_Workspace/Honours_a1797823_a1764124/ROS_Workspace/src/install/custom_msgs/share/custom_msgs/local_setup.bash
[1.173s] -- Up-to-date: /home/teamvision/Desktop/ROS_Workspace/Honours_a1797823_a1764124/ROS_Workspace/src/install/custom_msgs/share/custom_msgs/local_setup.sh
[1.173s] -- Up-to-date: /home/teamvision/Desktop/ROS_Workspace/Honours_a1797823_a1764124/ROS_Workspace/src/install/custom_msgs/share/custom_msgs/local_setup.zsh
[1.173s] -- Up-to-date: /home/teamvision/Desktop/ROS_Workspace/Honours_a1797823_a1764124/ROS_Workspace/src/install/custom_msgs/share/custom_msgs/local_setup.dsv
[1.173s] -- Installing: /home/teamvision/Desktop/ROS_Workspace/Honours_a1797823_a1764124/ROS_Workspace/src/install/custom_msgs/share/custom_msgs/package.dsv
[1.173s] -- Up-to-date: /home/teamvision/Desktop/ROS_Workspace/Honours_a1797823_a1764124/ROS_Workspace/src/install/custom_msgs/share/ament_index/resource_index/packages/custom_msgs
[1.174s] -- Up-to-date: /home/teamvision/Desktop/ROS_Workspace/Honours_a1797823_a1764124/ROS_Workspace/src/install/custom_msgs/share/custom_msgs/cmake/custom_msgs__rosidl_generator_cExport.cmake
[1.174s] -- Up-to-date: /home/teamvision/Desktop/ROS_Workspace/Honours_a1797823_a1764124/ROS_Workspace/src/install/custom_msgs/share/custom_msgs/cmake/custom_msgs__rosidl_generator_cExport-noconfig.cmake
[1.174s] -- Up-to-date: /home/teamvision/Desktop/ROS_Workspace/Honours_a1797823_a1764124/ROS_Workspace/src/install/custom_msgs/share/custom_msgs/cmake/custom_msgs__rosidl_typesupport_introspection_cExport.cmake
[1.174s] -- Up-to-date: /home/teamvision/Desktop/ROS_Workspace/Honours_a1797823_a1764124/ROS_Workspace/src/install/custom_msgs/share/custom_msgs/cmake/custom_msgs__rosidl_typesupport_introspection_cExport-noconfig.cmake
[1.174s] -- Up-to-date: /home/teamvision/Desktop/ROS_Workspace/Honours_a1797823_a1764124/ROS_Workspace/src/install/custom_msgs/share/custom_msgs/cmake/custom_msgs__rosidl_typesupport_cExport.cmake
[1.174s] -- Up-to-date: /home/teamvision/Desktop/ROS_Workspace/Honours_a1797823_a1764124/ROS_Workspace/src/install/custom_msgs/share/custom_msgs/cmake/custom_msgs__rosidl_typesupport_cExport-noconfig.cmake
[1.174s] -- Up-to-date: /home/teamvision/Desktop/ROS_Workspace/Honours_a1797823_a1764124/ROS_Workspace/src/install/custom_msgs/share/custom_msgs/cmake/custom_msgs__rosidl_generator_cppExport.cmake
[1.174s] -- Up-to-date: /home/teamvision/Desktop/ROS_Workspace/Honours_a1797823_a1764124/ROS_Workspace/src/install/custom_msgs/share/custom_msgs/cmake/custom_msgs__rosidl_typesupport_introspection_cppExport.cmake
[1.174s] -- Up-to-date: /home/teamvision/Desktop/ROS_Workspace/Honours_a1797823_a1764124/ROS_Workspace/src/install/custom_msgs/share/custom_msgs/cmake/custom_msgs__rosidl_typesupport_introspection_cppExport-noconfig.cmake
[1.175s] -- Up-to-date: /home/teamvision/Desktop/ROS_Workspace/Honours_a1797823_a1764124/ROS_Workspace/src/install/custom_msgs/share/custom_msgs/cmake/custom_msgs__rosidl_typesupport_cppExport.cmake
[1.175s] -- Up-to-date: /home/teamvision/Desktop/ROS_Workspace/Honours_a1797823_a1764124/ROS_Workspace/src/install/custom_msgs/share/custom_msgs/cmake/custom_msgs__rosidl_typesupport_cppExport-noconfig.cmake
[1.175s] -- Up-to-date: /home/teamvision/Desktop/ROS_Workspace/Honours_a1797823_a1764124/ROS_Workspace/src/install/custom_msgs/share/custom_msgs/cmake/rosidl_cmake-extras.cmake
[1.175s] -- Up-to-date: /home/teamvision/Desktop/ROS_Workspace/Honours_a1797823_a1764124/ROS_Workspace/src/install/custom_msgs/share/custom_msgs/cmake/ament_cmake_export_dependencies-extras.cmake
[1.184s] -- Up-to-date: /home/teamvision/Desktop/ROS_Workspace/Honours_a1797823_a1764124/ROS_Workspace/src/install/custom_msgs/share/custom_msgs/cmake/ament_cmake_export_libraries-extras.cmake
[1.184s] -- Up-to-date: /home/teamvision/Desktop/ROS_Workspace/Honours_a1797823_a1764124/ROS_Workspace/src/install/custom_msgs/share/custom_msgs/cmake/ament_cmake_export_targets-extras.cmake
[1.185s] -- Up-to-date: /home/teamvision/Desktop/ROS_Workspace/Honours_a1797823_a1764124/ROS_Workspace/src/install/custom_msgs/share/custom_msgs/cmake/ament_cmake_export_include_directories-extras.cmake
[1.185s] -- Up-to-date: /home/teamvision/Desktop/ROS_Workspace/Honours_a1797823_a1764124/ROS_Workspace/src/install/custom_msgs/share/custom_msgs/cmake/rosidl_cmake_export_typesupport_libraries-extras.cmake
[1.185s] -- Up-to-date: /home/teamvision/Desktop/ROS_Workspace/Honours_a1797823_a1764124/ROS_Workspace/src/install/custom_msgs/share/custom_msgs/cmake/rosidl_cmake_export_typesupport_targets-extras.cmake
[1.185s] -- Up-to-date: /home/teamvision/Desktop/ROS_Workspace/Honours_a1797823_a1764124/ROS_Workspace/src/install/custom_msgs/share/custom_msgs/cmake/custom_msgsConfig.cmake
[1.185s] -- Up-to-date: /home/teamvision/Desktop/ROS_Workspace/Honours_a1797823_a1764124/ROS_Workspace/src/install/custom_msgs/share/custom_msgs/cmake/custom_msgsConfig-version.cmake
[1.185s] -- Up-to-date: /home/teamvision/Desktop/ROS_Workspace/Honours_a1797823_a1764124/ROS_Workspace/src/install/custom_msgs/share/custom_msgs/package.xml
[1.185s] Invoked command in '/home/teamvision/Desktop/ROS_Workspace/Honours_a1797823_a1764124/ROS_Workspace/src/build/custom_msgs' returned '0': CMAKE_PREFIX_PATH=${CMAKE_PREFIX_PATH}:/home/teamvision/Desktop/ROS_Workspace/Honours_a1797823_a1764124/ROS_Workspace/src/install/turtlebot3_teleop:/home/teamvision/Desktop/ROS_Workspace/Honours_a1797823_a1764124/ROS_Workspace/src/install/turtlebot3_navigation:/home/teamvision/Desktop/ROS_Workspace/Honours_a1797823_a1764124/ROS_Workspace/src/install/turtlebot3_example:/home/teamvision/Desktop/ROS_Workspace/Honours_a1797823_a1764124/ROS_Workspace/src/install/path_planner_server:/home/teamvision/Desktop/ROS_Workspace/Honours_a1797823_a1764124/ROS_Workspace/src/install/localization_server:/home/teamvision/Desktop/ROS_Workspace/Honours_a1797823_a1764124/ROS_Workspace/src/install/dynamixel_sdk_custom_interfaces:/home/teamvision/Desktop/ROS_Workspace/Honours_a1797823_a1764124/ROS_Workspace/src/install/cameraSub:/home/teamvision/Desktop/ROS_Workspace/Honours_a1797823_a1764124/ROS_Workspace/src/install/cameraPub:/home/teamvision/Desktop/ROS_Workspace/Honours_a1797823_a1764124/ROS_Workspace/src/install/UGV2Vision:/home/teamvision/Desktop/ROS_Workspace/Honours_a1797823_a1764124/ROS_Workspace/src/install/UGV2Processing:/home/teamvision/Desktop/ROS_Workspace/Honours_a1797823_a1764124/ROS_Workspace/src/install/UGV2Main:/home/teamvision/Desktop/ROS_Workspace/Honours_a1797823_a1764124/ROS_Workspace/src/install/UGV1Vision:/home/teamvision/Desktop/ROS_Workspace/Honours_a1797823_a1764124/ROS_Workspace/src/install/UGV1Processing:/home/teamvision/Desktop/ROS_Workspace/Honours_a1797823_a1764124/ROS_Workspace/src/install/UGV1Main:/home/teamvision/Desktop/ROS_Workspace/Honours_a1797823_a1764124/ROS_Workspace/src/install/UAVVision:/home/teamvision/Desktop/ROS_Workspace/Honours_a1797823_a1764124/ROS_Workspace/src/install/UAVProcessing:/home/teamvision/Desktop/ROS_Workspace/Honours_a1797823_a1764124/ROS_Workspace/src/install/UAVMain:/home/teamvision/Desktop/ROS_Workspace/Honours_a1797823_a1764124/ROS_Workspace/src/install/Konig:/opt/ros/foxy /usr/bin/cmake --install /home/teamvision/Desktop/ROS_Workspace/Honours_a1797823_a1764124/ROS_Workspace/src/build/custom_msgs
