[1.032s] Invoking command in '/home/vboxuser/turtlebot3_ws/src/turtlebot3_navigation': PYTHONPATH=/home/vboxuser/turtlebot3_ws/src/turtlebot3_navigation/build/turtlebot3_navigation/prefix_override:/home/vboxuser/turtlebot3_ws/src/turtlebot3_navigation/install/turtlebot3_navigation/lib/python3.8/site-packages:${PYTHONPATH} /usr/bin/python3 setup.py egg_info --egg-base build/turtlebot3_navigation build --build-base /home/vboxuser/turtlebot3_ws/src/turtlebot3_navigation/build/turtlebot3_navigation/build install --record /home/vboxuser/turtlebot3_ws/src/turtlebot3_navigation/build/turtlebot3_navigation/install.log --install-scripts $base/lib/turtlebot3_navigation --single-version-externally-managed
[1.316s] running egg_info
[1.316s] writing build/turtlebot3_navigation/turtlebot3_navigation.egg-info/PKG-INFO
[1.317s] writing dependency_links to build/turtlebot3_navigation/turtlebot3_navigation.egg-info/dependency_links.txt
[1.317s] writing entry points to build/turtlebot3_navigation/turtlebot3_navigation.egg-info/entry_points.txt
[1.318s] writing requirements to build/turtlebot3_navigation/turtlebot3_navigation.egg-info/requires.txt
[1.318s] writing top-level names to build/turtlebot3_navigation/turtlebot3_navigation.egg-info/top_level.txt
[1.360s] reading manifest file 'build/turtlebot3_navigation/turtlebot3_navigation.egg-info/SOURCES.txt'
[1.361s] writing manifest file 'build/turtlebot3_navigation/turtlebot3_navigation.egg-info/SOURCES.txt'
[1.361s] running build
[1.361s] running build_py
[1.361s] copying turtlebot3_navigation/move_robot.py -> /home/vboxuser/turtlebot3_ws/src/turtlebot3_navigation/build/turtlebot3_navigation/build/lib/turtlebot3_navigation
[1.362s] running install
[1.363s] running install_lib
[1.364s] copying /home/vboxuser/turtlebot3_ws/src/turtlebot3_navigation/build/turtlebot3_navigation/build/lib/turtlebot3_navigation/move_robot.py -> /home/vboxuser/turtlebot3_ws/src/turtlebot3_navigation/install/turtlebot3_navigation/lib/python3.8/site-packages/turtlebot3_navigation
[1.365s] byte-compiling /home/vboxuser/turtlebot3_ws/src/turtlebot3_navigation/install/turtlebot3_navigation/lib/python3.8/site-packages/turtlebot3_navigation/move_robot.py to move_robot.cpython-38.pyc
[1.366s] running install_data
[1.367s] running install_egg_info
[1.369s] removing '/home/vboxuser/turtlebot3_ws/src/turtlebot3_navigation/install/turtlebot3_navigation/lib/python3.8/site-packages/turtlebot3_navigation-0.0.0-py3.8.egg-info' (and everything under it)
[1.370s] Copying build/turtlebot3_navigation/turtlebot3_navigation.egg-info to /home/vboxuser/turtlebot3_ws/src/turtlebot3_navigation/install/turtlebot3_navigation/lib/python3.8/site-packages/turtlebot3_navigation-0.0.0-py3.8.egg-info
[1.371s] running install_scripts
[1.393s] Installing move_robot script to /home/vboxuser/turtlebot3_ws/src/turtlebot3_navigation/install/turtlebot3_navigation/lib/turtlebot3_navigation
[1.393s] writing list of installed files to '/home/vboxuser/turtlebot3_ws/src/turtlebot3_navigation/build/turtlebot3_navigation/install.log'
[1.424s] Invoked command in '/home/vboxuser/turtlebot3_ws/src/turtlebot3_navigation' returned '0': PYTHONPATH=/home/vboxuser/turtlebot3_ws/src/turtlebot3_navigation/build/turtlebot3_navigation/prefix_override:/home/vboxuser/turtlebot3_ws/src/turtlebot3_navigation/install/turtlebot3_navigation/lib/python3.8/site-packages:${PYTHONPATH} /usr/bin/python3 setup.py egg_info --egg-base build/turtlebot3_navigation build --build-base /home/vboxuser/turtlebot3_ws/src/turtlebot3_navigation/build/turtlebot3_navigation/build install --record /home/vboxuser/turtlebot3_ws/src/turtlebot3_navigation/build/turtlebot3_navigation/install.log --install-scripts $base/lib/turtlebot3_navigation --single-version-externally-managed
