[2.390s] Invoking command in '/home/teamvision/Desktop/ROS_Workspace/Honours_a1797823_a1764124/ROS_Workspace/src/UGV2Processing': PYTHONPATH=/home/teamvision/Desktop/ROS_Workspace/Honours_a1797823_a1764124/ROS_Workspace/src/build/UGV2Processing/prefix_override:/home/teamvision/Desktop/ROS_Workspace/Honours_a1797823_a1764124/ROS_Workspace/src/install/UGV2Processing/lib/python3.8/site-packages:${PYTHONPATH} /usr/bin/python3 setup.py egg_info --egg-base ../build/UGV2Processing build --build-base /home/teamvision/Desktop/ROS_Workspace/Honours_a1797823_a1764124/ROS_Workspace/src/build/UGV2Processing/build install --record /home/teamvision/Desktop/ROS_Workspace/Honours_a1797823_a1764124/ROS_Workspace/src/build/UGV2Processing/install.log --install-scripts $base/lib/UGV2Processing --single-version-externally-managed
[3.223s] running egg_info
[3.224s] writing ../build/UGV2Processing/UGV2Processing.egg-info/PKG-INFO
[3.227s] writing dependency_links to ../build/UGV2Processing/UGV2Processing.egg-info/dependency_links.txt
[3.229s] writing entry points to ../build/UGV2Processing/UGV2Processing.egg-info/entry_points.txt
[3.230s] writing requirements to ../build/UGV2Processing/UGV2Processing.egg-info/requires.txt
[3.230s] writing top-level names to ../build/UGV2Processing/UGV2Processing.egg-info/top_level.txt
[3.347s] reading manifest file '../build/UGV2Processing/UGV2Processing.egg-info/SOURCES.txt'
[3.354s] writing manifest file '../build/UGV2Processing/UGV2Processing.egg-info/SOURCES.txt'
[3.354s] running build
[3.354s] running build_py
[3.362s] running install
[3.362s] running install_lib
[3.362s] running install_data
[3.366s] running install_egg_info
[3.399s] removing '/home/teamvision/Desktop/ROS_Workspace/Honours_a1797823_a1764124/ROS_Workspace/src/install/UGV2Processing/lib/python3.8/site-packages/UGV2Processing-0.0.0-py3.8.egg-info' (and everything under it)
[3.399s] Copying ../build/UGV2Processing/UGV2Processing.egg-info to /home/teamvision/Desktop/ROS_Workspace/Honours_a1797823_a1764124/ROS_Workspace/src/install/UGV2Processing/lib/python3.8/site-packages/UGV2Processing-0.0.0-py3.8.egg-info
[3.400s] running install_scripts
[3.454s] Installing UGV2Processing script to /home/teamvision/Desktop/ROS_Workspace/Honours_a1797823_a1764124/ROS_Workspace/src/install/UGV2Processing/lib/UGV2Processing
[3.459s] writing list of installed files to '/home/teamvision/Desktop/ROS_Workspace/Honours_a1797823_a1764124/ROS_Workspace/src/build/UGV2Processing/install.log'
[4.192s] Invoked command in '/home/teamvision/Desktop/ROS_Workspace/Honours_a1797823_a1764124/ROS_Workspace/src/UGV2Processing' returned '0': PYTHONPATH=/home/teamvision/Desktop/ROS_Workspace/Honours_a1797823_a1764124/ROS_Workspace/src/build/UGV2Processing/prefix_override:/home/teamvision/Desktop/ROS_Workspace/Honours_a1797823_a1764124/ROS_Workspace/src/install/UGV2Processing/lib/python3.8/site-packages:${PYTHONPATH} /usr/bin/python3 setup.py egg_info --egg-base ../build/UGV2Processing build --build-base /home/teamvision/Desktop/ROS_Workspace/Honours_a1797823_a1764124/ROS_Workspace/src/build/UGV2Processing/build install --record /home/teamvision/Desktop/ROS_Workspace/Honours_a1797823_a1764124/ROS_Workspace/src/build/UGV2Processing/install.log --install-scripts $base/lib/UGV2Processing --single-version-externally-managed
