[3.075s] Invoking command in '/home/teamvision/Desktop/ROS_Workspace/Honours_a1797823_a1764124/ROS_Workspace/src/UGV1Main': PYTHONPATH=/home/teamvision/Desktop/ROS_Workspace/Honours_a1797823_a1764124/ROS_Workspace/src/build/UGV1Main/prefix_override:/home/teamvision/Desktop/ROS_Workspace/Honours_a1797823_a1764124/ROS_Workspace/src/install/UGV1Main/lib/python3.8/site-packages:${PYTHONPATH} /usr/bin/python3 setup.py egg_info --egg-base ../build/UGV1Main build --build-base /home/teamvision/Desktop/ROS_Workspace/Honours_a1797823_a1764124/ROS_Workspace/src/build/UGV1Main/build install --record /home/teamvision/Desktop/ROS_Workspace/Honours_a1797823_a1764124/ROS_Workspace/src/build/UGV1Main/install.log --install-scripts $base/lib/UGV1Main --single-version-externally-managed
[3.673s] running egg_info
[3.675s] writing ../build/UGV1Main/UGV1Main.egg-info/PKG-INFO
[3.676s] writing dependency_links to ../build/UGV1Main/UGV1Main.egg-info/dependency_links.txt
[3.676s] writing entry points to ../build/UGV1Main/UGV1Main.egg-info/entry_points.txt
[3.676s] writing requirements to ../build/UGV1Main/UGV1Main.egg-info/requires.txt
[3.677s] writing top-level names to ../build/UGV1Main/UGV1Main.egg-info/top_level.txt
[3.760s] reading manifest file '../build/UGV1Main/UGV1Main.egg-info/SOURCES.txt'
[3.762s] writing manifest file '../build/UGV1Main/UGV1Main.egg-info/SOURCES.txt'
[3.763s] running build
[3.771s] running build_py
[3.772s] running install
[3.774s] running install_lib
[3.776s] running install_data
[3.778s] running install_egg_info
[3.781s] removing '/home/teamvision/Desktop/ROS_Workspace/Honours_a1797823_a1764124/ROS_Workspace/src/install/UGV1Main/lib/python3.8/site-packages/UGV1Main-0.0.0-py3.8.egg-info' (and everything under it)
[3.784s] Copying ../build/UGV1Main/UGV1Main.egg-info to /home/teamvision/Desktop/ROS_Workspace/Honours_a1797823_a1764124/ROS_Workspace/src/install/UGV1Main/lib/python3.8/site-packages/UGV1Main-0.0.0-py3.8.egg-info
[3.786s] running install_scripts
[3.822s] Installing UGV1Main script to /home/teamvision/Desktop/ROS_Workspace/Honours_a1797823_a1764124/ROS_Workspace/src/install/UGV1Main/lib/UGV1Main
[3.823s] writing list of installed files to '/home/teamvision/Desktop/ROS_Workspace/Honours_a1797823_a1764124/ROS_Workspace/src/build/UGV1Main/install.log'
[4.076s] Invoked command in '/home/teamvision/Desktop/ROS_Workspace/Honours_a1797823_a1764124/ROS_Workspace/src/UGV1Main' returned '0': PYTHONPATH=/home/teamvision/Desktop/ROS_Workspace/Honours_a1797823_a1764124/ROS_Workspace/src/build/UGV1Main/prefix_override:/home/teamvision/Desktop/ROS_Workspace/Honours_a1797823_a1764124/ROS_Workspace/src/install/UGV1Main/lib/python3.8/site-packages:${PYTHONPATH} /usr/bin/python3 setup.py egg_info --egg-base ../build/UGV1Main build --build-base /home/teamvision/Desktop/ROS_Workspace/Honours_a1797823_a1764124/ROS_Workspace/src/build/UGV1Main/build install --record /home/teamvision/Desktop/ROS_Workspace/Honours_a1797823_a1764124/ROS_Workspace/src/build/UGV1Main/install.log --install-scripts $base/lib/UGV1Main --single-version-externally-managed
