[1.705s] Invoking command in '/home/teamvision/Desktop/ROS_Workspace/Honours_a1797823_a1764124/ROS_Workspace/src/Multi_agent_nav/path_planner_server': PYTHONPATH=/home/teamvision/Desktop/ROS_Workspace/Honours_a1797823_a1764124/ROS_Workspace/src/build/path_planner_server/prefix_override:/home/teamvision/Desktop/ROS_Workspace/Honours_a1797823_a1764124/ROS_Workspace/src/install/path_planner_server/lib/python3.8/site-packages:${PYTHONPATH} /usr/bin/python3 setup.py egg_info --egg-base ../../build/path_planner_server build --build-base /home/teamvision/Desktop/ROS_Workspace/Honours_a1797823_a1764124/ROS_Workspace/src/build/path_planner_server/build install --record /home/teamvision/Desktop/ROS_Workspace/Honours_a1797823_a1764124/ROS_Workspace/src/build/path_planner_server/install.log --install-scripts $base/lib/path_planner_server --single-version-externally-managed
[2.263s] running egg_info
[2.263s] writing ../../build/path_planner_server/path_planner_server.egg-info/PKG-INFO
[2.263s] writing dependency_links to ../../build/path_planner_server/path_planner_server.egg-info/dependency_links.txt
[2.263s] writing entry points to ../../build/path_planner_server/path_planner_server.egg-info/entry_points.txt
[2.264s] writing requirements to ../../build/path_planner_server/path_planner_server.egg-info/requires.txt
[2.264s] writing top-level names to ../../build/path_planner_server/path_planner_server.egg-info/top_level.txt
[2.336s] reading manifest file '../../build/path_planner_server/path_planner_server.egg-info/SOURCES.txt'
[2.339s] writing manifest file '../../build/path_planner_server/path_planner_server.egg-info/SOURCES.txt'
[2.339s] running build
[2.339s] running build_py
[2.340s] running install
[2.340s] running install_lib
[2.343s] running install_data
[2.345s] running install_egg_info
[2.348s] removing '/home/teamvision/Desktop/ROS_Workspace/Honours_a1797823_a1764124/ROS_Workspace/src/install/path_planner_server/lib/python3.8/site-packages/path_planner_server-0.0.0-py3.8.egg-info' (and everything under it)
[2.348s] Copying ../../build/path_planner_server/path_planner_server.egg-info to /home/teamvision/Desktop/ROS_Workspace/Honours_a1797823_a1764124/ROS_Workspace/src/install/path_planner_server/lib/python3.8/site-packages/path_planner_server-0.0.0-py3.8.egg-info
[2.355s] running install_scripts
[2.399s] writing list of installed files to '/home/teamvision/Desktop/ROS_Workspace/Honours_a1797823_a1764124/ROS_Workspace/src/build/path_planner_server/install.log'
[2.467s] Invoked command in '/home/teamvision/Desktop/ROS_Workspace/Honours_a1797823_a1764124/ROS_Workspace/src/Multi_agent_nav/path_planner_server' returned '0': PYTHONPATH=/home/teamvision/Desktop/ROS_Workspace/Honours_a1797823_a1764124/ROS_Workspace/src/build/path_planner_server/prefix_override:/home/teamvision/Desktop/ROS_Workspace/Honours_a1797823_a1764124/ROS_Workspace/src/install/path_planner_server/lib/python3.8/site-packages:${PYTHONPATH} /usr/bin/python3 setup.py egg_info --egg-base ../../build/path_planner_server build --build-base /home/teamvision/Desktop/ROS_Workspace/Honours_a1797823_a1764124/ROS_Workspace/src/build/path_planner_server/build install --record /home/teamvision/Desktop/ROS_Workspace/Honours_a1797823_a1764124/ROS_Workspace/src/build/path_planner_server/install.log --install-scripts $base/lib/path_planner_server --single-version-externally-managed
