running develop
running egg_info
writing build/cameraPub/cameraSub.egg-info/PKG-INFO
writing dependency_links to build/cameraPub/cameraSub.egg-info/dependency_links.txt
writing entry points to build/cameraPub/cameraSub.egg-info/entry_points.txt
writing requirements to build/cameraPub/cameraSub.egg-info/requires.txt
writing top-level names to build/cameraPub/cameraSub.egg-info/top_level.txt
reading manifest file 'build/cameraPub/cameraSub.egg-info/SOURCES.txt'
writing manifest file 'build/cameraPub/cameraSub.egg-info/SOURCES.txt'
running build
running build_py
copying cameraSub/cameraSubscriber.py -> /home/max/Desktop/VisionCode/Honours_a1797823_a1764124/ROS_Workspace/src/cameraSub/build/cameraPub/build/lib/cameraSub
running install
running install_lib
copying /home/max/Desktop/VisionCode/Honours_a1797823_a1764124/ROS_Workspace/src/cameraSub/build/cameraPub/build/lib/cameraSub/cameraSubscriber.py -> /home/max/Desktop/VisionCode/Honours_a1797823_a1764124/ROS_Workspace/src/cameraSub/install/cameraPub/lib/python3.8/site-packages/cameraSub
byte-compiling /home/max/Desktop/VisionCode/Honours_a1797823_a1764124/ROS_Workspace/src/cameraSub/install/cameraPub/lib/python3.8/site-packages/cameraSub/cameraSubscriber.py to cameraSubscriber.cpython-38.pyc
Sorry: IndentationError: unexpected indent (cameraSubscriber.py, line 26)
running install_data
running install_egg_info
removing '/home/max/Desktop/VisionCode/Honours_a1797823_a1764124/ROS_Workspace/src/cameraSub/install/cameraPub/lib/python3.8/site-packages/cameraSub-0.0.0-py3.8.egg-info' (and everything under it)
Copying build/cameraPub/cameraSub.egg-info to /home/max/Desktop/VisionCode/Honours_a1797823_a1764124/ROS_Workspace/src/cameraSub/install/cameraPub/lib/python3.8/site-packages/cameraSub-0.0.0-py3.8.egg-info
running install_scripts
Installing cameraSub script to /home/max/Desktop/VisionCode/Honours_a1797823_a1764124/ROS_Workspace/src/cameraSub/install/cameraPub/lib/cameraPub
writing list of installed files to '/home/max/Desktop/VisionCode/Honours_a1797823_a1764124/ROS_Workspace/src/cameraSub/build/cameraPub/install.log'
