[1.019s] Invoking command in '/home/teamvision/Desktop/ROS_Workspace/Honours_a1797823_a1764124/ROS_Workspace/src/turtlebot3_navigation': PYTHONPATH=/home/teamvision/Desktop/ROS_Workspace/Honours_a1797823_a1764124/ROS_Workspace/src/build/turtlebot3_navigation/prefix_override:/home/teamvision/Desktop/ROS_Workspace/Honours_a1797823_a1764124/ROS_Workspace/src/install/turtlebot3_navigation/lib/python3.8/site-packages:${PYTHONPATH} /usr/bin/python3 setup.py egg_info --egg-base ../build/turtlebot3_navigation build --build-base /home/teamvision/Desktop/ROS_Workspace/Honours_a1797823_a1764124/ROS_Workspace/src/build/turtlebot3_navigation/build install --record /home/teamvision/Desktop/ROS_Workspace/Honours_a1797823_a1764124/ROS_Workspace/src/build/turtlebot3_navigation/install.log --install-scripts $base/lib/turtlebot3_navigation --single-version-externally-managed
[1.300s] running egg_info
[1.301s] writing ../build/turtlebot3_navigation/turtlebot3_navigation.egg-info/PKG-INFO
[1.301s] writing dependency_links to ../build/turtlebot3_navigation/turtlebot3_navigation.egg-info/dependency_links.txt
[1.301s] writing entry points to ../build/turtlebot3_navigation/turtlebot3_navigation.egg-info/entry_points.txt
[1.302s] writing requirements to ../build/turtlebot3_navigation/turtlebot3_navigation.egg-info/requires.txt
[1.302s] writing top-level names to ../build/turtlebot3_navigation/turtlebot3_navigation.egg-info/top_level.txt
[1.348s] reading manifest file '../build/turtlebot3_navigation/turtlebot3_navigation.egg-info/SOURCES.txt'
[1.349s] writing manifest file '../build/turtlebot3_navigation/turtlebot3_navigation.egg-info/SOURCES.txt'
[1.349s] running build
[1.349s] running build_py
[1.349s] copying turtlebot3_navigation/PosePublisher.py -> /home/teamvision/Desktop/ROS_Workspace/Honours_a1797823_a1764124/ROS_Workspace/src/build/turtlebot3_navigation/build/lib/turtlebot3_navigation
[1.350s] copying turtlebot3_navigation/move_two_robots.py -> /home/teamvision/Desktop/ROS_Workspace/Honours_a1797823_a1764124/ROS_Workspace/src/build/turtlebot3_navigation/build/lib/turtlebot3_navigation
[1.350s] running install
[1.351s] running install_lib
[1.352s] copying /home/teamvision/Desktop/ROS_Workspace/Honours_a1797823_a1764124/ROS_Workspace/src/build/turtlebot3_navigation/build/lib/turtlebot3_navigation/PosePublisher.py -> /home/teamvision/Desktop/ROS_Workspace/Honours_a1797823_a1764124/ROS_Workspace/src/install/turtlebot3_navigation/lib/python3.8/site-packages/turtlebot3_navigation
[1.352s] copying /home/teamvision/Desktop/ROS_Workspace/Honours_a1797823_a1764124/ROS_Workspace/src/build/turtlebot3_navigation/build/lib/turtlebot3_navigation/move_two_robots.py -> /home/teamvision/Desktop/ROS_Workspace/Honours_a1797823_a1764124/ROS_Workspace/src/install/turtlebot3_navigation/lib/python3.8/site-packages/turtlebot3_navigation
[1.353s] byte-compiling /home/teamvision/Desktop/ROS_Workspace/Honours_a1797823_a1764124/ROS_Workspace/src/install/turtlebot3_navigation/lib/python3.8/site-packages/turtlebot3_navigation/move_two_robots.py to move_two_robots.cpython-38.pyc
[1.356s] running install_data
[1.356s] running install_egg_info
[1.358s] removing '/home/teamvision/Desktop/ROS_Workspace/Honours_a1797823_a1764124/ROS_Workspace/src/install/turtlebot3_navigation/lib/python3.8/site-packages/turtlebot3_navigation-0.0.0-py3.8.egg-info' (and everything under it)
[1.358s] Copying ../build/turtlebot3_navigation/turtlebot3_navigation.egg-info to /home/teamvision/Desktop/ROS_Workspace/Honours_a1797823_a1764124/ROS_Workspace/src/install/turtlebot3_navigation/lib/python3.8/site-packages/turtlebot3_navigation-0.0.0-py3.8.egg-info
[1.359s] running install_scripts
[1.379s] Installing PosePublisher script to /home/teamvision/Desktop/ROS_Workspace/Honours_a1797823_a1764124/ROS_Workspace/src/install/turtlebot3_navigation/lib/turtlebot3_navigation
[1.379s] Installing coordinate_transform script to /home/teamvision/Desktop/ROS_Workspace/Honours_a1797823_a1764124/ROS_Workspace/src/install/turtlebot3_navigation/lib/turtlebot3_navigation
[1.380s] Installing move_robot script to /home/teamvision/Desktop/ROS_Workspace/Honours_a1797823_a1764124/ROS_Workspace/src/install/turtlebot3_navigation/lib/turtlebot3_navigation
[1.380s] Installing move_two_robots script to /home/teamvision/Desktop/ROS_Workspace/Honours_a1797823_a1764124/ROS_Workspace/src/install/turtlebot3_navigation/lib/turtlebot3_navigation
[1.380s] Installing set_initial_pose script to /home/teamvision/Desktop/ROS_Workspace/Honours_a1797823_a1764124/ROS_Workspace/src/install/turtlebot3_navigation/lib/turtlebot3_navigation
[1.381s] Installing zone_move script to /home/teamvision/Desktop/ROS_Workspace/Honours_a1797823_a1764124/ROS_Workspace/src/install/turtlebot3_navigation/lib/turtlebot3_navigation
[1.381s] writing list of installed files to '/home/teamvision/Desktop/ROS_Workspace/Honours_a1797823_a1764124/ROS_Workspace/src/build/turtlebot3_navigation/install.log'
[1.416s] Invoked command in '/home/teamvision/Desktop/ROS_Workspace/Honours_a1797823_a1764124/ROS_Workspace/src/turtlebot3_navigation' returned '0': PYTHONPATH=/home/teamvision/Desktop/ROS_Workspace/Honours_a1797823_a1764124/ROS_Workspace/src/build/turtlebot3_navigation/prefix_override:/home/teamvision/Desktop/ROS_Workspace/Honours_a1797823_a1764124/ROS_Workspace/src/install/turtlebot3_navigation/lib/python3.8/site-packages:${PYTHONPATH} /usr/bin/python3 setup.py egg_info --egg-base ../build/turtlebot3_navigation build --build-base /home/teamvision/Desktop/ROS_Workspace/Honours_a1797823_a1764124/ROS_Workspace/src/build/turtlebot3_navigation/build install --record /home/teamvision/Desktop/ROS_Workspace/Honours_a1797823_a1764124/ROS_Workspace/src/build/turtlebot3_navigation/install.log --install-scripts $base/lib/turtlebot3_navigation --single-version-externally-managed
