[4.045s] Invoking command in '/home/max/Desktop/VisionCode/Honours_a1797823_a1764124/ROS_Workspace/src/UGV1Processing': PYTHONPATH=/home/max/Desktop/VisionCode/Honours_a1797823_a1764124/ROS_Workspace/src/build/UGV1Processing/prefix_override:/home/max/Desktop/VisionCode/Honours_a1797823_a1764124/ROS_Workspace/src/install/UGV1Processing/lib/python3.8/site-packages:${PYTHONPATH} /usr/bin/python3 setup.py egg_info --egg-base ../build/UGV1Processing build --build-base /home/max/Desktop/VisionCode/Honours_a1797823_a1764124/ROS_Workspace/src/build/UGV1Processing/build install --record /home/max/Desktop/VisionCode/Honours_a1797823_a1764124/ROS_Workspace/src/build/UGV1Processing/install.log --install-scripts $base/lib/UGV1Processing --single-version-externally-managed
[4.506s] running egg_info
[4.507s] writing ../build/UGV1Processing/UGV1Processing.egg-info/PKG-INFO
[4.508s] writing dependency_links to ../build/UGV1Processing/UGV1Processing.egg-info/dependency_links.txt
[4.508s] writing entry points to ../build/UGV1Processing/UGV1Processing.egg-info/entry_points.txt
[4.509s] writing requirements to ../build/UGV1Processing/UGV1Processing.egg-info/requires.txt
[4.509s] writing top-level names to ../build/UGV1Processing/UGV1Processing.egg-info/top_level.txt
[4.610s] reading manifest file '../build/UGV1Processing/UGV1Processing.egg-info/SOURCES.txt'
[4.610s] writing manifest file '../build/UGV1Processing/UGV1Processing.egg-info/SOURCES.txt'
[4.615s] running build
[4.615s] running build_py
[4.615s] running install
[4.617s] running install_lib
[4.617s] running install_data
[4.617s] running install_egg_info
[4.618s] removing '/home/max/Desktop/VisionCode/Honours_a1797823_a1764124/ROS_Workspace/src/install/UGV1Processing/lib/python3.8/site-packages/UGV1Processing-0.0.0-py3.8.egg-info' (and everything under it)
[4.618s] Copying ../build/UGV1Processing/UGV1Processing.egg-info to /home/max/Desktop/VisionCode/Honours_a1797823_a1764124/ROS_Workspace/src/install/UGV1Processing/lib/python3.8/site-packages/UGV1Processing-0.0.0-py3.8.egg-info
[4.619s] running install_scripts
[4.651s] Installing UGV1Processing script to /home/max/Desktop/VisionCode/Honours_a1797823_a1764124/ROS_Workspace/src/install/UGV1Processing/lib/UGV1Processing
[4.651s] writing list of installed files to '/home/max/Desktop/VisionCode/Honours_a1797823_a1764124/ROS_Workspace/src/build/UGV1Processing/install.log'
[4.789s] Invoked command in '/home/max/Desktop/VisionCode/Honours_a1797823_a1764124/ROS_Workspace/src/UGV1Processing' returned '0': PYTHONPATH=/home/max/Desktop/VisionCode/Honours_a1797823_a1764124/ROS_Workspace/src/build/UGV1Processing/prefix_override:/home/max/Desktop/VisionCode/Honours_a1797823_a1764124/ROS_Workspace/src/install/UGV1Processing/lib/python3.8/site-packages:${PYTHONPATH} /usr/bin/python3 setup.py egg_info --egg-base ../build/UGV1Processing build --build-base /home/max/Desktop/VisionCode/Honours_a1797823_a1764124/ROS_Workspace/src/build/UGV1Processing/build install --record /home/max/Desktop/VisionCode/Honours_a1797823_a1764124/ROS_Workspace/src/build/UGV1Processing/install.log --install-scripts $base/lib/UGV1Processing --single-version-externally-managed
