[0.629s] Invoking command in '/home/max/Desktop/VisionCode/Honours_a1797823_a1764124/ROS_Workspace/src/Konig': PYTHONPATH=/home/max/Desktop/VisionCode/Honours_a1797823_a1764124/ROS_Workspace/src/Konig/build/Konig/prefix_override:/home/max/Desktop/VisionCode/Honours_a1797823_a1764124/ROS_Workspace/src/Konig/install/Konig/lib/python3.8/site-packages:${PYTHONPATH} /usr/bin/python3 setup.py egg_info --egg-base build/Konig build --build-base /home/max/Desktop/VisionCode/Honours_a1797823_a1764124/ROS_Workspace/src/Konig/build/Konig/build install --record /home/max/Desktop/VisionCode/Honours_a1797823_a1764124/ROS_Workspace/src/Konig/build/Konig/install.log --install-scripts $base/lib/Konig --single-version-externally-managed
[0.839s] running egg_info
[0.839s] writing build/Konig/Konig.egg-info/PKG-INFO
[0.839s] writing dependency_links to build/Konig/Konig.egg-info/dependency_links.txt
[0.839s] writing entry points to build/Konig/Konig.egg-info/entry_points.txt
[0.840s] writing requirements to build/Konig/Konig.egg-info/requires.txt
[0.840s] writing top-level names to build/Konig/Konig.egg-info/top_level.txt
[0.878s] reading manifest file 'build/Konig/Konig.egg-info/SOURCES.txt'
[0.879s] writing manifest file 'build/Konig/Konig.egg-info/SOURCES.txt'
[0.879s] running build
[0.879s] running build_py
[0.879s] running install
[0.880s] running install_lib
[0.881s] running install_data
[0.882s] running install_egg_info
[0.883s] removing '/home/max/Desktop/VisionCode/Honours_a1797823_a1764124/ROS_Workspace/src/Konig/install/Konig/lib/python3.8/site-packages/Konig-0.0.0-py3.8.egg-info' (and everything under it)
[0.883s] Copying build/Konig/Konig.egg-info to /home/max/Desktop/VisionCode/Honours_a1797823_a1764124/ROS_Workspace/src/Konig/install/Konig/lib/python3.8/site-packages/Konig-0.0.0-py3.8.egg-info
[0.884s] running install_scripts
[0.900s] Installing Konig script to /home/max/Desktop/VisionCode/Honours_a1797823_a1764124/ROS_Workspace/src/Konig/install/Konig/lib/Konig
[0.900s] writing list of installed files to '/home/max/Desktop/VisionCode/Honours_a1797823_a1764124/ROS_Workspace/src/Konig/build/Konig/install.log'
[0.931s] Invoked command in '/home/max/Desktop/VisionCode/Honours_a1797823_a1764124/ROS_Workspace/src/Konig' returned '0': PYTHONPATH=/home/max/Desktop/VisionCode/Honours_a1797823_a1764124/ROS_Workspace/src/Konig/build/Konig/prefix_override:/home/max/Desktop/VisionCode/Honours_a1797823_a1764124/ROS_Workspace/src/Konig/install/Konig/lib/python3.8/site-packages:${PYTHONPATH} /usr/bin/python3 setup.py egg_info --egg-base build/Konig build --build-base /home/max/Desktop/VisionCode/Honours_a1797823_a1764124/ROS_Workspace/src/Konig/build/Konig/build install --record /home/max/Desktop/VisionCode/Honours_a1797823_a1764124/ROS_Workspace/src/Konig/build/Konig/install.log --install-scripts $base/lib/Konig --single-version-externally-managed
