[5.430s] Invoking command in '/home/max/Desktop/VisionCode/Honours_a1797823_a1764124/ROS_Workspace/src/UAVMain': PYTHONPATH=/home/max/Desktop/VisionCode/Honours_a1797823_a1764124/ROS_Workspace/src/build/UAVMain/prefix_override:/home/max/Desktop/VisionCode/Honours_a1797823_a1764124/ROS_Workspace/src/install/UAVMain/lib/python3.8/site-packages:${PYTHONPATH} /usr/bin/python3 setup.py egg_info --egg-base ../build/UAVMain build --build-base /home/max/Desktop/VisionCode/Honours_a1797823_a1764124/ROS_Workspace/src/build/UAVMain/build install --record /home/max/Desktop/VisionCode/Honours_a1797823_a1764124/ROS_Workspace/src/build/UAVMain/install.log --install-scripts $base/lib/UAVMain --single-version-externally-managed
[5.923s] running egg_info
[5.924s] writing ../build/UAVMain/UAVMain.egg-info/PKG-INFO
[5.924s] writing dependency_links to ../build/UAVMain/UAVMain.egg-info/dependency_links.txt
[5.925s] writing entry points to ../build/UAVMain/UAVMain.egg-info/entry_points.txt
[5.925s] writing requirements to ../build/UAVMain/UAVMain.egg-info/requires.txt
[5.925s] writing top-level names to ../build/UAVMain/UAVMain.egg-info/top_level.txt
[6.051s] reading manifest file '../build/UAVMain/UAVMain.egg-info/SOURCES.txt'
[6.051s] writing manifest file '../build/UAVMain/UAVMain.egg-info/SOURCES.txt'
[6.051s] running build
[6.052s] running build_py
[6.053s] running install
[6.054s] running install_lib
[6.056s] running install_data
[6.057s] running install_egg_info
[6.063s] removing '/home/max/Desktop/VisionCode/Honours_a1797823_a1764124/ROS_Workspace/src/install/UAVMain/lib/python3.8/site-packages/UAVMain-0.0.0-py3.8.egg-info' (and everything under it)
[6.063s] Copying ../build/UAVMain/UAVMain.egg-info to /home/max/Desktop/VisionCode/Honours_a1797823_a1764124/ROS_Workspace/src/install/UAVMain/lib/python3.8/site-packages/UAVMain-0.0.0-py3.8.egg-info
[6.063s] running install_scripts
[6.105s] Installing UAVMain script to /home/max/Desktop/VisionCode/Honours_a1797823_a1764124/ROS_Workspace/src/install/UAVMain/lib/UAVMain
[6.106s] writing list of installed files to '/home/max/Desktop/VisionCode/Honours_a1797823_a1764124/ROS_Workspace/src/build/UAVMain/install.log'
[6.248s] Invoked command in '/home/max/Desktop/VisionCode/Honours_a1797823_a1764124/ROS_Workspace/src/UAVMain' returned '0': PYTHONPATH=/home/max/Desktop/VisionCode/Honours_a1797823_a1764124/ROS_Workspace/src/build/UAVMain/prefix_override:/home/max/Desktop/VisionCode/Honours_a1797823_a1764124/ROS_Workspace/src/install/UAVMain/lib/python3.8/site-packages:${PYTHONPATH} /usr/bin/python3 setup.py egg_info --egg-base ../build/UAVMain build --build-base /home/max/Desktop/VisionCode/Honours_a1797823_a1764124/ROS_Workspace/src/build/UAVMain/build install --record /home/max/Desktop/VisionCode/Honours_a1797823_a1764124/ROS_Workspace/src/build/UAVMain/install.log --install-scripts $base/lib/UAVMain --single-version-externally-managed
