running egg_info
writing build/turtlebot3_navigation/turtlebot3_navigation.egg-info/PKG-INFO
writing dependency_links to build/turtlebot3_navigation/turtlebot3_navigation.egg-info/dependency_links.txt
writing entry points to build/turtlebot3_navigation/turtlebot3_navigation.egg-info/entry_points.txt
writing requirements to build/turtlebot3_navigation/turtlebot3_navigation.egg-info/requires.txt
writing top-level names to build/turtlebot3_navigation/turtlebot3_navigation.egg-info/top_level.txt
reading manifest file 'build/turtlebot3_navigation/turtlebot3_navigation.egg-info/SOURCES.txt'
writing manifest file 'build/turtlebot3_navigation/turtlebot3_navigation.egg-info/SOURCES.txt'
running build
running build_py
copying turtlebot3_navigation/move_robot.py -> /home/vboxuser/turtlebot3_ws/src/turtlebot3_navigation/build/turtlebot3_navigation/build/lib/turtlebot3_navigation
running install
running install_lib
copying /home/vboxuser/turtlebot3_ws/src/turtlebot3_navigation/build/turtlebot3_navigation/build/lib/turtlebot3_navigation/move_robot.py -> /home/vboxuser/turtlebot3_ws/src/turtlebot3_navigation/install/turtlebot3_navigation/lib/python3.8/site-packages/turtlebot3_navigation
byte-compiling /home/vboxuser/turtlebot3_ws/src/turtlebot3_navigation/install/turtlebot3_navigation/lib/python3.8/site-packages/turtlebot3_navigation/move_robot.py to move_robot.cpython-38.pyc
Sorry: TabError: inconsistent use of tabs and spaces in indentation (move_robot.py, line 34)
running install_data
running install_egg_info
removing '/home/vboxuser/turtlebot3_ws/src/turtlebot3_navigation/install/turtlebot3_navigation/lib/python3.8/site-packages/turtlebot3_navigation-0.0.0-py3.8.egg-info' (and everything under it)
Copying build/turtlebot3_navigation/turtlebot3_navigation.egg-info to /home/vboxuser/turtlebot3_ws/src/turtlebot3_navigation/install/turtlebot3_navigation/lib/python3.8/site-packages/turtlebot3_navigation-0.0.0-py3.8.egg-info
running install_scripts
Installing move_robot script to /home/vboxuser/turtlebot3_ws/src/turtlebot3_navigation/install/turtlebot3_navigation/lib/turtlebot3_navigation
writing list of installed files to '/home/vboxuser/turtlebot3_ws/src/turtlebot3_navigation/build/turtlebot3_navigation/install.log'
