[0.408s] DEBUG:colcon:Command line arguments: ['/usr/bin/colcon', 'build']
[0.408s] DEBUG:colcon:Parsed command line arguments: Namespace(allow_overriding=[], ament_cmake_args=None, base_paths=['.'], build_base='build', catkin_cmake_args=None, catkin_skip_building_tests=False, cmake_args=None, cmake_clean_cache=False, cmake_clean_first=False, cmake_force_configure=False, cmake_target=None, cmake_target_skip_unavailable=False, continue_on_error=False, event_handlers=None, executor='parallel', ignore_user_meta=False, install_base='install', log_base=None, log_level=None, main=<bound method BuildVerb.main of <colcon_core.verb.build.BuildVerb object at 0x7f5de39a6340>>, merge_install=False, metas=['./colcon.meta'], packages_above=None, packages_above_and_dependencies=None, packages_above_depth=None, packages_end=None, packages_ignore=None, packages_ignore_regex=None, packages_select=None, packages_select_build_failed=False, packages_select_by_dep=None, packages_select_regex=None, packages_select_test_failures=False, packages_skip=None, packages_skip_build_finished=False, packages_skip_by_dep=None, packages_skip_regex=None, packages_skip_test_passed=False, packages_skip_up_to=None, packages_start=None, packages_up_to=None, packages_up_to_regex=None, parallel_workers=4, paths=None, symlink_install=False, test_result_base=None, verb_extension=<colcon_core.verb.build.BuildVerb object at 0x7f5de39a6340>, verb_name='build', verb_parser=<colcon_defaults.argument_parser.defaults.DefaultArgumentsDecorator object at 0x7f5de39a6880>)
[0.441s] Level 1:colcon.colcon_core.package_discovery:discover_packages(colcon_meta) check parameters
[0.441s] Level 1:colcon.colcon_core.package_discovery:discover_packages(recursive) check parameters
[0.441s] Level 1:colcon.colcon_core.package_discovery:discover_packages(ignore) check parameters
[0.441s] Level 1:colcon.colcon_core.package_discovery:discover_packages(path) check parameters
[0.441s] Level 1:colcon.colcon_core.package_discovery:discover_packages(colcon_meta) discover
[0.441s] Level 1:colcon.colcon_core.package_discovery:discover_packages(recursive) discover
[0.441s] INFO:colcon.colcon_core.package_discovery:Crawling recursively for packages in '/home/teamvision/Desktop/ROS_Workspace/Honours_a1797823_a1764124/ROS_Workspace/src/UAVMain'
[0.441s] Level 1:colcon.colcon_core.package_identification:_identify(.) by extensions ['ignore', 'ignore_ament_install']
[0.442s] Level 1:colcon.colcon_core.package_identification:_identify(.) by extension 'ignore'
[0.442s] Level 1:colcon.colcon_core.package_identification:_identify(.) by extension 'ignore_ament_install'
[0.442s] Level 1:colcon.colcon_core.package_identification:_identify(.) by extensions ['colcon_pkg']
[0.442s] Level 1:colcon.colcon_core.package_identification:_identify(.) by extension 'colcon_pkg'
[0.442s] Level 1:colcon.colcon_core.package_identification:_identify(.) by extensions ['colcon_meta']
[0.442s] Level 1:colcon.colcon_core.package_identification:_identify(.) by extension 'colcon_meta'
[0.442s] Level 1:colcon.colcon_core.package_identification:_identify(.) by extensions ['ros']
[0.442s] Level 1:colcon.colcon_core.package_identification:_identify(.) by extension 'ros'
[0.468s] DEBUG:colcon.colcon_core.package_identification:Package '.' with type 'ros.ament_python' and name 'UAVMain'
[0.468s] Level 1:colcon.colcon_core.package_discovery:discover_packages(recursive) using defaults
[0.468s] Level 1:colcon.colcon_core.package_discovery:discover_packages(ignore) discover
[0.468s] Level 1:colcon.colcon_core.package_discovery:discover_packages(ignore) using defaults
[0.468s] Level 1:colcon.colcon_core.package_discovery:discover_packages(path) discover
[0.468s] Level 1:colcon.colcon_core.package_discovery:discover_packages(path) using defaults
[0.495s] Level 1:colcon.colcon_core.package_discovery:discover_packages(prefix_path) check parameters
[0.496s] Level 1:colcon.colcon_core.package_discovery:discover_packages(prefix_path) discover
[0.499s] DEBUG:colcon.colcon_installed_package_information.package_discovery:Found 1 installed packages in /home/teamvision/Desktop/ROS_Workspace/Honours_a1797823_a1764124/ROS_Workspace/src/UAVMain/install
[0.501s] DEBUG:colcon.colcon_installed_package_information.package_discovery:Found 6 installed packages in /home/teamvision/Desktop/ROS_Workspace/Honours_a1797823_a1764124/ROS_Workspace/install
[0.503s] DEBUG:colcon.colcon_installed_package_information.package_discovery:Found 0 installed packages in /home/teamvision/colcon_ws/install
[0.505s] DEBUG:colcon.colcon_installed_package_information.package_discovery:Found 334 installed packages in /opt/ros/foxy
[0.508s] Level 1:colcon.colcon_core.package_discovery:discover_packages(prefix_path) using defaults
[0.609s] Level 5:colcon.colcon_core.verb:set package 'UAVMain' build argument 'cmake_args' from command line to 'None'
[0.609s] Level 5:colcon.colcon_core.verb:set package 'UAVMain' build argument 'cmake_target' from command line to 'None'
[0.609s] Level 5:colcon.colcon_core.verb:set package 'UAVMain' build argument 'cmake_target_skip_unavailable' from command line to 'False'
[0.609s] Level 5:colcon.colcon_core.verb:set package 'UAVMain' build argument 'cmake_clean_cache' from command line to 'False'
[0.609s] Level 5:colcon.colcon_core.verb:set package 'UAVMain' build argument 'cmake_clean_first' from command line to 'False'
[0.609s] Level 5:colcon.colcon_core.verb:set package 'UAVMain' build argument 'cmake_force_configure' from command line to 'False'
[0.609s] Level 5:colcon.colcon_core.verb:set package 'UAVMain' build argument 'ament_cmake_args' from command line to 'None'
[0.609s] Level 5:colcon.colcon_core.verb:set package 'UAVMain' build argument 'catkin_cmake_args' from command line to 'None'
[0.609s] Level 5:colcon.colcon_core.verb:set package 'UAVMain' build argument 'catkin_skip_building_tests' from command line to 'False'
[0.609s] DEBUG:colcon.colcon_core.verb:Building package 'UAVMain' with the following arguments: {'ament_cmake_args': None, 'build_base': '/home/teamvision/Desktop/ROS_Workspace/Honours_a1797823_a1764124/ROS_Workspace/src/UAVMain/build/UAVMain', 'catkin_cmake_args': None, 'catkin_skip_building_tests': False, 'cmake_args': None, 'cmake_clean_cache': False, 'cmake_clean_first': False, 'cmake_force_configure': False, 'cmake_target': None, 'cmake_target_skip_unavailable': False, 'install_base': '/home/teamvision/Desktop/ROS_Workspace/Honours_a1797823_a1764124/ROS_Workspace/src/UAVMain/install/UAVMain', 'merge_install': False, 'path': '/home/teamvision/Desktop/ROS_Workspace/Honours_a1797823_a1764124/ROS_Workspace/src/UAVMain', 'symlink_install': False, 'test_result_base': None}
[0.610s] INFO:colcon.colcon_core.executor:Executing jobs using 'parallel' executor
[0.615s] DEBUG:colcon.colcon_parallel_executor.executor.parallel:run_until_complete
[0.616s] INFO:colcon.colcon_ros.task.ament_python.build:Building ROS package in '/home/teamvision/Desktop/ROS_Workspace/Honours_a1797823_a1764124/ROS_Workspace/src/UAVMain' with build type 'ament_python'
[0.616s] Level 1:colcon.colcon_core.shell:create_environment_hook('UAVMain', 'ament_prefix_path')
[0.623s] INFO:colcon.colcon_core.plugin_system:Skipping extension 'colcon_core.shell.bat': Not used on non-Windows systems
[0.623s] INFO:colcon.colcon_core.shell:Creating environment hook '/home/teamvision/Desktop/ROS_Workspace/Honours_a1797823_a1764124/ROS_Workspace/src/UAVMain/install/UAVMain/share/UAVMain/hook/ament_prefix_path.ps1'
[0.624s] INFO:colcon.colcon_core.shell:Creating environment descriptor '/home/teamvision/Desktop/ROS_Workspace/Honours_a1797823_a1764124/ROS_Workspace/src/UAVMain/install/UAVMain/share/UAVMain/hook/ament_prefix_path.dsv'
[0.624s] INFO:colcon.colcon_core.shell:Creating environment hook '/home/teamvision/Desktop/ROS_Workspace/Honours_a1797823_a1764124/ROS_Workspace/src/UAVMain/install/UAVMain/share/UAVMain/hook/ament_prefix_path.sh'
[0.627s] INFO:colcon.colcon_core.shell:Skip shell extension 'powershell' for command environment: Not usable outside of PowerShell
[0.627s] DEBUG:colcon.colcon_core.shell:Skip shell extension 'dsv' for command environment
[0.935s] INFO:colcon.colcon_core.task.python.build:Building Python package in '/home/teamvision/Desktop/ROS_Workspace/Honours_a1797823_a1764124/ROS_Workspace/src/UAVMain'
[0.940s] INFO:colcon.colcon_core.shell:Skip shell extension 'powershell' for command environment: Not usable outside of PowerShell
[0.940s] DEBUG:colcon.colcon_core.shell:Skip shell extension 'dsv' for command environment
[1.494s] DEBUG:colcon.colcon_core.event_handler.log_command:Invoking command in '/home/teamvision/Desktop/ROS_Workspace/Honours_a1797823_a1764124/ROS_Workspace/src/UAVMain': PYTHONPATH=/home/teamvision/Desktop/ROS_Workspace/Honours_a1797823_a1764124/ROS_Workspace/src/UAVMain/build/UAVMain/prefix_override:/home/teamvision/Desktop/ROS_Workspace/Honours_a1797823_a1764124/ROS_Workspace/src/UAVMain/install/UAVMain/lib/python3.8/site-packages:${PYTHONPATH} /usr/bin/python3 setup.py egg_info --egg-base build/UAVMain build --build-base /home/teamvision/Desktop/ROS_Workspace/Honours_a1797823_a1764124/ROS_Workspace/src/UAVMain/build/UAVMain/build install --record /home/teamvision/Desktop/ROS_Workspace/Honours_a1797823_a1764124/ROS_Workspace/src/UAVMain/build/UAVMain/install.log --install-scripts $base/lib/UAVMain --single-version-externally-managed
[1.884s] DEBUG:colcon.colcon_core.event_handler.log_command:Invoked command in '/home/teamvision/Desktop/ROS_Workspace/Honours_a1797823_a1764124/ROS_Workspace/src/UAVMain' returned '0': PYTHONPATH=/home/teamvision/Desktop/ROS_Workspace/Honours_a1797823_a1764124/ROS_Workspace/src/UAVMain/build/UAVMain/prefix_override:/home/teamvision/Desktop/ROS_Workspace/Honours_a1797823_a1764124/ROS_Workspace/src/UAVMain/install/UAVMain/lib/python3.8/site-packages:${PYTHONPATH} /usr/bin/python3 setup.py egg_info --egg-base build/UAVMain build --build-base /home/teamvision/Desktop/ROS_Workspace/Honours_a1797823_a1764124/ROS_Workspace/src/UAVMain/build/UAVMain/build install --record /home/teamvision/Desktop/ROS_Workspace/Honours_a1797823_a1764124/ROS_Workspace/src/UAVMain/build/UAVMain/install.log --install-scripts $base/lib/UAVMain --single-version-externally-managed
[1.891s] Level 1:colcon.colcon_core.environment:checking '/home/teamvision/Desktop/ROS_Workspace/Honours_a1797823_a1764124/ROS_Workspace/src/UAVMain/install/UAVMain' for CMake module files
[1.891s] Level 1:colcon.colcon_core.environment:checking '/home/teamvision/Desktop/ROS_Workspace/Honours_a1797823_a1764124/ROS_Workspace/src/UAVMain/install/UAVMain' for CMake config files
[1.893s] Level 1:colcon.colcon_core.environment:checking '/home/teamvision/Desktop/ROS_Workspace/Honours_a1797823_a1764124/ROS_Workspace/src/UAVMain/install/UAVMain/lib'
[1.893s] Level 1:colcon.colcon_core.environment:checking '/home/teamvision/Desktop/ROS_Workspace/Honours_a1797823_a1764124/ROS_Workspace/src/UAVMain/install/UAVMain/bin'
[1.893s] Level 1:colcon.colcon_core.environment:checking '/home/teamvision/Desktop/ROS_Workspace/Honours_a1797823_a1764124/ROS_Workspace/src/UAVMain/install/UAVMain/lib/pkgconfig/UAVMain.pc'
[1.893s] Level 1:colcon.colcon_core.environment:checking '/home/teamvision/Desktop/ROS_Workspace/Honours_a1797823_a1764124/ROS_Workspace/src/UAVMain/install/UAVMain/lib/python3.8/site-packages'
[1.893s] Level 1:colcon.colcon_core.shell:create_environment_hook('UAVMain', 'pythonpath')
[1.895s] INFO:colcon.colcon_core.shell:Creating environment hook '/home/teamvision/Desktop/ROS_Workspace/Honours_a1797823_a1764124/ROS_Workspace/src/UAVMain/install/UAVMain/share/UAVMain/hook/pythonpath.ps1'
[1.896s] INFO:colcon.colcon_core.shell:Creating environment descriptor '/home/teamvision/Desktop/ROS_Workspace/Honours_a1797823_a1764124/ROS_Workspace/src/UAVMain/install/UAVMain/share/UAVMain/hook/pythonpath.dsv'
[1.896s] INFO:colcon.colcon_core.shell:Creating environment hook '/home/teamvision/Desktop/ROS_Workspace/Honours_a1797823_a1764124/ROS_Workspace/src/UAVMain/install/UAVMain/share/UAVMain/hook/pythonpath.sh'
[1.897s] Level 1:colcon.colcon_core.environment:checking '/home/teamvision/Desktop/ROS_Workspace/Honours_a1797823_a1764124/ROS_Workspace/src/UAVMain/install/UAVMain/bin'
[1.897s] Level 1:colcon.colcon_core.environment:create_environment_scripts_only(UAVMain)
[1.899s] INFO:colcon.colcon_core.shell:Creating package script '/home/teamvision/Desktop/ROS_Workspace/Honours_a1797823_a1764124/ROS_Workspace/src/UAVMain/install/UAVMain/share/UAVMain/package.ps1'
[1.900s] INFO:colcon.colcon_core.shell:Creating package descriptor '/home/teamvision/Desktop/ROS_Workspace/Honours_a1797823_a1764124/ROS_Workspace/src/UAVMain/install/UAVMain/share/UAVMain/package.dsv'
[1.901s] INFO:colcon.colcon_core.shell:Creating package script '/home/teamvision/Desktop/ROS_Workspace/Honours_a1797823_a1764124/ROS_Workspace/src/UAVMain/install/UAVMain/share/UAVMain/package.sh'
[1.902s] INFO:colcon.colcon_core.shell:Creating package script '/home/teamvision/Desktop/ROS_Workspace/Honours_a1797823_a1764124/ROS_Workspace/src/UAVMain/install/UAVMain/share/UAVMain/package.bash'
[1.903s] INFO:colcon.colcon_core.shell:Creating package script '/home/teamvision/Desktop/ROS_Workspace/Honours_a1797823_a1764124/ROS_Workspace/src/UAVMain/install/UAVMain/share/UAVMain/package.zsh'
[1.903s] Level 1:colcon.colcon_core.environment:create_file_with_runtime_dependencies(/home/teamvision/Desktop/ROS_Workspace/Honours_a1797823_a1764124/ROS_Workspace/src/UAVMain/install/UAVMain/share/colcon-core/packages/UAVMain)
[1.904s] DEBUG:colcon.colcon_parallel_executor.executor.parallel:closing loop
[1.905s] DEBUG:colcon.colcon_parallel_executor.executor.parallel:loop closed
[1.905s] DEBUG:colcon.colcon_parallel_executor.executor.parallel:run_until_complete finished with '0'
[1.905s] DEBUG:colcon.colcon_core.event_reactor:joining thread
[1.913s] INFO:colcon.colcon_core.plugin_system:Skipping extension 'colcon_notification.desktop_notification.terminal_notifier': Not used on non-Darwin systems
[1.913s] INFO:colcon.colcon_core.plugin_system:Skipping extension 'colcon_notification.desktop_notification.win32': Not used on non-Windows systems
[1.913s] INFO:colcon.colcon_notification.desktop_notification:Sending desktop notification using 'notify2'
[1.937s] DEBUG:colcon.colcon_core.event_reactor:joined thread
[1.939s] INFO:colcon.colcon_core.shell:Creating prefix script '/home/teamvision/Desktop/ROS_Workspace/Honours_a1797823_a1764124/ROS_Workspace/src/UAVMain/install/local_setup.ps1'
[1.941s] INFO:colcon.colcon_core.shell:Creating prefix util module '/home/teamvision/Desktop/ROS_Workspace/Honours_a1797823_a1764124/ROS_Workspace/src/UAVMain/install/_local_setup_util_ps1.py'
[1.943s] INFO:colcon.colcon_core.shell:Creating prefix chain script '/home/teamvision/Desktop/ROS_Workspace/Honours_a1797823_a1764124/ROS_Workspace/src/UAVMain/install/setup.ps1'
[1.945s] INFO:colcon.colcon_core.shell:Creating prefix script '/home/teamvision/Desktop/ROS_Workspace/Honours_a1797823_a1764124/ROS_Workspace/src/UAVMain/install/local_setup.sh'
[1.946s] INFO:colcon.colcon_core.shell:Creating prefix util module '/home/teamvision/Desktop/ROS_Workspace/Honours_a1797823_a1764124/ROS_Workspace/src/UAVMain/install/_local_setup_util_sh.py'
[1.947s] INFO:colcon.colcon_core.shell:Creating prefix chain script '/home/teamvision/Desktop/ROS_Workspace/Honours_a1797823_a1764124/ROS_Workspace/src/UAVMain/install/setup.sh'
[1.949s] INFO:colcon.colcon_core.shell:Creating prefix script '/home/teamvision/Desktop/ROS_Workspace/Honours_a1797823_a1764124/ROS_Workspace/src/UAVMain/install/local_setup.bash'
[1.950s] INFO:colcon.colcon_core.shell:Creating prefix chain script '/home/teamvision/Desktop/ROS_Workspace/Honours_a1797823_a1764124/ROS_Workspace/src/UAVMain/install/setup.bash'
[1.953s] INFO:colcon.colcon_core.shell:Creating prefix script '/home/teamvision/Desktop/ROS_Workspace/Honours_a1797823_a1764124/ROS_Workspace/src/UAVMain/install/local_setup.zsh'
[1.953s] INFO:colcon.colcon_core.shell:Creating prefix chain script '/home/teamvision/Desktop/ROS_Workspace/Honours_a1797823_a1764124/ROS_Workspace/src/UAVMain/install/setup.zsh'
