[3.526s] Invoking command in '/home/max/Desktop/VisionCode/Honours_a1797823_a1764124/ROS_Workspace/src/UAVMain': PYTHONPATH=/home/max/Desktop/VisionCode/Honours_a1797823_a1764124/ROS_Workspace/src/build/UAVMain/prefix_override:/home/max/Desktop/VisionCode/Honours_a1797823_a1764124/ROS_Workspace/src/install/UAVMain/lib/python3.8/site-packages:${PYTHONPATH} /usr/bin/python3 setup.py egg_info --egg-base ../build/UAVMain build --build-base /home/max/Desktop/VisionCode/Honours_a1797823_a1764124/ROS_Workspace/src/build/UAVMain/build install --record /home/max/Desktop/VisionCode/Honours_a1797823_a1764124/ROS_Workspace/src/build/UAVMain/install.log --install-scripts $base/lib/UAVMain --single-version-externally-managed
[3.950s] running egg_info
[3.955s] writing ../build/UAVMain/UAVMain.egg-info/PKG-INFO
[3.956s] writing dependency_links to ../build/UAVMain/UAVMain.egg-info/dependency_links.txt
[3.958s] writing entry points to ../build/UAVMain/UAVMain.egg-info/entry_points.txt
[3.959s] writing requirements to ../build/UAVMain/UAVMain.egg-info/requires.txt
[3.960s] writing top-level names to ../build/UAVMain/UAVMain.egg-info/top_level.txt
[4.042s] reading manifest file '../build/UAVMain/UAVMain.egg-info/SOURCES.txt'
[4.043s] writing manifest file '../build/UAVMain/UAVMain.egg-info/SOURCES.txt'
[4.046s] running build
[4.047s] running build_py
[4.049s] running install
[4.051s] running install_lib
[4.053s] running install_data
[4.053s] running install_egg_info
[4.053s] removing '/home/max/Desktop/VisionCode/Honours_a1797823_a1764124/ROS_Workspace/src/install/UAVMain/lib/python3.8/site-packages/UAVMain-0.0.0-py3.8.egg-info' (and everything under it)
[4.063s] Copying ../build/UAVMain/UAVMain.egg-info to /home/max/Desktop/VisionCode/Honours_a1797823_a1764124/ROS_Workspace/src/install/UAVMain/lib/python3.8/site-packages/UAVMain-0.0.0-py3.8.egg-info
[4.101s] running install_scripts
[4.141s] Installing UAVMain script to /home/max/Desktop/VisionCode/Honours_a1797823_a1764124/ROS_Workspace/src/install/UAVMain/lib/UAVMain
[4.142s] writing list of installed files to '/home/max/Desktop/VisionCode/Honours_a1797823_a1764124/ROS_Workspace/src/build/UAVMain/install.log'
[4.227s] Invoked command in '/home/max/Desktop/VisionCode/Honours_a1797823_a1764124/ROS_Workspace/src/UAVMain' returned '0': PYTHONPATH=/home/max/Desktop/VisionCode/Honours_a1797823_a1764124/ROS_Workspace/src/build/UAVMain/prefix_override:/home/max/Desktop/VisionCode/Honours_a1797823_a1764124/ROS_Workspace/src/install/UAVMain/lib/python3.8/site-packages:${PYTHONPATH} /usr/bin/python3 setup.py egg_info --egg-base ../build/UAVMain build --build-base /home/max/Desktop/VisionCode/Honours_a1797823_a1764124/ROS_Workspace/src/build/UAVMain/build install --record /home/max/Desktop/VisionCode/Honours_a1797823_a1764124/ROS_Workspace/src/build/UAVMain/install.log --install-scripts $base/lib/UAVMain --single-version-externally-managed
