[1.132s] Invoking command in '/home/teamvision/Desktop/ROS_Workspace/Honours_a1797823_a1764124/ROS_Workspace/src/Multi_agent_nav/path_planner_server': PYTHONPATH=/home/teamvision/Desktop/ROS_Workspace/Honours_a1797823_a1764124/ROS_Workspace/src/build/path_planner_server/prefix_override:/home/teamvision/Desktop/ROS_Workspace/Honours_a1797823_a1764124/ROS_Workspace/src/install/path_planner_server/lib/python3.8/site-packages:${PYTHONPATH} /usr/bin/python3 setup.py egg_info --egg-base ../../build/path_planner_server build --build-base /home/teamvision/Desktop/ROS_Workspace/Honours_a1797823_a1764124/ROS_Workspace/src/build/path_planner_server/build install --record /home/teamvision/Desktop/ROS_Workspace/Honours_a1797823_a1764124/ROS_Workspace/src/build/path_planner_server/install.log --install-scripts $base/lib/path_planner_server --single-version-externally-managed
[1.512s] running egg_info
[1.514s] writing ../../build/path_planner_server/path_planner_server.egg-info/PKG-INFO
[1.514s] writing dependency_links to ../../build/path_planner_server/path_planner_server.egg-info/dependency_links.txt
[1.519s] writing entry points to ../../build/path_planner_server/path_planner_server.egg-info/entry_points.txt
[1.520s] writing requirements to ../../build/path_planner_server/path_planner_server.egg-info/requires.txt
[1.521s] writing top-level names to ../../build/path_planner_server/path_planner_server.egg-info/top_level.txt
[1.569s] reading manifest file '../../build/path_planner_server/path_planner_server.egg-info/SOURCES.txt'
[1.569s] writing manifest file '../../build/path_planner_server/path_planner_server.egg-info/SOURCES.txt'
[1.570s] running build
[1.573s] running build_py
[1.575s] running install
[1.575s] running install_lib
[1.577s] running install_data
[1.579s] running install_egg_info
[1.582s] removing '/home/teamvision/Desktop/ROS_Workspace/Honours_a1797823_a1764124/ROS_Workspace/src/install/path_planner_server/lib/python3.8/site-packages/path_planner_server-0.0.0-py3.8.egg-info' (and everything under it)
[1.591s] Copying ../../build/path_planner_server/path_planner_server.egg-info to /home/teamvision/Desktop/ROS_Workspace/Honours_a1797823_a1764124/ROS_Workspace/src/install/path_planner_server/lib/python3.8/site-packages/path_planner_server-0.0.0-py3.8.egg-info
[1.591s] running install_scripts
[1.613s] writing list of installed files to '/home/teamvision/Desktop/ROS_Workspace/Honours_a1797823_a1764124/ROS_Workspace/src/build/path_planner_server/install.log'
[1.654s] Invoked command in '/home/teamvision/Desktop/ROS_Workspace/Honours_a1797823_a1764124/ROS_Workspace/src/Multi_agent_nav/path_planner_server' returned '0': PYTHONPATH=/home/teamvision/Desktop/ROS_Workspace/Honours_a1797823_a1764124/ROS_Workspace/src/build/path_planner_server/prefix_override:/home/teamvision/Desktop/ROS_Workspace/Honours_a1797823_a1764124/ROS_Workspace/src/install/path_planner_server/lib/python3.8/site-packages:${PYTHONPATH} /usr/bin/python3 setup.py egg_info --egg-base ../../build/path_planner_server build --build-base /home/teamvision/Desktop/ROS_Workspace/Honours_a1797823_a1764124/ROS_Workspace/src/build/path_planner_server/build install --record /home/teamvision/Desktop/ROS_Workspace/Honours_a1797823_a1764124/ROS_Workspace/src/build/path_planner_server/install.log --install-scripts $base/lib/path_planner_server --single-version-externally-managed
