[1.994s] Invoking command in '/home/teamvision/Desktop/ROS_Workspace/Honours_a1797823_a1764124/ROS_Workspace/src/UGV1Processing': PYTHONPATH=/home/teamvision/Desktop/ROS_Workspace/Honours_a1797823_a1764124/ROS_Workspace/src/build/UGV1Processing/prefix_override:/home/teamvision/Desktop/ROS_Workspace/Honours_a1797823_a1764124/ROS_Workspace/src/install/UGV1Processing/lib/python3.8/site-packages:${PYTHONPATH} /usr/bin/python3 setup.py egg_info --egg-base ../build/UGV1Processing build --build-base /home/teamvision/Desktop/ROS_Workspace/Honours_a1797823_a1764124/ROS_Workspace/src/build/UGV1Processing/build install --record /home/teamvision/Desktop/ROS_Workspace/Honours_a1797823_a1764124/ROS_Workspace/src/build/UGV1Processing/install.log --install-scripts $base/lib/UGV1Processing --single-version-externally-managed
[2.804s] running egg_info
[2.807s] creating ../build/UGV1Processing/UGV1Processing.egg-info
[2.808s] writing ../build/UGV1Processing/UGV1Processing.egg-info/PKG-INFO
[2.810s] writing dependency_links to ../build/UGV1Processing/UGV1Processing.egg-info/dependency_links.txt
[2.815s] writing entry points to ../build/UGV1Processing/UGV1Processing.egg-info/entry_points.txt
[2.816s] writing requirements to ../build/UGV1Processing/UGV1Processing.egg-info/requires.txt
[2.818s] writing top-level names to ../build/UGV1Processing/UGV1Processing.egg-info/top_level.txt
[2.826s] writing manifest file '../build/UGV1Processing/UGV1Processing.egg-info/SOURCES.txt'
[2.952s] reading manifest file '../build/UGV1Processing/UGV1Processing.egg-info/SOURCES.txt'
[2.954s] writing manifest file '../build/UGV1Processing/UGV1Processing.egg-info/SOURCES.txt'
[2.958s] running build
[2.958s] running build_py
[2.959s] creating /home/teamvision/Desktop/ROS_Workspace/Honours_a1797823_a1764124/ROS_Workspace/src/build/UGV1Processing/build
[2.959s] creating /home/teamvision/Desktop/ROS_Workspace/Honours_a1797823_a1764124/ROS_Workspace/src/build/UGV1Processing/build/lib
[2.959s] creating /home/teamvision/Desktop/ROS_Workspace/Honours_a1797823_a1764124/ROS_Workspace/src/build/UGV1Processing/build/lib/UGV1Processing
[2.959s] copying UGV1Processing/__init__.py -> /home/teamvision/Desktop/ROS_Workspace/Honours_a1797823_a1764124/ROS_Workspace/src/build/UGV1Processing/build/lib/UGV1Processing
[2.959s] copying UGV1Processing/UGV1Processing.py -> /home/teamvision/Desktop/ROS_Workspace/Honours_a1797823_a1764124/ROS_Workspace/src/build/UGV1Processing/build/lib/UGV1Processing
[2.959s] running install
[2.961s] running install_lib
[2.963s] creating /home/teamvision/Desktop/ROS_Workspace/Honours_a1797823_a1764124/ROS_Workspace/src/install/UGV1Processing/lib/python3.8/site-packages/UGV1Processing
[2.963s] copying /home/teamvision/Desktop/ROS_Workspace/Honours_a1797823_a1764124/ROS_Workspace/src/build/UGV1Processing/build/lib/UGV1Processing/__init__.py -> /home/teamvision/Desktop/ROS_Workspace/Honours_a1797823_a1764124/ROS_Workspace/src/install/UGV1Processing/lib/python3.8/site-packages/UGV1Processing
[2.963s] copying /home/teamvision/Desktop/ROS_Workspace/Honours_a1797823_a1764124/ROS_Workspace/src/build/UGV1Processing/build/lib/UGV1Processing/UGV1Processing.py -> /home/teamvision/Desktop/ROS_Workspace/Honours_a1797823_a1764124/ROS_Workspace/src/install/UGV1Processing/lib/python3.8/site-packages/UGV1Processing
[2.965s] byte-compiling /home/teamvision/Desktop/ROS_Workspace/Honours_a1797823_a1764124/ROS_Workspace/src/install/UGV1Processing/lib/python3.8/site-packages/UGV1Processing/__init__.py to __init__.cpython-38.pyc
[2.970s] byte-compiling /home/teamvision/Desktop/ROS_Workspace/Honours_a1797823_a1764124/ROS_Workspace/src/install/UGV1Processing/lib/python3.8/site-packages/UGV1Processing/UGV1Processing.py to UGV1Processing.cpython-38.pyc
[2.971s] running install_data
[2.975s] creating /home/teamvision/Desktop/ROS_Workspace/Honours_a1797823_a1764124/ROS_Workspace/src/install/UGV1Processing/share/ament_index
[2.976s] creating /home/teamvision/Desktop/ROS_Workspace/Honours_a1797823_a1764124/ROS_Workspace/src/install/UGV1Processing/share/ament_index/resource_index
[2.976s] creating /home/teamvision/Desktop/ROS_Workspace/Honours_a1797823_a1764124/ROS_Workspace/src/install/UGV1Processing/share/ament_index/resource_index/packages
[2.976s] copying resource/UGV1Processing -> /home/teamvision/Desktop/ROS_Workspace/Honours_a1797823_a1764124/ROS_Workspace/src/install/UGV1Processing/share/ament_index/resource_index/packages
[2.976s] copying package.xml -> /home/teamvision/Desktop/ROS_Workspace/Honours_a1797823_a1764124/ROS_Workspace/src/install/UGV1Processing/share/UGV1Processing
[2.976s] running install_egg_info
[2.986s] Copying ../build/UGV1Processing/UGV1Processing.egg-info to /home/teamvision/Desktop/ROS_Workspace/Honours_a1797823_a1764124/ROS_Workspace/src/install/UGV1Processing/lib/python3.8/site-packages/UGV1Processing-0.0.0-py3.8.egg-info
[2.987s] running install_scripts
[3.043s] Installing UGV1Processing script to /home/teamvision/Desktop/ROS_Workspace/Honours_a1797823_a1764124/ROS_Workspace/src/install/UGV1Processing/lib/UGV1Processing
[3.044s] writing list of installed files to '/home/teamvision/Desktop/ROS_Workspace/Honours_a1797823_a1764124/ROS_Workspace/src/build/UGV1Processing/install.log'
[3.114s] Invoked command in '/home/teamvision/Desktop/ROS_Workspace/Honours_a1797823_a1764124/ROS_Workspace/src/UGV1Processing' returned '0': PYTHONPATH=/home/teamvision/Desktop/ROS_Workspace/Honours_a1797823_a1764124/ROS_Workspace/src/build/UGV1Processing/prefix_override:/home/teamvision/Desktop/ROS_Workspace/Honours_a1797823_a1764124/ROS_Workspace/src/install/UGV1Processing/lib/python3.8/site-packages:${PYTHONPATH} /usr/bin/python3 setup.py egg_info --egg-base ../build/UGV1Processing build --build-base /home/teamvision/Desktop/ROS_Workspace/Honours_a1797823_a1764124/ROS_Workspace/src/build/UGV1Processing/build install --record /home/teamvision/Desktop/ROS_Workspace/Honours_a1797823_a1764124/ROS_Workspace/src/build/UGV1Processing/install.log --install-scripts $base/lib/UGV1Processing --single-version-externally-managed
