[2.124s] Invoking command in '/home/teamvision/Desktop/ROS_Workspace/Honours_a1797823_a1764124/ROS_Workspace/src/UAVProcessing': PYTHONPATH=/home/teamvision/Desktop/ROS_Workspace/Honours_a1797823_a1764124/ROS_Workspace/build/UAVProcessing/prefix_override:/home/teamvision/Desktop/ROS_Workspace/Honours_a1797823_a1764124/ROS_Workspace/install/UAVProcessing/lib/python3.8/site-packages:${PYTHONPATH} /usr/bin/python3 setup.py egg_info --egg-base ../../build/UAVProcessing build --build-base /home/teamvision/Desktop/ROS_Workspace/Honours_a1797823_a1764124/ROS_Workspace/build/UAVProcessing/build install --record /home/teamvision/Desktop/ROS_Workspace/Honours_a1797823_a1764124/ROS_Workspace/build/UAVProcessing/install.log --install-scripts $base/lib/UAVProcessing --single-version-externally-managed
[2.477s] running egg_info
[2.478s] writing ../../build/UAVProcessing/UAVProcessing.egg-info/PKG-INFO
[2.478s] writing dependency_links to ../../build/UAVProcessing/UAVProcessing.egg-info/dependency_links.txt
[2.479s] writing entry points to ../../build/UAVProcessing/UAVProcessing.egg-info/entry_points.txt
[2.479s] writing requirements to ../../build/UAVProcessing/UAVProcessing.egg-info/requires.txt
[2.479s] writing top-level names to ../../build/UAVProcessing/UAVProcessing.egg-info/top_level.txt
[2.529s] reading manifest file '../../build/UAVProcessing/UAVProcessing.egg-info/SOURCES.txt'
[2.530s] writing manifest file '../../build/UAVProcessing/UAVProcessing.egg-info/SOURCES.txt'
[2.531s] running build
[2.531s] running build_py
[2.531s] running install
[2.532s] running install_lib
[2.534s] running install_data
[2.535s] running install_egg_info
[2.537s] removing '/home/teamvision/Desktop/ROS_Workspace/Honours_a1797823_a1764124/ROS_Workspace/install/UAVProcessing/lib/python3.8/site-packages/UAVProcessing-0.0.0-py3.8.egg-info' (and everything under it)
[2.538s] Copying ../../build/UAVProcessing/UAVProcessing.egg-info to /home/teamvision/Desktop/ROS_Workspace/Honours_a1797823_a1764124/ROS_Workspace/install/UAVProcessing/lib/python3.8/site-packages/UAVProcessing-0.0.0-py3.8.egg-info
[2.539s] running install_scripts
[2.562s] Installing UAVProcessing script to /home/teamvision/Desktop/ROS_Workspace/Honours_a1797823_a1764124/ROS_Workspace/install/UAVProcessing/lib/UAVProcessing
[2.562s] writing list of installed files to '/home/teamvision/Desktop/ROS_Workspace/Honours_a1797823_a1764124/ROS_Workspace/build/UAVProcessing/install.log'
[2.597s] Invoked command in '/home/teamvision/Desktop/ROS_Workspace/Honours_a1797823_a1764124/ROS_Workspace/src/UAVProcessing' returned '0': PYTHONPATH=/home/teamvision/Desktop/ROS_Workspace/Honours_a1797823_a1764124/ROS_Workspace/build/UAVProcessing/prefix_override:/home/teamvision/Desktop/ROS_Workspace/Honours_a1797823_a1764124/ROS_Workspace/install/UAVProcessing/lib/python3.8/site-packages:${PYTHONPATH} /usr/bin/python3 setup.py egg_info --egg-base ../../build/UAVProcessing build --build-base /home/teamvision/Desktop/ROS_Workspace/Honours_a1797823_a1764124/ROS_Workspace/build/UAVProcessing/build install --record /home/teamvision/Desktop/ROS_Workspace/Honours_a1797823_a1764124/ROS_Workspace/build/UAVProcessing/install.log --install-scripts $base/lib/UAVProcessing --single-version-externally-managed
