[3.135s] Invoking command in '/home/max/Desktop/VisionCode/Honours_a1797823_a1764124/ROS_Workspace/src/cameraPub': PYTHONPATH=/home/max/Desktop/VisionCode/Honours_a1797823_a1764124/ROS_Workspace/src/build/cameraPub/prefix_override:/home/max/Desktop/VisionCode/Honours_a1797823_a1764124/ROS_Workspace/src/install/cameraPub/lib/python3.8/site-packages:${PYTHONPATH} /usr/bin/python3 setup.py egg_info --egg-base ../build/cameraPub build --build-base /home/max/Desktop/VisionCode/Honours_a1797823_a1764124/ROS_Workspace/src/build/cameraPub/build install --record /home/max/Desktop/VisionCode/Honours_a1797823_a1764124/ROS_Workspace/src/build/cameraPub/install.log --install-scripts $base/lib/cameraPub --single-version-externally-managed
[3.601s] running egg_info
[3.602s] writing ../build/cameraPub/cameraPub.egg-info/PKG-INFO
[3.602s] writing dependency_links to ../build/cameraPub/cameraPub.egg-info/dependency_links.txt
[3.603s] writing entry points to ../build/cameraPub/cameraPub.egg-info/entry_points.txt
[3.603s] writing requirements to ../build/cameraPub/cameraPub.egg-info/requires.txt
[3.604s] writing top-level names to ../build/cameraPub/cameraPub.egg-info/top_level.txt
[3.660s] reading manifest file '../build/cameraPub/cameraPub.egg-info/SOURCES.txt'
[3.660s] writing manifest file '../build/cameraPub/cameraPub.egg-info/SOURCES.txt'
[3.660s] running build
[3.660s] running build_py
[3.661s] running install
[3.661s] running install_lib
[3.663s] running install_data
[3.663s] running install_egg_info
[3.665s] removing '/home/max/Desktop/VisionCode/Honours_a1797823_a1764124/ROS_Workspace/src/install/cameraPub/lib/python3.8/site-packages/cameraPub-0.0.0-py3.8.egg-info' (and everything under it)
[3.666s] Copying ../build/cameraPub/cameraPub.egg-info to /home/max/Desktop/VisionCode/Honours_a1797823_a1764124/ROS_Workspace/src/install/cameraPub/lib/python3.8/site-packages/cameraPub-0.0.0-py3.8.egg-info
[3.666s] running install_scripts
[3.691s] Installing cameraPub script to /home/max/Desktop/VisionCode/Honours_a1797823_a1764124/ROS_Workspace/src/install/cameraPub/lib/cameraPub
[3.692s] writing list of installed files to '/home/max/Desktop/VisionCode/Honours_a1797823_a1764124/ROS_Workspace/src/build/cameraPub/install.log'
[4.311s] Invoked command in '/home/max/Desktop/VisionCode/Honours_a1797823_a1764124/ROS_Workspace/src/cameraPub' returned '0': PYTHONPATH=/home/max/Desktop/VisionCode/Honours_a1797823_a1764124/ROS_Workspace/src/build/cameraPub/prefix_override:/home/max/Desktop/VisionCode/Honours_a1797823_a1764124/ROS_Workspace/src/install/cameraPub/lib/python3.8/site-packages:${PYTHONPATH} /usr/bin/python3 setup.py egg_info --egg-base ../build/cameraPub build --build-base /home/max/Desktop/VisionCode/Honours_a1797823_a1764124/ROS_Workspace/src/build/cameraPub/build install --record /home/max/Desktop/VisionCode/Honours_a1797823_a1764124/ROS_Workspace/src/build/cameraPub/install.log --install-scripts $base/lib/cameraPub --single-version-externally-managed
