[0.074s] Invoking command in '/home/teamvision/Desktop/ROS_Workspace/Honours_a1797823_a1764124/ROS_Workspace/src/build/custom_msgs': CMAKE_PREFIX_PATH=${CMAKE_PREFIX_PATH}:/home/teamvision/Desktop/ROS_Workspace/Honours_a1797823_a1764124/ROS_Workspace/src/install/turtlebot3_navigation:/home/teamvision/Desktop/ROS_Workspace/Honours_a1797823_a1764124/ROS_Workspace/src/install/cameraSub:/home/teamvision/Desktop/ROS_Workspace/Honours_a1797823_a1764124/ROS_Workspace/src/install/cameraPub:/home/teamvision/Desktop/ROS_Workspace/Honours_a1797823_a1764124/ROS_Workspace/src/install/UGV1Vision:/home/teamvision/Desktop/ROS_Workspace/Honours_a1797823_a1764124/ROS_Workspace/src/install/UGV1Processing:/home/teamvision/Desktop/ROS_Workspace/Honours_a1797823_a1764124/ROS_Workspace/src/install/UGV1Main:/home/teamvision/Desktop/ROS_Workspace/Honours_a1797823_a1764124/ROS_Workspace/src/install/UAVVision:/home/teamvision/Desktop/ROS_Workspace/Honours_a1797823_a1764124/ROS_Workspace/src/install/UAVProcessing:/home/teamvision/Desktop/ROS_Workspace/Honours_a1797823_a1764124/ROS_Workspace/src/install/UAVMain:/home/teamvision/Desktop/ROS_Workspace/Honours_a1797823_a1764124/ROS_Workspace/src/install/Konig:/opt/ros/foxy /usr/bin/cmake --build /home/teamvision/Desktop/ROS_Workspace/Honours_a1797823_a1764124/ROS_Workspace/src/build/custom_msgs -- -j4 -l4
[0.160s] [ 10%] Built target custom_msgs__rosidl_generator_c
[0.171s] [ 12%] Built target custom_msgs__cpp
[0.197s] [ 23%] Built target custom_msgs__rosidl_typesupport_introspection_c
[0.215s] [ 33%] Built target custom_msgs__rosidl_typesupport_c
[0.215s] [ 43%] Built target custom_msgs__rosidl_typesupport_cpp
[0.228s] [ 53%] Built target custom_msgs__rosidl_typesupport_fastrtps_cpp
[0.237s] [ 64%] Built target custom_msgs__rosidl_typesupport_introspection_cpp
[0.260s] [ 74%] Built target custom_msgs__rosidl_typesupport_fastrtps_c
[0.286s] [ 74%] Built target custom_msgs
[0.313s] [ 76%] Built target custom_msgs__py
[0.345s] [ 84%] Built target custom_msgs__python
[0.400s] [ 89%] Built target custom_msgs__rosidl_typesupport_c__pyext
[0.412s] [ 94%] Built target custom_msgs__rosidl_typesupport_introspection_c__pyext
[0.414s] [100%] Built target custom_msgs__rosidl_typesupport_fastrtps_c__pyext
[0.480s] Invoked command in '/home/teamvision/Desktop/ROS_Workspace/Honours_a1797823_a1764124/ROS_Workspace/src/build/custom_msgs' returned '0': CMAKE_PREFIX_PATH=${CMAKE_PREFIX_PATH}:/home/teamvision/Desktop/ROS_Workspace/Honours_a1797823_a1764124/ROS_Workspace/src/install/turtlebot3_navigation:/home/teamvision/Desktop/ROS_Workspace/Honours_a1797823_a1764124/ROS_Workspace/src/install/cameraSub:/home/teamvision/Desktop/ROS_Workspace/Honours_a1797823_a1764124/ROS_Workspace/src/install/cameraPub:/home/teamvision/Desktop/ROS_Workspace/Honours_a1797823_a1764124/ROS_Workspace/src/install/UGV1Vision:/home/teamvision/Desktop/ROS_Workspace/Honours_a1797823_a1764124/ROS_Workspace/src/install/UGV1Processing:/home/teamvision/Desktop/ROS_Workspace/Honours_a1797823_a1764124/ROS_Workspace/src/install/UGV1Main:/home/teamvision/Desktop/ROS_Workspace/Honours_a1797823_a1764124/ROS_Workspace/src/install/UAVVision:/home/teamvision/Desktop/ROS_Workspace/Honours_a1797823_a1764124/ROS_Workspace/src/install/UAVProcessing:/home/teamvision/Desktop/ROS_Workspace/Honours_a1797823_a1764124/ROS_Workspace/src/install/UAVMain:/home/teamvision/Desktop/ROS_Workspace/Honours_a1797823_a1764124/ROS_Workspace/src/install/Konig:/opt/ros/foxy /usr/bin/cmake --build /home/teamvision/Desktop/ROS_Workspace/Honours_a1797823_a1764124/ROS_Workspace/src/build/custom_msgs -- -j4 -l4
[0.565s] Invoking command in '/home/teamvision/Desktop/ROS_Workspace/Honours_a1797823_a1764124/ROS_Workspace/src/build/custom_msgs': CMAKE_PREFIX_PATH=${CMAKE_PREFIX_PATH}:/home/teamvision/Desktop/ROS_Workspace/Honours_a1797823_a1764124/ROS_Workspace/src/install/turtlebot3_navigation:/home/teamvision/Desktop/ROS_Workspace/Honours_a1797823_a1764124/ROS_Workspace/src/install/cameraSub:/home/teamvision/Desktop/ROS_Workspace/Honours_a1797823_a1764124/ROS_Workspace/src/install/cameraPub:/home/teamvision/Desktop/ROS_Workspace/Honours_a1797823_a1764124/ROS_Workspace/src/install/UGV1Vision:/home/teamvision/Desktop/ROS_Workspace/Honours_a1797823_a1764124/ROS_Workspace/src/install/UGV1Processing:/home/teamvision/Desktop/ROS_Workspace/Honours_a1797823_a1764124/ROS_Workspace/src/install/UGV1Main:/home/teamvision/Desktop/ROS_Workspace/Honours_a1797823_a1764124/ROS_Workspace/src/install/UAVVision:/home/teamvision/Desktop/ROS_Workspace/Honours_a1797823_a1764124/ROS_Workspace/src/install/UAVProcessing:/home/teamvision/Desktop/ROS_Workspace/Honours_a1797823_a1764124/ROS_Workspace/src/install/UAVMain:/home/teamvision/Desktop/ROS_Workspace/Honours_a1797823_a1764124/ROS_Workspace/src/install/Konig:/opt/ros/foxy /usr/bin/cmake --install /home/teamvision/Desktop/ROS_Workspace/Honours_a1797823_a1764124/ROS_Workspace/src/build/custom_msgs
[0.588s] -- Install configuration: ""
[0.589s] -- Up-to-date: /home/teamvision/Desktop/ROS_Workspace/Honours_a1797823_a1764124/ROS_Workspace/src/install/custom_msgs/share/ament_index/resource_index/rosidl_interfaces/custom_msgs
[0.589s] -- Up-to-date: /home/teamvision/Desktop/ROS_Workspace/Honours_a1797823_a1764124/ROS_Workspace/src/install/custom_msgs/include/custom_msgs
[0.589s] -- Up-to-date: /home/teamvision/Desktop/ROS_Workspace/Honours_a1797823_a1764124/ROS_Workspace/src/install/custom_msgs/include/custom_msgs/msg
[0.589s] -- Up-to-date: /home/teamvision/Desktop/ROS_Workspace/Honours_a1797823_a1764124/ROS_Workspace/src/install/custom_msgs/include/custom_msgs/msg/rosidl_generator_c__visibility_control.h
[0.589s] -- Up-to-date: /home/teamvision/Desktop/ROS_Workspace/Honours_a1797823_a1764124/ROS_Workspace/src/install/custom_msgs/include/custom_msgs/msg/detail
[0.589s] -- Up-to-date: /home/teamvision/Desktop/ROS_Workspace/Honours_a1797823_a1764124/ROS_Workspace/src/install/custom_msgs/include/custom_msgs/msg/detail/led_locations__functions.h
[0.589s] -- Up-to-date: /home/teamvision/Desktop/ROS_Workspace/Honours_a1797823_a1764124/ROS_Workspace/src/install/custom_msgs/include/custom_msgs/msg/detail/fire_severity__type_support.h
[0.589s] -- Up-to-date: /home/teamvision/Desktop/ROS_Workspace/Honours_a1797823_a1764124/ROS_Workspace/src/install/custom_msgs/include/custom_msgs/msg/detail/fire_severity__functions.h
[0.592s] -- Up-to-date: /home/teamvision/Desktop/ROS_Workspace/Honours_a1797823_a1764124/ROS_Workspace/src/install/custom_msgs/include/custom_msgs/msg/detail/led_locations__struct.h
[0.593s] -- Up-to-date: /home/teamvision/Desktop/ROS_Workspace/Honours_a1797823_a1764124/ROS_Workspace/src/install/custom_msgs/include/custom_msgs/msg/detail/fire_severity__struct.h
[0.593s] -- Up-to-date: /home/teamvision/Desktop/ROS_Workspace/Honours_a1797823_a1764124/ROS_Workspace/src/install/custom_msgs/include/custom_msgs/msg/detail/led_locations__functions.c
[0.593s] -- Up-to-date: /home/teamvision/Desktop/ROS_Workspace/Honours_a1797823_a1764124/ROS_Workspace/src/install/custom_msgs/include/custom_msgs/msg/detail/led_locations__type_support.h
[0.593s] -- Up-to-date: /home/teamvision/Desktop/ROS_Workspace/Honours_a1797823_a1764124/ROS_Workspace/src/install/custom_msgs/include/custom_msgs/msg/detail/fire_severity__functions.c
[0.593s] -- Up-to-date: /home/teamvision/Desktop/ROS_Workspace/Honours_a1797823_a1764124/ROS_Workspace/src/install/custom_msgs/include/custom_msgs/msg/fire_severity.h
[0.593s] -- Up-to-date: /home/teamvision/Desktop/ROS_Workspace/Honours_a1797823_a1764124/ROS_Workspace/src/install/custom_msgs/include/custom_msgs/msg/led_locations.h
[0.593s] -- Up-to-date: /home/teamvision/Desktop/ROS_Workspace/Honours_a1797823_a1764124/ROS_Workspace/src/install/custom_msgs/share/custom_msgs/environment/library_path.sh
[0.593s] -- Up-to-date: /home/teamvision/Desktop/ROS_Workspace/Honours_a1797823_a1764124/ROS_Workspace/src/install/custom_msgs/share/custom_msgs/environment/library_path.dsv
[0.593s] -- Up-to-date: /home/teamvision/Desktop/ROS_Workspace/Honours_a1797823_a1764124/ROS_Workspace/src/install/custom_msgs/lib/libcustom_msgs__rosidl_generator_c.so
[0.594s] -- Up-to-date: /home/teamvision/Desktop/ROS_Workspace/Honours_a1797823_a1764124/ROS_Workspace/src/install/custom_msgs/include/custom_msgs
[0.594s] -- Up-to-date: /home/teamvision/Desktop/ROS_Workspace/Honours_a1797823_a1764124/ROS_Workspace/src/install/custom_msgs/include/custom_msgs/msg
[0.594s] -- Up-to-date: /home/teamvision/Desktop/ROS_Workspace/Honours_a1797823_a1764124/ROS_Workspace/src/install/custom_msgs/include/custom_msgs/msg/detail
[0.594s] -- Up-to-date: /home/teamvision/Desktop/ROS_Workspace/Honours_a1797823_a1764124/ROS_Workspace/src/install/custom_msgs/include/custom_msgs/msg/detail/led_locations__rosidl_typesupport_fastrtps_c.h
[0.594s] -- Up-to-date: /home/teamvision/Desktop/ROS_Workspace/Honours_a1797823_a1764124/ROS_Workspace/src/install/custom_msgs/include/custom_msgs/msg/detail/fire_severity__rosidl_typesupport_fastrtps_c.h
[0.594s] -- Up-to-date: /home/teamvision/Desktop/ROS_Workspace/Honours_a1797823_a1764124/ROS_Workspace/src/install/custom_msgs/include/custom_msgs/msg/rosidl_typesupport_fastrtps_c__visibility_control.h
[0.594s] -- Up-to-date: /home/teamvision/Desktop/ROS_Workspace/Honours_a1797823_a1764124/ROS_Workspace/src/install/custom_msgs/lib/libcustom_msgs__rosidl_typesupport_fastrtps_c.so
[0.594s] -- Up-to-date: /home/teamvision/Desktop/ROS_Workspace/Honours_a1797823_a1764124/ROS_Workspace/src/install/custom_msgs/include/custom_msgs
[0.594s] -- Up-to-date: /home/teamvision/Desktop/ROS_Workspace/Honours_a1797823_a1764124/ROS_Workspace/src/install/custom_msgs/include/custom_msgs/msg
[0.595s] -- Up-to-date: /home/teamvision/Desktop/ROS_Workspace/Honours_a1797823_a1764124/ROS_Workspace/src/install/custom_msgs/include/custom_msgs/msg/detail
[0.595s] -- Up-to-date: /home/teamvision/Desktop/ROS_Workspace/Honours_a1797823_a1764124/ROS_Workspace/src/install/custom_msgs/include/custom_msgs/msg/detail/led_locations__rosidl_typesupport_fastrtps_cpp.hpp
[0.595s] -- Up-to-date: /home/teamvision/Desktop/ROS_Workspace/Honours_a1797823_a1764124/ROS_Workspace/src/install/custom_msgs/include/custom_msgs/msg/detail/fire_severity__rosidl_typesupport_fastrtps_cpp.hpp
[0.595s] -- Up-to-date: /home/teamvision/Desktop/ROS_Workspace/Honours_a1797823_a1764124/ROS_Workspace/src/install/custom_msgs/include/custom_msgs/msg/detail/dds_fastrtps
[0.595s] -- Up-to-date: /home/teamvision/Desktop/ROS_Workspace/Honours_a1797823_a1764124/ROS_Workspace/src/install/custom_msgs/include/custom_msgs/msg/rosidl_typesupport_fastrtps_cpp__visibility_control.h
[0.595s] -- Up-to-date: /home/teamvision/Desktop/ROS_Workspace/Honours_a1797823_a1764124/ROS_Workspace/src/install/custom_msgs/lib/libcustom_msgs__rosidl_typesupport_fastrtps_cpp.so
[0.595s] -- Up-to-date: /home/teamvision/Desktop/ROS_Workspace/Honours_a1797823_a1764124/ROS_Workspace/src/install/custom_msgs/include/custom_msgs
[0.599s] -- Up-to-date: /home/teamvision/Desktop/ROS_Workspace/Honours_a1797823_a1764124/ROS_Workspace/src/install/custom_msgs/include/custom_msgs/msg
[0.600s] -- Up-to-date: /home/teamvision/Desktop/ROS_Workspace/Honours_a1797823_a1764124/ROS_Workspace/src/install/custom_msgs/include/custom_msgs/msg/detail
[0.600s] -- Up-to-date: /home/teamvision/Desktop/ROS_Workspace/Honours_a1797823_a1764124/ROS_Workspace/src/install/custom_msgs/include/custom_msgs/msg/detail/fire_severity__type_support.c
[0.600s] -- Up-to-date: /home/teamvision/Desktop/ROS_Workspace/Honours_a1797823_a1764124/ROS_Workspace/src/install/custom_msgs/include/custom_msgs/msg/detail/led_locations__type_support.c
[0.600s] -- Up-to-date: /home/teamvision/Desktop/ROS_Workspace/Honours_a1797823_a1764124/ROS_Workspace/src/install/custom_msgs/include/custom_msgs/msg/detail/led_locations__rosidl_typesupport_introspection_c.h
[0.600s] -- Up-to-date: /home/teamvision/Desktop/ROS_Workspace/Honours_a1797823_a1764124/ROS_Workspace/src/install/custom_msgs/include/custom_msgs/msg/detail/fire_severity__rosidl_typesupport_introspection_c.h
[0.600s] -- Up-to-date: /home/teamvision/Desktop/ROS_Workspace/Honours_a1797823_a1764124/ROS_Workspace/src/install/custom_msgs/include/custom_msgs/msg/rosidl_typesupport_introspection_c__visibility_control.h
[0.601s] -- Up-to-date: /home/teamvision/Desktop/ROS_Workspace/Honours_a1797823_a1764124/ROS_Workspace/src/install/custom_msgs/lib/libcustom_msgs__rosidl_typesupport_introspection_c.so
[0.601s] -- Up-to-date: /home/teamvision/Desktop/ROS_Workspace/Honours_a1797823_a1764124/ROS_Workspace/src/install/custom_msgs/lib/libcustom_msgs__rosidl_typesupport_c.so
[0.601s] -- Up-to-date: /home/teamvision/Desktop/ROS_Workspace/Honours_a1797823_a1764124/ROS_Workspace/src/install/custom_msgs/include/custom_msgs
[0.601s] -- Up-to-date: /home/teamvision/Desktop/ROS_Workspace/Honours_a1797823_a1764124/ROS_Workspace/src/install/custom_msgs/include/custom_msgs/msg
[0.601s] -- Up-to-date: /home/teamvision/Desktop/ROS_Workspace/Honours_a1797823_a1764124/ROS_Workspace/src/install/custom_msgs/include/custom_msgs/msg/led_locations.hpp
[0.601s] -- Up-to-date: /home/teamvision/Desktop/ROS_Workspace/Honours_a1797823_a1764124/ROS_Workspace/src/install/custom_msgs/include/custom_msgs/msg/detail
[0.601s] -- Up-to-date: /home/teamvision/Desktop/ROS_Workspace/Honours_a1797823_a1764124/ROS_Workspace/src/install/custom_msgs/include/custom_msgs/msg/detail/led_locations__builder.hpp
[0.601s] -- Up-to-date: /home/teamvision/Desktop/ROS_Workspace/Honours_a1797823_a1764124/ROS_Workspace/src/install/custom_msgs/include/custom_msgs/msg/detail/led_locations__traits.hpp
[0.602s] -- Up-to-date: /home/teamvision/Desktop/ROS_Workspace/Honours_a1797823_a1764124/ROS_Workspace/src/install/custom_msgs/include/custom_msgs/msg/detail/led_locations__struct.hpp
[0.602s] -- Up-to-date: /home/teamvision/Desktop/ROS_Workspace/Honours_a1797823_a1764124/ROS_Workspace/src/install/custom_msgs/include/custom_msgs/msg/detail/fire_severity__struct.hpp
[0.602s] -- Up-to-date: /home/teamvision/Desktop/ROS_Workspace/Honours_a1797823_a1764124/ROS_Workspace/src/install/custom_msgs/include/custom_msgs/msg/detail/fire_severity__builder.hpp
[0.602s] -- Up-to-date: /home/teamvision/Desktop/ROS_Workspace/Honours_a1797823_a1764124/ROS_Workspace/src/install/custom_msgs/include/custom_msgs/msg/detail/fire_severity__traits.hpp
[0.602s] -- Up-to-date: /home/teamvision/Desktop/ROS_Workspace/Honours_a1797823_a1764124/ROS_Workspace/src/install/custom_msgs/include/custom_msgs/msg/fire_severity.hpp
[0.602s] -- Up-to-date: /home/teamvision/Desktop/ROS_Workspace/Honours_a1797823_a1764124/ROS_Workspace/src/install/custom_msgs/include/custom_msgs
[0.602s] -- Up-to-date: /home/teamvision/Desktop/ROS_Workspace/Honours_a1797823_a1764124/ROS_Workspace/src/install/custom_msgs/include/custom_msgs/msg
[0.602s] -- Up-to-date: /home/teamvision/Desktop/ROS_Workspace/Honours_a1797823_a1764124/ROS_Workspace/src/install/custom_msgs/include/custom_msgs/msg/detail
[0.602s] -- Up-to-date: /home/teamvision/Desktop/ROS_Workspace/Honours_a1797823_a1764124/ROS_Workspace/src/install/custom_msgs/include/custom_msgs/msg/detail/fire_severity__rosidl_typesupport_introspection_cpp.hpp
[0.603s] -- Up-to-date: /home/teamvision/Desktop/ROS_Workspace/Honours_a1797823_a1764124/ROS_Workspace/src/install/custom_msgs/include/custom_msgs/msg/detail/fire_severity__type_support.cpp
[0.603s] -- Up-to-date: /home/teamvision/Desktop/ROS_Workspace/Honours_a1797823_a1764124/ROS_Workspace/src/install/custom_msgs/include/custom_msgs/msg/detail/led_locations__type_support.cpp
[0.603s] -- Up-to-date: /home/teamvision/Desktop/ROS_Workspace/Honours_a1797823_a1764124/ROS_Workspace/src/install/custom_msgs/include/custom_msgs/msg/detail/led_locations__rosidl_typesupport_introspection_cpp.hpp
[0.603s] -- Up-to-date: /home/teamvision/Desktop/ROS_Workspace/Honours_a1797823_a1764124/ROS_Workspace/src/install/custom_msgs/lib/libcustom_msgs__rosidl_typesupport_introspection_cpp.so
[0.603s] -- Up-to-date: /home/teamvision/Desktop/ROS_Workspace/Honours_a1797823_a1764124/ROS_Workspace/src/install/custom_msgs/lib/libcustom_msgs__rosidl_typesupport_cpp.so
[0.603s] -- Up-to-date: /home/teamvision/Desktop/ROS_Workspace/Honours_a1797823_a1764124/ROS_Workspace/src/install/custom_msgs/share/custom_msgs/environment/pythonpath.sh
[0.603s] -- Up-to-date: /home/teamvision/Desktop/ROS_Workspace/Honours_a1797823_a1764124/ROS_Workspace/src/install/custom_msgs/share/custom_msgs/environment/pythonpath.dsv
[0.603s] -- Up-to-date: /home/teamvision/Desktop/ROS_Workspace/Honours_a1797823_a1764124/ROS_Workspace/src/install/custom_msgs/lib/python3.8/site-packages/custom_msgs/__init__.py
[0.639s] -- Up-to-date: /home/teamvision/Desktop/ROS_Workspace/Honours_a1797823_a1764124/ROS_Workspace/src/install/custom_msgs/lib/python3.8/site-packages/custom_msgs/msg
[0.640s] -- Up-to-date: /home/teamvision/Desktop/ROS_Workspace/Honours_a1797823_a1764124/ROS_Workspace/src/install/custom_msgs/lib/python3.8/site-packages/custom_msgs/msg/__init__.py
[0.640s] -- Up-to-date: /home/teamvision/Desktop/ROS_Workspace/Honours_a1797823_a1764124/ROS_Workspace/src/install/custom_msgs/lib/python3.8/site-packages/custom_msgs/msg/_led_locations_s.c
[0.640s] -- Up-to-date: /home/teamvision/Desktop/ROS_Workspace/Honours_a1797823_a1764124/ROS_Workspace/src/install/custom_msgs/lib/python3.8/site-packages/custom_msgs/msg/_fire_severity.py
[0.640s] -- Up-to-date: /home/teamvision/Desktop/ROS_Workspace/Honours_a1797823_a1764124/ROS_Workspace/src/install/custom_msgs/lib/python3.8/site-packages/custom_msgs/msg/_fire_severity_s.c
[0.640s] -- Up-to-date: /home/teamvision/Desktop/ROS_Workspace/Honours_a1797823_a1764124/ROS_Workspace/src/install/custom_msgs/lib/python3.8/site-packages/custom_msgs/msg/_led_locations.py
[0.640s] -- Up-to-date: /home/teamvision/Desktop/ROS_Workspace/Honours_a1797823_a1764124/ROS_Workspace/src/install/custom_msgs/lib/python3.8/site-packages/custom_msgs/custom_msgs_s__rosidl_typesupport_fastrtps_c.cpython-38-x86_64-linux-gnu.so
[0.640s] -- Up-to-date: /home/teamvision/Desktop/ROS_Workspace/Honours_a1797823_a1764124/ROS_Workspace/src/install/custom_msgs/lib/python3.8/site-packages/custom_msgs/custom_msgs_s__rosidl_typesupport_introspection_c.cpython-38-x86_64-linux-gnu.so
[0.641s] -- Up-to-date: /home/teamvision/Desktop/ROS_Workspace/Honours_a1797823_a1764124/ROS_Workspace/src/install/custom_msgs/lib/python3.8/site-packages/custom_msgs/custom_msgs_s__rosidl_typesupport_c.cpython-38-x86_64-linux-gnu.so
[0.648s] -- Up-to-date: /home/teamvision/Desktop/ROS_Workspace/Honours_a1797823_a1764124/ROS_Workspace/src/install/custom_msgs/lib/libcustom_msgs__python.so
[0.649s] -- Up-to-date: /home/teamvision/Desktop/ROS_Workspace/Honours_a1797823_a1764124/ROS_Workspace/src/install/custom_msgs/share/custom_msgs/msg/LEDLocations.idl
[0.649s] -- Up-to-date: /home/teamvision/Desktop/ROS_Workspace/Honours_a1797823_a1764124/ROS_Workspace/src/install/custom_msgs/share/custom_msgs/msg/FireSeverity.idl
[0.649s] -- Up-to-date: /home/teamvision/Desktop/ROS_Workspace/Honours_a1797823_a1764124/ROS_Workspace/src/install/custom_msgs/share/custom_msgs/msg/LEDLocations.msg
[0.649s] -- Up-to-date: /home/teamvision/Desktop/ROS_Workspace/Honours_a1797823_a1764124/ROS_Workspace/src/install/custom_msgs/share/custom_msgs/msg/FireSeverity.msg
[0.649s] -- Up-to-date: /home/teamvision/Desktop/ROS_Workspace/Honours_a1797823_a1764124/ROS_Workspace/src/install/custom_msgs/share/ament_index/resource_index/package_run_dependencies/custom_msgs
[0.649s] -- Up-to-date: /home/teamvision/Desktop/ROS_Workspace/Honours_a1797823_a1764124/ROS_Workspace/src/install/custom_msgs/share/ament_index/resource_index/parent_prefix_path/custom_msgs
[0.649s] -- Up-to-date: /home/teamvision/Desktop/ROS_Workspace/Honours_a1797823_a1764124/ROS_Workspace/src/install/custom_msgs/share/custom_msgs/environment/ament_prefix_path.sh
[0.649s] -- Up-to-date: /home/teamvision/Desktop/ROS_Workspace/Honours_a1797823_a1764124/ROS_Workspace/src/install/custom_msgs/share/custom_msgs/environment/ament_prefix_path.dsv
[0.649s] -- Up-to-date: /home/teamvision/Desktop/ROS_Workspace/Honours_a1797823_a1764124/ROS_Workspace/src/install/custom_msgs/share/custom_msgs/environment/path.sh
[0.650s] -- Up-to-date: /home/teamvision/Desktop/ROS_Workspace/Honours_a1797823_a1764124/ROS_Workspace/src/install/custom_msgs/share/custom_msgs/environment/path.dsv
[0.650s] -- Up-to-date: /home/teamvision/Desktop/ROS_Workspace/Honours_a1797823_a1764124/ROS_Workspace/src/install/custom_msgs/share/custom_msgs/local_setup.bash
[0.650s] -- Up-to-date: /home/teamvision/Desktop/ROS_Workspace/Honours_a1797823_a1764124/ROS_Workspace/src/install/custom_msgs/share/custom_msgs/local_setup.sh
[0.650s] -- Up-to-date: /home/teamvision/Desktop/ROS_Workspace/Honours_a1797823_a1764124/ROS_Workspace/src/install/custom_msgs/share/custom_msgs/local_setup.zsh
[0.650s] -- Up-to-date: /home/teamvision/Desktop/ROS_Workspace/Honours_a1797823_a1764124/ROS_Workspace/src/install/custom_msgs/share/custom_msgs/local_setup.dsv
[0.650s] -- Installing: /home/teamvision/Desktop/ROS_Workspace/Honours_a1797823_a1764124/ROS_Workspace/src/install/custom_msgs/share/custom_msgs/package.dsv
[0.651s] -- Up-to-date: /home/teamvision/Desktop/ROS_Workspace/Honours_a1797823_a1764124/ROS_Workspace/src/install/custom_msgs/share/ament_index/resource_index/packages/custom_msgs
[0.651s] -- Up-to-date: /home/teamvision/Desktop/ROS_Workspace/Honours_a1797823_a1764124/ROS_Workspace/src/install/custom_msgs/share/custom_msgs/cmake/custom_msgs__rosidl_generator_cExport.cmake
[0.651s] -- Up-to-date: /home/teamvision/Desktop/ROS_Workspace/Honours_a1797823_a1764124/ROS_Workspace/src/install/custom_msgs/share/custom_msgs/cmake/custom_msgs__rosidl_generator_cExport-noconfig.cmake
[0.651s] -- Up-to-date: /home/teamvision/Desktop/ROS_Workspace/Honours_a1797823_a1764124/ROS_Workspace/src/install/custom_msgs/share/custom_msgs/cmake/custom_msgs__rosidl_typesupport_introspection_cExport.cmake
[0.651s] -- Up-to-date: /home/teamvision/Desktop/ROS_Workspace/Honours_a1797823_a1764124/ROS_Workspace/src/install/custom_msgs/share/custom_msgs/cmake/custom_msgs__rosidl_typesupport_introspection_cExport-noconfig.cmake
[0.651s] -- Up-to-date: /home/teamvision/Desktop/ROS_Workspace/Honours_a1797823_a1764124/ROS_Workspace/src/install/custom_msgs/share/custom_msgs/cmake/custom_msgs__rosidl_typesupport_cExport.cmake
[0.651s] -- Up-to-date: /home/teamvision/Desktop/ROS_Workspace/Honours_a1797823_a1764124/ROS_Workspace/src/install/custom_msgs/share/custom_msgs/cmake/custom_msgs__rosidl_typesupport_cExport-noconfig.cmake
[0.655s] -- Up-to-date: /home/teamvision/Desktop/ROS_Workspace/Honours_a1797823_a1764124/ROS_Workspace/src/install/custom_msgs/share/custom_msgs/cmake/custom_msgs__rosidl_generator_cppExport.cmake
[0.655s] -- Up-to-date: /home/teamvision/Desktop/ROS_Workspace/Honours_a1797823_a1764124/ROS_Workspace/src/install/custom_msgs/share/custom_msgs/cmake/custom_msgs__rosidl_typesupport_introspection_cppExport.cmake
[0.655s] -- Up-to-date: /home/teamvision/Desktop/ROS_Workspace/Honours_a1797823_a1764124/ROS_Workspace/src/install/custom_msgs/share/custom_msgs/cmake/custom_msgs__rosidl_typesupport_introspection_cppExport-noconfig.cmake
[0.655s] -- Up-to-date: /home/teamvision/Desktop/ROS_Workspace/Honours_a1797823_a1764124/ROS_Workspace/src/install/custom_msgs/share/custom_msgs/cmake/custom_msgs__rosidl_typesupport_cppExport.cmake
[0.655s] -- Up-to-date: /home/teamvision/Desktop/ROS_Workspace/Honours_a1797823_a1764124/ROS_Workspace/src/install/custom_msgs/share/custom_msgs/cmake/custom_msgs__rosidl_typesupport_cppExport-noconfig.cmake
[0.655s] -- Up-to-date: /home/teamvision/Desktop/ROS_Workspace/Honours_a1797823_a1764124/ROS_Workspace/src/install/custom_msgs/share/custom_msgs/cmake/rosidl_cmake-extras.cmake
[0.655s] -- Up-to-date: /home/teamvision/Desktop/ROS_Workspace/Honours_a1797823_a1764124/ROS_Workspace/src/install/custom_msgs/share/custom_msgs/cmake/ament_cmake_export_dependencies-extras.cmake
[0.655s] -- Up-to-date: /home/teamvision/Desktop/ROS_Workspace/Honours_a1797823_a1764124/ROS_Workspace/src/install/custom_msgs/share/custom_msgs/cmake/ament_cmake_export_libraries-extras.cmake
[0.656s] -- Up-to-date: /home/teamvision/Desktop/ROS_Workspace/Honours_a1797823_a1764124/ROS_Workspace/src/install/custom_msgs/share/custom_msgs/cmake/ament_cmake_export_targets-extras.cmake
[0.656s] -- Up-to-date: /home/teamvision/Desktop/ROS_Workspace/Honours_a1797823_a1764124/ROS_Workspace/src/install/custom_msgs/share/custom_msgs/cmake/ament_cmake_export_include_directories-extras.cmake
[0.656s] -- Up-to-date: /home/teamvision/Desktop/ROS_Workspace/Honours_a1797823_a1764124/ROS_Workspace/src/install/custom_msgs/share/custom_msgs/cmake/rosidl_cmake_export_typesupport_libraries-extras.cmake
[0.656s] -- Up-to-date: /home/teamvision/Desktop/ROS_Workspace/Honours_a1797823_a1764124/ROS_Workspace/src/install/custom_msgs/share/custom_msgs/cmake/rosidl_cmake_export_typesupport_targets-extras.cmake
[0.656s] -- Up-to-date: /home/teamvision/Desktop/ROS_Workspace/Honours_a1797823_a1764124/ROS_Workspace/src/install/custom_msgs/share/custom_msgs/cmake/custom_msgsConfig.cmake
[0.656s] -- Up-to-date: /home/teamvision/Desktop/ROS_Workspace/Honours_a1797823_a1764124/ROS_Workspace/src/install/custom_msgs/share/custom_msgs/cmake/custom_msgsConfig-version.cmake
[0.656s] -- Up-to-date: /home/teamvision/Desktop/ROS_Workspace/Honours_a1797823_a1764124/ROS_Workspace/src/install/custom_msgs/share/custom_msgs/package.xml
[0.665s] Invoked command in '/home/teamvision/Desktop/ROS_Workspace/Honours_a1797823_a1764124/ROS_Workspace/src/build/custom_msgs' returned '0': CMAKE_PREFIX_PATH=${CMAKE_PREFIX_PATH}:/home/teamvision/Desktop/ROS_Workspace/Honours_a1797823_a1764124/ROS_Workspace/src/install/turtlebot3_navigation:/home/teamvision/Desktop/ROS_Workspace/Honours_a1797823_a1764124/ROS_Workspace/src/install/cameraSub:/home/teamvision/Desktop/ROS_Workspace/Honours_a1797823_a1764124/ROS_Workspace/src/install/cameraPub:/home/teamvision/Desktop/ROS_Workspace/Honours_a1797823_a1764124/ROS_Workspace/src/install/UGV1Vision:/home/teamvision/Desktop/ROS_Workspace/Honours_a1797823_a1764124/ROS_Workspace/src/install/UGV1Processing:/home/teamvision/Desktop/ROS_Workspace/Honours_a1797823_a1764124/ROS_Workspace/src/install/UGV1Main:/home/teamvision/Desktop/ROS_Workspace/Honours_a1797823_a1764124/ROS_Workspace/src/install/UAVVision:/home/teamvision/Desktop/ROS_Workspace/Honours_a1797823_a1764124/ROS_Workspace/src/install/UAVProcessing:/home/teamvision/Desktop/ROS_Workspace/Honours_a1797823_a1764124/ROS_Workspace/src/install/UAVMain:/home/teamvision/Desktop/ROS_Workspace/Honours_a1797823_a1764124/ROS_Workspace/src/install/Konig:/opt/ros/foxy /usr/bin/cmake --install /home/teamvision/Desktop/ROS_Workspace/Honours_a1797823_a1764124/ROS_Workspace/src/build/custom_msgs
