running egg_info
creating build/cameraPub/UAVVision.egg-info
writing build/cameraPub/UAVVision.egg-info/PKG-INFO
writing dependency_links to build/cameraPub/UAVVision.egg-info/dependency_links.txt
writing entry points to build/cameraPub/UAVVision.egg-info/entry_points.txt
writing requirements to build/cameraPub/UAVVision.egg-info/requires.txt
writing top-level names to build/cameraPub/UAVVision.egg-info/top_level.txt
writing manifest file 'build/cameraPub/UAVVision.egg-info/SOURCES.txt'
reading manifest file 'build/cameraPub/UAVVision.egg-info/SOURCES.txt'
writing manifest file 'build/cameraPub/UAVVision.egg-info/SOURCES.txt'
running build
running build_py
creating /home/teamvision/Desktop/ROS_Workspace/Honours_a1797823_a1764124/ROS_Workspace/src/UAVVision/build/cameraPub/build
creating /home/teamvision/Desktop/ROS_Workspace/Honours_a1797823_a1764124/ROS_Workspace/src/UAVVision/build/cameraPub/build/lib
creating /home/teamvision/Desktop/ROS_Workspace/Honours_a1797823_a1764124/ROS_Workspace/src/UAVVision/build/cameraPub/build/lib/UAVVision
copying UAVVision/__init__.py -> /home/teamvision/Desktop/ROS_Workspace/Honours_a1797823_a1764124/ROS_Workspace/src/UAVVision/build/cameraPub/build/lib/UAVVision
copying UAVVision/UAVVision.py -> /home/teamvision/Desktop/ROS_Workspace/Honours_a1797823_a1764124/ROS_Workspace/src/UAVVision/build/cameraPub/build/lib/UAVVision
running install
running install_lib
creating /home/teamvision/Desktop/ROS_Workspace/Honours_a1797823_a1764124/ROS_Workspace/src/UAVVision/install/cameraPub/lib/python3.8/site-packages/UAVVision
copying /home/teamvision/Desktop/ROS_Workspace/Honours_a1797823_a1764124/ROS_Workspace/src/UAVVision/build/cameraPub/build/lib/UAVVision/__init__.py -> /home/teamvision/Desktop/ROS_Workspace/Honours_a1797823_a1764124/ROS_Workspace/src/UAVVision/install/cameraPub/lib/python3.8/site-packages/UAVVision
copying /home/teamvision/Desktop/ROS_Workspace/Honours_a1797823_a1764124/ROS_Workspace/src/UAVVision/build/cameraPub/build/lib/UAVVision/UAVVision.py -> /home/teamvision/Desktop/ROS_Workspace/Honours_a1797823_a1764124/ROS_Workspace/src/UAVVision/install/cameraPub/lib/python3.8/site-packages/UAVVision
byte-compiling /home/teamvision/Desktop/ROS_Workspace/Honours_a1797823_a1764124/ROS_Workspace/src/UAVVision/install/cameraPub/lib/python3.8/site-packages/UAVVision/__init__.py to __init__.cpython-38.pyc
byte-compiling /home/teamvision/Desktop/ROS_Workspace/Honours_a1797823_a1764124/ROS_Workspace/src/UAVVision/install/cameraPub/lib/python3.8/site-packages/UAVVision/UAVVision.py to UAVVision.cpython-38.pyc
running install_data
copying resource/UAVVision -> /home/teamvision/Desktop/ROS_Workspace/Honours_a1797823_a1764124/ROS_Workspace/src/UAVVision/install/cameraPub/share/ament_index/resource_index/packages
creating /home/teamvision/Desktop/ROS_Workspace/Honours_a1797823_a1764124/ROS_Workspace/src/UAVVision/install/cameraPub/share/UAVVision
copying package.xml -> /home/teamvision/Desktop/ROS_Workspace/Honours_a1797823_a1764124/ROS_Workspace/src/UAVVision/install/cameraPub/share/UAVVision
running install_egg_info
Copying build/cameraPub/UAVVision.egg-info to /home/teamvision/Desktop/ROS_Workspace/Honours_a1797823_a1764124/ROS_Workspace/src/UAVVision/install/cameraPub/lib/python3.8/site-packages/UAVVision-0.0.0-py3.8.egg-info
running install_scripts
Installing UAVVision script to /home/teamvision/Desktop/ROS_Workspace/Honours_a1797823_a1764124/ROS_Workspace/src/UAVVision/install/cameraPub/lib/cameraPub
writing list of installed files to '/home/teamvision/Desktop/ROS_Workspace/Honours_a1797823_a1764124/ROS_Workspace/src/UAVVision/build/cameraPub/install.log'
