[1.536s] Invoking command in '/home/max/Desktop/VisionCode/Honours_a1797823_a1764124/ROS_Workspace/src/UAVMain': PYTHONPATH=/home/max/Desktop/VisionCode/Honours_a1797823_a1764124/ROS_Workspace/src/build/UAVMain/prefix_override:/home/max/Desktop/VisionCode/Honours_a1797823_a1764124/ROS_Workspace/src/install/UAVMain/lib/python3.8/site-packages:${PYTHONPATH} /usr/bin/python3 setup.py egg_info --egg-base ../build/UAVMain build --build-base /home/max/Desktop/VisionCode/Honours_a1797823_a1764124/ROS_Workspace/src/build/UAVMain/build install --record /home/max/Desktop/VisionCode/Honours_a1797823_a1764124/ROS_Workspace/src/build/UAVMain/install.log --install-scripts $base/lib/UAVMain --single-version-externally-managed
[1.741s] running egg_info
[1.742s] writing ../build/UAVMain/UAVMain.egg-info/PKG-INFO
[1.742s] writing dependency_links to ../build/UAVMain/UAVMain.egg-info/dependency_links.txt
[1.742s] writing entry points to ../build/UAVMain/UAVMain.egg-info/entry_points.txt
[1.743s] writing requirements to ../build/UAVMain/UAVMain.egg-info/requires.txt
[1.743s] writing top-level names to ../build/UAVMain/UAVMain.egg-info/top_level.txt
[1.776s] reading manifest file '../build/UAVMain/UAVMain.egg-info/SOURCES.txt'
[1.777s] writing manifest file '../build/UAVMain/UAVMain.egg-info/SOURCES.txt'
[1.777s] running build
[1.778s] running build_py
[1.778s] running install
[1.779s] running install_lib
[1.780s] running install_data
[1.781s] running install_egg_info
[1.782s] removing '/home/max/Desktop/VisionCode/Honours_a1797823_a1764124/ROS_Workspace/src/install/UAVMain/lib/python3.8/site-packages/UAVMain-0.0.0-py3.8.egg-info' (and everything under it)
[1.782s] Copying ../build/UAVMain/UAVMain.egg-info to /home/max/Desktop/VisionCode/Honours_a1797823_a1764124/ROS_Workspace/src/install/UAVMain/lib/python3.8/site-packages/UAVMain-0.0.0-py3.8.egg-info
[1.783s] running install_scripts
[1.801s] Installing UAVMain script to /home/max/Desktop/VisionCode/Honours_a1797823_a1764124/ROS_Workspace/src/install/UAVMain/lib/UAVMain
[1.801s] writing list of installed files to '/home/max/Desktop/VisionCode/Honours_a1797823_a1764124/ROS_Workspace/src/build/UAVMain/install.log'
