[2.726s] Invoking command in '/home/max/Desktop/VisionCode/Honours_a1797823_a1764124/ROS_Workspace/src/UAVMain': PYTHONPATH=/home/max/Desktop/VisionCode/Honours_a1797823_a1764124/ROS_Workspace/src/build/UAVMain/prefix_override:/home/max/Desktop/VisionCode/Honours_a1797823_a1764124/ROS_Workspace/src/install/UAVMain/lib/python3.8/site-packages:${PYTHONPATH} /usr/bin/python3 setup.py egg_info --egg-base ../build/UAVMain build --build-base /home/max/Desktop/VisionCode/Honours_a1797823_a1764124/ROS_Workspace/src/build/UAVMain/build install --record /home/max/Desktop/VisionCode/Honours_a1797823_a1764124/ROS_Workspace/src/build/UAVMain/install.log --install-scripts $base/lib/UAVMain --single-version-externally-managed
[2.979s] running egg_info
[2.980s] writing ../build/UAVMain/UAVMain.egg-info/PKG-INFO
[2.981s] writing dependency_links to ../build/UAVMain/UAVMain.egg-info/dependency_links.txt
[2.981s] writing entry points to ../build/UAVMain/UAVMain.egg-info/entry_points.txt
[2.981s] writing requirements to ../build/UAVMain/UAVMain.egg-info/requires.txt
[2.981s] writing top-level names to ../build/UAVMain/UAVMain.egg-info/top_level.txt
[3.025s] reading manifest file '../build/UAVMain/UAVMain.egg-info/SOURCES.txt'
[3.027s] writing manifest file '../build/UAVMain/UAVMain.egg-info/SOURCES.txt'
[3.027s] running build
[3.027s] running build_py
[3.027s] running install
[3.029s] running install_lib
[3.030s] running install_data
[3.031s] running install_egg_info
[3.033s] removing '/home/max/Desktop/VisionCode/Honours_a1797823_a1764124/ROS_Workspace/src/install/UAVMain/lib/python3.8/site-packages/UAVMain-0.0.0-py3.8.egg-info' (and everything under it)
[3.036s] Copying ../build/UAVMain/UAVMain.egg-info to /home/max/Desktop/VisionCode/Honours_a1797823_a1764124/ROS_Workspace/src/install/UAVMain/lib/python3.8/site-packages/UAVMain-0.0.0-py3.8.egg-info
[3.039s] running install_scripts
[3.071s] Installing UAVMain script to /home/max/Desktop/VisionCode/Honours_a1797823_a1764124/ROS_Workspace/src/install/UAVMain/lib/UAVMain
[3.072s] writing list of installed files to '/home/max/Desktop/VisionCode/Honours_a1797823_a1764124/ROS_Workspace/src/build/UAVMain/install.log'
[3.147s] Invoked command in '/home/max/Desktop/VisionCode/Honours_a1797823_a1764124/ROS_Workspace/src/UAVMain' returned '0': PYTHONPATH=/home/max/Desktop/VisionCode/Honours_a1797823_a1764124/ROS_Workspace/src/build/UAVMain/prefix_override:/home/max/Desktop/VisionCode/Honours_a1797823_a1764124/ROS_Workspace/src/install/UAVMain/lib/python3.8/site-packages:${PYTHONPATH} /usr/bin/python3 setup.py egg_info --egg-base ../build/UAVMain build --build-base /home/max/Desktop/VisionCode/Honours_a1797823_a1764124/ROS_Workspace/src/build/UAVMain/build install --record /home/max/Desktop/VisionCode/Honours_a1797823_a1764124/ROS_Workspace/src/build/UAVMain/install.log --install-scripts $base/lib/UAVMain --single-version-externally-managed
