[0.923s] Invoking command in '/home/teamvision/Desktop/ROS_Workspace/Honours_a1797823_a1764124/ROS_Workspace/src/UAVProcessing': PYTHONPATH=/home/teamvision/Desktop/ROS_Workspace/Honours_a1797823_a1764124/ROS_Workspace/build/UAVProcessing/prefix_override:/home/teamvision/Desktop/ROS_Workspace/Honours_a1797823_a1764124/ROS_Workspace/install/UAVProcessing/lib/python3.8/site-packages:${PYTHONPATH} /usr/bin/python3 setup.py egg_info --egg-base ../../build/UAVProcessing build --build-base /home/teamvision/Desktop/ROS_Workspace/Honours_a1797823_a1764124/ROS_Workspace/build/UAVProcessing/build install --record /home/teamvision/Desktop/ROS_Workspace/Honours_a1797823_a1764124/ROS_Workspace/build/UAVProcessing/install.log --install-scripts $base/lib/UAVProcessing --single-version-externally-managed
[1.235s] running egg_info
[1.235s] writing ../../build/UAVProcessing/UAVProcessing.egg-info/PKG-INFO
[1.236s] writing dependency_links to ../../build/UAVProcessing/UAVProcessing.egg-info/dependency_links.txt
[1.236s] writing entry points to ../../build/UAVProcessing/UAVProcessing.egg-info/entry_points.txt
[1.236s] writing requirements to ../../build/UAVProcessing/UAVProcessing.egg-info/requires.txt
[1.236s] writing top-level names to ../../build/UAVProcessing/UAVProcessing.egg-info/top_level.txt
[1.282s] reading manifest file '../../build/UAVProcessing/UAVProcessing.egg-info/SOURCES.txt'
[1.283s] writing manifest file '../../build/UAVProcessing/UAVProcessing.egg-info/SOURCES.txt'
[1.283s] running build
[1.283s] running build_py
[1.283s] running install
[1.284s] running install_lib
[1.286s] running install_data
[1.287s] running install_egg_info
[1.288s] removing '/home/teamvision/Desktop/ROS_Workspace/Honours_a1797823_a1764124/ROS_Workspace/install/UAVProcessing/lib/python3.8/site-packages/UAVProcessing-0.0.0-py3.8.egg-info' (and everything under it)
[1.289s] Copying ../../build/UAVProcessing/UAVProcessing.egg-info to /home/teamvision/Desktop/ROS_Workspace/Honours_a1797823_a1764124/ROS_Workspace/install/UAVProcessing/lib/python3.8/site-packages/UAVProcessing-0.0.0-py3.8.egg-info
[1.290s] running install_scripts
[1.309s] Installing UAVProcessing script to /home/teamvision/Desktop/ROS_Workspace/Honours_a1797823_a1764124/ROS_Workspace/install/UAVProcessing/lib/UAVProcessing
[1.310s] writing list of installed files to '/home/teamvision/Desktop/ROS_Workspace/Honours_a1797823_a1764124/ROS_Workspace/build/UAVProcessing/install.log'
[1.334s] Invoked command in '/home/teamvision/Desktop/ROS_Workspace/Honours_a1797823_a1764124/ROS_Workspace/src/UAVProcessing' returned '0': PYTHONPATH=/home/teamvision/Desktop/ROS_Workspace/Honours_a1797823_a1764124/ROS_Workspace/build/UAVProcessing/prefix_override:/home/teamvision/Desktop/ROS_Workspace/Honours_a1797823_a1764124/ROS_Workspace/install/UAVProcessing/lib/python3.8/site-packages:${PYTHONPATH} /usr/bin/python3 setup.py egg_info --egg-base ../../build/UAVProcessing build --build-base /home/teamvision/Desktop/ROS_Workspace/Honours_a1797823_a1764124/ROS_Workspace/build/UAVProcessing/build install --record /home/teamvision/Desktop/ROS_Workspace/Honours_a1797823_a1764124/ROS_Workspace/build/UAVProcessing/install.log --install-scripts $base/lib/UAVProcessing --single-version-externally-managed
