[0.030s] Invoking command in '/home/teamvision/Desktop/ROS_Workspace/Honours_a1797823_a1764124/ROS_Workspace/src/build/custom_srvs': CMAKE_PREFIX_PATH=${CMAKE_PREFIX_PATH}:/home/teamvision/Desktop/ROS_Workspace/Honours_a1797823_a1764124/ROS_Workspace/src/install/turtlebot3_navigation:/home/teamvision/Desktop/ROS_Workspace/Honours_a1797823_a1764124/ROS_Workspace/src/install/cameraSub:/home/teamvision/Desktop/ROS_Workspace/Honours_a1797823_a1764124/ROS_Workspace/src/install/cameraPub:/home/teamvision/Desktop/ROS_Workspace/Honours_a1797823_a1764124/ROS_Workspace/src/install/UGV1Vision:/home/teamvision/Desktop/ROS_Workspace/Honours_a1797823_a1764124/ROS_Workspace/src/install/UGV1Processing:/home/teamvision/Desktop/ROS_Workspace/Honours_a1797823_a1764124/ROS_Workspace/src/install/UGV1Main:/home/teamvision/Desktop/ROS_Workspace/Honours_a1797823_a1764124/ROS_Workspace/src/install/UAVVision:/home/teamvision/Desktop/ROS_Workspace/Honours_a1797823_a1764124/ROS_Workspace/src/install/UAVProcessing:/home/teamvision/Desktop/ROS_Workspace/Honours_a1797823_a1764124/ROS_Workspace/src/install/UAVMain:/home/teamvision/Desktop/ROS_Workspace/Honours_a1797823_a1764124/ROS_Workspace/src/install/Konig:/opt/ros/foxy /usr/bin/cmake --build /home/teamvision/Desktop/ROS_Workspace/Honours_a1797823_a1764124/ROS_Workspace/src/build/custom_srvs -- -j4 -l4
[0.069s] -- Found ament_cmake: 0.9.11 (/opt/ros/foxy/share/ament_cmake/cmake)
[0.111s] -- Found PythonInterp: /usr/bin/python3 (found suitable version "3.8.10", minimum required is "3") 
[0.111s] -- Using PYTHON_EXECUTABLE: /usr/bin/python3
[0.369s] -- Found rosidl_default_generators: 1.0.1 (/opt/ros/foxy/share/rosidl_default_generators/cmake)
[0.375s] -- Using all available rosidl_typesupport_c: rosidl_typesupport_fastrtps_c;rosidl_typesupport_introspection_c
[0.380s] -- Found rosidl_adapter: 1.3.0 (/opt/ros/foxy/share/rosidl_adapter/cmake)
[0.559s] -- Using all available rosidl_typesupport_cpp: rosidl_typesupport_fastrtps_cpp;rosidl_typesupport_introspection_cpp
[0.592s] -- Found std_msgs: 2.0.5 (/opt/ros/foxy/share/std_msgs/cmake)
[0.637s] -- Found geometry_msgs: 2.0.5 (/opt/ros/foxy/share/geometry_msgs/cmake)
[0.729s] -- Found PythonInterp: /usr/bin/python3 (found version "3.8.10") 
[0.897s] -- Found ament_cmake_ros: 0.9.2 (/opt/ros/foxy/share/ament_cmake_ros/cmake)
[1.024s] -- Using all available rosidl_typesupport_c: rosidl_typesupport_fastrtps_c;rosidl_typesupport_introspection_c
[1.035s] -- Using all available rosidl_typesupport_cpp: rosidl_typesupport_fastrtps_cpp;rosidl_typesupport_introspection_cpp
[1.080s] -- Found PythonInterp: /usr/bin/python3 (found suitable version "3.8.10", minimum required is "3.5") 
[1.080s] -- Found python_cmake_module: 0.8.1 (/opt/ros/foxy/share/python_cmake_module/cmake)
[1.125s] -- Using PYTHON_EXECUTABLE: /usr/bin/python3
[1.125s] -- Using PYTHON_INCLUDE_DIRS: /usr/include/python3.8
[1.126s] -- Using PYTHON_LIBRARIES: /usr/lib/x86_64-linux-gnu/libpython3.8.so
[1.160s] -- Configuring done
[1.194s] -- Generating done
[1.198s] -- Build files have been written to: /home/teamvision/Desktop/ROS_Workspace/Honours_a1797823_a1764124/ROS_Workspace/src/build/custom_srvs
[1.234s] [  3%] [34m[1mGenerating C code for ROS interfaces[0m
[1.246s] [  6%] [34m[1mGenerating C++ code for ROS interfaces[0m
[1.568s] [  6%] Built target custom_srvs__cpp
[1.580s] [ 16%] [34m[1mGenerating C++ introspection for ROS interfaces[0m
[1.580s] [ 16%] [34m[1mGenerating C++ type support for eProsima Fast-RTPS[0m
[1.581s] [ 16%] [34m[1mGenerating C++ type support dispatch for ROS interfaces[0m
[1.582s] [35m[1mScanning dependencies of target custom_srvs__rosidl_generator_c[0m
[1.605s] [ 19%] [32mBuilding C object CMakeFiles/custom_srvs__rosidl_generator_c.dir/rosidl_generator_c/custom_srvs/srv/detail/policy__functions.c.o[0m
[1.684s] [ 22%] [32m[1mLinking C shared library libcustom_srvs__rosidl_generator_c.so[0m
[1.727s] [ 22%] Built target custom_srvs__rosidl_generator_c
[1.740s] [ 25%] [34m[1mGenerating C introspection for ROS interfaces[0m
[1.877s] [35m[1mScanning dependencies of target custom_srvs__rosidl_typesupport_cpp[0m
[1.892s] [ 29%] [32mBuilding CXX object CMakeFiles/custom_srvs__rosidl_typesupport_cpp.dir/rosidl_typesupport_cpp/custom_srvs/srv/policy__type_support.cpp.o[0m
[1.924s] [35m[1mScanning dependencies of target custom_srvs__rosidl_typesupport_introspection_cpp[0m
[1.937s] [35m[1mScanning dependencies of target custom_srvs__rosidl_typesupport_fastrtps_cpp[0m
[1.941s] [ 32%] [32mBuilding CXX object CMakeFiles/custom_srvs__rosidl_typesupport_introspection_cpp.dir/rosidl_typesupport_introspection_cpp/custom_srvs/srv/detail/policy__type_support.cpp.o[0m
[1.959s] [ 35%] [32mBuilding CXX object CMakeFiles/custom_srvs__rosidl_typesupport_fastrtps_cpp.dir/rosidl_typesupport_fastrtps_cpp/custom_srvs/srv/detail/dds_fastrtps/policy__type_support.cpp.o[0m
[2.071s] [35m[1mScanning dependencies of target custom_srvs__rosidl_typesupport_introspection_c[0m
[2.088s] [ 38%] [32mBuilding C object CMakeFiles/custom_srvs__rosidl_typesupport_introspection_c.dir/rosidl_typesupport_introspection_c/custom_srvs/srv/detail/policy__type_support.c.o[0m
[2.132s] [ 41%] [32m[1mLinking C shared library libcustom_srvs__rosidl_typesupport_introspection_c.so[0m
[2.167s] [ 41%] Built target custom_srvs__rosidl_typesupport_introspection_c
[2.179s] [ 45%] [34m[1mGenerating C type support dispatch for ROS interfaces[0m
[2.297s] [ 48%] [32m[1mLinking CXX shared library libcustom_srvs__rosidl_typesupport_cpp.so[0m
[2.343s] [ 48%] Built target custom_srvs__rosidl_typesupport_cpp
[2.360s] [ 51%] [32m[1mLinking CXX shared library libcustom_srvs__rosidl_typesupport_introspection_cpp.so[0m
[2.434s] [ 51%] Built target custom_srvs__rosidl_typesupport_introspection_cpp
[2.482s] [35m[1mScanning dependencies of target custom_srvs__rosidl_typesupport_c[0m
[2.495s] [ 54%] [32mBuilding CXX object CMakeFiles/custom_srvs__rosidl_typesupport_c.dir/rosidl_typesupport_c/custom_srvs/srv/policy__type_support.cpp.o[0m
[2.533s] [ 58%] [32m[1mLinking CXX shared library libcustom_srvs__rosidl_typesupport_c.so[0m
[2.579s] [ 61%] [32m[1mLinking CXX shared library libcustom_srvs__rosidl_typesupport_fastrtps_cpp.so[0m
[2.579s] [ 61%] Built target custom_srvs__rosidl_typesupport_c
[2.688s] [ 61%] Built target custom_srvs__rosidl_typesupport_fastrtps_cpp
[2.706s] [ 64%] [34m[1mGenerating C type support for eProsima Fast-RTPS[0m
[3.015s] [35m[1mScanning dependencies of target custom_srvs__rosidl_typesupport_fastrtps_c[0m
[3.034s] [ 67%] [32mBuilding CXX object CMakeFiles/custom_srvs__rosidl_typesupport_fastrtps_c.dir/rosidl_typesupport_fastrtps_c/custom_srvs/srv/detail/policy__type_support_c.cpp.o[0m
[3.506s] [ 70%] [32m[1mLinking CXX shared library libcustom_srvs__rosidl_typesupport_fastrtps_c.so[0m
[3.616s] [ 70%] Built target custom_srvs__rosidl_typesupport_fastrtps_c
[3.649s] [ 70%] Built target custom_srvs
[3.683s] [ 74%] [34m[1mGenerating Python code for ROS interfaces[0m
[4.238s] [ 74%] Built target custom_srvs__py
[4.256s] [35m[1mScanning dependencies of target custom_srvs__python[0m
[4.276s] [ 77%] [32mBuilding C object CMakeFiles/custom_srvs__python.dir/rosidl_generator_py/custom_srvs/srv/_policy_s.c.o[0m
[4.400s] [ 80%] [32m[1mLinking C shared library rosidl_generator_py/custom_srvs/libcustom_srvs__python.so[0m
[4.459s] [ 80%] Built target custom_srvs__python
[4.474s] [35m[1mScanning dependencies of target custom_srvs__rosidl_typesupport_fastrtps_c__pyext[0m
[4.474s] [35m[1mScanning dependencies of target custom_srvs__rosidl_typesupport_introspection_c__pyext[0m
[4.474s] [35m[1mScanning dependencies of target custom_srvs__rosidl_typesupport_c__pyext[0m
[4.491s] [ 83%] [32mBuilding C object CMakeFiles/custom_srvs__rosidl_typesupport_c__pyext.dir/rosidl_generator_py/custom_srvs/_custom_srvs_s.ep.rosidl_typesupport_c.c.o[0m
[4.496s] [ 90%] [32mBuilding C object CMakeFiles/custom_srvs__rosidl_typesupport_fastrtps_c__pyext.dir/rosidl_generator_py/custom_srvs/_custom_srvs_s.ep.rosidl_typesupport_fastrtps_c.c.o[0m
[4.496s] [ 90%] [32mBuilding C object CMakeFiles/custom_srvs__rosidl_typesupport_introspection_c__pyext.dir/rosidl_generator_py/custom_srvs/_custom_srvs_s.ep.rosidl_typesupport_introspection_c.c.o[0m
[4.599s] [ 93%] [32m[1mLinking C shared library rosidl_generator_py/custom_srvs/custom_srvs_s__rosidl_typesupport_c.cpython-38-x86_64-linux-gnu.so[0m
[4.603s] [ 96%] [32m[1mLinking C shared library rosidl_generator_py/custom_srvs/custom_srvs_s__rosidl_typesupport_introspection_c.cpython-38-x86_64-linux-gnu.so[0m
[4.606s] [100%] [32m[1mLinking CXX shared library rosidl_generator_py/custom_srvs/custom_srvs_s__rosidl_typesupport_fastrtps_c.cpython-38-x86_64-linux-gnu.so[0m
[4.640s] [100%] Built target custom_srvs__rosidl_typesupport_c__pyext
[4.643s] [100%] Built target custom_srvs__rosidl_typesupport_introspection_c__pyext
[4.681s] [100%] Built target custom_srvs__rosidl_typesupport_fastrtps_c__pyext
[4.695s] Invoked command in '/home/teamvision/Desktop/ROS_Workspace/Honours_a1797823_a1764124/ROS_Workspace/src/build/custom_srvs' returned '0': CMAKE_PREFIX_PATH=${CMAKE_PREFIX_PATH}:/home/teamvision/Desktop/ROS_Workspace/Honours_a1797823_a1764124/ROS_Workspace/src/install/turtlebot3_navigation:/home/teamvision/Desktop/ROS_Workspace/Honours_a1797823_a1764124/ROS_Workspace/src/install/cameraSub:/home/teamvision/Desktop/ROS_Workspace/Honours_a1797823_a1764124/ROS_Workspace/src/install/cameraPub:/home/teamvision/Desktop/ROS_Workspace/Honours_a1797823_a1764124/ROS_Workspace/src/install/UGV1Vision:/home/teamvision/Desktop/ROS_Workspace/Honours_a1797823_a1764124/ROS_Workspace/src/install/UGV1Processing:/home/teamvision/Desktop/ROS_Workspace/Honours_a1797823_a1764124/ROS_Workspace/src/install/UGV1Main:/home/teamvision/Desktop/ROS_Workspace/Honours_a1797823_a1764124/ROS_Workspace/src/install/UAVVision:/home/teamvision/Desktop/ROS_Workspace/Honours_a1797823_a1764124/ROS_Workspace/src/install/UAVProcessing:/home/teamvision/Desktop/ROS_Workspace/Honours_a1797823_a1764124/ROS_Workspace/src/install/UAVMain:/home/teamvision/Desktop/ROS_Workspace/Honours_a1797823_a1764124/ROS_Workspace/src/install/Konig:/opt/ros/foxy /usr/bin/cmake --build /home/teamvision/Desktop/ROS_Workspace/Honours_a1797823_a1764124/ROS_Workspace/src/build/custom_srvs -- -j4 -l4
[4.782s] Invoking command in '/home/teamvision/Desktop/ROS_Workspace/Honours_a1797823_a1764124/ROS_Workspace/src/build/custom_srvs': CMAKE_PREFIX_PATH=${CMAKE_PREFIX_PATH}:/home/teamvision/Desktop/ROS_Workspace/Honours_a1797823_a1764124/ROS_Workspace/src/install/turtlebot3_navigation:/home/teamvision/Desktop/ROS_Workspace/Honours_a1797823_a1764124/ROS_Workspace/src/install/cameraSub:/home/teamvision/Desktop/ROS_Workspace/Honours_a1797823_a1764124/ROS_Workspace/src/install/cameraPub:/home/teamvision/Desktop/ROS_Workspace/Honours_a1797823_a1764124/ROS_Workspace/src/install/UGV1Vision:/home/teamvision/Desktop/ROS_Workspace/Honours_a1797823_a1764124/ROS_Workspace/src/install/UGV1Processing:/home/teamvision/Desktop/ROS_Workspace/Honours_a1797823_a1764124/ROS_Workspace/src/install/UGV1Main:/home/teamvision/Desktop/ROS_Workspace/Honours_a1797823_a1764124/ROS_Workspace/src/install/UAVVision:/home/teamvision/Desktop/ROS_Workspace/Honours_a1797823_a1764124/ROS_Workspace/src/install/UAVProcessing:/home/teamvision/Desktop/ROS_Workspace/Honours_a1797823_a1764124/ROS_Workspace/src/install/UAVMain:/home/teamvision/Desktop/ROS_Workspace/Honours_a1797823_a1764124/ROS_Workspace/src/install/Konig:/opt/ros/foxy /usr/bin/cmake --install /home/teamvision/Desktop/ROS_Workspace/Honours_a1797823_a1764124/ROS_Workspace/src/build/custom_srvs
[4.793s] -- Install configuration: ""
[4.793s] -- Up-to-date: /home/teamvision/Desktop/ROS_Workspace/Honours_a1797823_a1764124/ROS_Workspace/src/install/custom_srvs/share/ament_index/resource_index/rosidl_interfaces/custom_srvs
[4.793s] -- Up-to-date: /home/teamvision/Desktop/ROS_Workspace/Honours_a1797823_a1764124/ROS_Workspace/src/install/custom_srvs/include/custom_srvs
[4.793s] -- Up-to-date: /home/teamvision/Desktop/ROS_Workspace/Honours_a1797823_a1764124/ROS_Workspace/src/install/custom_srvs/include/custom_srvs/srv
[4.793s] -- Up-to-date: /home/teamvision/Desktop/ROS_Workspace/Honours_a1797823_a1764124/ROS_Workspace/src/install/custom_srvs/include/custom_srvs/srv/detail
[4.794s] -- Installing: /home/teamvision/Desktop/ROS_Workspace/Honours_a1797823_a1764124/ROS_Workspace/src/install/custom_srvs/include/custom_srvs/srv/detail/policy__struct.h
[4.794s] -- Installing: /home/teamvision/Desktop/ROS_Workspace/Honours_a1797823_a1764124/ROS_Workspace/src/install/custom_srvs/include/custom_srvs/srv/detail/policy__functions.c
[4.794s] -- Installing: /home/teamvision/Desktop/ROS_Workspace/Honours_a1797823_a1764124/ROS_Workspace/src/install/custom_srvs/include/custom_srvs/srv/detail/policy__type_support.h
[4.794s] -- Installing: /home/teamvision/Desktop/ROS_Workspace/Honours_a1797823_a1764124/ROS_Workspace/src/install/custom_srvs/include/custom_srvs/srv/detail/policy__functions.h
[4.794s] -- Installing: /home/teamvision/Desktop/ROS_Workspace/Honours_a1797823_a1764124/ROS_Workspace/src/install/custom_srvs/include/custom_srvs/srv/policy.h
[4.794s] -- Up-to-date: /home/teamvision/Desktop/ROS_Workspace/Honours_a1797823_a1764124/ROS_Workspace/src/install/custom_srvs/include/custom_srvs/msg
[4.794s] -- Up-to-date: /home/teamvision/Desktop/ROS_Workspace/Honours_a1797823_a1764124/ROS_Workspace/src/install/custom_srvs/include/custom_srvs/msg/rosidl_generator_c__visibility_control.h
[4.794s] -- Up-to-date: /home/teamvision/Desktop/ROS_Workspace/Honours_a1797823_a1764124/ROS_Workspace/src/install/custom_srvs/share/custom_srvs/environment/library_path.sh
[4.795s] -- Installing: /home/teamvision/Desktop/ROS_Workspace/Honours_a1797823_a1764124/ROS_Workspace/src/install/custom_srvs/share/custom_srvs/environment/library_path.dsv
[4.795s] -- Installing: /home/teamvision/Desktop/ROS_Workspace/Honours_a1797823_a1764124/ROS_Workspace/src/install/custom_srvs/lib/libcustom_srvs__rosidl_generator_c.so
[4.795s] -- Set runtime path of "/home/teamvision/Desktop/ROS_Workspace/Honours_a1797823_a1764124/ROS_Workspace/src/install/custom_srvs/lib/libcustom_srvs__rosidl_generator_c.so" to ""
[4.795s] -- Up-to-date: /home/teamvision/Desktop/ROS_Workspace/Honours_a1797823_a1764124/ROS_Workspace/src/install/custom_srvs/include/custom_srvs
[4.795s] -- Up-to-date: /home/teamvision/Desktop/ROS_Workspace/Honours_a1797823_a1764124/ROS_Workspace/src/install/custom_srvs/include/custom_srvs/srv
[4.795s] -- Up-to-date: /home/teamvision/Desktop/ROS_Workspace/Honours_a1797823_a1764124/ROS_Workspace/src/install/custom_srvs/include/custom_srvs/srv/detail
[4.795s] -- Installing: /home/teamvision/Desktop/ROS_Workspace/Honours_a1797823_a1764124/ROS_Workspace/src/install/custom_srvs/include/custom_srvs/srv/detail/policy__rosidl_typesupport_fastrtps_c.h
[4.795s] -- Up-to-date: /home/teamvision/Desktop/ROS_Workspace/Honours_a1797823_a1764124/ROS_Workspace/src/install/custom_srvs/include/custom_srvs/msg
[4.795s] -- Up-to-date: /home/teamvision/Desktop/ROS_Workspace/Honours_a1797823_a1764124/ROS_Workspace/src/install/custom_srvs/include/custom_srvs/msg/rosidl_typesupport_fastrtps_c__visibility_control.h
[4.796s] -- Installing: /home/teamvision/Desktop/ROS_Workspace/Honours_a1797823_a1764124/ROS_Workspace/src/install/custom_srvs/lib/libcustom_srvs__rosidl_typesupport_fastrtps_c.so
[4.796s] -- Set runtime path of "/home/teamvision/Desktop/ROS_Workspace/Honours_a1797823_a1764124/ROS_Workspace/src/install/custom_srvs/lib/libcustom_srvs__rosidl_typesupport_fastrtps_c.so" to ""
[4.796s] -- Up-to-date: /home/teamvision/Desktop/ROS_Workspace/Honours_a1797823_a1764124/ROS_Workspace/src/install/custom_srvs/include/custom_srvs
[4.796s] -- Up-to-date: /home/teamvision/Desktop/ROS_Workspace/Honours_a1797823_a1764124/ROS_Workspace/src/install/custom_srvs/include/custom_srvs/srv
[4.796s] -- Up-to-date: /home/teamvision/Desktop/ROS_Workspace/Honours_a1797823_a1764124/ROS_Workspace/src/install/custom_srvs/include/custom_srvs/srv/detail
[4.796s] -- Up-to-date: /home/teamvision/Desktop/ROS_Workspace/Honours_a1797823_a1764124/ROS_Workspace/src/install/custom_srvs/include/custom_srvs/srv/detail/dds_fastrtps
[4.796s] -- Installing: /home/teamvision/Desktop/ROS_Workspace/Honours_a1797823_a1764124/ROS_Workspace/src/install/custom_srvs/include/custom_srvs/srv/detail/policy__rosidl_typesupport_fastrtps_cpp.hpp
[4.797s] -- Up-to-date: /home/teamvision/Desktop/ROS_Workspace/Honours_a1797823_a1764124/ROS_Workspace/src/install/custom_srvs/include/custom_srvs/msg
[4.797s] -- Up-to-date: /home/teamvision/Desktop/ROS_Workspace/Honours_a1797823_a1764124/ROS_Workspace/src/install/custom_srvs/include/custom_srvs/msg/rosidl_typesupport_fastrtps_cpp__visibility_control.h
[4.797s] -- Installing: /home/teamvision/Desktop/ROS_Workspace/Honours_a1797823_a1764124/ROS_Workspace/src/install/custom_srvs/lib/libcustom_srvs__rosidl_typesupport_fastrtps_cpp.so
[4.797s] -- Set runtime path of "/home/teamvision/Desktop/ROS_Workspace/Honours_a1797823_a1764124/ROS_Workspace/src/install/custom_srvs/lib/libcustom_srvs__rosidl_typesupport_fastrtps_cpp.so" to ""
[4.797s] -- Up-to-date: /home/teamvision/Desktop/ROS_Workspace/Honours_a1797823_a1764124/ROS_Workspace/src/install/custom_srvs/include/custom_srvs
[4.797s] -- Up-to-date: /home/teamvision/Desktop/ROS_Workspace/Honours_a1797823_a1764124/ROS_Workspace/src/install/custom_srvs/include/custom_srvs/srv
[4.797s] -- Up-to-date: /home/teamvision/Desktop/ROS_Workspace/Honours_a1797823_a1764124/ROS_Workspace/src/install/custom_srvs/include/custom_srvs/srv/detail
[4.797s] -- Installing: /home/teamvision/Desktop/ROS_Workspace/Honours_a1797823_a1764124/ROS_Workspace/src/install/custom_srvs/include/custom_srvs/srv/detail/policy__rosidl_typesupport_introspection_c.h
[4.798s] -- Installing: /home/teamvision/Desktop/ROS_Workspace/Honours_a1797823_a1764124/ROS_Workspace/src/install/custom_srvs/include/custom_srvs/srv/detail/policy__type_support.c
[4.798s] -- Up-to-date: /home/teamvision/Desktop/ROS_Workspace/Honours_a1797823_a1764124/ROS_Workspace/src/install/custom_srvs/include/custom_srvs/msg
[4.798s] -- Up-to-date: /home/teamvision/Desktop/ROS_Workspace/Honours_a1797823_a1764124/ROS_Workspace/src/install/custom_srvs/include/custom_srvs/msg/rosidl_typesupport_introspection_c__visibility_control.h
[4.798s] -- Installing: /home/teamvision/Desktop/ROS_Workspace/Honours_a1797823_a1764124/ROS_Workspace/src/install/custom_srvs/lib/libcustom_srvs__rosidl_typesupport_introspection_c.so
[4.798s] -- Set runtime path of "/home/teamvision/Desktop/ROS_Workspace/Honours_a1797823_a1764124/ROS_Workspace/src/install/custom_srvs/lib/libcustom_srvs__rosidl_typesupport_introspection_c.so" to ""
[4.798s] -- Installing: /home/teamvision/Desktop/ROS_Workspace/Honours_a1797823_a1764124/ROS_Workspace/src/install/custom_srvs/lib/libcustom_srvs__rosidl_typesupport_c.so
[4.799s] -- Set runtime path of "/home/teamvision/Desktop/ROS_Workspace/Honours_a1797823_a1764124/ROS_Workspace/src/install/custom_srvs/lib/libcustom_srvs__rosidl_typesupport_c.so" to ""
[4.799s] -- Up-to-date: /home/teamvision/Desktop/ROS_Workspace/Honours_a1797823_a1764124/ROS_Workspace/src/install/custom_srvs/include/custom_srvs
[4.799s] -- Up-to-date: /home/teamvision/Desktop/ROS_Workspace/Honours_a1797823_a1764124/ROS_Workspace/src/install/custom_srvs/include/custom_srvs/srv
[4.799s] -- Up-to-date: /home/teamvision/Desktop/ROS_Workspace/Honours_a1797823_a1764124/ROS_Workspace/src/install/custom_srvs/include/custom_srvs/srv/detail
[4.799s] -- Installing: /home/teamvision/Desktop/ROS_Workspace/Honours_a1797823_a1764124/ROS_Workspace/src/install/custom_srvs/include/custom_srvs/srv/detail/policy__struct.hpp
[4.799s] -- Installing: /home/teamvision/Desktop/ROS_Workspace/Honours_a1797823_a1764124/ROS_Workspace/src/install/custom_srvs/include/custom_srvs/srv/detail/policy__traits.hpp
[4.800s] -- Installing: /home/teamvision/Desktop/ROS_Workspace/Honours_a1797823_a1764124/ROS_Workspace/src/install/custom_srvs/include/custom_srvs/srv/detail/policy__builder.hpp
[4.800s] -- Installing: /home/teamvision/Desktop/ROS_Workspace/Honours_a1797823_a1764124/ROS_Workspace/src/install/custom_srvs/include/custom_srvs/srv/policy.hpp
[4.800s] -- Up-to-date: /home/teamvision/Desktop/ROS_Workspace/Honours_a1797823_a1764124/ROS_Workspace/src/install/custom_srvs/include/custom_srvs
[4.800s] -- Up-to-date: /home/teamvision/Desktop/ROS_Workspace/Honours_a1797823_a1764124/ROS_Workspace/src/install/custom_srvs/include/custom_srvs/srv
[4.800s] -- Up-to-date: /home/teamvision/Desktop/ROS_Workspace/Honours_a1797823_a1764124/ROS_Workspace/src/install/custom_srvs/include/custom_srvs/srv/detail
[4.800s] -- Installing: /home/teamvision/Desktop/ROS_Workspace/Honours_a1797823_a1764124/ROS_Workspace/src/install/custom_srvs/include/custom_srvs/srv/detail/policy__rosidl_typesupport_introspection_cpp.hpp
[4.800s] -- Installing: /home/teamvision/Desktop/ROS_Workspace/Honours_a1797823_a1764124/ROS_Workspace/src/install/custom_srvs/include/custom_srvs/srv/detail/policy__type_support.cpp
[4.800s] -- Installing: /home/teamvision/Desktop/ROS_Workspace/Honours_a1797823_a1764124/ROS_Workspace/src/install/custom_srvs/lib/libcustom_srvs__rosidl_typesupport_introspection_cpp.so
[4.801s] -- Set runtime path of "/home/teamvision/Desktop/ROS_Workspace/Honours_a1797823_a1764124/ROS_Workspace/src/install/custom_srvs/lib/libcustom_srvs__rosidl_typesupport_introspection_cpp.so" to ""
[4.801s] -- Installing: /home/teamvision/Desktop/ROS_Workspace/Honours_a1797823_a1764124/ROS_Workspace/src/install/custom_srvs/lib/libcustom_srvs__rosidl_typesupport_cpp.so
[4.801s] -- Set runtime path of "/home/teamvision/Desktop/ROS_Workspace/Honours_a1797823_a1764124/ROS_Workspace/src/install/custom_srvs/lib/libcustom_srvs__rosidl_typesupport_cpp.so" to ""
[4.801s] -- Up-to-date: /home/teamvision/Desktop/ROS_Workspace/Honours_a1797823_a1764124/ROS_Workspace/src/install/custom_srvs/share/custom_srvs/environment/pythonpath.sh
[4.802s] -- Installing: /home/teamvision/Desktop/ROS_Workspace/Honours_a1797823_a1764124/ROS_Workspace/src/install/custom_srvs/share/custom_srvs/environment/pythonpath.dsv
[4.802s] -- Installing: /home/teamvision/Desktop/ROS_Workspace/Honours_a1797823_a1764124/ROS_Workspace/src/install/custom_srvs/lib/python3.8/site-packages/custom_srvs/__init__.py
[4.851s] Compiling '/home/teamvision/Desktop/ROS_Workspace/Honours_a1797823_a1764124/ROS_Workspace/src/install/custom_srvs/lib/python3.8/site-packages/custom_srvs/__init__.py'...
[4.856s] -- Up-to-date: /home/teamvision/Desktop/ROS_Workspace/Honours_a1797823_a1764124/ROS_Workspace/src/install/custom_srvs/lib/python3.8/site-packages/custom_srvs/srv
[4.856s] -- Installing: /home/teamvision/Desktop/ROS_Workspace/Honours_a1797823_a1764124/ROS_Workspace/src/install/custom_srvs/lib/python3.8/site-packages/custom_srvs/srv/__init__.py
[4.857s] -- Installing: /home/teamvision/Desktop/ROS_Workspace/Honours_a1797823_a1764124/ROS_Workspace/src/install/custom_srvs/lib/python3.8/site-packages/custom_srvs/srv/_policy.py
[4.857s] -- Installing: /home/teamvision/Desktop/ROS_Workspace/Honours_a1797823_a1764124/ROS_Workspace/src/install/custom_srvs/lib/python3.8/site-packages/custom_srvs/srv/_policy_s.c
[4.857s] -- Installing: /home/teamvision/Desktop/ROS_Workspace/Honours_a1797823_a1764124/ROS_Workspace/src/install/custom_srvs/lib/python3.8/site-packages/custom_srvs/custom_srvs_s__rosidl_typesupport_fastrtps_c.cpython-38-x86_64-linux-gnu.so
[4.859s] -- Set runtime path of "/home/teamvision/Desktop/ROS_Workspace/Honours_a1797823_a1764124/ROS_Workspace/src/install/custom_srvs/lib/python3.8/site-packages/custom_srvs/custom_srvs_s__rosidl_typesupport_fastrtps_c.cpython-38-x86_64-linux-gnu.so" to ""
[4.860s] -- Installing: /home/teamvision/Desktop/ROS_Workspace/Honours_a1797823_a1764124/ROS_Workspace/src/install/custom_srvs/lib/python3.8/site-packages/custom_srvs/custom_srvs_s__rosidl_typesupport_introspection_c.cpython-38-x86_64-linux-gnu.so
[4.861s] -- Set runtime path of "/home/teamvision/Desktop/ROS_Workspace/Honours_a1797823_a1764124/ROS_Workspace/src/install/custom_srvs/lib/python3.8/site-packages/custom_srvs/custom_srvs_s__rosidl_typesupport_introspection_c.cpython-38-x86_64-linux-gnu.so" to ""
[4.861s] -- Installing: /home/teamvision/Desktop/ROS_Workspace/Honours_a1797823_a1764124/ROS_Workspace/src/install/custom_srvs/lib/python3.8/site-packages/custom_srvs/custom_srvs_s__rosidl_typesupport_c.cpython-38-x86_64-linux-gnu.so
[4.862s] -- Set runtime path of "/home/teamvision/Desktop/ROS_Workspace/Honours_a1797823_a1764124/ROS_Workspace/src/install/custom_srvs/lib/python3.8/site-packages/custom_srvs/custom_srvs_s__rosidl_typesupport_c.cpython-38-x86_64-linux-gnu.so" to ""
[4.863s] -- Installing: /home/teamvision/Desktop/ROS_Workspace/Honours_a1797823_a1764124/ROS_Workspace/src/install/custom_srvs/lib/libcustom_srvs__python.so
[4.863s] -- Set runtime path of "/home/teamvision/Desktop/ROS_Workspace/Honours_a1797823_a1764124/ROS_Workspace/src/install/custom_srvs/lib/libcustom_srvs__python.so" to ""
[4.864s] -- Installing: /home/teamvision/Desktop/ROS_Workspace/Honours_a1797823_a1764124/ROS_Workspace/src/install/custom_srvs/share/custom_srvs/srv/Policy.idl
[4.864s] -- Installing: /home/teamvision/Desktop/ROS_Workspace/Honours_a1797823_a1764124/ROS_Workspace/src/install/custom_srvs/share/custom_srvs/srv/Policy.srv
[4.864s] -- Installing: /home/teamvision/Desktop/ROS_Workspace/Honours_a1797823_a1764124/ROS_Workspace/src/install/custom_srvs/share/custom_srvs/srv/Policy_Request.msg
[4.864s] -- Up-to-date: /home/teamvision/Desktop/ROS_Workspace/Honours_a1797823_a1764124/ROS_Workspace/src/install/custom_srvs/share/custom_srvs/srv/Policy_Response.msg
[4.865s] -- Up-to-date: /home/teamvision/Desktop/ROS_Workspace/Honours_a1797823_a1764124/ROS_Workspace/src/install/custom_srvs/share/ament_index/resource_index/package_run_dependencies/custom_srvs
[4.865s] -- Up-to-date: /home/teamvision/Desktop/ROS_Workspace/Honours_a1797823_a1764124/ROS_Workspace/src/install/custom_srvs/share/ament_index/resource_index/parent_prefix_path/custom_srvs
[4.865s] -- Up-to-date: /home/teamvision/Desktop/ROS_Workspace/Honours_a1797823_a1764124/ROS_Workspace/src/install/custom_srvs/share/custom_srvs/environment/ament_prefix_path.sh
[4.865s] -- Installing: /home/teamvision/Desktop/ROS_Workspace/Honours_a1797823_a1764124/ROS_Workspace/src/install/custom_srvs/share/custom_srvs/environment/ament_prefix_path.dsv
[4.865s] -- Up-to-date: /home/teamvision/Desktop/ROS_Workspace/Honours_a1797823_a1764124/ROS_Workspace/src/install/custom_srvs/share/custom_srvs/environment/path.sh
[4.865s] -- Installing: /home/teamvision/Desktop/ROS_Workspace/Honours_a1797823_a1764124/ROS_Workspace/src/install/custom_srvs/share/custom_srvs/environment/path.dsv
[4.865s] -- Up-to-date: /home/teamvision/Desktop/ROS_Workspace/Honours_a1797823_a1764124/ROS_Workspace/src/install/custom_srvs/share/custom_srvs/local_setup.bash
[4.865s] -- Up-to-date: /home/teamvision/Desktop/ROS_Workspace/Honours_a1797823_a1764124/ROS_Workspace/src/install/custom_srvs/share/custom_srvs/local_setup.sh
[4.866s] -- Up-to-date: /home/teamvision/Desktop/ROS_Workspace/Honours_a1797823_a1764124/ROS_Workspace/src/install/custom_srvs/share/custom_srvs/local_setup.zsh
[4.866s] -- Installing: /home/teamvision/Desktop/ROS_Workspace/Honours_a1797823_a1764124/ROS_Workspace/src/install/custom_srvs/share/custom_srvs/local_setup.dsv
[4.866s] -- Installing: /home/teamvision/Desktop/ROS_Workspace/Honours_a1797823_a1764124/ROS_Workspace/src/install/custom_srvs/share/custom_srvs/package.dsv
[4.866s] -- Up-to-date: /home/teamvision/Desktop/ROS_Workspace/Honours_a1797823_a1764124/ROS_Workspace/src/install/custom_srvs/share/ament_index/resource_index/packages/custom_srvs
[4.866s] -- Up-to-date: /home/teamvision/Desktop/ROS_Workspace/Honours_a1797823_a1764124/ROS_Workspace/src/install/custom_srvs/share/custom_srvs/cmake/custom_srvs__rosidl_generator_cExport.cmake
[4.866s] -- Installing: /home/teamvision/Desktop/ROS_Workspace/Honours_a1797823_a1764124/ROS_Workspace/src/install/custom_srvs/share/custom_srvs/cmake/custom_srvs__rosidl_generator_cExport-noconfig.cmake
[4.866s] -- Up-to-date: /home/teamvision/Desktop/ROS_Workspace/Honours_a1797823_a1764124/ROS_Workspace/src/install/custom_srvs/share/custom_srvs/cmake/custom_srvs__rosidl_typesupport_introspection_cExport.cmake
[4.866s] -- Installing: /home/teamvision/Desktop/ROS_Workspace/Honours_a1797823_a1764124/ROS_Workspace/src/install/custom_srvs/share/custom_srvs/cmake/custom_srvs__rosidl_typesupport_introspection_cExport-noconfig.cmake
[4.867s] -- Up-to-date: /home/teamvision/Desktop/ROS_Workspace/Honours_a1797823_a1764124/ROS_Workspace/src/install/custom_srvs/share/custom_srvs/cmake/custom_srvs__rosidl_typesupport_cExport.cmake
[4.867s] -- Installing: /home/teamvision/Desktop/ROS_Workspace/Honours_a1797823_a1764124/ROS_Workspace/src/install/custom_srvs/share/custom_srvs/cmake/custom_srvs__rosidl_typesupport_cExport-noconfig.cmake
[4.867s] -- Up-to-date: /home/teamvision/Desktop/ROS_Workspace/Honours_a1797823_a1764124/ROS_Workspace/src/install/custom_srvs/share/custom_srvs/cmake/custom_srvs__rosidl_generator_cppExport.cmake
[4.867s] -- Up-to-date: /home/teamvision/Desktop/ROS_Workspace/Honours_a1797823_a1764124/ROS_Workspace/src/install/custom_srvs/share/custom_srvs/cmake/custom_srvs__rosidl_typesupport_introspection_cppExport.cmake
[4.867s] -- Installing: /home/teamvision/Desktop/ROS_Workspace/Honours_a1797823_a1764124/ROS_Workspace/src/install/custom_srvs/share/custom_srvs/cmake/custom_srvs__rosidl_typesupport_introspection_cppExport-noconfig.cmake
[4.868s] -- Up-to-date: /home/teamvision/Desktop/ROS_Workspace/Honours_a1797823_a1764124/ROS_Workspace/src/install/custom_srvs/share/custom_srvs/cmake/custom_srvs__rosidl_typesupport_cppExport.cmake
[4.868s] -- Installing: /home/teamvision/Desktop/ROS_Workspace/Honours_a1797823_a1764124/ROS_Workspace/src/install/custom_srvs/share/custom_srvs/cmake/custom_srvs__rosidl_typesupport_cppExport-noconfig.cmake
[4.868s] -- Up-to-date: /home/teamvision/Desktop/ROS_Workspace/Honours_a1797823_a1764124/ROS_Workspace/src/install/custom_srvs/share/custom_srvs/cmake/rosidl_cmake-extras.cmake
[4.868s] -- Up-to-date: /home/teamvision/Desktop/ROS_Workspace/Honours_a1797823_a1764124/ROS_Workspace/src/install/custom_srvs/share/custom_srvs/cmake/ament_cmake_export_dependencies-extras.cmake
[4.868s] -- Up-to-date: /home/teamvision/Desktop/ROS_Workspace/Honours_a1797823_a1764124/ROS_Workspace/src/install/custom_srvs/share/custom_srvs/cmake/ament_cmake_export_libraries-extras.cmake
[4.868s] -- Up-to-date: /home/teamvision/Desktop/ROS_Workspace/Honours_a1797823_a1764124/ROS_Workspace/src/install/custom_srvs/share/custom_srvs/cmake/ament_cmake_export_targets-extras.cmake
[4.868s] -- Up-to-date: /home/teamvision/Desktop/ROS_Workspace/Honours_a1797823_a1764124/ROS_Workspace/src/install/custom_srvs/share/custom_srvs/cmake/ament_cmake_export_include_directories-extras.cmake
[4.869s] -- Up-to-date: /home/teamvision/Desktop/ROS_Workspace/Honours_a1797823_a1764124/ROS_Workspace/src/install/custom_srvs/share/custom_srvs/cmake/rosidl_cmake_export_typesupport_libraries-extras.cmake
[4.869s] -- Up-to-date: /home/teamvision/Desktop/ROS_Workspace/Honours_a1797823_a1764124/ROS_Workspace/src/install/custom_srvs/share/custom_srvs/cmake/rosidl_cmake_export_typesupport_targets-extras.cmake
[4.869s] -- Up-to-date: /home/teamvision/Desktop/ROS_Workspace/Honours_a1797823_a1764124/ROS_Workspace/src/install/custom_srvs/share/custom_srvs/cmake/custom_srvsConfig.cmake
[4.869s] -- Up-to-date: /home/teamvision/Desktop/ROS_Workspace/Honours_a1797823_a1764124/ROS_Workspace/src/install/custom_srvs/share/custom_srvs/cmake/custom_srvsConfig-version.cmake
[4.869s] -- Up-to-date: /home/teamvision/Desktop/ROS_Workspace/Honours_a1797823_a1764124/ROS_Workspace/src/install/custom_srvs/share/custom_srvs/package.xml
[4.872s] Invoked command in '/home/teamvision/Desktop/ROS_Workspace/Honours_a1797823_a1764124/ROS_Workspace/src/build/custom_srvs' returned '0': CMAKE_PREFIX_PATH=${CMAKE_PREFIX_PATH}:/home/teamvision/Desktop/ROS_Workspace/Honours_a1797823_a1764124/ROS_Workspace/src/install/turtlebot3_navigation:/home/teamvision/Desktop/ROS_Workspace/Honours_a1797823_a1764124/ROS_Workspace/src/install/cameraSub:/home/teamvision/Desktop/ROS_Workspace/Honours_a1797823_a1764124/ROS_Workspace/src/install/cameraPub:/home/teamvision/Desktop/ROS_Workspace/Honours_a1797823_a1764124/ROS_Workspace/src/install/UGV1Vision:/home/teamvision/Desktop/ROS_Workspace/Honours_a1797823_a1764124/ROS_Workspace/src/install/UGV1Processing:/home/teamvision/Desktop/ROS_Workspace/Honours_a1797823_a1764124/ROS_Workspace/src/install/UGV1Main:/home/teamvision/Desktop/ROS_Workspace/Honours_a1797823_a1764124/ROS_Workspace/src/install/UAVVision:/home/teamvision/Desktop/ROS_Workspace/Honours_a1797823_a1764124/ROS_Workspace/src/install/UAVProcessing:/home/teamvision/Desktop/ROS_Workspace/Honours_a1797823_a1764124/ROS_Workspace/src/install/UAVMain:/home/teamvision/Desktop/ROS_Workspace/Honours_a1797823_a1764124/ROS_Workspace/src/install/Konig:/opt/ros/foxy /usr/bin/cmake --install /home/teamvision/Desktop/ROS_Workspace/Honours_a1797823_a1764124/ROS_Workspace/src/build/custom_srvs
