[3.488s] Invoking command in '/home/max/Desktop/VisionCode/Honours_a1797823_a1764124/ROS_Workspace/src/UAVProcessing': PYTHONPATH=/home/max/Desktop/VisionCode/Honours_a1797823_a1764124/ROS_Workspace/src/build/UAVProcessing/prefix_override:/home/max/Desktop/VisionCode/Honours_a1797823_a1764124/ROS_Workspace/src/install/UAVProcessing/lib/python3.8/site-packages:${PYTHONPATH} /usr/bin/python3 setup.py egg_info --egg-base ../build/UAVProcessing build --build-base /home/max/Desktop/VisionCode/Honours_a1797823_a1764124/ROS_Workspace/src/build/UAVProcessing/build install --record /home/max/Desktop/VisionCode/Honours_a1797823_a1764124/ROS_Workspace/src/build/UAVProcessing/install.log --install-scripts $base/lib/UAVProcessing --single-version-externally-managed
[3.849s] running egg_info
[3.850s] writing ../build/UAVProcessing/UAVProcessing.egg-info/PKG-INFO
[3.850s] writing dependency_links to ../build/UAVProcessing/UAVProcessing.egg-info/dependency_links.txt
[3.851s] writing entry points to ../build/UAVProcessing/UAVProcessing.egg-info/entry_points.txt
[3.851s] writing requirements to ../build/UAVProcessing/UAVProcessing.egg-info/requires.txt
[3.851s] writing top-level names to ../build/UAVProcessing/UAVProcessing.egg-info/top_level.txt
[3.905s] reading manifest file '../build/UAVProcessing/UAVProcessing.egg-info/SOURCES.txt'
[3.905s] writing manifest file '../build/UAVProcessing/UAVProcessing.egg-info/SOURCES.txt'
[3.906s] running build
[3.906s] running build_py
[3.908s] running install
[3.909s] running install_lib
[3.913s] running install_data
[3.913s] running install_egg_info
[3.916s] removing '/home/max/Desktop/VisionCode/Honours_a1797823_a1764124/ROS_Workspace/src/install/UAVProcessing/lib/python3.8/site-packages/UAVProcessing-0.0.0-py3.8.egg-info' (and everything under it)
[3.930s] Copying ../build/UAVProcessing/UAVProcessing.egg-info to /home/max/Desktop/VisionCode/Honours_a1797823_a1764124/ROS_Workspace/src/install/UAVProcessing/lib/python3.8/site-packages/UAVProcessing-0.0.0-py3.8.egg-info
[3.930s] running install_scripts
[3.957s] Installing UAVProcessing script to /home/max/Desktop/VisionCode/Honours_a1797823_a1764124/ROS_Workspace/src/install/UAVProcessing/lib/UAVProcessing
[3.957s] writing list of installed files to '/home/max/Desktop/VisionCode/Honours_a1797823_a1764124/ROS_Workspace/src/build/UAVProcessing/install.log'
[4.388s] Invoked command in '/home/max/Desktop/VisionCode/Honours_a1797823_a1764124/ROS_Workspace/src/UAVProcessing' returned '0': PYTHONPATH=/home/max/Desktop/VisionCode/Honours_a1797823_a1764124/ROS_Workspace/src/build/UAVProcessing/prefix_override:/home/max/Desktop/VisionCode/Honours_a1797823_a1764124/ROS_Workspace/src/install/UAVProcessing/lib/python3.8/site-packages:${PYTHONPATH} /usr/bin/python3 setup.py egg_info --egg-base ../build/UAVProcessing build --build-base /home/max/Desktop/VisionCode/Honours_a1797823_a1764124/ROS_Workspace/src/build/UAVProcessing/build install --record /home/max/Desktop/VisionCode/Honours_a1797823_a1764124/ROS_Workspace/src/build/UAVProcessing/install.log --install-scripts $base/lib/UAVProcessing --single-version-externally-managed
