[0.979s] Invoking command in '/home/teamvision/Desktop/ROS_Workspace/Honours_a1797823_a1764124/ROS_Workspace/src/UGV2Main': PYTHONPATH=/home/teamvision/Desktop/ROS_Workspace/Honours_a1797823_a1764124/ROS_Workspace/src/build/UGV2Main/prefix_override:/home/teamvision/Desktop/ROS_Workspace/Honours_a1797823_a1764124/ROS_Workspace/src/install/UGV2Main/lib/python3.8/site-packages:${PYTHONPATH} /usr/bin/python3 setup.py egg_info --egg-base ../build/UGV2Main build --build-base /home/teamvision/Desktop/ROS_Workspace/Honours_a1797823_a1764124/ROS_Workspace/src/build/UGV2Main/build install --record /home/teamvision/Desktop/ROS_Workspace/Honours_a1797823_a1764124/ROS_Workspace/src/build/UGV2Main/install.log --install-scripts $base/lib/UGV2Main --single-version-externally-managed
[1.308s] running egg_info
[1.308s] creating ../build/UGV2Main/UGV2Main.egg-info
[1.309s] writing ../build/UGV2Main/UGV2Main.egg-info/PKG-INFO
[1.309s] writing dependency_links to ../build/UGV2Main/UGV2Main.egg-info/dependency_links.txt
[1.309s] writing entry points to ../build/UGV2Main/UGV2Main.egg-info/entry_points.txt
[1.309s] writing requirements to ../build/UGV2Main/UGV2Main.egg-info/requires.txt
[1.309s] writing top-level names to ../build/UGV2Main/UGV2Main.egg-info/top_level.txt
[1.311s] writing manifest file '../build/UGV2Main/UGV2Main.egg-info/SOURCES.txt'
[1.357s] reading manifest file '../build/UGV2Main/UGV2Main.egg-info/SOURCES.txt'
[1.358s] writing manifest file '../build/UGV2Main/UGV2Main.egg-info/SOURCES.txt'
[1.359s] running build
[1.359s] running build_py
[1.359s] creating /home/teamvision/Desktop/ROS_Workspace/Honours_a1797823_a1764124/ROS_Workspace/src/build/UGV2Main/build
[1.359s] creating /home/teamvision/Desktop/ROS_Workspace/Honours_a1797823_a1764124/ROS_Workspace/src/build/UGV2Main/build/lib
[1.359s] creating /home/teamvision/Desktop/ROS_Workspace/Honours_a1797823_a1764124/ROS_Workspace/src/build/UGV2Main/build/lib/UGV2Main
[1.359s] copying UGV2Main/__init__.py -> /home/teamvision/Desktop/ROS_Workspace/Honours_a1797823_a1764124/ROS_Workspace/src/build/UGV2Main/build/lib/UGV2Main
[1.359s] copying UGV2Main/UGV2Main.py -> /home/teamvision/Desktop/ROS_Workspace/Honours_a1797823_a1764124/ROS_Workspace/src/build/UGV2Main/build/lib/UGV2Main
[1.360s] running install
[1.360s] running install_lib
[1.361s] creating /home/teamvision/Desktop/ROS_Workspace/Honours_a1797823_a1764124/ROS_Workspace/src/install/UGV2Main/lib/python3.8/site-packages/UGV2Main
[1.362s] copying /home/teamvision/Desktop/ROS_Workspace/Honours_a1797823_a1764124/ROS_Workspace/src/build/UGV2Main/build/lib/UGV2Main/__init__.py -> /home/teamvision/Desktop/ROS_Workspace/Honours_a1797823_a1764124/ROS_Workspace/src/install/UGV2Main/lib/python3.8/site-packages/UGV2Main
[1.362s] copying /home/teamvision/Desktop/ROS_Workspace/Honours_a1797823_a1764124/ROS_Workspace/src/build/UGV2Main/build/lib/UGV2Main/UGV2Main.py -> /home/teamvision/Desktop/ROS_Workspace/Honours_a1797823_a1764124/ROS_Workspace/src/install/UGV2Main/lib/python3.8/site-packages/UGV2Main
[1.362s] byte-compiling /home/teamvision/Desktop/ROS_Workspace/Honours_a1797823_a1764124/ROS_Workspace/src/install/UGV2Main/lib/python3.8/site-packages/UGV2Main/__init__.py to __init__.cpython-38.pyc
[1.364s] byte-compiling /home/teamvision/Desktop/ROS_Workspace/Honours_a1797823_a1764124/ROS_Workspace/src/install/UGV2Main/lib/python3.8/site-packages/UGV2Main/UGV2Main.py to UGV2Main.cpython-38.pyc
[1.366s] running install_data
[1.367s] creating /home/teamvision/Desktop/ROS_Workspace/Honours_a1797823_a1764124/ROS_Workspace/src/install/UGV2Main/share/ament_index
[1.367s] creating /home/teamvision/Desktop/ROS_Workspace/Honours_a1797823_a1764124/ROS_Workspace/src/install/UGV2Main/share/ament_index/resource_index
[1.367s] creating /home/teamvision/Desktop/ROS_Workspace/Honours_a1797823_a1764124/ROS_Workspace/src/install/UGV2Main/share/ament_index/resource_index/packages
[1.367s] copying resource/UGV2Main -> /home/teamvision/Desktop/ROS_Workspace/Honours_a1797823_a1764124/ROS_Workspace/src/install/UGV2Main/share/ament_index/resource_index/packages
[1.367s] copying package.xml -> /home/teamvision/Desktop/ROS_Workspace/Honours_a1797823_a1764124/ROS_Workspace/src/install/UGV2Main/share/UGV2Main
[1.367s] running install_egg_info
[1.369s] Copying ../build/UGV2Main/UGV2Main.egg-info to /home/teamvision/Desktop/ROS_Workspace/Honours_a1797823_a1764124/ROS_Workspace/src/install/UGV2Main/lib/python3.8/site-packages/UGV2Main-0.0.0-py3.8.egg-info
[1.370s] running install_scripts
[1.391s] Installing UGV2Main script to /home/teamvision/Desktop/ROS_Workspace/Honours_a1797823_a1764124/ROS_Workspace/src/install/UGV2Main/lib/UGV2Main
[1.392s] writing list of installed files to '/home/teamvision/Desktop/ROS_Workspace/Honours_a1797823_a1764124/ROS_Workspace/src/build/UGV2Main/install.log'
[1.418s] Invoked command in '/home/teamvision/Desktop/ROS_Workspace/Honours_a1797823_a1764124/ROS_Workspace/src/UGV2Main' returned '0': PYTHONPATH=/home/teamvision/Desktop/ROS_Workspace/Honours_a1797823_a1764124/ROS_Workspace/src/build/UGV2Main/prefix_override:/home/teamvision/Desktop/ROS_Workspace/Honours_a1797823_a1764124/ROS_Workspace/src/install/UGV2Main/lib/python3.8/site-packages:${PYTHONPATH} /usr/bin/python3 setup.py egg_info --egg-base ../build/UGV2Main build --build-base /home/teamvision/Desktop/ROS_Workspace/Honours_a1797823_a1764124/ROS_Workspace/src/build/UGV2Main/build install --record /home/teamvision/Desktop/ROS_Workspace/Honours_a1797823_a1764124/ROS_Workspace/src/build/UGV2Main/install.log --install-scripts $base/lib/UGV2Main --single-version-externally-managed
