running egg_info
creating ../build/UGV1Processing/UGV1Processing.egg-info
writing ../build/UGV1Processing/UGV1Processing.egg-info/PKG-INFO
writing dependency_links to ../build/UGV1Processing/UGV1Processing.egg-info/dependency_links.txt
writing entry points to ../build/UGV1Processing/UGV1Processing.egg-info/entry_points.txt
writing requirements to ../build/UGV1Processing/UGV1Processing.egg-info/requires.txt
writing top-level names to ../build/UGV1Processing/UGV1Processing.egg-info/top_level.txt
writing manifest file '../build/UGV1Processing/UGV1Processing.egg-info/SOURCES.txt'
reading manifest file '../build/UGV1Processing/UGV1Processing.egg-info/SOURCES.txt'
writing manifest file '../build/UGV1Processing/UGV1Processing.egg-info/SOURCES.txt'
running build
running build_py
creating /home/max/Desktop/VisionCode/Honours_a1797823_a1764124/ROS_Workspace/src/build/UGV1Processing/build
creating /home/max/Desktop/VisionCode/Honours_a1797823_a1764124/ROS_Workspace/src/build/UGV1Processing/build/lib
creating /home/max/Desktop/VisionCode/Honours_a1797823_a1764124/ROS_Workspace/src/build/UGV1Processing/build/lib/UGV1Processing
copying UGV1Processing/__init__.py -> /home/max/Desktop/VisionCode/Honours_a1797823_a1764124/ROS_Workspace/src/build/UGV1Processing/build/lib/UGV1Processing
copying UGV1Processing/UGV1Processing.py -> /home/max/Desktop/VisionCode/Honours_a1797823_a1764124/ROS_Workspace/src/build/UGV1Processing/build/lib/UGV1Processing
running install
running install_lib
running install_data
running install_egg_info
removing '/home/max/Desktop/VisionCode/Honours_a1797823_a1764124/ROS_Workspace/src/install/UGV1Processing/lib/python3.8/site-packages/UGV1Processing-0.0.0-py3.8.egg-info' (and everything under it)
Copying ../build/UGV1Processing/UGV1Processing.egg-info to /home/max/Desktop/VisionCode/Honours_a1797823_a1764124/ROS_Workspace/src/install/UGV1Processing/lib/python3.8/site-packages/UGV1Processing-0.0.0-py3.8.egg-info
running install_scripts
Installing UGV1Processing script to /home/max/Desktop/VisionCode/Honours_a1797823_a1764124/ROS_Workspace/src/install/UGV1Processing/lib/UGV1Processing
writing list of installed files to '/home/max/Desktop/VisionCode/Honours_a1797823_a1764124/ROS_Workspace/src/build/UGV1Processing/install.log'
