[2.333s] Invoking command in '/home/max/Desktop/VisionCode/Honours_a1797823_a1764124/ROS_Workspace/src/UGV1Processing': PYTHONPATH=/home/max/Desktop/VisionCode/Honours_a1797823_a1764124/ROS_Workspace/src/build/UGV1Processing/prefix_override:/home/max/Desktop/VisionCode/Honours_a1797823_a1764124/ROS_Workspace/src/install/UGV1Processing/lib/python3.8/site-packages:${PYTHONPATH} /usr/bin/python3 setup.py egg_info --egg-base ../build/UGV1Processing build --build-base /home/max/Desktop/VisionCode/Honours_a1797823_a1764124/ROS_Workspace/src/build/UGV1Processing/build install --record /home/max/Desktop/VisionCode/Honours_a1797823_a1764124/ROS_Workspace/src/build/UGV1Processing/install.log --install-scripts $base/lib/UGV1Processing --single-version-externally-managed
[2.584s] running egg_info
[2.585s] creating ../build/UGV1Processing/UGV1Processing.egg-info
[2.585s] writing ../build/UGV1Processing/UGV1Processing.egg-info/PKG-INFO
[2.586s] writing dependency_links to ../build/UGV1Processing/UGV1Processing.egg-info/dependency_links.txt
[2.586s] writing entry points to ../build/UGV1Processing/UGV1Processing.egg-info/entry_points.txt
[2.586s] writing requirements to ../build/UGV1Processing/UGV1Processing.egg-info/requires.txt
[2.586s] writing top-level names to ../build/UGV1Processing/UGV1Processing.egg-info/top_level.txt
[2.587s] writing manifest file '../build/UGV1Processing/UGV1Processing.egg-info/SOURCES.txt'
[2.636s] reading manifest file '../build/UGV1Processing/UGV1Processing.egg-info/SOURCES.txt'
[2.637s] writing manifest file '../build/UGV1Processing/UGV1Processing.egg-info/SOURCES.txt'
[2.637s] running build
[2.637s] running build_py
[2.637s] creating /home/max/Desktop/VisionCode/Honours_a1797823_a1764124/ROS_Workspace/src/build/UGV1Processing/build
[2.637s] creating /home/max/Desktop/VisionCode/Honours_a1797823_a1764124/ROS_Workspace/src/build/UGV1Processing/build/lib
[2.637s] creating /home/max/Desktop/VisionCode/Honours_a1797823_a1764124/ROS_Workspace/src/build/UGV1Processing/build/lib/UGV1Processing
[2.637s] copying UGV1Processing/__init__.py -> /home/max/Desktop/VisionCode/Honours_a1797823_a1764124/ROS_Workspace/src/build/UGV1Processing/build/lib/UGV1Processing
[2.638s] copying UGV1Processing/UGV1Processing.py -> /home/max/Desktop/VisionCode/Honours_a1797823_a1764124/ROS_Workspace/src/build/UGV1Processing/build/lib/UGV1Processing
[2.638s] running install
[2.638s] running install_lib
[2.639s] running install_data
[2.641s] running install_egg_info
[2.641s] removing '/home/max/Desktop/VisionCode/Honours_a1797823_a1764124/ROS_Workspace/src/install/UGV1Processing/lib/python3.8/site-packages/UGV1Processing-0.0.0-py3.8.egg-info' (and everything under it)
[2.641s] Copying ../build/UGV1Processing/UGV1Processing.egg-info to /home/max/Desktop/VisionCode/Honours_a1797823_a1764124/ROS_Workspace/src/install/UGV1Processing/lib/python3.8/site-packages/UGV1Processing-0.0.0-py3.8.egg-info
[2.643s] running install_scripts
[2.663s] Installing UGV1Processing script to /home/max/Desktop/VisionCode/Honours_a1797823_a1764124/ROS_Workspace/src/install/UGV1Processing/lib/UGV1Processing
[2.664s] writing list of installed files to '/home/max/Desktop/VisionCode/Honours_a1797823_a1764124/ROS_Workspace/src/build/UGV1Processing/install.log'
[2.934s] Invoked command in '/home/max/Desktop/VisionCode/Honours_a1797823_a1764124/ROS_Workspace/src/UGV1Processing' returned '0': PYTHONPATH=/home/max/Desktop/VisionCode/Honours_a1797823_a1764124/ROS_Workspace/src/build/UGV1Processing/prefix_override:/home/max/Desktop/VisionCode/Honours_a1797823_a1764124/ROS_Workspace/src/install/UGV1Processing/lib/python3.8/site-packages:${PYTHONPATH} /usr/bin/python3 setup.py egg_info --egg-base ../build/UGV1Processing build --build-base /home/max/Desktop/VisionCode/Honours_a1797823_a1764124/ROS_Workspace/src/build/UGV1Processing/build install --record /home/max/Desktop/VisionCode/Honours_a1797823_a1764124/ROS_Workspace/src/build/UGV1Processing/install.log --install-scripts $base/lib/UGV1Processing --single-version-externally-managed
