running egg_info
creating ../build/Konig/Konig.egg-info
writing ../build/Konig/Konig.egg-info/PKG-INFO
writing dependency_links to ../build/Konig/Konig.egg-info/dependency_links.txt
writing entry points to ../build/Konig/Konig.egg-info/entry_points.txt
writing requirements to ../build/Konig/Konig.egg-info/requires.txt
writing top-level names to ../build/Konig/Konig.egg-info/top_level.txt
writing manifest file '../build/Konig/Konig.egg-info/SOURCES.txt'
reading manifest file '../build/Konig/Konig.egg-info/SOURCES.txt'
writing manifest file '../build/Konig/Konig.egg-info/SOURCES.txt'
running build
running build_py
creating /home/teamvision/Desktop/ROS_Workspace/Honours_a1797823_a1764124/ROS_Workspace/src/build/Konig/build
creating /home/teamvision/Desktop/ROS_Workspace/Honours_a1797823_a1764124/ROS_Workspace/src/build/Konig/build/lib
creating /home/teamvision/Desktop/ROS_Workspace/Honours_a1797823_a1764124/ROS_Workspace/src/build/Konig/build/lib/Konig
copying Konig/__init__.py -> /home/teamvision/Desktop/ROS_Workspace/Honours_a1797823_a1764124/ROS_Workspace/src/build/Konig/build/lib/Konig
copying Konig/Konig.py -> /home/teamvision/Desktop/ROS_Workspace/Honours_a1797823_a1764124/ROS_Workspace/src/build/Konig/build/lib/Konig
running install
running install_lib
running install_data
running install_egg_info
removing '/home/teamvision/Desktop/ROS_Workspace/Honours_a1797823_a1764124/ROS_Workspace/src/install/Konig/lib/python3.8/site-packages/Konig-0.0.0-py3.8.egg-info' (and everything under it)
Copying ../build/Konig/Konig.egg-info to /home/teamvision/Desktop/ROS_Workspace/Honours_a1797823_a1764124/ROS_Workspace/src/install/Konig/lib/python3.8/site-packages/Konig-0.0.0-py3.8.egg-info
running install_scripts
Installing Konig script to /home/teamvision/Desktop/ROS_Workspace/Honours_a1797823_a1764124/ROS_Workspace/src/install/Konig/lib/Konig
writing list of installed files to '/home/teamvision/Desktop/ROS_Workspace/Honours_a1797823_a1764124/ROS_Workspace/src/build/Konig/install.log'
