[0.130s] Invoking command in '/home/max/Desktop/VisionCode/Honours_a1797823_a1764124/ROS_Workspace/src/build/custom_msgs': CMAKE_PREFIX_PATH=${CMAKE_PREFIX_PATH}:/home/max/Desktop/VisionCode/Honours_a1797823_a1764124/ROS_Workspace/src/install/turtlebot3_navigation:/home/max/Desktop/VisionCode/Honours_a1797823_a1764124/ROS_Workspace/src/install/cameraSub:/home/max/Desktop/VisionCode/Honours_a1797823_a1764124/ROS_Workspace/src/install/cameraPub:/home/max/Desktop/VisionCode/Honours_a1797823_a1764124/ROS_Workspace/src/install/UGV1Vision:/home/max/Desktop/VisionCode/Honours_a1797823_a1764124/ROS_Workspace/src/install/UGV1Processing:/home/max/Desktop/VisionCode/Honours_a1797823_a1764124/ROS_Workspace/src/install/UGV1Main:/home/max/Desktop/VisionCode/Honours_a1797823_a1764124/ROS_Workspace/src/install/UAVVision:/home/max/Desktop/VisionCode/Honours_a1797823_a1764124/ROS_Workspace/src/install/UAVProcessing:/home/max/Desktop/VisionCode/Honours_a1797823_a1764124/ROS_Workspace/src/install/UAVMain:/home/max/Desktop/VisionCode/Honours_a1797823_a1764124/ROS_Workspace/src/install/Konig:/opt/ros/foxy:/opt/ros/galactic /usr/bin/cmake --build /home/max/Desktop/VisionCode/Honours_a1797823_a1764124/ROS_Workspace/src/build/custom_msgs -- -j8 -l8
[0.537s] [  2%] Built target custom_msgs__cpp
[0.537s] [ 12%] Built target custom_msgs__rosidl_generator_c
[0.537s] [ 23%] Built target custom_msgs__rosidl_typesupport_cpp
[0.537s] [ 33%] Built target custom_msgs__rosidl_typesupport_introspection_cpp
[0.538s] [ 43%] Built target custom_msgs__rosidl_typesupport_fastrtps_cpp
[0.538s] [ 53%] Built target custom_msgs__rosidl_typesupport_introspection_c
[0.538s] [ 64%] Built target custom_msgs__rosidl_typesupport_c
[0.538s] [ 74%] Built target custom_msgs__rosidl_typesupport_fastrtps_c
[0.539s] [ 74%] Built target custom_msgs
[0.539s] [ 76%] Built target custom_msgs__py
[0.539s] [ 84%] Built target custom_msgs__python
[0.539s] [ 92%] Built target custom_msgs__rosidl_typesupport_c__pyext
[0.539s] [ 94%] Built target custom_msgs__rosidl_typesupport_fastrtps_c__pyext
[0.540s] [100%] Built target custom_msgs__rosidl_typesupport_introspection_c__pyext
[0.547s] Invoked command in '/home/max/Desktop/VisionCode/Honours_a1797823_a1764124/ROS_Workspace/src/build/custom_msgs' returned '0': CMAKE_PREFIX_PATH=${CMAKE_PREFIX_PATH}:/home/max/Desktop/VisionCode/Honours_a1797823_a1764124/ROS_Workspace/src/install/turtlebot3_navigation:/home/max/Desktop/VisionCode/Honours_a1797823_a1764124/ROS_Workspace/src/install/cameraSub:/home/max/Desktop/VisionCode/Honours_a1797823_a1764124/ROS_Workspace/src/install/cameraPub:/home/max/Desktop/VisionCode/Honours_a1797823_a1764124/ROS_Workspace/src/install/UGV1Vision:/home/max/Desktop/VisionCode/Honours_a1797823_a1764124/ROS_Workspace/src/install/UGV1Processing:/home/max/Desktop/VisionCode/Honours_a1797823_a1764124/ROS_Workspace/src/install/UGV1Main:/home/max/Desktop/VisionCode/Honours_a1797823_a1764124/ROS_Workspace/src/install/UAVVision:/home/max/Desktop/VisionCode/Honours_a1797823_a1764124/ROS_Workspace/src/install/UAVProcessing:/home/max/Desktop/VisionCode/Honours_a1797823_a1764124/ROS_Workspace/src/install/UAVMain:/home/max/Desktop/VisionCode/Honours_a1797823_a1764124/ROS_Workspace/src/install/Konig:/opt/ros/foxy:/opt/ros/galactic /usr/bin/cmake --build /home/max/Desktop/VisionCode/Honours_a1797823_a1764124/ROS_Workspace/src/build/custom_msgs -- -j8 -l8
[0.627s] Invoking command in '/home/max/Desktop/VisionCode/Honours_a1797823_a1764124/ROS_Workspace/src/build/custom_msgs': CMAKE_PREFIX_PATH=${CMAKE_PREFIX_PATH}:/home/max/Desktop/VisionCode/Honours_a1797823_a1764124/ROS_Workspace/src/install/turtlebot3_navigation:/home/max/Desktop/VisionCode/Honours_a1797823_a1764124/ROS_Workspace/src/install/cameraSub:/home/max/Desktop/VisionCode/Honours_a1797823_a1764124/ROS_Workspace/src/install/cameraPub:/home/max/Desktop/VisionCode/Honours_a1797823_a1764124/ROS_Workspace/src/install/UGV1Vision:/home/max/Desktop/VisionCode/Honours_a1797823_a1764124/ROS_Workspace/src/install/UGV1Processing:/home/max/Desktop/VisionCode/Honours_a1797823_a1764124/ROS_Workspace/src/install/UGV1Main:/home/max/Desktop/VisionCode/Honours_a1797823_a1764124/ROS_Workspace/src/install/UAVVision:/home/max/Desktop/VisionCode/Honours_a1797823_a1764124/ROS_Workspace/src/install/UAVProcessing:/home/max/Desktop/VisionCode/Honours_a1797823_a1764124/ROS_Workspace/src/install/UAVMain:/home/max/Desktop/VisionCode/Honours_a1797823_a1764124/ROS_Workspace/src/install/Konig:/opt/ros/foxy:/opt/ros/galactic /usr/bin/cmake --install /home/max/Desktop/VisionCode/Honours_a1797823_a1764124/ROS_Workspace/src/build/custom_msgs
[0.641s] -- Install configuration: ""
[0.642s] -- Up-to-date: /home/max/Desktop/VisionCode/Honours_a1797823_a1764124/ROS_Workspace/src/install/custom_msgs/share/ament_index/resource_index/rosidl_interfaces/custom_msgs
[0.660s] -- Up-to-date: /home/max/Desktop/VisionCode/Honours_a1797823_a1764124/ROS_Workspace/src/install/custom_msgs/include/custom_msgs
[0.660s] -- Up-to-date: /home/max/Desktop/VisionCode/Honours_a1797823_a1764124/ROS_Workspace/src/install/custom_msgs/include/custom_msgs/msg
[0.660s] -- Up-to-date: /home/max/Desktop/VisionCode/Honours_a1797823_a1764124/ROS_Workspace/src/install/custom_msgs/include/custom_msgs/msg/detail
[0.660s] -- Up-to-date: /home/max/Desktop/VisionCode/Honours_a1797823_a1764124/ROS_Workspace/src/install/custom_msgs/include/custom_msgs/msg/detail/led_locations__struct.h
[0.660s] -- Up-to-date: /home/max/Desktop/VisionCode/Honours_a1797823_a1764124/ROS_Workspace/src/install/custom_msgs/include/custom_msgs/msg/detail/fire_severity__functions.h
[0.660s] -- Up-to-date: /home/max/Desktop/VisionCode/Honours_a1797823_a1764124/ROS_Workspace/src/install/custom_msgs/include/custom_msgs/msg/detail/fire_severity__struct.h
[0.660s] -- Up-to-date: /home/max/Desktop/VisionCode/Honours_a1797823_a1764124/ROS_Workspace/src/install/custom_msgs/include/custom_msgs/msg/detail/led_locations__type_support.h
[0.661s] -- Up-to-date: /home/max/Desktop/VisionCode/Honours_a1797823_a1764124/ROS_Workspace/src/install/custom_msgs/include/custom_msgs/msg/detail/led_locations__functions.h
[0.661s] -- Up-to-date: /home/max/Desktop/VisionCode/Honours_a1797823_a1764124/ROS_Workspace/src/install/custom_msgs/include/custom_msgs/msg/detail/fire_severity__functions.c
[0.661s] -- Up-to-date: /home/max/Desktop/VisionCode/Honours_a1797823_a1764124/ROS_Workspace/src/install/custom_msgs/include/custom_msgs/msg/detail/led_locations__functions.c
[0.661s] -- Up-to-date: /home/max/Desktop/VisionCode/Honours_a1797823_a1764124/ROS_Workspace/src/install/custom_msgs/include/custom_msgs/msg/detail/fire_severity__type_support.h
[0.661s] -- Up-to-date: /home/max/Desktop/VisionCode/Honours_a1797823_a1764124/ROS_Workspace/src/install/custom_msgs/include/custom_msgs/msg/fire_severity.h
[0.661s] -- Up-to-date: /home/max/Desktop/VisionCode/Honours_a1797823_a1764124/ROS_Workspace/src/install/custom_msgs/include/custom_msgs/msg/rosidl_generator_c__visibility_control.h
[0.661s] -- Up-to-date: /home/max/Desktop/VisionCode/Honours_a1797823_a1764124/ROS_Workspace/src/install/custom_msgs/include/custom_msgs/msg/led_locations.h
[0.661s] -- Up-to-date: /home/max/Desktop/VisionCode/Honours_a1797823_a1764124/ROS_Workspace/src/install/custom_msgs/share/custom_msgs/environment/library_path.sh
[0.662s] -- Up-to-date: /home/max/Desktop/VisionCode/Honours_a1797823_a1764124/ROS_Workspace/src/install/custom_msgs/share/custom_msgs/environment/library_path.dsv
[0.662s] -- Up-to-date: /home/max/Desktop/VisionCode/Honours_a1797823_a1764124/ROS_Workspace/src/install/custom_msgs/lib/libcustom_msgs__rosidl_generator_c.so
[0.662s] -- Up-to-date: /home/max/Desktop/VisionCode/Honours_a1797823_a1764124/ROS_Workspace/src/install/custom_msgs/include/custom_msgs
[0.662s] -- Up-to-date: /home/max/Desktop/VisionCode/Honours_a1797823_a1764124/ROS_Workspace/src/install/custom_msgs/include/custom_msgs/msg
[0.662s] -- Up-to-date: /home/max/Desktop/VisionCode/Honours_a1797823_a1764124/ROS_Workspace/src/install/custom_msgs/include/custom_msgs/msg/detail
[0.662s] -- Up-to-date: /home/max/Desktop/VisionCode/Honours_a1797823_a1764124/ROS_Workspace/src/install/custom_msgs/include/custom_msgs/msg/detail/led_locations__rosidl_typesupport_fastrtps_c.h
[0.662s] -- Up-to-date: /home/max/Desktop/VisionCode/Honours_a1797823_a1764124/ROS_Workspace/src/install/custom_msgs/include/custom_msgs/msg/detail/fire_severity__rosidl_typesupport_fastrtps_c.h
[0.662s] -- Up-to-date: /home/max/Desktop/VisionCode/Honours_a1797823_a1764124/ROS_Workspace/src/install/custom_msgs/include/custom_msgs/msg/rosidl_typesupport_fastrtps_c__visibility_control.h
[0.663s] -- Up-to-date: /home/max/Desktop/VisionCode/Honours_a1797823_a1764124/ROS_Workspace/src/install/custom_msgs/lib/libcustom_msgs__rosidl_typesupport_fastrtps_c.so
[0.663s] -- Up-to-date: /home/max/Desktop/VisionCode/Honours_a1797823_a1764124/ROS_Workspace/src/install/custom_msgs/include/custom_msgs
[0.663s] -- Up-to-date: /home/max/Desktop/VisionCode/Honours_a1797823_a1764124/ROS_Workspace/src/install/custom_msgs/include/custom_msgs/msg
[0.663s] -- Up-to-date: /home/max/Desktop/VisionCode/Honours_a1797823_a1764124/ROS_Workspace/src/install/custom_msgs/include/custom_msgs/msg/detail
[0.663s] -- Up-to-date: /home/max/Desktop/VisionCode/Honours_a1797823_a1764124/ROS_Workspace/src/install/custom_msgs/include/custom_msgs/msg/detail/led_locations__rosidl_typesupport_fastrtps_cpp.hpp
[0.663s] -- Up-to-date: /home/max/Desktop/VisionCode/Honours_a1797823_a1764124/ROS_Workspace/src/install/custom_msgs/include/custom_msgs/msg/detail/fire_severity__rosidl_typesupport_fastrtps_cpp.hpp
[0.663s] -- Up-to-date: /home/max/Desktop/VisionCode/Honours_a1797823_a1764124/ROS_Workspace/src/install/custom_msgs/include/custom_msgs/msg/detail/dds_fastrtps
[0.663s] -- Up-to-date: /home/max/Desktop/VisionCode/Honours_a1797823_a1764124/ROS_Workspace/src/install/custom_msgs/include/custom_msgs/msg/rosidl_typesupport_fastrtps_cpp__visibility_control.h
[0.663s] -- Up-to-date: /home/max/Desktop/VisionCode/Honours_a1797823_a1764124/ROS_Workspace/src/install/custom_msgs/lib/libcustom_msgs__rosidl_typesupport_fastrtps_cpp.so
[0.663s] -- Up-to-date: /home/max/Desktop/VisionCode/Honours_a1797823_a1764124/ROS_Workspace/src/install/custom_msgs/include/custom_msgs
[0.664s] -- Up-to-date: /home/max/Desktop/VisionCode/Honours_a1797823_a1764124/ROS_Workspace/src/install/custom_msgs/include/custom_msgs/msg
[0.664s] -- Up-to-date: /home/max/Desktop/VisionCode/Honours_a1797823_a1764124/ROS_Workspace/src/install/custom_msgs/include/custom_msgs/msg/detail
[0.664s] -- Up-to-date: /home/max/Desktop/VisionCode/Honours_a1797823_a1764124/ROS_Workspace/src/install/custom_msgs/include/custom_msgs/msg/detail/fire_severity__type_support.c
[0.664s] -- Up-to-date: /home/max/Desktop/VisionCode/Honours_a1797823_a1764124/ROS_Workspace/src/install/custom_msgs/include/custom_msgs/msg/detail/led_locations__type_support.c
[0.664s] -- Up-to-date: /home/max/Desktop/VisionCode/Honours_a1797823_a1764124/ROS_Workspace/src/install/custom_msgs/include/custom_msgs/msg/detail/fire_severity__rosidl_typesupport_introspection_c.h
[0.664s] -- Up-to-date: /home/max/Desktop/VisionCode/Honours_a1797823_a1764124/ROS_Workspace/src/install/custom_msgs/include/custom_msgs/msg/detail/led_locations__rosidl_typesupport_introspection_c.h
[0.664s] -- Up-to-date: /home/max/Desktop/VisionCode/Honours_a1797823_a1764124/ROS_Workspace/src/install/custom_msgs/include/custom_msgs/msg/rosidl_typesupport_introspection_c__visibility_control.h
[0.664s] -- Up-to-date: /home/max/Desktop/VisionCode/Honours_a1797823_a1764124/ROS_Workspace/src/install/custom_msgs/lib/libcustom_msgs__rosidl_typesupport_introspection_c.so
[0.664s] -- Up-to-date: /home/max/Desktop/VisionCode/Honours_a1797823_a1764124/ROS_Workspace/src/install/custom_msgs/lib/libcustom_msgs__rosidl_typesupport_c.so
[0.664s] -- Up-to-date: /home/max/Desktop/VisionCode/Honours_a1797823_a1764124/ROS_Workspace/src/install/custom_msgs/include/custom_msgs
[0.664s] -- Up-to-date: /home/max/Desktop/VisionCode/Honours_a1797823_a1764124/ROS_Workspace/src/install/custom_msgs/include/custom_msgs/msg
[0.664s] -- Up-to-date: /home/max/Desktop/VisionCode/Honours_a1797823_a1764124/ROS_Workspace/src/install/custom_msgs/include/custom_msgs/msg/led_locations.hpp
[0.665s] -- Up-to-date: /home/max/Desktop/VisionCode/Honours_a1797823_a1764124/ROS_Workspace/src/install/custom_msgs/include/custom_msgs/msg/detail
[0.665s] -- Up-to-date: /home/max/Desktop/VisionCode/Honours_a1797823_a1764124/ROS_Workspace/src/install/custom_msgs/include/custom_msgs/msg/detail/led_locations__struct.hpp
[0.665s] -- Up-to-date: /home/max/Desktop/VisionCode/Honours_a1797823_a1764124/ROS_Workspace/src/install/custom_msgs/include/custom_msgs/msg/detail/fire_severity__traits.hpp
[0.665s] -- Up-to-date: /home/max/Desktop/VisionCode/Honours_a1797823_a1764124/ROS_Workspace/src/install/custom_msgs/include/custom_msgs/msg/detail/fire_severity__struct.hpp
[0.665s] -- Up-to-date: /home/max/Desktop/VisionCode/Honours_a1797823_a1764124/ROS_Workspace/src/install/custom_msgs/include/custom_msgs/msg/detail/led_locations__builder.hpp
[0.665s] -- Up-to-date: /home/max/Desktop/VisionCode/Honours_a1797823_a1764124/ROS_Workspace/src/install/custom_msgs/include/custom_msgs/msg/detail/led_locations__traits.hpp
[0.665s] -- Up-to-date: /home/max/Desktop/VisionCode/Honours_a1797823_a1764124/ROS_Workspace/src/install/custom_msgs/include/custom_msgs/msg/detail/fire_severity__builder.hpp
[0.665s] -- Up-to-date: /home/max/Desktop/VisionCode/Honours_a1797823_a1764124/ROS_Workspace/src/install/custom_msgs/include/custom_msgs/msg/fire_severity.hpp
[0.665s] -- Up-to-date: /home/max/Desktop/VisionCode/Honours_a1797823_a1764124/ROS_Workspace/src/install/custom_msgs/include/custom_msgs
[0.665s] -- Up-to-date: /home/max/Desktop/VisionCode/Honours_a1797823_a1764124/ROS_Workspace/src/install/custom_msgs/include/custom_msgs/msg
[0.665s] -- Up-to-date: /home/max/Desktop/VisionCode/Honours_a1797823_a1764124/ROS_Workspace/src/install/custom_msgs/include/custom_msgs/msg/detail
[0.666s] -- Up-to-date: /home/max/Desktop/VisionCode/Honours_a1797823_a1764124/ROS_Workspace/src/install/custom_msgs/include/custom_msgs/msg/detail/fire_severity__type_support.cpp
[0.666s] -- Up-to-date: /home/max/Desktop/VisionCode/Honours_a1797823_a1764124/ROS_Workspace/src/install/custom_msgs/include/custom_msgs/msg/detail/fire_severity__rosidl_typesupport_introspection_cpp.hpp
[0.666s] -- Up-to-date: /home/max/Desktop/VisionCode/Honours_a1797823_a1764124/ROS_Workspace/src/install/custom_msgs/include/custom_msgs/msg/detail/led_locations__type_support.cpp
[0.666s] -- Up-to-date: /home/max/Desktop/VisionCode/Honours_a1797823_a1764124/ROS_Workspace/src/install/custom_msgs/include/custom_msgs/msg/detail/led_locations__rosidl_typesupport_introspection_cpp.hpp
[0.666s] -- Up-to-date: /home/max/Desktop/VisionCode/Honours_a1797823_a1764124/ROS_Workspace/src/install/custom_msgs/lib/libcustom_msgs__rosidl_typesupport_introspection_cpp.so
[0.666s] -- Up-to-date: /home/max/Desktop/VisionCode/Honours_a1797823_a1764124/ROS_Workspace/src/install/custom_msgs/lib/libcustom_msgs__rosidl_typesupport_cpp.so
[0.666s] -- Up-to-date: /home/max/Desktop/VisionCode/Honours_a1797823_a1764124/ROS_Workspace/src/install/custom_msgs/share/custom_msgs/environment/pythonpath.sh
[0.666s] -- Up-to-date: /home/max/Desktop/VisionCode/Honours_a1797823_a1764124/ROS_Workspace/src/install/custom_msgs/share/custom_msgs/environment/pythonpath.dsv
[0.666s] -- Up-to-date: /home/max/Desktop/VisionCode/Honours_a1797823_a1764124/ROS_Workspace/src/install/custom_msgs/lib/python3.8/site-packages/custom_msgs/__init__.py
[0.703s] -- Up-to-date: /home/max/Desktop/VisionCode/Honours_a1797823_a1764124/ROS_Workspace/src/install/custom_msgs/lib/python3.8/site-packages/custom_msgs/msg
[0.704s] -- Up-to-date: /home/max/Desktop/VisionCode/Honours_a1797823_a1764124/ROS_Workspace/src/install/custom_msgs/lib/python3.8/site-packages/custom_msgs/msg/_fire_severity_s.c
[0.704s] -- Up-to-date: /home/max/Desktop/VisionCode/Honours_a1797823_a1764124/ROS_Workspace/src/install/custom_msgs/lib/python3.8/site-packages/custom_msgs/msg/_fire_severity.py
[0.704s] -- Up-to-date: /home/max/Desktop/VisionCode/Honours_a1797823_a1764124/ROS_Workspace/src/install/custom_msgs/lib/python3.8/site-packages/custom_msgs/msg/_led_locations.py
[0.704s] -- Up-to-date: /home/max/Desktop/VisionCode/Honours_a1797823_a1764124/ROS_Workspace/src/install/custom_msgs/lib/python3.8/site-packages/custom_msgs/msg/__init__.py
[0.704s] -- Up-to-date: /home/max/Desktop/VisionCode/Honours_a1797823_a1764124/ROS_Workspace/src/install/custom_msgs/lib/python3.8/site-packages/custom_msgs/msg/_led_locations_s.c
[0.704s] -- Up-to-date: /home/max/Desktop/VisionCode/Honours_a1797823_a1764124/ROS_Workspace/src/install/custom_msgs/lib/python3.8/site-packages/custom_msgs/custom_msgs_s__rosidl_typesupport_fastrtps_c.cpython-38-x86_64-linux-gnu.so
[0.704s] -- Up-to-date: /home/max/Desktop/VisionCode/Honours_a1797823_a1764124/ROS_Workspace/src/install/custom_msgs/lib/python3.8/site-packages/custom_msgs/custom_msgs_s__rosidl_typesupport_introspection_c.cpython-38-x86_64-linux-gnu.so
[0.705s] -- Up-to-date: /home/max/Desktop/VisionCode/Honours_a1797823_a1764124/ROS_Workspace/src/install/custom_msgs/lib/python3.8/site-packages/custom_msgs/custom_msgs_s__rosidl_typesupport_c.cpython-38-x86_64-linux-gnu.so
[0.706s] -- Up-to-date: /home/max/Desktop/VisionCode/Honours_a1797823_a1764124/ROS_Workspace/src/install/custom_msgs/lib/libcustom_msgs__python.so
[0.706s] -- Up-to-date: /home/max/Desktop/VisionCode/Honours_a1797823_a1764124/ROS_Workspace/src/install/custom_msgs/share/custom_msgs/msg/LEDLocations.idl
[0.706s] -- Up-to-date: /home/max/Desktop/VisionCode/Honours_a1797823_a1764124/ROS_Workspace/src/install/custom_msgs/share/custom_msgs/msg/FireSeverity.idl
[0.707s] -- Up-to-date: /home/max/Desktop/VisionCode/Honours_a1797823_a1764124/ROS_Workspace/src/install/custom_msgs/share/custom_msgs/msg/LEDLocations.msg
[0.707s] -- Up-to-date: /home/max/Desktop/VisionCode/Honours_a1797823_a1764124/ROS_Workspace/src/install/custom_msgs/share/custom_msgs/msg/FireSeverity.msg
[0.707s] -- Up-to-date: /home/max/Desktop/VisionCode/Honours_a1797823_a1764124/ROS_Workspace/src/install/custom_msgs/share/ament_index/resource_index/package_run_dependencies/custom_msgs
[0.707s] -- Up-to-date: /home/max/Desktop/VisionCode/Honours_a1797823_a1764124/ROS_Workspace/src/install/custom_msgs/share/ament_index/resource_index/parent_prefix_path/custom_msgs
[0.707s] -- Up-to-date: /home/max/Desktop/VisionCode/Honours_a1797823_a1764124/ROS_Workspace/src/install/custom_msgs/share/custom_msgs/environment/ament_prefix_path.sh
[0.708s] -- Up-to-date: /home/max/Desktop/VisionCode/Honours_a1797823_a1764124/ROS_Workspace/src/install/custom_msgs/share/custom_msgs/environment/ament_prefix_path.dsv
[0.708s] -- Up-to-date: /home/max/Desktop/VisionCode/Honours_a1797823_a1764124/ROS_Workspace/src/install/custom_msgs/share/custom_msgs/environment/path.sh
[0.708s] -- Up-to-date: /home/max/Desktop/VisionCode/Honours_a1797823_a1764124/ROS_Workspace/src/install/custom_msgs/share/custom_msgs/environment/path.dsv
[0.708s] -- Up-to-date: /home/max/Desktop/VisionCode/Honours_a1797823_a1764124/ROS_Workspace/src/install/custom_msgs/share/custom_msgs/local_setup.bash
[0.708s] -- Up-to-date: /home/max/Desktop/VisionCode/Honours_a1797823_a1764124/ROS_Workspace/src/install/custom_msgs/share/custom_msgs/local_setup.sh
[0.709s] -- Up-to-date: /home/max/Desktop/VisionCode/Honours_a1797823_a1764124/ROS_Workspace/src/install/custom_msgs/share/custom_msgs/local_setup.zsh
[0.709s] -- Up-to-date: /home/max/Desktop/VisionCode/Honours_a1797823_a1764124/ROS_Workspace/src/install/custom_msgs/share/custom_msgs/local_setup.dsv
[0.709s] -- Installing: /home/max/Desktop/VisionCode/Honours_a1797823_a1764124/ROS_Workspace/src/install/custom_msgs/share/custom_msgs/package.dsv
[0.709s] -- Up-to-date: /home/max/Desktop/VisionCode/Honours_a1797823_a1764124/ROS_Workspace/src/install/custom_msgs/share/ament_index/resource_index/packages/custom_msgs
[0.709s] -- Up-to-date: /home/max/Desktop/VisionCode/Honours_a1797823_a1764124/ROS_Workspace/src/install/custom_msgs/share/custom_msgs/cmake/custom_msgs__rosidl_generator_cExport.cmake
[0.709s] -- Up-to-date: /home/max/Desktop/VisionCode/Honours_a1797823_a1764124/ROS_Workspace/src/install/custom_msgs/share/custom_msgs/cmake/custom_msgs__rosidl_generator_cExport-noconfig.cmake
[0.709s] -- Up-to-date: /home/max/Desktop/VisionCode/Honours_a1797823_a1764124/ROS_Workspace/src/install/custom_msgs/share/custom_msgs/cmake/custom_msgs__rosidl_typesupport_introspection_cExport.cmake
[0.710s] -- Up-to-date: /home/max/Desktop/VisionCode/Honours_a1797823_a1764124/ROS_Workspace/src/install/custom_msgs/share/custom_msgs/cmake/custom_msgs__rosidl_typesupport_introspection_cExport-noconfig.cmake
[0.710s] -- Up-to-date: /home/max/Desktop/VisionCode/Honours_a1797823_a1764124/ROS_Workspace/src/install/custom_msgs/share/custom_msgs/cmake/custom_msgs__rosidl_typesupport_cExport.cmake
[0.710s] -- Up-to-date: /home/max/Desktop/VisionCode/Honours_a1797823_a1764124/ROS_Workspace/src/install/custom_msgs/share/custom_msgs/cmake/custom_msgs__rosidl_typesupport_cExport-noconfig.cmake
[0.710s] -- Up-to-date: /home/max/Desktop/VisionCode/Honours_a1797823_a1764124/ROS_Workspace/src/install/custom_msgs/share/custom_msgs/cmake/custom_msgs__rosidl_generator_cppExport.cmake
[0.711s] -- Up-to-date: /home/max/Desktop/VisionCode/Honours_a1797823_a1764124/ROS_Workspace/src/install/custom_msgs/share/custom_msgs/cmake/custom_msgs__rosidl_typesupport_introspection_cppExport.cmake
[0.711s] -- Up-to-date: /home/max/Desktop/VisionCode/Honours_a1797823_a1764124/ROS_Workspace/src/install/custom_msgs/share/custom_msgs/cmake/custom_msgs__rosidl_typesupport_introspection_cppExport-noconfig.cmake
[0.711s] -- Up-to-date: /home/max/Desktop/VisionCode/Honours_a1797823_a1764124/ROS_Workspace/src/install/custom_msgs/share/custom_msgs/cmake/custom_msgs__rosidl_typesupport_cppExport.cmake
[0.711s] -- Up-to-date: /home/max/Desktop/VisionCode/Honours_a1797823_a1764124/ROS_Workspace/src/install/custom_msgs/share/custom_msgs/cmake/custom_msgs__rosidl_typesupport_cppExport-noconfig.cmake
[0.711s] -- Up-to-date: /home/max/Desktop/VisionCode/Honours_a1797823_a1764124/ROS_Workspace/src/install/custom_msgs/share/custom_msgs/cmake/rosidl_cmake-extras.cmake
[0.711s] -- Up-to-date: /home/max/Desktop/VisionCode/Honours_a1797823_a1764124/ROS_Workspace/src/install/custom_msgs/share/custom_msgs/cmake/ament_cmake_export_dependencies-extras.cmake
[0.712s] -- Up-to-date: /home/max/Desktop/VisionCode/Honours_a1797823_a1764124/ROS_Workspace/src/install/custom_msgs/share/custom_msgs/cmake/ament_cmake_export_libraries-extras.cmake
[0.712s] -- Up-to-date: /home/max/Desktop/VisionCode/Honours_a1797823_a1764124/ROS_Workspace/src/install/custom_msgs/share/custom_msgs/cmake/ament_cmake_export_targets-extras.cmake
[0.712s] -- Up-to-date: /home/max/Desktop/VisionCode/Honours_a1797823_a1764124/ROS_Workspace/src/install/custom_msgs/share/custom_msgs/cmake/ament_cmake_export_include_directories-extras.cmake
[0.712s] -- Up-to-date: /home/max/Desktop/VisionCode/Honours_a1797823_a1764124/ROS_Workspace/src/install/custom_msgs/share/custom_msgs/cmake/rosidl_cmake_export_typesupport_libraries-extras.cmake
[0.712s] -- Up-to-date: /home/max/Desktop/VisionCode/Honours_a1797823_a1764124/ROS_Workspace/src/install/custom_msgs/share/custom_msgs/cmake/rosidl_cmake_export_typesupport_targets-extras.cmake
[0.712s] -- Up-to-date: /home/max/Desktop/VisionCode/Honours_a1797823_a1764124/ROS_Workspace/src/install/custom_msgs/share/custom_msgs/cmake/custom_msgsConfig.cmake
[0.712s] -- Up-to-date: /home/max/Desktop/VisionCode/Honours_a1797823_a1764124/ROS_Workspace/src/install/custom_msgs/share/custom_msgs/cmake/custom_msgsConfig-version.cmake
[0.712s] -- Up-to-date: /home/max/Desktop/VisionCode/Honours_a1797823_a1764124/ROS_Workspace/src/install/custom_msgs/share/custom_msgs/package.xml
[0.717s] Invoked command in '/home/max/Desktop/VisionCode/Honours_a1797823_a1764124/ROS_Workspace/src/build/custom_msgs' returned '0': CMAKE_PREFIX_PATH=${CMAKE_PREFIX_PATH}:/home/max/Desktop/VisionCode/Honours_a1797823_a1764124/ROS_Workspace/src/install/turtlebot3_navigation:/home/max/Desktop/VisionCode/Honours_a1797823_a1764124/ROS_Workspace/src/install/cameraSub:/home/max/Desktop/VisionCode/Honours_a1797823_a1764124/ROS_Workspace/src/install/cameraPub:/home/max/Desktop/VisionCode/Honours_a1797823_a1764124/ROS_Workspace/src/install/UGV1Vision:/home/max/Desktop/VisionCode/Honours_a1797823_a1764124/ROS_Workspace/src/install/UGV1Processing:/home/max/Desktop/VisionCode/Honours_a1797823_a1764124/ROS_Workspace/src/install/UGV1Main:/home/max/Desktop/VisionCode/Honours_a1797823_a1764124/ROS_Workspace/src/install/UAVVision:/home/max/Desktop/VisionCode/Honours_a1797823_a1764124/ROS_Workspace/src/install/UAVProcessing:/home/max/Desktop/VisionCode/Honours_a1797823_a1764124/ROS_Workspace/src/install/UAVMain:/home/max/Desktop/VisionCode/Honours_a1797823_a1764124/ROS_Workspace/src/install/Konig:/opt/ros/foxy:/opt/ros/galactic /usr/bin/cmake --install /home/max/Desktop/VisionCode/Honours_a1797823_a1764124/ROS_Workspace/src/build/custom_msgs
