[0.897s] Invoking command in '/home/teamvision/Desktop/ROS_Workspace/Honours_a1797823_a1764124/ROS_Workspace/src/turtlebot3_navigation': PYTHONPATH=/home/teamvision/Desktop/ROS_Workspace/Honours_a1797823_a1764124/ROS_Workspace/build/turtlebot3_navigation/prefix_override:/home/teamvision/Desktop/ROS_Workspace/Honours_a1797823_a1764124/ROS_Workspace/install/turtlebot3_navigation/lib/python3.8/site-packages:${PYTHONPATH} /usr/bin/python3 setup.py egg_info --egg-base ../../build/turtlebot3_navigation build --build-base /home/teamvision/Desktop/ROS_Workspace/Honours_a1797823_a1764124/ROS_Workspace/build/turtlebot3_navigation/build install --record /home/teamvision/Desktop/ROS_Workspace/Honours_a1797823_a1764124/ROS_Workspace/build/turtlebot3_navigation/install.log --install-scripts $base/lib/turtlebot3_navigation --single-version-externally-managed
[1.154s] running egg_info
[1.154s] writing ../../build/turtlebot3_navigation/turtlebot3_navigation.egg-info/PKG-INFO
[1.155s] writing dependency_links to ../../build/turtlebot3_navigation/turtlebot3_navigation.egg-info/dependency_links.txt
[1.155s] writing entry points to ../../build/turtlebot3_navigation/turtlebot3_navigation.egg-info/entry_points.txt
[1.155s] writing requirements to ../../build/turtlebot3_navigation/turtlebot3_navigation.egg-info/requires.txt
[1.155s] writing top-level names to ../../build/turtlebot3_navigation/turtlebot3_navigation.egg-info/top_level.txt
[1.198s] reading manifest file '../../build/turtlebot3_navigation/turtlebot3_navigation.egg-info/SOURCES.txt'
[1.199s] writing manifest file '../../build/turtlebot3_navigation/turtlebot3_navigation.egg-info/SOURCES.txt'
[1.199s] running build
[1.199s] running build_py
[1.200s] creating /home/teamvision/Desktop/ROS_Workspace/Honours_a1797823_a1764124/ROS_Workspace/build/turtlebot3_navigation/build
[1.200s] creating /home/teamvision/Desktop/ROS_Workspace/Honours_a1797823_a1764124/ROS_Workspace/build/turtlebot3_navigation/build/lib
[1.200s] creating /home/teamvision/Desktop/ROS_Workspace/Honours_a1797823_a1764124/ROS_Workspace/build/turtlebot3_navigation/build/lib/turtlebot3_navigation
[1.200s] copying turtlebot3_navigation/set_initial_pose.py -> /home/teamvision/Desktop/ROS_Workspace/Honours_a1797823_a1764124/ROS_Workspace/build/turtlebot3_navigation/build/lib/turtlebot3_navigation
[1.200s] copying turtlebot3_navigation/__init__.py -> /home/teamvision/Desktop/ROS_Workspace/Honours_a1797823_a1764124/ROS_Workspace/build/turtlebot3_navigation/build/lib/turtlebot3_navigation
[1.200s] copying turtlebot3_navigation/navigation_launch.py -> /home/teamvision/Desktop/ROS_Workspace/Honours_a1797823_a1764124/ROS_Workspace/build/turtlebot3_navigation/build/lib/turtlebot3_navigation
[1.200s] copying turtlebot3_navigation/move_robot.py -> /home/teamvision/Desktop/ROS_Workspace/Honours_a1797823_a1764124/ROS_Workspace/build/turtlebot3_navigation/build/lib/turtlebot3_navigation
[1.200s] copying turtlebot3_navigation/zone_move.py -> /home/teamvision/Desktop/ROS_Workspace/Honours_a1797823_a1764124/ROS_Workspace/build/turtlebot3_navigation/build/lib/turtlebot3_navigation
[1.201s] running install
[1.202s] running install_lib
[1.202s] creating /home/teamvision/Desktop/ROS_Workspace/Honours_a1797823_a1764124/ROS_Workspace/install/turtlebot3_navigation/lib/python3.8/site-packages/turtlebot3_navigation
[1.202s] copying /home/teamvision/Desktop/ROS_Workspace/Honours_a1797823_a1764124/ROS_Workspace/build/turtlebot3_navigation/build/lib/turtlebot3_navigation/set_initial_pose.py -> /home/teamvision/Desktop/ROS_Workspace/Honours_a1797823_a1764124/ROS_Workspace/install/turtlebot3_navigation/lib/python3.8/site-packages/turtlebot3_navigation
[1.202s] copying /home/teamvision/Desktop/ROS_Workspace/Honours_a1797823_a1764124/ROS_Workspace/build/turtlebot3_navigation/build/lib/turtlebot3_navigation/__init__.py -> /home/teamvision/Desktop/ROS_Workspace/Honours_a1797823_a1764124/ROS_Workspace/install/turtlebot3_navigation/lib/python3.8/site-packages/turtlebot3_navigation
[1.203s] copying /home/teamvision/Desktop/ROS_Workspace/Honours_a1797823_a1764124/ROS_Workspace/build/turtlebot3_navigation/build/lib/turtlebot3_navigation/navigation_launch.py -> /home/teamvision/Desktop/ROS_Workspace/Honours_a1797823_a1764124/ROS_Workspace/install/turtlebot3_navigation/lib/python3.8/site-packages/turtlebot3_navigation
[1.203s] copying /home/teamvision/Desktop/ROS_Workspace/Honours_a1797823_a1764124/ROS_Workspace/build/turtlebot3_navigation/build/lib/turtlebot3_navigation/move_robot.py -> /home/teamvision/Desktop/ROS_Workspace/Honours_a1797823_a1764124/ROS_Workspace/install/turtlebot3_navigation/lib/python3.8/site-packages/turtlebot3_navigation
[1.203s] copying /home/teamvision/Desktop/ROS_Workspace/Honours_a1797823_a1764124/ROS_Workspace/build/turtlebot3_navigation/build/lib/turtlebot3_navigation/zone_move.py -> /home/teamvision/Desktop/ROS_Workspace/Honours_a1797823_a1764124/ROS_Workspace/install/turtlebot3_navigation/lib/python3.8/site-packages/turtlebot3_navigation
[1.203s] byte-compiling /home/teamvision/Desktop/ROS_Workspace/Honours_a1797823_a1764124/ROS_Workspace/install/turtlebot3_navigation/lib/python3.8/site-packages/turtlebot3_navigation/set_initial_pose.py to set_initial_pose.cpython-38.pyc
[1.205s] byte-compiling /home/teamvision/Desktop/ROS_Workspace/Honours_a1797823_a1764124/ROS_Workspace/install/turtlebot3_navigation/lib/python3.8/site-packages/turtlebot3_navigation/__init__.py to __init__.cpython-38.pyc
[1.205s] byte-compiling /home/teamvision/Desktop/ROS_Workspace/Honours_a1797823_a1764124/ROS_Workspace/install/turtlebot3_navigation/lib/python3.8/site-packages/turtlebot3_navigation/navigation_launch.py to navigation_launch.cpython-38.pyc
[1.206s] byte-compiling /home/teamvision/Desktop/ROS_Workspace/Honours_a1797823_a1764124/ROS_Workspace/install/turtlebot3_navigation/lib/python3.8/site-packages/turtlebot3_navigation/move_robot.py to move_robot.cpython-38.pyc
[1.206s] byte-compiling /home/teamvision/Desktop/ROS_Workspace/Honours_a1797823_a1764124/ROS_Workspace/install/turtlebot3_navigation/lib/python3.8/site-packages/turtlebot3_navigation/zone_move.py to zone_move.cpython-38.pyc
[1.207s] running install_data
[1.207s] creating /home/teamvision/Desktop/ROS_Workspace/Honours_a1797823_a1764124/ROS_Workspace/install/turtlebot3_navigation/share/ament_index
[1.207s] creating /home/teamvision/Desktop/ROS_Workspace/Honours_a1797823_a1764124/ROS_Workspace/install/turtlebot3_navigation/share/ament_index/resource_index
[1.208s] creating /home/teamvision/Desktop/ROS_Workspace/Honours_a1797823_a1764124/ROS_Workspace/install/turtlebot3_navigation/share/ament_index/resource_index/packages
[1.208s] copying resource/turtlebot3_navigation -> /home/teamvision/Desktop/ROS_Workspace/Honours_a1797823_a1764124/ROS_Workspace/install/turtlebot3_navigation/share/ament_index/resource_index/packages
[1.208s] copying package.xml -> /home/teamvision/Desktop/ROS_Workspace/Honours_a1797823_a1764124/ROS_Workspace/install/turtlebot3_navigation/share/turtlebot3_navigation
[1.208s] running install_egg_info
[1.209s] Copying ../../build/turtlebot3_navigation/turtlebot3_navigation.egg-info to /home/teamvision/Desktop/ROS_Workspace/Honours_a1797823_a1764124/ROS_Workspace/install/turtlebot3_navigation/lib/python3.8/site-packages/turtlebot3_navigation-0.0.0-py3.8.egg-info
[1.211s] running install_scripts
[1.229s] Installing move_robot script to /home/teamvision/Desktop/ROS_Workspace/Honours_a1797823_a1764124/ROS_Workspace/install/turtlebot3_navigation/lib/turtlebot3_navigation
[1.229s] Installing set_initial_pose script to /home/teamvision/Desktop/ROS_Workspace/Honours_a1797823_a1764124/ROS_Workspace/install/turtlebot3_navigation/lib/turtlebot3_navigation
[1.229s] Installing zone_move script to /home/teamvision/Desktop/ROS_Workspace/Honours_a1797823_a1764124/ROS_Workspace/install/turtlebot3_navigation/lib/turtlebot3_navigation
[1.230s] writing list of installed files to '/home/teamvision/Desktop/ROS_Workspace/Honours_a1797823_a1764124/ROS_Workspace/build/turtlebot3_navigation/install.log'
[1.260s] Invoked command in '/home/teamvision/Desktop/ROS_Workspace/Honours_a1797823_a1764124/ROS_Workspace/src/turtlebot3_navigation' returned '0': PYTHONPATH=/home/teamvision/Desktop/ROS_Workspace/Honours_a1797823_a1764124/ROS_Workspace/build/turtlebot3_navigation/prefix_override:/home/teamvision/Desktop/ROS_Workspace/Honours_a1797823_a1764124/ROS_Workspace/install/turtlebot3_navigation/lib/python3.8/site-packages:${PYTHONPATH} /usr/bin/python3 setup.py egg_info --egg-base ../../build/turtlebot3_navigation build --build-base /home/teamvision/Desktop/ROS_Workspace/Honours_a1797823_a1764124/ROS_Workspace/build/turtlebot3_navigation/build install --record /home/teamvision/Desktop/ROS_Workspace/Honours_a1797823_a1764124/ROS_Workspace/build/turtlebot3_navigation/install.log --install-scripts $base/lib/turtlebot3_navigation --single-version-externally-managed
