[0.745s] Invoking command in '/home/max/Desktop/VisionCode/Honours_a1797823_a1764124/ROS_Workspace/src/UAVMain': PYTHONPATH=/home/max/Desktop/VisionCode/Honours_a1797823_a1764124/ROS_Workspace/src/UAVMain/build/UAVMain/prefix_override:/home/max/Desktop/VisionCode/Honours_a1797823_a1764124/ROS_Workspace/src/UAVMain/install/UAVMain/lib/python3.8/site-packages:${PYTHONPATH} /usr/bin/python3 setup.py egg_info --egg-base build/UAVMain build --build-base /home/max/Desktop/VisionCode/Honours_a1797823_a1764124/ROS_Workspace/src/UAVMain/build/UAVMain/build install --record /home/max/Desktop/VisionCode/Honours_a1797823_a1764124/ROS_Workspace/src/UAVMain/build/UAVMain/install.log --install-scripts $base/lib/UAVMain --single-version-externally-managed
[0.989s] running egg_info
[0.989s] writing build/UAVMain/UAVMain.egg-info/PKG-INFO
[0.989s] writing dependency_links to build/UAVMain/UAVMain.egg-info/dependency_links.txt
[0.990s] writing entry points to build/UAVMain/UAVMain.egg-info/entry_points.txt
[0.990s] writing requirements to build/UAVMain/UAVMain.egg-info/requires.txt
[0.990s] writing top-level names to build/UAVMain/UAVMain.egg-info/top_level.txt
[1.027s] reading manifest file 'build/UAVMain/UAVMain.egg-info/SOURCES.txt'
[1.028s] writing manifest file 'build/UAVMain/UAVMain.egg-info/SOURCES.txt'
[1.028s] running build
[1.028s] running build_py
[1.028s] copying UAVMain/UAVMain.py -> /home/max/Desktop/VisionCode/Honours_a1797823_a1764124/ROS_Workspace/src/UAVMain/build/UAVMain/build/lib/UAVMain
[1.029s] running install
[1.030s] running install_lib
[1.030s] copying /home/max/Desktop/VisionCode/Honours_a1797823_a1764124/ROS_Workspace/src/UAVMain/build/UAVMain/build/lib/UAVMain/UAVMain.py -> /home/max/Desktop/VisionCode/Honours_a1797823_a1764124/ROS_Workspace/src/UAVMain/install/UAVMain/lib/python3.8/site-packages/UAVMain
[1.031s] byte-compiling /home/max/Desktop/VisionCode/Honours_a1797823_a1764124/ROS_Workspace/src/UAVMain/install/UAVMain/lib/python3.8/site-packages/UAVMain/UAVMain.py to UAVMain.cpython-38.pyc
[1.033s] running install_data
[1.034s] running install_egg_info
[1.035s] removing '/home/max/Desktop/VisionCode/Honours_a1797823_a1764124/ROS_Workspace/src/UAVMain/install/UAVMain/lib/python3.8/site-packages/UAVMain-0.0.0-py3.8.egg-info' (and everything under it)
[1.035s] Copying build/UAVMain/UAVMain.egg-info to /home/max/Desktop/VisionCode/Honours_a1797823_a1764124/ROS_Workspace/src/UAVMain/install/UAVMain/lib/python3.8/site-packages/UAVMain-0.0.0-py3.8.egg-info
[1.036s] running install_scripts
[1.055s] Installing UAVMain script to /home/max/Desktop/VisionCode/Honours_a1797823_a1764124/ROS_Workspace/src/UAVMain/install/UAVMain/lib/UAVMain
[1.055s] writing list of installed files to '/home/max/Desktop/VisionCode/Honours_a1797823_a1764124/ROS_Workspace/src/UAVMain/build/UAVMain/install.log'
[1.081s] Invoked command in '/home/max/Desktop/VisionCode/Honours_a1797823_a1764124/ROS_Workspace/src/UAVMain' returned '0': PYTHONPATH=/home/max/Desktop/VisionCode/Honours_a1797823_a1764124/ROS_Workspace/src/UAVMain/build/UAVMain/prefix_override:/home/max/Desktop/VisionCode/Honours_a1797823_a1764124/ROS_Workspace/src/UAVMain/install/UAVMain/lib/python3.8/site-packages:${PYTHONPATH} /usr/bin/python3 setup.py egg_info --egg-base build/UAVMain build --build-base /home/max/Desktop/VisionCode/Honours_a1797823_a1764124/ROS_Workspace/src/UAVMain/build/UAVMain/build install --record /home/max/Desktop/VisionCode/Honours_a1797823_a1764124/ROS_Workspace/src/UAVMain/build/UAVMain/install.log --install-scripts $base/lib/UAVMain --single-version-externally-managed
