[5.053s] Invoking command in '/home/max/Desktop/VisionCode/Honours_a1797823_a1764124/ROS_Workspace/src/UAVProcessing': PYTHONPATH=/home/max/Desktop/VisionCode/Honours_a1797823_a1764124/ROS_Workspace/build/UAVProcessing/prefix_override:/home/max/Desktop/VisionCode/Honours_a1797823_a1764124/ROS_Workspace/install/UAVProcessing/lib/python3.8/site-packages:${PYTHONPATH} /usr/bin/python3 setup.py egg_info --egg-base ../../build/UAVProcessing build --build-base /home/max/Desktop/VisionCode/Honours_a1797823_a1764124/ROS_Workspace/build/UAVProcessing/build install --record /home/max/Desktop/VisionCode/Honours_a1797823_a1764124/ROS_Workspace/build/UAVProcessing/install.log --install-scripts $base/lib/UAVProcessing --single-version-externally-managed
[5.445s] running egg_info
[5.446s] writing ../../build/UAVProcessing/UAVProcessing.egg-info/PKG-INFO
[5.447s] writing dependency_links to ../../build/UAVProcessing/UAVProcessing.egg-info/dependency_links.txt
[5.447s] writing entry points to ../../build/UAVProcessing/UAVProcessing.egg-info/entry_points.txt
[5.448s] writing requirements to ../../build/UAVProcessing/UAVProcessing.egg-info/requires.txt
[5.448s] writing top-level names to ../../build/UAVProcessing/UAVProcessing.egg-info/top_level.txt
[5.513s] reading manifest file '../../build/UAVProcessing/UAVProcessing.egg-info/SOURCES.txt'
[5.514s] writing manifest file '../../build/UAVProcessing/UAVProcessing.egg-info/SOURCES.txt'
[5.514s] running build
[5.514s] running build_py
[5.514s] running install
[5.514s] running install_lib
[5.516s] copying /home/max/Desktop/VisionCode/Honours_a1797823_a1764124/ROS_Workspace/build/UAVProcessing/build/lib/UAVProcessing/UAVProcessing.py -> /home/max/Desktop/VisionCode/Honours_a1797823_a1764124/ROS_Workspace/install/UAVProcessing/lib/python3.8/site-packages/UAVProcessing
[5.516s] byte-compiling /home/max/Desktop/VisionCode/Honours_a1797823_a1764124/ROS_Workspace/install/UAVProcessing/lib/python3.8/site-packages/UAVProcessing/UAVProcessing.py to UAVProcessing.cpython-38.pyc
[5.518s] running install_data
[5.519s] running install_egg_info
[5.521s] removing '/home/max/Desktop/VisionCode/Honours_a1797823_a1764124/ROS_Workspace/install/UAVProcessing/lib/python3.8/site-packages/UAVProcessing-0.0.0-py3.8.egg-info' (and everything under it)
[5.521s] Copying ../../build/UAVProcessing/UAVProcessing.egg-info to /home/max/Desktop/VisionCode/Honours_a1797823_a1764124/ROS_Workspace/install/UAVProcessing/lib/python3.8/site-packages/UAVProcessing-0.0.0-py3.8.egg-info
[5.523s] running install_scripts
[5.552s] Installing UAVProcessing script to /home/max/Desktop/VisionCode/Honours_a1797823_a1764124/ROS_Workspace/install/UAVProcessing/lib/UAVProcessing
[5.552s] writing list of installed files to '/home/max/Desktop/VisionCode/Honours_a1797823_a1764124/ROS_Workspace/build/UAVProcessing/install.log'
