[2.512s] Invoking command in '/home/teamvision/Desktop/ROS_Workspace/Honours_a1797823_a1764124/ROS_Workspace/src/UGV2Main': PYTHONPATH=/home/teamvision/Desktop/ROS_Workspace/Honours_a1797823_a1764124/ROS_Workspace/src/build/UGV2Main/prefix_override:/home/teamvision/Desktop/ROS_Workspace/Honours_a1797823_a1764124/ROS_Workspace/src/install/UGV2Main/lib/python3.8/site-packages:${PYTHONPATH} /usr/bin/python3 setup.py egg_info --egg-base ../build/UGV2Main build --build-base /home/teamvision/Desktop/ROS_Workspace/Honours_a1797823_a1764124/ROS_Workspace/src/build/UGV2Main/build install --record /home/teamvision/Desktop/ROS_Workspace/Honours_a1797823_a1764124/ROS_Workspace/src/build/UGV2Main/install.log --install-scripts $base/lib/UGV2Main --single-version-externally-managed
[2.960s] running egg_info
[2.962s] writing ../build/UGV2Main/UGV2Main.egg-info/PKG-INFO
[2.962s] writing dependency_links to ../build/UGV2Main/UGV2Main.egg-info/dependency_links.txt
[2.962s] writing entry points to ../build/UGV2Main/UGV2Main.egg-info/entry_points.txt
[2.962s] writing requirements to ../build/UGV2Main/UGV2Main.egg-info/requires.txt
[2.962s] writing top-level names to ../build/UGV2Main/UGV2Main.egg-info/top_level.txt
[3.058s] reading manifest file '../build/UGV2Main/UGV2Main.egg-info/SOURCES.txt'
[3.060s] writing manifest file '../build/UGV2Main/UGV2Main.egg-info/SOURCES.txt'
[3.072s] running build
[3.072s] running build_py
[3.073s] copying UGV2Main/UGV2Main.py -> /home/teamvision/Desktop/ROS_Workspace/Honours_a1797823_a1764124/ROS_Workspace/src/build/UGV2Main/build/lib/UGV2Main
[3.075s] running install
[3.075s] running install_lib
[3.076s] copying /home/teamvision/Desktop/ROS_Workspace/Honours_a1797823_a1764124/ROS_Workspace/src/build/UGV2Main/build/lib/UGV2Main/UGV2Main.py -> /home/teamvision/Desktop/ROS_Workspace/Honours_a1797823_a1764124/ROS_Workspace/src/install/UGV2Main/lib/python3.8/site-packages/UGV2Main
[3.088s] byte-compiling /home/teamvision/Desktop/ROS_Workspace/Honours_a1797823_a1764124/ROS_Workspace/src/install/UGV2Main/lib/python3.8/site-packages/UGV2Main/UGV2Main.py to UGV2Main.cpython-38.pyc
[3.097s] running install_data
[3.109s] running install_egg_info
[3.112s] removing '/home/teamvision/Desktop/ROS_Workspace/Honours_a1797823_a1764124/ROS_Workspace/src/install/UGV2Main/lib/python3.8/site-packages/UGV2Main-0.0.0-py3.8.egg-info' (and everything under it)
[3.113s] Copying ../build/UGV2Main/UGV2Main.egg-info to /home/teamvision/Desktop/ROS_Workspace/Honours_a1797823_a1764124/ROS_Workspace/src/install/UGV2Main/lib/python3.8/site-packages/UGV2Main-0.0.0-py3.8.egg-info
[3.114s] running install_scripts
[3.188s] Installing UGV2Main script to /home/teamvision/Desktop/ROS_Workspace/Honours_a1797823_a1764124/ROS_Workspace/src/install/UGV2Main/lib/UGV2Main
[3.189s] writing list of installed files to '/home/teamvision/Desktop/ROS_Workspace/Honours_a1797823_a1764124/ROS_Workspace/src/build/UGV2Main/install.log'
[3.775s] Invoked command in '/home/teamvision/Desktop/ROS_Workspace/Honours_a1797823_a1764124/ROS_Workspace/src/UGV2Main' returned '0': PYTHONPATH=/home/teamvision/Desktop/ROS_Workspace/Honours_a1797823_a1764124/ROS_Workspace/src/build/UGV2Main/prefix_override:/home/teamvision/Desktop/ROS_Workspace/Honours_a1797823_a1764124/ROS_Workspace/src/install/UGV2Main/lib/python3.8/site-packages:${PYTHONPATH} /usr/bin/python3 setup.py egg_info --egg-base ../build/UGV2Main build --build-base /home/teamvision/Desktop/ROS_Workspace/Honours_a1797823_a1764124/ROS_Workspace/src/build/UGV2Main/build install --record /home/teamvision/Desktop/ROS_Workspace/Honours_a1797823_a1764124/ROS_Workspace/src/build/UGV2Main/install.log --install-scripts $base/lib/UGV2Main --single-version-externally-managed
