/home/teamvision/Desktop/ROS_Workspace/Honours_a1797823_a1764124/ROS_Workspace/src/install/path_planner_server/lib/python3.8/site-packages/path_planner_server/__init__.py
/home/teamvision/Desktop/ROS_Workspace/Honours_a1797823_a1764124/ROS_Workspace/src/install/path_planner_server/lib/python3.8/site-packages/path_planner_server/__pycache__/__init__.cpython-38.pyc
/home/teamvision/Desktop/ROS_Workspace/Honours_a1797823_a1764124/ROS_Workspace/src/install/path_planner_server/share/ament_index/resource_index/packages/path_planner_server
/home/teamvision/Desktop/ROS_Workspace/Honours_a1797823_a1764124/ROS_Workspace/src/install/path_planner_server/share/path_planner_server/package.xml
/home/teamvision/Desktop/ROS_Workspace/Honours_a1797823_a1764124/ROS_Workspace/src/install/path_planner_server/share/path_planner_server/launch/tb3_0_multi_navigation_launch (copy).py
/home/teamvision/Desktop/ROS_Workspace/Honours_a1797823_a1764124/ROS_Workspace/src/install/path_planner_server/share/path_planner_server/launch/multi_localization.launch.py
/home/teamvision/Desktop/ROS_Workspace/Honours_a1797823_a1764124/ROS_Workspace/src/install/path_planner_server/share/path_planner_server/launch/tb3_1_localization_launch (copy).py
/home/teamvision/Desktop/ROS_Workspace/Honours_a1797823_a1764124/ROS_Workspace/src/install/path_planner_server/share/path_planner_server/launch/tb3_1_multi_navigation_launch (copy).py
/home/teamvision/Desktop/ROS_Workspace/Honours_a1797823_a1764124/ROS_Workspace/src/install/path_planner_server/share/path_planner_server/launch/tb3_0_localization_launch.py
/home/teamvision/Desktop/ROS_Workspace/Honours_a1797823_a1764124/ROS_Workspace/src/install/path_planner_server/share/path_planner_server/launch/tb3_0_localization_launch (copy).py
/home/teamvision/Desktop/ROS_Workspace/Honours_a1797823_a1764124/ROS_Workspace/src/install/path_planner_server/share/path_planner_server/launch/map_server.launch.py
/home/teamvision/Desktop/ROS_Workspace/Honours_a1797823_a1764124/ROS_Workspace/src/install/path_planner_server/share/path_planner_server/launch/tb3_0_multi_navigation_launch.py
/home/teamvision/Desktop/ROS_Workspace/Honours_a1797823_a1764124/ROS_Workspace/src/install/path_planner_server/share/path_planner_server/launch/slam_launch.py
/home/teamvision/Desktop/ROS_Workspace/Honours_a1797823_a1764124/ROS_Workspace/src/install/path_planner_server/share/path_planner_server/launch/multi_localization_launch.py
/home/teamvision/Desktop/ROS_Workspace/Honours_a1797823_a1764124/ROS_Workspace/src/install/path_planner_server/share/path_planner_server/launch/tb3_1_bringup_launch.py
/home/teamvision/Desktop/ROS_Workspace/Honours_a1797823_a1764124/ROS_Workspace/src/install/path_planner_server/share/path_planner_server/launch/multi_navigation_launch.py
/home/teamvision/Desktop/ROS_Workspace/Honours_a1797823_a1764124/ROS_Workspace/src/install/path_planner_server/share/path_planner_server/launch/tb3_0_bringup_launch.py
/home/teamvision/Desktop/ROS_Workspace/Honours_a1797823_a1764124/ROS_Workspace/src/install/path_planner_server/share/path_planner_server/config/tb3_1_nav2_params.yaml
/home/teamvision/Desktop/ROS_Workspace/Honours_a1797823_a1764124/ROS_Workspace/src/install/path_planner_server/share/path_planner_server/config/tb3_0_nav2_params.yaml
/home/teamvision/Desktop/ROS_Workspace/Honours_a1797823_a1764124/ROS_Workspace/src/install/path_planner_server/share/path_planner_server/config/map.pgm
/home/teamvision/Desktop/ROS_Workspace/Honours_a1797823_a1764124/ROS_Workspace/src/install/path_planner_server/share/path_planner_server/config/map_test.yaml
/home/teamvision/Desktop/ROS_Workspace/Honours_a1797823_a1764124/ROS_Workspace/src/install/path_planner_server/share/path_planner_server/config/map.yaml
/home/teamvision/Desktop/ROS_Workspace/Honours_a1797823_a1764124/ROS_Workspace/src/install/path_planner_server/share/path_planner_server/config/map_test.pgm
/home/teamvision/Desktop/ROS_Workspace/Honours_a1797823_a1764124/ROS_Workspace/src/install/path_planner_server/share/path_planner_server/maps/turtlebot3_world.pgm
/home/teamvision/Desktop/ROS_Workspace/Honours_a1797823_a1764124/ROS_Workspace/src/install/path_planner_server/share/path_planner_server/maps/turtlebot3_world.yaml
/home/teamvision/Desktop/ROS_Workspace/Honours_a1797823_a1764124/ROS_Workspace/src/install/path_planner_server/lib/python3.8/site-packages/path_planner_server-0.0.0-py3.8.egg-info/dependency_links.txt
/home/teamvision/Desktop/ROS_Workspace/Honours_a1797823_a1764124/ROS_Workspace/src/install/path_planner_server/lib/python3.8/site-packages/path_planner_server-0.0.0-py3.8.egg-info/top_level.txt
/home/teamvision/Desktop/ROS_Workspace/Honours_a1797823_a1764124/ROS_Workspace/src/install/path_planner_server/lib/python3.8/site-packages/path_planner_server-0.0.0-py3.8.egg-info/entry_points.txt
/home/teamvision/Desktop/ROS_Workspace/Honours_a1797823_a1764124/ROS_Workspace/src/install/path_planner_server/lib/python3.8/site-packages/path_planner_server-0.0.0-py3.8.egg-info/PKG-INFO
/home/teamvision/Desktop/ROS_Workspace/Honours_a1797823_a1764124/ROS_Workspace/src/install/path_planner_server/lib/python3.8/site-packages/path_planner_server-0.0.0-py3.8.egg-info/requires.txt
/home/teamvision/Desktop/ROS_Workspace/Honours_a1797823_a1764124/ROS_Workspace/src/install/path_planner_server/lib/python3.8/site-packages/path_planner_server-0.0.0-py3.8.egg-info/zip-safe
/home/teamvision/Desktop/ROS_Workspace/Honours_a1797823_a1764124/ROS_Workspace/src/install/path_planner_server/lib/python3.8/site-packages/path_planner_server-0.0.0-py3.8.egg-info/SOURCES.txt
