[1.200s] Invoking command in '/home/max/Desktop/VisionCode/Honours_a1797823_a1764124/ROS_Workspace/src/cameraPub/build/cameraPub': PYTHONPATH=/home/max/Desktop/VisionCode/Honours_a1797823_a1764124/ROS_Workspace/src/cameraPub/build/cameraPub/prefix_override:/home/max/Desktop/VisionCode/Honours_a1797823_a1764124/ROS_Workspace/src/cameraPub/install/cameraPub/lib/python3.8/site-packages:${PYTHONPATH} /usr/bin/python3 setup.py develop --uninstall --editable --build-directory /home/max/Desktop/VisionCode/Honours_a1797823_a1764124/ROS_Workspace/src/cameraPub/build/cameraPub/build
[1.636s] running develop
[1.977s] Invoked command in '/home/max/Desktop/VisionCode/Honours_a1797823_a1764124/ROS_Workspace/src/cameraPub/build/cameraPub' returned '0': PYTHONPATH=/home/max/Desktop/VisionCode/Honours_a1797823_a1764124/ROS_Workspace/src/cameraPub/build/cameraPub/prefix_override:/home/max/Desktop/VisionCode/Honours_a1797823_a1764124/ROS_Workspace/src/cameraPub/install/cameraPub/lib/python3.8/site-packages:${PYTHONPATH} /usr/bin/python3 setup.py develop --uninstall --editable --build-directory /home/max/Desktop/VisionCode/Honours_a1797823_a1764124/ROS_Workspace/src/cameraPub/build/cameraPub/build
[1.981s] Invoking command in '/home/max/Desktop/VisionCode/Honours_a1797823_a1764124/ROS_Workspace/src/cameraPub': PYTHONPATH=/home/max/Desktop/VisionCode/Honours_a1797823_a1764124/ROS_Workspace/src/cameraPub/build/cameraPub/prefix_override:/home/max/Desktop/VisionCode/Honours_a1797823_a1764124/ROS_Workspace/src/cameraPub/install/cameraPub/lib/python3.8/site-packages:${PYTHONPATH} /usr/bin/python3 setup.py egg_info --egg-base build/cameraPub build --build-base /home/max/Desktop/VisionCode/Honours_a1797823_a1764124/ROS_Workspace/src/cameraPub/build/cameraPub/build install --record /home/max/Desktop/VisionCode/Honours_a1797823_a1764124/ROS_Workspace/src/cameraPub/build/cameraPub/install.log --install-scripts $base/lib/cameraPub --single-version-externally-managed
[2.392s] running egg_info
[2.392s] writing build/cameraPub/cameraPub.egg-info/PKG-INFO
[2.393s] writing dependency_links to build/cameraPub/cameraPub.egg-info/dependency_links.txt
[2.393s] writing entry points to build/cameraPub/cameraPub.egg-info/entry_points.txt
[2.394s] writing requirements to build/cameraPub/cameraPub.egg-info/requires.txt
[2.394s] writing top-level names to build/cameraPub/cameraPub.egg-info/top_level.txt
[2.466s] reading manifest file 'build/cameraPub/cameraPub.egg-info/SOURCES.txt'
[2.468s] writing manifest file 'build/cameraPub/cameraPub.egg-info/SOURCES.txt'
[2.468s] running build
[2.469s] running build_py
[2.469s] copying cameraPub/cameraPublisher.py -> /home/max/Desktop/VisionCode/Honours_a1797823_a1764124/ROS_Workspace/src/cameraPub/build/cameraPub/build/lib/cameraPub
[2.469s] running install
[2.471s] running install_lib
[2.472s] copying /home/max/Desktop/VisionCode/Honours_a1797823_a1764124/ROS_Workspace/src/cameraPub/build/cameraPub/build/lib/cameraPub/cameraPublisher.py -> /home/max/Desktop/VisionCode/Honours_a1797823_a1764124/ROS_Workspace/src/cameraPub/install/cameraPub/lib/python3.8/site-packages/cameraPub
[2.473s] byte-compiling /home/max/Desktop/VisionCode/Honours_a1797823_a1764124/ROS_Workspace/src/cameraPub/install/cameraPub/lib/python3.8/site-packages/cameraPub/cameraPublisher.py to cameraPublisher.cpython-38.pyc
[2.476s] running install_data
[2.477s] running install_egg_info
[2.479s] removing '/home/max/Desktop/VisionCode/Honours_a1797823_a1764124/ROS_Workspace/src/cameraPub/install/cameraPub/lib/python3.8/site-packages/cameraPub-0.0.0-py3.8.egg-info' (and everything under it)
[2.480s] Copying build/cameraPub/cameraPub.egg-info to /home/max/Desktop/VisionCode/Honours_a1797823_a1764124/ROS_Workspace/src/cameraPub/install/cameraPub/lib/python3.8/site-packages/cameraPub-0.0.0-py3.8.egg-info
[2.483s] running install_scripts
[2.512s] Installing cameraPub script to /home/max/Desktop/VisionCode/Honours_a1797823_a1764124/ROS_Workspace/src/cameraPub/install/cameraPub/lib/cameraPub
[2.513s] writing list of installed files to '/home/max/Desktop/VisionCode/Honours_a1797823_a1764124/ROS_Workspace/src/cameraPub/build/cameraPub/install.log'
[2.557s] Invoked command in '/home/max/Desktop/VisionCode/Honours_a1797823_a1764124/ROS_Workspace/src/cameraPub' returned '0': PYTHONPATH=/home/max/Desktop/VisionCode/Honours_a1797823_a1764124/ROS_Workspace/src/cameraPub/build/cameraPub/prefix_override:/home/max/Desktop/VisionCode/Honours_a1797823_a1764124/ROS_Workspace/src/cameraPub/install/cameraPub/lib/python3.8/site-packages:${PYTHONPATH} /usr/bin/python3 setup.py egg_info --egg-base build/cameraPub build --build-base /home/max/Desktop/VisionCode/Honours_a1797823_a1764124/ROS_Workspace/src/cameraPub/build/cameraPub/build install --record /home/max/Desktop/VisionCode/Honours_a1797823_a1764124/ROS_Workspace/src/cameraPub/build/cameraPub/install.log --install-scripts $base/lib/cameraPub --single-version-externally-managed
