[1.431s] Invoking command in '/home/teamvision/Desktop/ROS_Workspace/Honours_a1797823_a1764124/ROS_Workspace/src/cameraSub': PYTHONPATH=/home/teamvision/Desktop/ROS_Workspace/Honours_a1797823_a1764124/ROS_Workspace/src/build/cameraSub/prefix_override:/home/teamvision/Desktop/ROS_Workspace/Honours_a1797823_a1764124/ROS_Workspace/src/install/cameraSub/lib/python3.8/site-packages:${PYTHONPATH} /usr/bin/python3 setup.py egg_info --egg-base ../build/cameraSub build --build-base /home/teamvision/Desktop/ROS_Workspace/Honours_a1797823_a1764124/ROS_Workspace/src/build/cameraSub/build install --record /home/teamvision/Desktop/ROS_Workspace/Honours_a1797823_a1764124/ROS_Workspace/src/build/cameraSub/install.log --install-scripts $base/lib/cameraPub --single-version-externally-managed
[1.810s] running egg_info
[1.811s] writing ../build/cameraSub/cameraSub.egg-info/PKG-INFO
[1.814s] writing dependency_links to ../build/cameraSub/cameraSub.egg-info/dependency_links.txt
[1.816s] writing entry points to ../build/cameraSub/cameraSub.egg-info/entry_points.txt
[1.816s] writing requirements to ../build/cameraSub/cameraSub.egg-info/requires.txt
[1.816s] writing top-level names to ../build/cameraSub/cameraSub.egg-info/top_level.txt
[1.869s] reading manifest file '../build/cameraSub/cameraSub.egg-info/SOURCES.txt'
[1.881s] writing manifest file '../build/cameraSub/cameraSub.egg-info/SOURCES.txt'
[1.881s] running build
[1.881s] running build_py
[1.881s] running install
[1.881s] running install_lib
[1.881s] running install_data
[1.882s] running install_egg_info
[1.882s] removing '/home/teamvision/Desktop/ROS_Workspace/Honours_a1797823_a1764124/ROS_Workspace/src/install/cameraSub/lib/python3.8/site-packages/cameraSub-0.0.0-py3.8.egg-info' (and everything under it)
[1.882s] Copying ../build/cameraSub/cameraSub.egg-info to /home/teamvision/Desktop/ROS_Workspace/Honours_a1797823_a1764124/ROS_Workspace/src/install/cameraSub/lib/python3.8/site-packages/cameraSub-0.0.0-py3.8.egg-info
[1.882s] running install_scripts
[1.899s] Installing cameraSub script to /home/teamvision/Desktop/ROS_Workspace/Honours_a1797823_a1764124/ROS_Workspace/src/install/cameraSub/lib/cameraPub
[1.904s] writing list of installed files to '/home/teamvision/Desktop/ROS_Workspace/Honours_a1797823_a1764124/ROS_Workspace/src/build/cameraSub/install.log'
[1.965s] Invoked command in '/home/teamvision/Desktop/ROS_Workspace/Honours_a1797823_a1764124/ROS_Workspace/src/cameraSub' returned '0': PYTHONPATH=/home/teamvision/Desktop/ROS_Workspace/Honours_a1797823_a1764124/ROS_Workspace/src/build/cameraSub/prefix_override:/home/teamvision/Desktop/ROS_Workspace/Honours_a1797823_a1764124/ROS_Workspace/src/install/cameraSub/lib/python3.8/site-packages:${PYTHONPATH} /usr/bin/python3 setup.py egg_info --egg-base ../build/cameraSub build --build-base /home/teamvision/Desktop/ROS_Workspace/Honours_a1797823_a1764124/ROS_Workspace/src/build/cameraSub/build install --record /home/teamvision/Desktop/ROS_Workspace/Honours_a1797823_a1764124/ROS_Workspace/src/build/cameraSub/install.log --install-scripts $base/lib/cameraPub --single-version-externally-managed
