[1.576s] Invoking command in '/home/max/Desktop/VisionCode/Honours_a1797823_a1764124/ROS_Workspace/src/cameraPub': PYTHONPATH=/home/max/Desktop/VisionCode/Honours_a1797823_a1764124/ROS_Workspace/src/build/cameraPub/prefix_override:/home/max/Desktop/VisionCode/Honours_a1797823_a1764124/ROS_Workspace/src/install/cameraPub/lib/python3.8/site-packages:${PYTHONPATH} /usr/bin/python3 setup.py egg_info --egg-base ../build/cameraPub build --build-base /home/max/Desktop/VisionCode/Honours_a1797823_a1764124/ROS_Workspace/src/build/cameraPub/build install --record /home/max/Desktop/VisionCode/Honours_a1797823_a1764124/ROS_Workspace/src/build/cameraPub/install.log --install-scripts $base/lib/cameraPub --single-version-externally-managed
[1.767s] running egg_info
[1.768s] writing ../build/cameraPub/cameraPub.egg-info/PKG-INFO
[1.768s] writing dependency_links to ../build/cameraPub/cameraPub.egg-info/dependency_links.txt
[1.769s] writing entry points to ../build/cameraPub/cameraPub.egg-info/entry_points.txt
[1.769s] writing requirements to ../build/cameraPub/cameraPub.egg-info/requires.txt
[1.769s] writing top-level names to ../build/cameraPub/cameraPub.egg-info/top_level.txt
[1.797s] reading manifest file '../build/cameraPub/cameraPub.egg-info/SOURCES.txt'
[1.798s] writing manifest file '../build/cameraPub/cameraPub.egg-info/SOURCES.txt'
[1.798s] running build
[1.798s] running build_py
[1.798s] running install
[1.799s] running install_lib
[1.800s] running install_data
[1.801s] running install_egg_info
[1.802s] removing '/home/max/Desktop/VisionCode/Honours_a1797823_a1764124/ROS_Workspace/src/install/cameraPub/lib/python3.8/site-packages/cameraPub-0.0.0-py3.8.egg-info' (and everything under it)
[1.813s] Copying ../build/cameraPub/cameraPub.egg-info to /home/max/Desktop/VisionCode/Honours_a1797823_a1764124/ROS_Workspace/src/install/cameraPub/lib/python3.8/site-packages/cameraPub-0.0.0-py3.8.egg-info
[1.814s] running install_scripts
[1.836s] Installing cameraPub script to /home/max/Desktop/VisionCode/Honours_a1797823_a1764124/ROS_Workspace/src/install/cameraPub/lib/cameraPub
[1.836s] writing list of installed files to '/home/max/Desktop/VisionCode/Honours_a1797823_a1764124/ROS_Workspace/src/build/cameraPub/install.log'
