[0.248s] DEBUG:colcon:Command line arguments: ['/usr/bin/colcon', 'build']
[0.248s] DEBUG:colcon:Parsed command line arguments: Namespace(allow_overriding=[], ament_cmake_args=None, base_paths=['.'], build_base='build', catkin_cmake_args=None, catkin_skip_building_tests=False, cmake_args=None, cmake_clean_cache=False, cmake_clean_first=False, cmake_force_configure=False, cmake_target=None, cmake_target_skip_unavailable=False, continue_on_error=False, event_handlers=None, executor='parallel', ignore_user_meta=False, install_base='install', log_base=None, log_level=None, main=<bound method BuildVerb.main of <colcon_core.verb.build.BuildVerb object at 0x7fe21ba99ca0>>, merge_install=False, metas=['./colcon.meta'], packages_above=None, packages_above_and_dependencies=None, packages_above_depth=None, packages_end=None, packages_ignore=None, packages_ignore_regex=None, packages_select=None, packages_select_build_failed=False, packages_select_by_dep=None, packages_select_regex=None, packages_select_test_failures=False, packages_skip=None, packages_skip_build_finished=False, packages_skip_by_dep=None, packages_skip_regex=None, packages_skip_test_passed=False, packages_skip_up_to=None, packages_start=None, packages_up_to=None, packages_up_to_regex=None, parallel_workers=8, paths=None, symlink_install=False, test_result_base=None, verb_extension=<colcon_core.verb.build.BuildVerb object at 0x7fe21ba99ca0>, verb_name='build', verb_parser=<colcon_defaults.argument_parser.defaults.DefaultArgumentsDecorator object at 0x7fe21baa3250>)
[0.266s] Level 1:colcon.colcon_core.package_discovery:discover_packages(colcon_meta) check parameters
[0.267s] Level 1:colcon.colcon_core.package_discovery:discover_packages(recursive) check parameters
[0.267s] Level 1:colcon.colcon_core.package_discovery:discover_packages(ignore) check parameters
[0.267s] Level 1:colcon.colcon_core.package_discovery:discover_packages(path) check parameters
[0.267s] Level 1:colcon.colcon_core.package_discovery:discover_packages(colcon_meta) discover
[0.267s] Level 1:colcon.colcon_core.package_discovery:discover_packages(recursive) discover
[0.267s] INFO:colcon.colcon_core.package_discovery:Crawling recursively for packages in '/home/max/Desktop/VisionCode/Honours_a1797823_a1764124/ROS_Workspace/src'
[0.267s] Level 1:colcon.colcon_core.package_identification:_identify(.) by extensions ['ignore', 'ignore_ament_install']
[0.267s] Level 1:colcon.colcon_core.package_identification:_identify(.) by extension 'ignore'
[0.267s] Level 1:colcon.colcon_core.package_identification:_identify(.) by extension 'ignore_ament_install'
[0.267s] Level 1:colcon.colcon_core.package_identification:_identify(.) by extensions ['colcon_pkg']
[0.267s] Level 1:colcon.colcon_core.package_identification:_identify(.) by extension 'colcon_pkg'
[0.267s] Level 1:colcon.colcon_core.package_identification:_identify(.) by extensions ['colcon_meta']
[0.267s] Level 1:colcon.colcon_core.package_identification:_identify(.) by extension 'colcon_meta'
[0.267s] Level 1:colcon.colcon_core.package_identification:_identify(.) by extensions ['ros']
[0.267s] Level 1:colcon.colcon_core.package_identification:_identify(.) by extension 'ros'
[0.282s] Level 1:colcon.colcon_core.package_identification:_identify(.) by extensions ['cmake', 'python']
[0.282s] Level 1:colcon.colcon_core.package_identification:_identify(.) by extension 'cmake'
[0.282s] Level 1:colcon.colcon_core.package_identification:_identify(.) by extension 'python'
[0.282s] Level 1:colcon.colcon_core.package_identification:_identify(.) by extensions ['python_setup_py']
[0.282s] Level 1:colcon.colcon_core.package_identification:_identify(.) by extension 'python_setup_py'
[0.282s] Level 1:colcon.colcon_core.package_identification:_identify(UAVMain) by extensions ['ignore', 'ignore_ament_install']
[0.282s] Level 1:colcon.colcon_core.package_identification:_identify(UAVMain) by extension 'ignore'
[0.282s] Level 1:colcon.colcon_core.package_identification:_identify(UAVMain) by extension 'ignore_ament_install'
[0.282s] Level 1:colcon.colcon_core.package_identification:_identify(UAVMain) by extensions ['colcon_pkg']
[0.282s] Level 1:colcon.colcon_core.package_identification:_identify(UAVMain) by extension 'colcon_pkg'
[0.282s] Level 1:colcon.colcon_core.package_identification:_identify(UAVMain) by extensions ['colcon_meta']
[0.282s] Level 1:colcon.colcon_core.package_identification:_identify(UAVMain) by extension 'colcon_meta'
[0.282s] Level 1:colcon.colcon_core.package_identification:_identify(UAVMain) by extensions ['ros']
[0.282s] Level 1:colcon.colcon_core.package_identification:_identify(UAVMain) by extension 'ros'
[0.284s] DEBUG:colcon.colcon_core.package_identification:Package 'UAVMain' with type 'ros.ament_python' and name 'UAVMain'
[0.284s] Level 1:colcon.colcon_core.package_identification:_identify(UAVProcessing) by extensions ['ignore', 'ignore_ament_install']
[0.284s] Level 1:colcon.colcon_core.package_identification:_identify(UAVProcessing) by extension 'ignore'
[0.284s] Level 1:colcon.colcon_core.package_identification:_identify(UAVProcessing) by extension 'ignore_ament_install'
[0.284s] Level 1:colcon.colcon_core.package_identification:_identify(UAVProcessing) by extensions ['colcon_pkg']
[0.284s] Level 1:colcon.colcon_core.package_identification:_identify(UAVProcessing) by extension 'colcon_pkg'
[0.284s] Level 1:colcon.colcon_core.package_identification:_identify(UAVProcessing) by extensions ['colcon_meta']
[0.284s] Level 1:colcon.colcon_core.package_identification:_identify(UAVProcessing) by extension 'colcon_meta'
[0.284s] Level 1:colcon.colcon_core.package_identification:_identify(UAVProcessing) by extensions ['ros']
[0.284s] Level 1:colcon.colcon_core.package_identification:_identify(UAVProcessing) by extension 'ros'
[0.285s] DEBUG:colcon.colcon_core.package_identification:Package 'UAVProcessing' with type 'ros.ament_python' and name 'UAVProcessing'
[0.285s] Level 1:colcon.colcon_core.package_identification:_identify(UAVVision) by extensions ['ignore', 'ignore_ament_install']
[0.285s] Level 1:colcon.colcon_core.package_identification:_identify(UAVVision) by extension 'ignore'
[0.285s] Level 1:colcon.colcon_core.package_identification:_identify(UAVVision) by extension 'ignore_ament_install'
[0.285s] Level 1:colcon.colcon_core.package_identification:_identify(UAVVision) by extensions ['colcon_pkg']
[0.285s] Level 1:colcon.colcon_core.package_identification:_identify(UAVVision) by extension 'colcon_pkg'
[0.285s] Level 1:colcon.colcon_core.package_identification:_identify(UAVVision) by extensions ['colcon_meta']
[0.285s] Level 1:colcon.colcon_core.package_identification:_identify(UAVVision) by extension 'colcon_meta'
[0.285s] Level 1:colcon.colcon_core.package_identification:_identify(UAVVision) by extensions ['ros']
[0.285s] Level 1:colcon.colcon_core.package_identification:_identify(UAVVision) by extension 'ros'
[0.285s] DEBUG:colcon.colcon_core.package_identification:Package 'UAVVision' with type 'ros.ament_python' and name 'UAVVision'
[0.285s] Level 1:colcon.colcon_core.package_identification:_identify(UGV1Vision) by extensions ['ignore', 'ignore_ament_install']
[0.285s] Level 1:colcon.colcon_core.package_identification:_identify(UGV1Vision) by extension 'ignore'
[0.285s] Level 1:colcon.colcon_core.package_identification:_identify(UGV1Vision) by extension 'ignore_ament_install'
[0.285s] Level 1:colcon.colcon_core.package_identification:_identify(UGV1Vision) by extensions ['colcon_pkg']
[0.286s] Level 1:colcon.colcon_core.package_identification:_identify(UGV1Vision) by extension 'colcon_pkg'
[0.286s] Level 1:colcon.colcon_core.package_identification:_identify(UGV1Vision) by extensions ['colcon_meta']
[0.286s] Level 1:colcon.colcon_core.package_identification:_identify(UGV1Vision) by extension 'colcon_meta'
[0.286s] Level 1:colcon.colcon_core.package_identification:_identify(UGV1Vision) by extensions ['ros']
[0.286s] Level 1:colcon.colcon_core.package_identification:_identify(UGV1Vision) by extension 'ros'
[0.286s] DEBUG:colcon.colcon_core.package_identification:Package 'UGV1Vision' with type 'ros.ament_python' and name 'UGV1Vision'
[0.286s] Level 1:colcon.colcon_core.package_identification:_identify(build) by extensions ['ignore', 'ignore_ament_install']
[0.286s] Level 1:colcon.colcon_core.package_identification:_identify(build) by extension 'ignore'
[0.286s] Level 1:colcon.colcon_core.package_identification:_identify(build) ignored
[0.286s] Level 1:colcon.colcon_core.package_identification:_identify(cameraPub) by extensions ['ignore', 'ignore_ament_install']
[0.286s] Level 1:colcon.colcon_core.package_identification:_identify(cameraPub) by extension 'ignore'
[0.286s] Level 1:colcon.colcon_core.package_identification:_identify(cameraPub) by extension 'ignore_ament_install'
[0.286s] Level 1:colcon.colcon_core.package_identification:_identify(cameraPub) by extensions ['colcon_pkg']
[0.286s] Level 1:colcon.colcon_core.package_identification:_identify(cameraPub) by extension 'colcon_pkg'
[0.286s] Level 1:colcon.colcon_core.package_identification:_identify(cameraPub) by extensions ['colcon_meta']
[0.286s] Level 1:colcon.colcon_core.package_identification:_identify(cameraPub) by extension 'colcon_meta'
[0.286s] Level 1:colcon.colcon_core.package_identification:_identify(cameraPub) by extensions ['ros']
[0.286s] Level 1:colcon.colcon_core.package_identification:_identify(cameraPub) by extension 'ros'
[0.287s] DEBUG:colcon.colcon_core.package_identification:Package 'cameraPub' with type 'ros.ament_python' and name 'cameraPub'
[0.287s] Level 1:colcon.colcon_core.package_identification:_identify(cameraSub) by extensions ['ignore', 'ignore_ament_install']
[0.287s] Level 1:colcon.colcon_core.package_identification:_identify(cameraSub) by extension 'ignore'
[0.287s] Level 1:colcon.colcon_core.package_identification:_identify(cameraSub) by extension 'ignore_ament_install'
[0.287s] Level 1:colcon.colcon_core.package_identification:_identify(cameraSub) by extensions ['colcon_pkg']
[0.287s] Level 1:colcon.colcon_core.package_identification:_identify(cameraSub) by extension 'colcon_pkg'
[0.287s] Level 1:colcon.colcon_core.package_identification:_identify(cameraSub) by extensions ['colcon_meta']
[0.287s] Level 1:colcon.colcon_core.package_identification:_identify(cameraSub) by extension 'colcon_meta'
[0.287s] Level 1:colcon.colcon_core.package_identification:_identify(cameraSub) by extensions ['ros']
[0.287s] Level 1:colcon.colcon_core.package_identification:_identify(cameraSub) by extension 'ros'
[0.287s] DEBUG:colcon.colcon_core.package_identification:Package 'cameraSub' with type 'ros.ament_python' and name 'cameraSub'
[0.287s] Level 1:colcon.colcon_core.package_identification:_identify(custom_msgs) by extensions ['ignore', 'ignore_ament_install']
[0.288s] Level 1:colcon.colcon_core.package_identification:_identify(custom_msgs) by extension 'ignore'
[0.288s] Level 1:colcon.colcon_core.package_identification:_identify(custom_msgs) by extension 'ignore_ament_install'
[0.288s] Level 1:colcon.colcon_core.package_identification:_identify(custom_msgs) by extensions ['colcon_pkg']
[0.288s] Level 1:colcon.colcon_core.package_identification:_identify(custom_msgs) by extension 'colcon_pkg'
[0.288s] Level 1:colcon.colcon_core.package_identification:_identify(custom_msgs) by extensions ['colcon_meta']
[0.288s] Level 1:colcon.colcon_core.package_identification:_identify(custom_msgs) by extension 'colcon_meta'
[0.288s] Level 1:colcon.colcon_core.package_identification:_identify(custom_msgs) by extensions ['ros']
[0.288s] Level 1:colcon.colcon_core.package_identification:_identify(custom_msgs) by extension 'ros'
[0.288s] DEBUG:colcon.colcon_core.package_identification:Package 'custom_msgs' with type 'ros.ament_cmake' and name 'custom_msgs'
[0.288s] Level 1:colcon.colcon_core.package_identification:_identify(install) by extensions ['ignore', 'ignore_ament_install']
[0.288s] Level 1:colcon.colcon_core.package_identification:_identify(install) by extension 'ignore'
[0.288s] Level 1:colcon.colcon_core.package_identification:_identify(install) ignored
[0.288s] Level 1:colcon.colcon_core.package_identification:_identify(log) by extensions ['ignore', 'ignore_ament_install']
[0.288s] Level 1:colcon.colcon_core.package_identification:_identify(log) by extension 'ignore'
[0.288s] Level 1:colcon.colcon_core.package_identification:_identify(log) ignored
[0.288s] Level 1:colcon.colcon_core.package_identification:_identify(turtlebot3_navigation) by extensions ['ignore', 'ignore_ament_install']
[0.288s] Level 1:colcon.colcon_core.package_identification:_identify(turtlebot3_navigation) by extension 'ignore'
[0.288s] Level 1:colcon.colcon_core.package_identification:_identify(turtlebot3_navigation) by extension 'ignore_ament_install'
[0.289s] Level 1:colcon.colcon_core.package_identification:_identify(turtlebot3_navigation) by extensions ['colcon_pkg']
[0.289s] Level 1:colcon.colcon_core.package_identification:_identify(turtlebot3_navigation) by extension 'colcon_pkg'
[0.289s] Level 1:colcon.colcon_core.package_identification:_identify(turtlebot3_navigation) by extensions ['colcon_meta']
[0.289s] Level 1:colcon.colcon_core.package_identification:_identify(turtlebot3_navigation) by extension 'colcon_meta'
[0.289s] Level 1:colcon.colcon_core.package_identification:_identify(turtlebot3_navigation) by extensions ['ros']
[0.289s] Level 1:colcon.colcon_core.package_identification:_identify(turtlebot3_navigation) by extension 'ros'
[0.289s] DEBUG:colcon.colcon_core.package_identification:Package 'turtlebot3_navigation' with type 'ros.ament_python' and name 'turtlebot3_navigation'
[0.289s] Level 1:colcon.colcon_core.package_discovery:discover_packages(recursive) using defaults
[0.289s] Level 1:colcon.colcon_core.package_discovery:discover_packages(ignore) discover
[0.289s] Level 1:colcon.colcon_core.package_discovery:discover_packages(ignore) using defaults
[0.289s] Level 1:colcon.colcon_core.package_discovery:discover_packages(path) discover
[0.289s] Level 1:colcon.colcon_core.package_discovery:discover_packages(path) using defaults
[0.303s] Level 1:colcon.colcon_core.package_discovery:discover_packages(prefix_path) check parameters
[0.303s] Level 1:colcon.colcon_core.package_discovery:discover_packages(prefix_path) discover
[0.305s] DEBUG:colcon.colcon_installed_package_information.package_discovery:Found 332 installed packages in /opt/ros/foxy
[0.307s] DEBUG:colcon.colcon_installed_package_information.package_discovery:Found 268 installed packages in /opt/ros/galactic
[0.313s] Level 1:colcon.colcon_core.package_discovery:discover_packages(prefix_path) using defaults
[0.402s] Level 5:colcon.colcon_core.verb:set package 'UAVMain' build argument 'cmake_args' from command line to 'None'
[0.402s] Level 5:colcon.colcon_core.verb:set package 'UAVMain' build argument 'cmake_target' from command line to 'None'
[0.402s] Level 5:colcon.colcon_core.verb:set package 'UAVMain' build argument 'cmake_target_skip_unavailable' from command line to 'False'
[0.402s] Level 5:colcon.colcon_core.verb:set package 'UAVMain' build argument 'cmake_clean_cache' from command line to 'False'
[0.402s] Level 5:colcon.colcon_core.verb:set package 'UAVMain' build argument 'cmake_clean_first' from command line to 'False'
[0.402s] Level 5:colcon.colcon_core.verb:set package 'UAVMain' build argument 'cmake_force_configure' from command line to 'False'
[0.402s] Level 5:colcon.colcon_core.verb:set package 'UAVMain' build argument 'ament_cmake_args' from command line to 'None'
[0.402s] Level 5:colcon.colcon_core.verb:set package 'UAVMain' build argument 'catkin_cmake_args' from command line to 'None'
[0.402s] Level 5:colcon.colcon_core.verb:set package 'UAVMain' build argument 'catkin_skip_building_tests' from command line to 'False'
[0.402s] DEBUG:colcon.colcon_core.verb:Building package 'UAVMain' with the following arguments: {'ament_cmake_args': None, 'build_base': '/home/max/Desktop/VisionCode/Honours_a1797823_a1764124/ROS_Workspace/src/build/UAVMain', 'catkin_cmake_args': None, 'catkin_skip_building_tests': False, 'cmake_args': None, 'cmake_clean_cache': False, 'cmake_clean_first': False, 'cmake_force_configure': False, 'cmake_target': None, 'cmake_target_skip_unavailable': False, 'install_base': '/home/max/Desktop/VisionCode/Honours_a1797823_a1764124/ROS_Workspace/src/install/UAVMain', 'merge_install': False, 'path': '/home/max/Desktop/VisionCode/Honours_a1797823_a1764124/ROS_Workspace/src/UAVMain', 'symlink_install': False, 'test_result_base': None}
[0.403s] Level 5:colcon.colcon_core.verb:set package 'UAVProcessing' build argument 'cmake_args' from command line to 'None'
[0.403s] Level 5:colcon.colcon_core.verb:set package 'UAVProcessing' build argument 'cmake_target' from command line to 'None'
[0.403s] Level 5:colcon.colcon_core.verb:set package 'UAVProcessing' build argument 'cmake_target_skip_unavailable' from command line to 'False'
[0.403s] Level 5:colcon.colcon_core.verb:set package 'UAVProcessing' build argument 'cmake_clean_cache' from command line to 'False'
[0.403s] Level 5:colcon.colcon_core.verb:set package 'UAVProcessing' build argument 'cmake_clean_first' from command line to 'False'
[0.403s] Level 5:colcon.colcon_core.verb:set package 'UAVProcessing' build argument 'cmake_force_configure' from command line to 'False'
[0.403s] Level 5:colcon.colcon_core.verb:set package 'UAVProcessing' build argument 'ament_cmake_args' from command line to 'None'
[0.403s] Level 5:colcon.colcon_core.verb:set package 'UAVProcessing' build argument 'catkin_cmake_args' from command line to 'None'
[0.403s] Level 5:colcon.colcon_core.verb:set package 'UAVProcessing' build argument 'catkin_skip_building_tests' from command line to 'False'
[0.403s] DEBUG:colcon.colcon_core.verb:Building package 'UAVProcessing' with the following arguments: {'ament_cmake_args': None, 'build_base': '/home/max/Desktop/VisionCode/Honours_a1797823_a1764124/ROS_Workspace/src/build/UAVProcessing', 'catkin_cmake_args': None, 'catkin_skip_building_tests': False, 'cmake_args': None, 'cmake_clean_cache': False, 'cmake_clean_first': False, 'cmake_force_configure': False, 'cmake_target': None, 'cmake_target_skip_unavailable': False, 'install_base': '/home/max/Desktop/VisionCode/Honours_a1797823_a1764124/ROS_Workspace/src/install/UAVProcessing', 'merge_install': False, 'path': '/home/max/Desktop/VisionCode/Honours_a1797823_a1764124/ROS_Workspace/src/UAVProcessing', 'symlink_install': False, 'test_result_base': None}
[0.404s] Level 5:colcon.colcon_core.verb:set package 'UAVVision' build argument 'cmake_args' from command line to 'None'
[0.404s] Level 5:colcon.colcon_core.verb:set package 'UAVVision' build argument 'cmake_target' from command line to 'None'
[0.404s] Level 5:colcon.colcon_core.verb:set package 'UAVVision' build argument 'cmake_target_skip_unavailable' from command line to 'False'
[0.404s] Level 5:colcon.colcon_core.verb:set package 'UAVVision' build argument 'cmake_clean_cache' from command line to 'False'
[0.404s] Level 5:colcon.colcon_core.verb:set package 'UAVVision' build argument 'cmake_clean_first' from command line to 'False'
[0.404s] Level 5:colcon.colcon_core.verb:set package 'UAVVision' build argument 'cmake_force_configure' from command line to 'False'
[0.404s] Level 5:colcon.colcon_core.verb:set package 'UAVVision' build argument 'ament_cmake_args' from command line to 'None'
[0.404s] Level 5:colcon.colcon_core.verb:set package 'UAVVision' build argument 'catkin_cmake_args' from command line to 'None'
[0.404s] Level 5:colcon.colcon_core.verb:set package 'UAVVision' build argument 'catkin_skip_building_tests' from command line to 'False'
[0.404s] DEBUG:colcon.colcon_core.verb:Building package 'UAVVision' with the following arguments: {'ament_cmake_args': None, 'build_base': '/home/max/Desktop/VisionCode/Honours_a1797823_a1764124/ROS_Workspace/src/build/UAVVision', 'catkin_cmake_args': None, 'catkin_skip_building_tests': False, 'cmake_args': None, 'cmake_clean_cache': False, 'cmake_clean_first': False, 'cmake_force_configure': False, 'cmake_target': None, 'cmake_target_skip_unavailable': False, 'install_base': '/home/max/Desktop/VisionCode/Honours_a1797823_a1764124/ROS_Workspace/src/install/UAVVision', 'merge_install': False, 'path': '/home/max/Desktop/VisionCode/Honours_a1797823_a1764124/ROS_Workspace/src/UAVVision', 'symlink_install': False, 'test_result_base': None}
[0.405s] Level 5:colcon.colcon_core.verb:set package 'UGV1Vision' build argument 'cmake_args' from command line to 'None'
[0.405s] Level 5:colcon.colcon_core.verb:set package 'UGV1Vision' build argument 'cmake_target' from command line to 'None'
[0.405s] Level 5:colcon.colcon_core.verb:set package 'UGV1Vision' build argument 'cmake_target_skip_unavailable' from command line to 'False'
[0.405s] Level 5:colcon.colcon_core.verb:set package 'UGV1Vision' build argument 'cmake_clean_cache' from command line to 'False'
[0.405s] Level 5:colcon.colcon_core.verb:set package 'UGV1Vision' build argument 'cmake_clean_first' from command line to 'False'
[0.405s] Level 5:colcon.colcon_core.verb:set package 'UGV1Vision' build argument 'cmake_force_configure' from command line to 'False'
[0.405s] Level 5:colcon.colcon_core.verb:set package 'UGV1Vision' build argument 'ament_cmake_args' from command line to 'None'
[0.405s] Level 5:colcon.colcon_core.verb:set package 'UGV1Vision' build argument 'catkin_cmake_args' from command line to 'None'
[0.405s] Level 5:colcon.colcon_core.verb:set package 'UGV1Vision' build argument 'catkin_skip_building_tests' from command line to 'False'
[0.405s] DEBUG:colcon.colcon_core.verb:Building package 'UGV1Vision' with the following arguments: {'ament_cmake_args': None, 'build_base': '/home/max/Desktop/VisionCode/Honours_a1797823_a1764124/ROS_Workspace/src/build/UGV1Vision', 'catkin_cmake_args': None, 'catkin_skip_building_tests': False, 'cmake_args': None, 'cmake_clean_cache': False, 'cmake_clean_first': False, 'cmake_force_configure': False, 'cmake_target': None, 'cmake_target_skip_unavailable': False, 'install_base': '/home/max/Desktop/VisionCode/Honours_a1797823_a1764124/ROS_Workspace/src/install/UGV1Vision', 'merge_install': False, 'path': '/home/max/Desktop/VisionCode/Honours_a1797823_a1764124/ROS_Workspace/src/UGV1Vision', 'symlink_install': False, 'test_result_base': None}
[0.406s] Level 5:colcon.colcon_core.verb:set package 'cameraPub' build argument 'cmake_args' from command line to 'None'
[0.406s] Level 5:colcon.colcon_core.verb:set package 'cameraPub' build argument 'cmake_target' from command line to 'None'
[0.406s] Level 5:colcon.colcon_core.verb:set package 'cameraPub' build argument 'cmake_target_skip_unavailable' from command line to 'False'
[0.406s] Level 5:colcon.colcon_core.verb:set package 'cameraPub' build argument 'cmake_clean_cache' from command line to 'False'
[0.406s] Level 5:colcon.colcon_core.verb:set package 'cameraPub' build argument 'cmake_clean_first' from command line to 'False'
[0.406s] Level 5:colcon.colcon_core.verb:set package 'cameraPub' build argument 'cmake_force_configure' from command line to 'False'
[0.406s] Level 5:colcon.colcon_core.verb:set package 'cameraPub' build argument 'ament_cmake_args' from command line to 'None'
[0.406s] Level 5:colcon.colcon_core.verb:set package 'cameraPub' build argument 'catkin_cmake_args' from command line to 'None'
[0.406s] Level 5:colcon.colcon_core.verb:set package 'cameraPub' build argument 'catkin_skip_building_tests' from command line to 'False'
[0.406s] DEBUG:colcon.colcon_core.verb:Building package 'cameraPub' with the following arguments: {'ament_cmake_args': None, 'build_base': '/home/max/Desktop/VisionCode/Honours_a1797823_a1764124/ROS_Workspace/src/build/cameraPub', 'catkin_cmake_args': None, 'catkin_skip_building_tests': False, 'cmake_args': None, 'cmake_clean_cache': False, 'cmake_clean_first': False, 'cmake_force_configure': False, 'cmake_target': None, 'cmake_target_skip_unavailable': False, 'install_base': '/home/max/Desktop/VisionCode/Honours_a1797823_a1764124/ROS_Workspace/src/install/cameraPub', 'merge_install': False, 'path': '/home/max/Desktop/VisionCode/Honours_a1797823_a1764124/ROS_Workspace/src/cameraPub', 'symlink_install': False, 'test_result_base': None}
[0.406s] Level 5:colcon.colcon_core.verb:set package 'cameraSub' build argument 'cmake_args' from command line to 'None'
[0.406s] Level 5:colcon.colcon_core.verb:set package 'cameraSub' build argument 'cmake_target' from command line to 'None'
[0.406s] Level 5:colcon.colcon_core.verb:set package 'cameraSub' build argument 'cmake_target_skip_unavailable' from command line to 'False'
[0.406s] Level 5:colcon.colcon_core.verb:set package 'cameraSub' build argument 'cmake_clean_cache' from command line to 'False'
[0.406s] Level 5:colcon.colcon_core.verb:set package 'cameraSub' build argument 'cmake_clean_first' from command line to 'False'
[0.406s] Level 5:colcon.colcon_core.verb:set package 'cameraSub' build argument 'cmake_force_configure' from command line to 'False'
[0.406s] Level 5:colcon.colcon_core.verb:set package 'cameraSub' build argument 'ament_cmake_args' from command line to 'None'
[0.406s] Level 5:colcon.colcon_core.verb:set package 'cameraSub' build argument 'catkin_cmake_args' from command line to 'None'
[0.406s] Level 5:colcon.colcon_core.verb:set package 'cameraSub' build argument 'catkin_skip_building_tests' from command line to 'False'
[0.406s] DEBUG:colcon.colcon_core.verb:Building package 'cameraSub' with the following arguments: {'ament_cmake_args': None, 'build_base': '/home/max/Desktop/VisionCode/Honours_a1797823_a1764124/ROS_Workspace/src/build/cameraSub', 'catkin_cmake_args': None, 'catkin_skip_building_tests': False, 'cmake_args': None, 'cmake_clean_cache': False, 'cmake_clean_first': False, 'cmake_force_configure': False, 'cmake_target': None, 'cmake_target_skip_unavailable': False, 'install_base': '/home/max/Desktop/VisionCode/Honours_a1797823_a1764124/ROS_Workspace/src/install/cameraSub', 'merge_install': False, 'path': '/home/max/Desktop/VisionCode/Honours_a1797823_a1764124/ROS_Workspace/src/cameraSub', 'symlink_install': False, 'test_result_base': None}
[0.407s] Level 5:colcon.colcon_core.verb:set package 'custom_msgs' build argument 'cmake_args' from command line to 'None'
[0.407s] Level 5:colcon.colcon_core.verb:set package 'custom_msgs' build argument 'cmake_target' from command line to 'None'
[0.407s] Level 5:colcon.colcon_core.verb:set package 'custom_msgs' build argument 'cmake_target_skip_unavailable' from command line to 'False'
[0.407s] Level 5:colcon.colcon_core.verb:set package 'custom_msgs' build argument 'cmake_clean_cache' from command line to 'False'
[0.407s] Level 5:colcon.colcon_core.verb:set package 'custom_msgs' build argument 'cmake_clean_first' from command line to 'False'
[0.407s] Level 5:colcon.colcon_core.verb:set package 'custom_msgs' build argument 'cmake_force_configure' from command line to 'False'
[0.407s] Level 5:colcon.colcon_core.verb:set package 'custom_msgs' build argument 'ament_cmake_args' from command line to 'None'
[0.407s] Level 5:colcon.colcon_core.verb:set package 'custom_msgs' build argument 'catkin_cmake_args' from command line to 'None'
[0.407s] Level 5:colcon.colcon_core.verb:set package 'custom_msgs' build argument 'catkin_skip_building_tests' from command line to 'False'
[0.407s] DEBUG:colcon.colcon_core.verb:Building package 'custom_msgs' with the following arguments: {'ament_cmake_args': None, 'build_base': '/home/max/Desktop/VisionCode/Honours_a1797823_a1764124/ROS_Workspace/src/build/custom_msgs', 'catkin_cmake_args': None, 'catkin_skip_building_tests': False, 'cmake_args': None, 'cmake_clean_cache': False, 'cmake_clean_first': False, 'cmake_force_configure': False, 'cmake_target': None, 'cmake_target_skip_unavailable': False, 'install_base': '/home/max/Desktop/VisionCode/Honours_a1797823_a1764124/ROS_Workspace/src/install/custom_msgs', 'merge_install': False, 'path': '/home/max/Desktop/VisionCode/Honours_a1797823_a1764124/ROS_Workspace/src/custom_msgs', 'symlink_install': False, 'test_result_base': None}
[0.408s] Level 5:colcon.colcon_core.verb:set package 'turtlebot3_navigation' build argument 'cmake_args' from command line to 'None'
[0.408s] Level 5:colcon.colcon_core.verb:set package 'turtlebot3_navigation' build argument 'cmake_target' from command line to 'None'
[0.408s] Level 5:colcon.colcon_core.verb:set package 'turtlebot3_navigation' build argument 'cmake_target_skip_unavailable' from command line to 'False'
[0.408s] Level 5:colcon.colcon_core.verb:set package 'turtlebot3_navigation' build argument 'cmake_clean_cache' from command line to 'False'
[0.408s] Level 5:colcon.colcon_core.verb:set package 'turtlebot3_navigation' build argument 'cmake_clean_first' from command line to 'False'
[0.408s] Level 5:colcon.colcon_core.verb:set package 'turtlebot3_navigation' build argument 'cmake_force_configure' from command line to 'False'
[0.408s] Level 5:colcon.colcon_core.verb:set package 'turtlebot3_navigation' build argument 'ament_cmake_args' from command line to 'None'
[0.408s] Level 5:colcon.colcon_core.verb:set package 'turtlebot3_navigation' build argument 'catkin_cmake_args' from command line to 'None'
[0.408s] Level 5:colcon.colcon_core.verb:set package 'turtlebot3_navigation' build argument 'catkin_skip_building_tests' from command line to 'False'
[0.408s] DEBUG:colcon.colcon_core.verb:Building package 'turtlebot3_navigation' with the following arguments: {'ament_cmake_args': None, 'build_base': '/home/max/Desktop/VisionCode/Honours_a1797823_a1764124/ROS_Workspace/src/build/turtlebot3_navigation', 'catkin_cmake_args': None, 'catkin_skip_building_tests': False, 'cmake_args': None, 'cmake_clean_cache': False, 'cmake_clean_first': False, 'cmake_force_configure': False, 'cmake_target': None, 'cmake_target_skip_unavailable': False, 'install_base': '/home/max/Desktop/VisionCode/Honours_a1797823_a1764124/ROS_Workspace/src/install/turtlebot3_navigation', 'merge_install': False, 'path': '/home/max/Desktop/VisionCode/Honours_a1797823_a1764124/ROS_Workspace/src/turtlebot3_navigation', 'symlink_install': False, 'test_result_base': None}
[0.408s] INFO:colcon.colcon_core.executor:Executing jobs using 'parallel' executor
[0.411s] DEBUG:colcon.colcon_parallel_executor.executor.parallel:run_until_complete
[0.411s] INFO:colcon.colcon_ros.task.ament_python.build:Building ROS package in '/home/max/Desktop/VisionCode/Honours_a1797823_a1764124/ROS_Workspace/src/UAVMain' with build type 'ament_python'
[0.411s] Level 1:colcon.colcon_core.shell:create_environment_hook('UAVMain', 'ament_prefix_path')
[0.415s] INFO:colcon.colcon_core.plugin_system:Skipping extension 'colcon_core.shell.bat': Not used on non-Windows systems
[0.415s] INFO:colcon.colcon_core.shell:Creating environment hook '/home/max/Desktop/VisionCode/Honours_a1797823_a1764124/ROS_Workspace/src/install/UAVMain/share/UAVMain/hook/ament_prefix_path.ps1'
[0.416s] INFO:colcon.colcon_core.shell:Creating environment descriptor '/home/max/Desktop/VisionCode/Honours_a1797823_a1764124/ROS_Workspace/src/install/UAVMain/share/UAVMain/hook/ament_prefix_path.dsv'
[0.416s] INFO:colcon.colcon_core.shell:Creating environment hook '/home/max/Desktop/VisionCode/Honours_a1797823_a1764124/ROS_Workspace/src/install/UAVMain/share/UAVMain/hook/ament_prefix_path.sh'
[0.417s] INFO:colcon.colcon_core.shell:Skip shell extension 'powershell' for command environment: Not usable outside of PowerShell
[0.417s] DEBUG:colcon.colcon_core.shell:Skip shell extension 'dsv' for command environment
[0.422s] INFO:colcon.colcon_ros.task.ament_python.build:Building ROS package in '/home/max/Desktop/VisionCode/Honours_a1797823_a1764124/ROS_Workspace/src/UAVProcessing' with build type 'ament_python'
[0.422s] Level 1:colcon.colcon_core.shell:create_environment_hook('UAVProcessing', 'ament_prefix_path')
[0.423s] INFO:colcon.colcon_core.shell:Creating environment hook '/home/max/Desktop/VisionCode/Honours_a1797823_a1764124/ROS_Workspace/src/install/UAVProcessing/share/UAVProcessing/hook/ament_prefix_path.ps1'
[0.424s] INFO:colcon.colcon_core.shell:Creating environment descriptor '/home/max/Desktop/VisionCode/Honours_a1797823_a1764124/ROS_Workspace/src/install/UAVProcessing/share/UAVProcessing/hook/ament_prefix_path.dsv'
[0.425s] INFO:colcon.colcon_core.shell:Creating environment hook '/home/max/Desktop/VisionCode/Honours_a1797823_a1764124/ROS_Workspace/src/install/UAVProcessing/share/UAVProcessing/hook/ament_prefix_path.sh'
[0.426s] INFO:colcon.colcon_core.shell:Skip shell extension 'powershell' for command environment: Not usable outside of PowerShell
[0.426s] DEBUG:colcon.colcon_core.shell:Skip shell extension 'dsv' for command environment
[0.430s] INFO:colcon.colcon_ros.task.ament_python.build:Building ROS package in '/home/max/Desktop/VisionCode/Honours_a1797823_a1764124/ROS_Workspace/src/UAVVision' with build type 'ament_python'
[0.430s] Level 1:colcon.colcon_core.shell:create_environment_hook('UAVVision', 'ament_prefix_path')
[0.431s] INFO:colcon.colcon_core.shell:Creating environment hook '/home/max/Desktop/VisionCode/Honours_a1797823_a1764124/ROS_Workspace/src/install/UAVVision/share/UAVVision/hook/ament_prefix_path.ps1'
[0.432s] INFO:colcon.colcon_core.shell:Creating environment descriptor '/home/max/Desktop/VisionCode/Honours_a1797823_a1764124/ROS_Workspace/src/install/UAVVision/share/UAVVision/hook/ament_prefix_path.dsv'
[0.432s] INFO:colcon.colcon_core.shell:Creating environment hook '/home/max/Desktop/VisionCode/Honours_a1797823_a1764124/ROS_Workspace/src/install/UAVVision/share/UAVVision/hook/ament_prefix_path.sh'
[0.433s] INFO:colcon.colcon_core.shell:Skip shell extension 'powershell' for command environment: Not usable outside of PowerShell
[0.433s] DEBUG:colcon.colcon_core.shell:Skip shell extension 'dsv' for command environment
[0.438s] INFO:colcon.colcon_ros.task.ament_python.build:Building ROS package in '/home/max/Desktop/VisionCode/Honours_a1797823_a1764124/ROS_Workspace/src/UGV1Vision' with build type 'ament_python'
[0.438s] Level 1:colcon.colcon_core.shell:create_environment_hook('UGV1Vision', 'ament_prefix_path')
[0.439s] INFO:colcon.colcon_core.shell:Creating environment hook '/home/max/Desktop/VisionCode/Honours_a1797823_a1764124/ROS_Workspace/src/install/UGV1Vision/share/UGV1Vision/hook/ament_prefix_path.ps1'
[0.440s] INFO:colcon.colcon_core.shell:Creating environment descriptor '/home/max/Desktop/VisionCode/Honours_a1797823_a1764124/ROS_Workspace/src/install/UGV1Vision/share/UGV1Vision/hook/ament_prefix_path.dsv'
[0.441s] INFO:colcon.colcon_core.shell:Creating environment hook '/home/max/Desktop/VisionCode/Honours_a1797823_a1764124/ROS_Workspace/src/install/UGV1Vision/share/UGV1Vision/hook/ament_prefix_path.sh'
[0.442s] INFO:colcon.colcon_core.shell:Skip shell extension 'powershell' for command environment: Not usable outside of PowerShell
[0.442s] DEBUG:colcon.colcon_core.shell:Skip shell extension 'dsv' for command environment
[0.447s] INFO:colcon.colcon_ros.task.ament_python.build:Building ROS package in '/home/max/Desktop/VisionCode/Honours_a1797823_a1764124/ROS_Workspace/src/cameraPub' with build type 'ament_python'
[0.447s] Level 1:colcon.colcon_core.shell:create_environment_hook('cameraPub', 'ament_prefix_path')
[0.449s] INFO:colcon.colcon_core.shell:Creating environment hook '/home/max/Desktop/VisionCode/Honours_a1797823_a1764124/ROS_Workspace/src/install/cameraPub/share/cameraPub/hook/ament_prefix_path.ps1'
[0.449s] INFO:colcon.colcon_core.shell:Creating environment descriptor '/home/max/Desktop/VisionCode/Honours_a1797823_a1764124/ROS_Workspace/src/install/cameraPub/share/cameraPub/hook/ament_prefix_path.dsv'
[0.450s] INFO:colcon.colcon_core.shell:Creating environment hook '/home/max/Desktop/VisionCode/Honours_a1797823_a1764124/ROS_Workspace/src/install/cameraPub/share/cameraPub/hook/ament_prefix_path.sh'
[0.451s] INFO:colcon.colcon_core.shell:Skip shell extension 'powershell' for command environment: Not usable outside of PowerShell
[0.451s] DEBUG:colcon.colcon_core.shell:Skip shell extension 'dsv' for command environment
[0.455s] INFO:colcon.colcon_ros.task.ament_python.build:Building ROS package in '/home/max/Desktop/VisionCode/Honours_a1797823_a1764124/ROS_Workspace/src/cameraSub' with build type 'ament_python'
[0.456s] Level 1:colcon.colcon_core.shell:create_environment_hook('cameraSub', 'ament_prefix_path')
[0.457s] INFO:colcon.colcon_core.shell:Creating environment hook '/home/max/Desktop/VisionCode/Honours_a1797823_a1764124/ROS_Workspace/src/install/cameraSub/share/cameraSub/hook/ament_prefix_path.ps1'
[0.457s] INFO:colcon.colcon_core.shell:Creating environment descriptor '/home/max/Desktop/VisionCode/Honours_a1797823_a1764124/ROS_Workspace/src/install/cameraSub/share/cameraSub/hook/ament_prefix_path.dsv'
[0.457s] INFO:colcon.colcon_core.shell:Creating environment hook '/home/max/Desktop/VisionCode/Honours_a1797823_a1764124/ROS_Workspace/src/install/cameraSub/share/cameraSub/hook/ament_prefix_path.sh'
[0.458s] INFO:colcon.colcon_core.shell:Skip shell extension 'powershell' for command environment: Not usable outside of PowerShell
[0.459s] DEBUG:colcon.colcon_core.shell:Skip shell extension 'dsv' for command environment
[0.463s] INFO:colcon.colcon_ros.task.ament_cmake.build:Building ROS package in '/home/max/Desktop/VisionCode/Honours_a1797823_a1764124/ROS_Workspace/src/custom_msgs' with build type 'ament_cmake'
[0.463s] INFO:colcon.colcon_cmake.task.cmake.build:Building CMake package in '/home/max/Desktop/VisionCode/Honours_a1797823_a1764124/ROS_Workspace/src/custom_msgs'
[0.465s] INFO:colcon.colcon_core.shell:Skip shell extension 'powershell' for command environment: Not usable outside of PowerShell
[0.465s] DEBUG:colcon.colcon_core.shell:Skip shell extension 'dsv' for command environment
[0.469s] INFO:colcon.colcon_ros.task.ament_python.build:Building ROS package in '/home/max/Desktop/VisionCode/Honours_a1797823_a1764124/ROS_Workspace/src/turtlebot3_navigation' with build type 'ament_python'
[0.470s] Level 1:colcon.colcon_core.shell:create_environment_hook('turtlebot3_navigation', 'ament_prefix_path')
[0.470s] INFO:colcon.colcon_core.shell:Creating environment hook '/home/max/Desktop/VisionCode/Honours_a1797823_a1764124/ROS_Workspace/src/install/turtlebot3_navigation/share/turtlebot3_navigation/hook/ament_prefix_path.ps1'
[0.471s] INFO:colcon.colcon_core.shell:Creating environment descriptor '/home/max/Desktop/VisionCode/Honours_a1797823_a1764124/ROS_Workspace/src/install/turtlebot3_navigation/share/turtlebot3_navigation/hook/ament_prefix_path.dsv'
[0.472s] INFO:colcon.colcon_core.shell:Creating environment hook '/home/max/Desktop/VisionCode/Honours_a1797823_a1764124/ROS_Workspace/src/install/turtlebot3_navigation/share/turtlebot3_navigation/hook/ament_prefix_path.sh'
[0.473s] INFO:colcon.colcon_core.shell:Skip shell extension 'powershell' for command environment: Not usable outside of PowerShell
[0.473s] DEBUG:colcon.colcon_core.shell:Skip shell extension 'dsv' for command environment
[0.629s] INFO:colcon.colcon_core.task.python.build:Building Python package in '/home/max/Desktop/VisionCode/Honours_a1797823_a1764124/ROS_Workspace/src/UAVMain'
[0.630s] INFO:colcon.colcon_core.shell:Skip shell extension 'powershell' for command environment: Not usable outside of PowerShell
[0.631s] DEBUG:colcon.colcon_core.shell:Skip shell extension 'dsv' for command environment
[0.786s] INFO:colcon.colcon_core.task.python.build:Building Python package in '/home/max/Desktop/VisionCode/Honours_a1797823_a1764124/ROS_Workspace/src/UAVProcessing'
[0.787s] INFO:colcon.colcon_core.shell:Skip shell extension 'powershell' for command environment: Not usable outside of PowerShell
[0.788s] DEBUG:colcon.colcon_core.shell:Skip shell extension 'dsv' for command environment
[0.948s] INFO:colcon.colcon_core.task.python.build:Building Python package in '/home/max/Desktop/VisionCode/Honours_a1797823_a1764124/ROS_Workspace/src/UAVVision'
[0.949s] INFO:colcon.colcon_core.shell:Skip shell extension 'powershell' for command environment: Not usable outside of PowerShell
[0.950s] DEBUG:colcon.colcon_core.shell:Skip shell extension 'dsv' for command environment
[1.111s] INFO:colcon.colcon_core.task.python.build:Building Python package in '/home/max/Desktop/VisionCode/Honours_a1797823_a1764124/ROS_Workspace/src/UGV1Vision'
[1.114s] INFO:colcon.colcon_core.shell:Skip shell extension 'powershell' for command environment: Not usable outside of PowerShell
[1.114s] DEBUG:colcon.colcon_core.shell:Skip shell extension 'dsv' for command environment
[1.270s] INFO:colcon.colcon_core.task.python.build:Building Python package in '/home/max/Desktop/VisionCode/Honours_a1797823_a1764124/ROS_Workspace/src/cameraPub'
[1.272s] INFO:colcon.colcon_core.shell:Skip shell extension 'powershell' for command environment: Not usable outside of PowerShell
[1.272s] DEBUG:colcon.colcon_core.shell:Skip shell extension 'dsv' for command environment
[1.432s] INFO:colcon.colcon_core.task.python.build:Building Python package in '/home/max/Desktop/VisionCode/Honours_a1797823_a1764124/ROS_Workspace/src/cameraSub'
[1.434s] INFO:colcon.colcon_core.shell:Skip shell extension 'powershell' for command environment: Not usable outside of PowerShell
[1.434s] DEBUG:colcon.colcon_core.shell:Skip shell extension 'dsv' for command environment
[1.443s] DEBUG:colcon.colcon_core.event_handler.log_command:Invoking command in '/home/max/Desktop/VisionCode/Honours_a1797823_a1764124/ROS_Workspace/src/build/custom_msgs': CMAKE_PREFIX_PATH=/opt/ros/foxy:/opt/ros/galactic /usr/bin/cmake --build /home/max/Desktop/VisionCode/Honours_a1797823_a1764124/ROS_Workspace/src/build/custom_msgs -- -j8 -l8
[1.603s] INFO:colcon.colcon_core.task.python.build:Building Python package in '/home/max/Desktop/VisionCode/Honours_a1797823_a1764124/ROS_Workspace/src/turtlebot3_navigation'
[1.605s] INFO:colcon.colcon_core.shell:Skip shell extension 'powershell' for command environment: Not usable outside of PowerShell
[1.605s] DEBUG:colcon.colcon_core.shell:Skip shell extension 'dsv' for command environment
[1.947s] DEBUG:colcon.colcon_core.event_handler.log_command:Invoking command in '/home/max/Desktop/VisionCode/Honours_a1797823_a1764124/ROS_Workspace/src/UAVProcessing': PYTHONPATH=/home/max/Desktop/VisionCode/Honours_a1797823_a1764124/ROS_Workspace/src/build/UAVProcessing/prefix_override:/home/max/Desktop/VisionCode/Honours_a1797823_a1764124/ROS_Workspace/src/install/UAVProcessing/lib/python3.8/site-packages:${PYTHONPATH} /usr/bin/python3 setup.py egg_info --egg-base ../build/UAVProcessing build --build-base /home/max/Desktop/VisionCode/Honours_a1797823_a1764124/ROS_Workspace/src/build/UAVProcessing/build install --record /home/max/Desktop/VisionCode/Honours_a1797823_a1764124/ROS_Workspace/src/build/UAVProcessing/install.log --install-scripts $base/lib/UAVProcessing --single-version-externally-managed
[1.960s] DEBUG:colcon.colcon_core.event_handler.log_command:Invoking command in '/home/max/Desktop/VisionCode/Honours_a1797823_a1764124/ROS_Workspace/src/UAVVision': PYTHONPATH=/home/max/Desktop/VisionCode/Honours_a1797823_a1764124/ROS_Workspace/src/build/UAVVision/prefix_override:/home/max/Desktop/VisionCode/Honours_a1797823_a1764124/ROS_Workspace/src/install/UAVVision/lib/python3.8/site-packages:${PYTHONPATH} /usr/bin/python3 setup.py egg_info --egg-base ../build/UAVVision build --build-base /home/max/Desktop/VisionCode/Honours_a1797823_a1764124/ROS_Workspace/src/build/UAVVision/build install --record /home/max/Desktop/VisionCode/Honours_a1797823_a1764124/ROS_Workspace/src/build/UAVVision/install.log --install-scripts $base/lib/UAVVision --single-version-externally-managed
[1.967s] DEBUG:colcon.colcon_core.event_handler.log_command:Invoking command in '/home/max/Desktop/VisionCode/Honours_a1797823_a1764124/ROS_Workspace/src/UAVMain': PYTHONPATH=/home/max/Desktop/VisionCode/Honours_a1797823_a1764124/ROS_Workspace/src/build/UAVMain/prefix_override:/home/max/Desktop/VisionCode/Honours_a1797823_a1764124/ROS_Workspace/src/install/UAVMain/lib/python3.8/site-packages:${PYTHONPATH} /usr/bin/python3 setup.py egg_info --egg-base ../build/UAVMain build --build-base /home/max/Desktop/VisionCode/Honours_a1797823_a1764124/ROS_Workspace/src/build/UAVMain/build install --record /home/max/Desktop/VisionCode/Honours_a1797823_a1764124/ROS_Workspace/src/build/UAVMain/install.log --install-scripts $base/lib/UAVMain --single-version-externally-managed
[1.989s] DEBUG:colcon.colcon_core.event_handler.log_command:Invoking command in '/home/max/Desktop/VisionCode/Honours_a1797823_a1764124/ROS_Workspace/src/UGV1Vision': PYTHONPATH=/home/max/Desktop/VisionCode/Honours_a1797823_a1764124/ROS_Workspace/src/build/UGV1Vision/prefix_override:/home/max/Desktop/VisionCode/Honours_a1797823_a1764124/ROS_Workspace/src/install/UGV1Vision/lib/python3.8/site-packages:${PYTHONPATH} /usr/bin/python3 setup.py egg_info --egg-base ../build/UGV1Vision build --build-base /home/max/Desktop/VisionCode/Honours_a1797823_a1764124/ROS_Workspace/src/build/UGV1Vision/build install --record /home/max/Desktop/VisionCode/Honours_a1797823_a1764124/ROS_Workspace/src/build/UGV1Vision/install.log --install-scripts $base/lib/UGV1Vision --single-version-externally-managed
[2.016s] DEBUG:colcon.colcon_core.event_handler.log_command:Invoking command in '/home/max/Desktop/VisionCode/Honours_a1797823_a1764124/ROS_Workspace/src/cameraPub': PYTHONPATH=/home/max/Desktop/VisionCode/Honours_a1797823_a1764124/ROS_Workspace/src/build/cameraPub/prefix_override:/home/max/Desktop/VisionCode/Honours_a1797823_a1764124/ROS_Workspace/src/install/cameraPub/lib/python3.8/site-packages:${PYTHONPATH} /usr/bin/python3 setup.py egg_info --egg-base ../build/cameraPub build --build-base /home/max/Desktop/VisionCode/Honours_a1797823_a1764124/ROS_Workspace/src/build/cameraPub/build install --record /home/max/Desktop/VisionCode/Honours_a1797823_a1764124/ROS_Workspace/src/build/cameraPub/install.log --install-scripts $base/lib/cameraPub --single-version-externally-managed
[2.024s] DEBUG:colcon.colcon_core.event_handler.log_command:Invoking command in '/home/max/Desktop/VisionCode/Honours_a1797823_a1764124/ROS_Workspace/src/cameraSub': PYTHONPATH=/home/max/Desktop/VisionCode/Honours_a1797823_a1764124/ROS_Workspace/src/build/cameraSub/prefix_override:/home/max/Desktop/VisionCode/Honours_a1797823_a1764124/ROS_Workspace/src/install/cameraSub/lib/python3.8/site-packages:${PYTHONPATH} /usr/bin/python3 setup.py egg_info --egg-base ../build/cameraSub build --build-base /home/max/Desktop/VisionCode/Honours_a1797823_a1764124/ROS_Workspace/src/build/cameraSub/build install --record /home/max/Desktop/VisionCode/Honours_a1797823_a1764124/ROS_Workspace/src/build/cameraSub/install.log --install-scripts $base/lib/cameraPub --single-version-externally-managed
[2.027s] DEBUG:colcon.colcon_core.event_handler.log_command:Invoking command in '/home/max/Desktop/VisionCode/Honours_a1797823_a1764124/ROS_Workspace/src/turtlebot3_navigation': PYTHONPATH=/home/max/Desktop/VisionCode/Honours_a1797823_a1764124/ROS_Workspace/src/build/turtlebot3_navigation/prefix_override:/home/max/Desktop/VisionCode/Honours_a1797823_a1764124/ROS_Workspace/src/install/turtlebot3_navigation/lib/python3.8/site-packages:${PYTHONPATH} /usr/bin/python3 setup.py egg_info --egg-base ../build/turtlebot3_navigation build --build-base /home/max/Desktop/VisionCode/Honours_a1797823_a1764124/ROS_Workspace/src/build/turtlebot3_navigation/build install --record /home/max/Desktop/VisionCode/Honours_a1797823_a1764124/ROS_Workspace/src/build/turtlebot3_navigation/install.log --install-scripts $base/lib/turtlebot3_navigation --single-version-externally-managed
[2.212s] Level 1:colcon.colcon_core.environment:checking '/home/max/Desktop/VisionCode/Honours_a1797823_a1764124/ROS_Workspace/src/install/UAVProcessing' for CMake module files
[2.213s] Level 1:colcon.colcon_core.environment:checking '/home/max/Desktop/VisionCode/Honours_a1797823_a1764124/ROS_Workspace/src/install/UAVProcessing' for CMake config files
[2.213s] Level 1:colcon.colcon_core.environment:checking '/home/max/Desktop/VisionCode/Honours_a1797823_a1764124/ROS_Workspace/src/install/UAVProcessing/lib'
[2.214s] DEBUG:colcon.colcon_core.event_handler.log_command:Invoked command in '/home/max/Desktop/VisionCode/Honours_a1797823_a1764124/ROS_Workspace/src/UAVProcessing' returned '0': PYTHONPATH=/home/max/Desktop/VisionCode/Honours_a1797823_a1764124/ROS_Workspace/src/build/UAVProcessing/prefix_override:/home/max/Desktop/VisionCode/Honours_a1797823_a1764124/ROS_Workspace/src/install/UAVProcessing/lib/python3.8/site-packages:${PYTHONPATH} /usr/bin/python3 setup.py egg_info --egg-base ../build/UAVProcessing build --build-base /home/max/Desktop/VisionCode/Honours_a1797823_a1764124/ROS_Workspace/src/build/UAVProcessing/build install --record /home/max/Desktop/VisionCode/Honours_a1797823_a1764124/ROS_Workspace/src/build/UAVProcessing/install.log --install-scripts $base/lib/UAVProcessing --single-version-externally-managed
[2.215s] Level 1:colcon.colcon_core.environment:checking '/home/max/Desktop/VisionCode/Honours_a1797823_a1764124/ROS_Workspace/src/install/UAVProcessing/bin'
[2.215s] Level 1:colcon.colcon_core.environment:checking '/home/max/Desktop/VisionCode/Honours_a1797823_a1764124/ROS_Workspace/src/install/UAVProcessing/lib/pkgconfig/UAVProcessing.pc'
[2.216s] Level 1:colcon.colcon_core.environment:checking '/home/max/Desktop/VisionCode/Honours_a1797823_a1764124/ROS_Workspace/src/install/UAVProcessing/lib/python3.8/site-packages'
[2.216s] Level 1:colcon.colcon_core.shell:create_environment_hook('UAVProcessing', 'pythonpath')
[2.217s] INFO:colcon.colcon_core.shell:Creating environment hook '/home/max/Desktop/VisionCode/Honours_a1797823_a1764124/ROS_Workspace/src/install/UAVProcessing/share/UAVProcessing/hook/pythonpath.ps1'
[2.218s] INFO:colcon.colcon_core.shell:Creating environment descriptor '/home/max/Desktop/VisionCode/Honours_a1797823_a1764124/ROS_Workspace/src/install/UAVProcessing/share/UAVProcessing/hook/pythonpath.dsv'
[2.218s] INFO:colcon.colcon_core.shell:Creating environment hook '/home/max/Desktop/VisionCode/Honours_a1797823_a1764124/ROS_Workspace/src/install/UAVProcessing/share/UAVProcessing/hook/pythonpath.sh'
[2.219s] Level 1:colcon.colcon_core.environment:checking '/home/max/Desktop/VisionCode/Honours_a1797823_a1764124/ROS_Workspace/src/install/UAVProcessing/bin'
[2.219s] Level 1:colcon.colcon_core.environment:create_environment_scripts_only(UAVProcessing)
[2.221s] INFO:colcon.colcon_core.shell:Creating package script '/home/max/Desktop/VisionCode/Honours_a1797823_a1764124/ROS_Workspace/src/install/UAVProcessing/share/UAVProcessing/package.ps1'
[2.221s] INFO:colcon.colcon_core.shell:Creating package descriptor '/home/max/Desktop/VisionCode/Honours_a1797823_a1764124/ROS_Workspace/src/install/UAVProcessing/share/UAVProcessing/package.dsv'
[2.222s] INFO:colcon.colcon_core.shell:Creating package script '/home/max/Desktop/VisionCode/Honours_a1797823_a1764124/ROS_Workspace/src/install/UAVProcessing/share/UAVProcessing/package.sh'
[2.223s] INFO:colcon.colcon_core.shell:Creating package script '/home/max/Desktop/VisionCode/Honours_a1797823_a1764124/ROS_Workspace/src/install/UAVProcessing/share/UAVProcessing/package.bash'
[2.224s] INFO:colcon.colcon_core.shell:Creating package script '/home/max/Desktop/VisionCode/Honours_a1797823_a1764124/ROS_Workspace/src/install/UAVProcessing/share/UAVProcessing/package.zsh'
[2.224s] Level 1:colcon.colcon_core.environment:create_file_with_runtime_dependencies(/home/max/Desktop/VisionCode/Honours_a1797823_a1764124/ROS_Workspace/src/install/UAVProcessing/share/colcon-core/packages/UAVProcessing)
[2.227s] Level 1:colcon.colcon_core.environment:checking '/home/max/Desktop/VisionCode/Honours_a1797823_a1764124/ROS_Workspace/src/install/UAVVision' for CMake module files
[2.228s] DEBUG:colcon.colcon_core.event_handler.log_command:Invoked command in '/home/max/Desktop/VisionCode/Honours_a1797823_a1764124/ROS_Workspace/src/UAVVision' returned '0': PYTHONPATH=/home/max/Desktop/VisionCode/Honours_a1797823_a1764124/ROS_Workspace/src/build/UAVVision/prefix_override:/home/max/Desktop/VisionCode/Honours_a1797823_a1764124/ROS_Workspace/src/install/UAVVision/lib/python3.8/site-packages:${PYTHONPATH} /usr/bin/python3 setup.py egg_info --egg-base ../build/UAVVision build --build-base /home/max/Desktop/VisionCode/Honours_a1797823_a1764124/ROS_Workspace/src/build/UAVVision/build install --record /home/max/Desktop/VisionCode/Honours_a1797823_a1764124/ROS_Workspace/src/build/UAVVision/install.log --install-scripts $base/lib/UAVVision --single-version-externally-managed
[2.229s] Level 1:colcon.colcon_core.environment:checking '/home/max/Desktop/VisionCode/Honours_a1797823_a1764124/ROS_Workspace/src/install/UAVVision' for CMake config files
[2.230s] Level 1:colcon.colcon_core.environment:checking '/home/max/Desktop/VisionCode/Honours_a1797823_a1764124/ROS_Workspace/src/install/UAVVision/lib'
[2.230s] Level 1:colcon.colcon_core.environment:checking '/home/max/Desktop/VisionCode/Honours_a1797823_a1764124/ROS_Workspace/src/install/UAVVision/bin'
[2.230s] Level 1:colcon.colcon_core.environment:checking '/home/max/Desktop/VisionCode/Honours_a1797823_a1764124/ROS_Workspace/src/install/UAVVision/lib/pkgconfig/UAVVision.pc'
[2.230s] Level 1:colcon.colcon_core.environment:checking '/home/max/Desktop/VisionCode/Honours_a1797823_a1764124/ROS_Workspace/src/install/UAVVision/lib/python3.8/site-packages'
[2.231s] Level 1:colcon.colcon_core.shell:create_environment_hook('UAVVision', 'pythonpath')
[2.232s] INFO:colcon.colcon_core.shell:Creating environment hook '/home/max/Desktop/VisionCode/Honours_a1797823_a1764124/ROS_Workspace/src/install/UAVVision/share/UAVVision/hook/pythonpath.ps1'
[2.233s] INFO:colcon.colcon_core.shell:Creating environment descriptor '/home/max/Desktop/VisionCode/Honours_a1797823_a1764124/ROS_Workspace/src/install/UAVVision/share/UAVVision/hook/pythonpath.dsv'
[2.234s] INFO:colcon.colcon_core.shell:Creating environment hook '/home/max/Desktop/VisionCode/Honours_a1797823_a1764124/ROS_Workspace/src/install/UAVVision/share/UAVVision/hook/pythonpath.sh'
[2.234s] Level 1:colcon.colcon_core.environment:checking '/home/max/Desktop/VisionCode/Honours_a1797823_a1764124/ROS_Workspace/src/install/UAVVision/bin'
[2.234s] Level 1:colcon.colcon_core.environment:create_environment_scripts_only(UAVVision)
[2.239s] INFO:colcon.colcon_core.shell:Creating package script '/home/max/Desktop/VisionCode/Honours_a1797823_a1764124/ROS_Workspace/src/install/UAVVision/share/UAVVision/package.ps1'
[2.241s] INFO:colcon.colcon_core.shell:Creating package descriptor '/home/max/Desktop/VisionCode/Honours_a1797823_a1764124/ROS_Workspace/src/install/UAVVision/share/UAVVision/package.dsv'
[2.241s] INFO:colcon.colcon_core.shell:Creating package script '/home/max/Desktop/VisionCode/Honours_a1797823_a1764124/ROS_Workspace/src/install/UAVVision/share/UAVVision/package.sh'
[2.242s] INFO:colcon.colcon_core.shell:Creating package script '/home/max/Desktop/VisionCode/Honours_a1797823_a1764124/ROS_Workspace/src/install/UAVVision/share/UAVVision/package.bash'
[2.242s] INFO:colcon.colcon_core.shell:Creating package script '/home/max/Desktop/VisionCode/Honours_a1797823_a1764124/ROS_Workspace/src/install/UAVVision/share/UAVVision/package.zsh'
[2.245s] Level 1:colcon.colcon_core.environment:create_file_with_runtime_dependencies(/home/max/Desktop/VisionCode/Honours_a1797823_a1764124/ROS_Workspace/src/install/UAVVision/share/colcon-core/packages/UAVVision)
[2.251s] Level 1:colcon.colcon_core.environment:checking '/home/max/Desktop/VisionCode/Honours_a1797823_a1764124/ROS_Workspace/src/install/UAVMain' for CMake module files
[2.254s] DEBUG:colcon.colcon_core.event_handler.log_command:Invoked command in '/home/max/Desktop/VisionCode/Honours_a1797823_a1764124/ROS_Workspace/src/UAVMain' returned '0': PYTHONPATH=/home/max/Desktop/VisionCode/Honours_a1797823_a1764124/ROS_Workspace/src/build/UAVMain/prefix_override:/home/max/Desktop/VisionCode/Honours_a1797823_a1764124/ROS_Workspace/src/install/UAVMain/lib/python3.8/site-packages:${PYTHONPATH} /usr/bin/python3 setup.py egg_info --egg-base ../build/UAVMain build --build-base /home/max/Desktop/VisionCode/Honours_a1797823_a1764124/ROS_Workspace/src/build/UAVMain/build install --record /home/max/Desktop/VisionCode/Honours_a1797823_a1764124/ROS_Workspace/src/build/UAVMain/install.log --install-scripts $base/lib/UAVMain --single-version-externally-managed
[2.254s] Level 1:colcon.colcon_core.environment:checking '/home/max/Desktop/VisionCode/Honours_a1797823_a1764124/ROS_Workspace/src/install/UAVMain' for CMake config files
[2.255s] Level 1:colcon.colcon_core.environment:checking '/home/max/Desktop/VisionCode/Honours_a1797823_a1764124/ROS_Workspace/src/install/UAVMain/lib'
[2.255s] Level 1:colcon.colcon_core.environment:checking '/home/max/Desktop/VisionCode/Honours_a1797823_a1764124/ROS_Workspace/src/install/UAVMain/bin'
[2.255s] Level 1:colcon.colcon_core.environment:checking '/home/max/Desktop/VisionCode/Honours_a1797823_a1764124/ROS_Workspace/src/install/UAVMain/lib/pkgconfig/UAVMain.pc'
[2.255s] Level 1:colcon.colcon_core.environment:checking '/home/max/Desktop/VisionCode/Honours_a1797823_a1764124/ROS_Workspace/src/install/UAVMain/lib/python3.8/site-packages'
[2.255s] Level 1:colcon.colcon_core.shell:create_environment_hook('UAVMain', 'pythonpath')
[2.256s] INFO:colcon.colcon_core.shell:Creating environment hook '/home/max/Desktop/VisionCode/Honours_a1797823_a1764124/ROS_Workspace/src/install/UAVMain/share/UAVMain/hook/pythonpath.ps1'
[2.257s] INFO:colcon.colcon_core.shell:Creating environment descriptor '/home/max/Desktop/VisionCode/Honours_a1797823_a1764124/ROS_Workspace/src/install/UAVMain/share/UAVMain/hook/pythonpath.dsv'
[2.257s] INFO:colcon.colcon_core.shell:Creating environment hook '/home/max/Desktop/VisionCode/Honours_a1797823_a1764124/ROS_Workspace/src/install/UAVMain/share/UAVMain/hook/pythonpath.sh'
[2.258s] Level 1:colcon.colcon_core.environment:checking '/home/max/Desktop/VisionCode/Honours_a1797823_a1764124/ROS_Workspace/src/install/UAVMain/bin'
[2.258s] Level 1:colcon.colcon_core.environment:create_environment_scripts_only(UAVMain)
[2.259s] INFO:colcon.colcon_core.shell:Creating package script '/home/max/Desktop/VisionCode/Honours_a1797823_a1764124/ROS_Workspace/src/install/UAVMain/share/UAVMain/package.ps1'
[2.259s] INFO:colcon.colcon_core.shell:Creating package descriptor '/home/max/Desktop/VisionCode/Honours_a1797823_a1764124/ROS_Workspace/src/install/UAVMain/share/UAVMain/package.dsv'
[2.260s] INFO:colcon.colcon_core.shell:Creating package script '/home/max/Desktop/VisionCode/Honours_a1797823_a1764124/ROS_Workspace/src/install/UAVMain/share/UAVMain/package.sh'
[2.260s] INFO:colcon.colcon_core.shell:Creating package script '/home/max/Desktop/VisionCode/Honours_a1797823_a1764124/ROS_Workspace/src/install/UAVMain/share/UAVMain/package.bash'
[2.262s] INFO:colcon.colcon_core.shell:Creating package script '/home/max/Desktop/VisionCode/Honours_a1797823_a1764124/ROS_Workspace/src/install/UAVMain/share/UAVMain/package.zsh'
[2.263s] Level 1:colcon.colcon_core.environment:create_file_with_runtime_dependencies(/home/max/Desktop/VisionCode/Honours_a1797823_a1764124/ROS_Workspace/src/install/UAVMain/share/colcon-core/packages/UAVMain)
[2.268s] Level 1:colcon.colcon_core.environment:checking '/home/max/Desktop/VisionCode/Honours_a1797823_a1764124/ROS_Workspace/src/install/UGV1Vision' for CMake module files
[2.269s] DEBUG:colcon.colcon_core.event_handler.log_command:Invoked command in '/home/max/Desktop/VisionCode/Honours_a1797823_a1764124/ROS_Workspace/src/UGV1Vision' returned '0': PYTHONPATH=/home/max/Desktop/VisionCode/Honours_a1797823_a1764124/ROS_Workspace/src/build/UGV1Vision/prefix_override:/home/max/Desktop/VisionCode/Honours_a1797823_a1764124/ROS_Workspace/src/install/UGV1Vision/lib/python3.8/site-packages:${PYTHONPATH} /usr/bin/python3 setup.py egg_info --egg-base ../build/UGV1Vision build --build-base /home/max/Desktop/VisionCode/Honours_a1797823_a1764124/ROS_Workspace/src/build/UGV1Vision/build install --record /home/max/Desktop/VisionCode/Honours_a1797823_a1764124/ROS_Workspace/src/build/UGV1Vision/install.log --install-scripts $base/lib/UGV1Vision --single-version-externally-managed
[2.269s] Level 1:colcon.colcon_core.environment:checking '/home/max/Desktop/VisionCode/Honours_a1797823_a1764124/ROS_Workspace/src/install/UGV1Vision' for CMake config files
[2.270s] Level 1:colcon.colcon_core.environment:checking '/home/max/Desktop/VisionCode/Honours_a1797823_a1764124/ROS_Workspace/src/install/UGV1Vision/lib'
[2.270s] Level 1:colcon.colcon_core.environment:checking '/home/max/Desktop/VisionCode/Honours_a1797823_a1764124/ROS_Workspace/src/install/UGV1Vision/bin'
[2.270s] Level 1:colcon.colcon_core.environment:checking '/home/max/Desktop/VisionCode/Honours_a1797823_a1764124/ROS_Workspace/src/install/UGV1Vision/lib/pkgconfig/UGV1Vision.pc'
[2.270s] Level 1:colcon.colcon_core.environment:checking '/home/max/Desktop/VisionCode/Honours_a1797823_a1764124/ROS_Workspace/src/install/UGV1Vision/lib/python3.8/site-packages'
[2.270s] Level 1:colcon.colcon_core.shell:create_environment_hook('UGV1Vision', 'pythonpath')
[2.271s] INFO:colcon.colcon_core.shell:Creating environment hook '/home/max/Desktop/VisionCode/Honours_a1797823_a1764124/ROS_Workspace/src/install/UGV1Vision/share/UGV1Vision/hook/pythonpath.ps1'
[2.272s] INFO:colcon.colcon_core.shell:Creating environment descriptor '/home/max/Desktop/VisionCode/Honours_a1797823_a1764124/ROS_Workspace/src/install/UGV1Vision/share/UGV1Vision/hook/pythonpath.dsv'
[2.273s] INFO:colcon.colcon_core.shell:Creating environment hook '/home/max/Desktop/VisionCode/Honours_a1797823_a1764124/ROS_Workspace/src/install/UGV1Vision/share/UGV1Vision/hook/pythonpath.sh'
[2.273s] Level 1:colcon.colcon_core.environment:checking '/home/max/Desktop/VisionCode/Honours_a1797823_a1764124/ROS_Workspace/src/install/UGV1Vision/bin'
[2.273s] Level 1:colcon.colcon_core.environment:create_environment_scripts_only(UGV1Vision)
[2.274s] INFO:colcon.colcon_core.shell:Creating package script '/home/max/Desktop/VisionCode/Honours_a1797823_a1764124/ROS_Workspace/src/install/UGV1Vision/share/UGV1Vision/package.ps1'
[2.275s] INFO:colcon.colcon_core.shell:Creating package descriptor '/home/max/Desktop/VisionCode/Honours_a1797823_a1764124/ROS_Workspace/src/install/UGV1Vision/share/UGV1Vision/package.dsv'
[2.276s] INFO:colcon.colcon_core.shell:Creating package script '/home/max/Desktop/VisionCode/Honours_a1797823_a1764124/ROS_Workspace/src/install/UGV1Vision/share/UGV1Vision/package.sh'
[2.276s] INFO:colcon.colcon_core.shell:Creating package script '/home/max/Desktop/VisionCode/Honours_a1797823_a1764124/ROS_Workspace/src/install/UGV1Vision/share/UGV1Vision/package.bash'
[2.276s] INFO:colcon.colcon_core.shell:Creating package script '/home/max/Desktop/VisionCode/Honours_a1797823_a1764124/ROS_Workspace/src/install/UGV1Vision/share/UGV1Vision/package.zsh'
[2.276s] Level 1:colcon.colcon_core.environment:create_file_with_runtime_dependencies(/home/max/Desktop/VisionCode/Honours_a1797823_a1764124/ROS_Workspace/src/install/UGV1Vision/share/colcon-core/packages/UGV1Vision)
[2.301s] Level 1:colcon.colcon_core.environment:checking '/home/max/Desktop/VisionCode/Honours_a1797823_a1764124/ROS_Workspace/src/install/turtlebot3_navigation' for CMake module files
[2.301s] DEBUG:colcon.colcon_core.event_handler.log_command:Invoked command in '/home/max/Desktop/VisionCode/Honours_a1797823_a1764124/ROS_Workspace/src/turtlebot3_navigation' returned '0': PYTHONPATH=/home/max/Desktop/VisionCode/Honours_a1797823_a1764124/ROS_Workspace/src/build/turtlebot3_navigation/prefix_override:/home/max/Desktop/VisionCode/Honours_a1797823_a1764124/ROS_Workspace/src/install/turtlebot3_navigation/lib/python3.8/site-packages:${PYTHONPATH} /usr/bin/python3 setup.py egg_info --egg-base ../build/turtlebot3_navigation build --build-base /home/max/Desktop/VisionCode/Honours_a1797823_a1764124/ROS_Workspace/src/build/turtlebot3_navigation/build install --record /home/max/Desktop/VisionCode/Honours_a1797823_a1764124/ROS_Workspace/src/build/turtlebot3_navigation/install.log --install-scripts $base/lib/turtlebot3_navigation --single-version-externally-managed
[2.302s] Level 1:colcon.colcon_core.environment:checking '/home/max/Desktop/VisionCode/Honours_a1797823_a1764124/ROS_Workspace/src/install/turtlebot3_navigation' for CMake config files
[2.302s] Level 1:colcon.colcon_core.environment:checking '/home/max/Desktop/VisionCode/Honours_a1797823_a1764124/ROS_Workspace/src/install/turtlebot3_navigation/lib'
[2.302s] Level 1:colcon.colcon_core.environment:checking '/home/max/Desktop/VisionCode/Honours_a1797823_a1764124/ROS_Workspace/src/install/turtlebot3_navigation/bin'
[2.302s] Level 1:colcon.colcon_core.environment:checking '/home/max/Desktop/VisionCode/Honours_a1797823_a1764124/ROS_Workspace/src/install/turtlebot3_navigation/lib/pkgconfig/turtlebot3_navigation.pc'
[2.302s] Level 1:colcon.colcon_core.environment:checking '/home/max/Desktop/VisionCode/Honours_a1797823_a1764124/ROS_Workspace/src/install/turtlebot3_navigation/lib/python3.8/site-packages'
[2.302s] Level 1:colcon.colcon_core.shell:create_environment_hook('turtlebot3_navigation', 'pythonpath')
[2.303s] INFO:colcon.colcon_core.shell:Creating environment hook '/home/max/Desktop/VisionCode/Honours_a1797823_a1764124/ROS_Workspace/src/install/turtlebot3_navigation/share/turtlebot3_navigation/hook/pythonpath.ps1'
[2.304s] INFO:colcon.colcon_core.shell:Creating environment descriptor '/home/max/Desktop/VisionCode/Honours_a1797823_a1764124/ROS_Workspace/src/install/turtlebot3_navigation/share/turtlebot3_navigation/hook/pythonpath.dsv'
[2.304s] INFO:colcon.colcon_core.shell:Creating environment hook '/home/max/Desktop/VisionCode/Honours_a1797823_a1764124/ROS_Workspace/src/install/turtlebot3_navigation/share/turtlebot3_navigation/hook/pythonpath.sh'
[2.305s] Level 1:colcon.colcon_core.environment:checking '/home/max/Desktop/VisionCode/Honours_a1797823_a1764124/ROS_Workspace/src/install/turtlebot3_navigation/bin'
[2.305s] Level 1:colcon.colcon_core.environment:create_environment_scripts_only(turtlebot3_navigation)
[2.306s] INFO:colcon.colcon_core.shell:Creating package script '/home/max/Desktop/VisionCode/Honours_a1797823_a1764124/ROS_Workspace/src/install/turtlebot3_navigation/share/turtlebot3_navigation/package.ps1'
[2.306s] INFO:colcon.colcon_core.shell:Creating package descriptor '/home/max/Desktop/VisionCode/Honours_a1797823_a1764124/ROS_Workspace/src/install/turtlebot3_navigation/share/turtlebot3_navigation/package.dsv'
[2.307s] INFO:colcon.colcon_core.shell:Creating package script '/home/max/Desktop/VisionCode/Honours_a1797823_a1764124/ROS_Workspace/src/install/turtlebot3_navigation/share/turtlebot3_navigation/package.sh'
[2.307s] INFO:colcon.colcon_core.shell:Creating package script '/home/max/Desktop/VisionCode/Honours_a1797823_a1764124/ROS_Workspace/src/install/turtlebot3_navigation/share/turtlebot3_navigation/package.bash'
[2.308s] INFO:colcon.colcon_core.shell:Creating package script '/home/max/Desktop/VisionCode/Honours_a1797823_a1764124/ROS_Workspace/src/install/turtlebot3_navigation/share/turtlebot3_navigation/package.zsh'
[2.308s] Level 1:colcon.colcon_core.environment:create_file_with_runtime_dependencies(/home/max/Desktop/VisionCode/Honours_a1797823_a1764124/ROS_Workspace/src/install/turtlebot3_navigation/share/colcon-core/packages/turtlebot3_navigation)
[2.310s] Level 1:colcon.colcon_core.environment:checking '/home/max/Desktop/VisionCode/Honours_a1797823_a1764124/ROS_Workspace/src/install/cameraSub' for CMake module files
[2.311s] DEBUG:colcon.colcon_core.event_handler.log_command:Invoked command in '/home/max/Desktop/VisionCode/Honours_a1797823_a1764124/ROS_Workspace/src/cameraSub' returned '0': PYTHONPATH=/home/max/Desktop/VisionCode/Honours_a1797823_a1764124/ROS_Workspace/src/build/cameraSub/prefix_override:/home/max/Desktop/VisionCode/Honours_a1797823_a1764124/ROS_Workspace/src/install/cameraSub/lib/python3.8/site-packages:${PYTHONPATH} /usr/bin/python3 setup.py egg_info --egg-base ../build/cameraSub build --build-base /home/max/Desktop/VisionCode/Honours_a1797823_a1764124/ROS_Workspace/src/build/cameraSub/build install --record /home/max/Desktop/VisionCode/Honours_a1797823_a1764124/ROS_Workspace/src/build/cameraSub/install.log --install-scripts $base/lib/cameraPub --single-version-externally-managed
[2.311s] Level 1:colcon.colcon_core.environment:checking '/home/max/Desktop/VisionCode/Honours_a1797823_a1764124/ROS_Workspace/src/install/cameraSub' for CMake config files
[2.312s] Level 1:colcon.colcon_core.environment:checking '/home/max/Desktop/VisionCode/Honours_a1797823_a1764124/ROS_Workspace/src/install/cameraSub/lib'
[2.312s] Level 1:colcon.colcon_core.environment:checking '/home/max/Desktop/VisionCode/Honours_a1797823_a1764124/ROS_Workspace/src/install/cameraSub/bin'
[2.312s] Level 1:colcon.colcon_core.environment:checking '/home/max/Desktop/VisionCode/Honours_a1797823_a1764124/ROS_Workspace/src/install/cameraSub/lib/pkgconfig/cameraSub.pc'
[2.312s] Level 1:colcon.colcon_core.environment:checking '/home/max/Desktop/VisionCode/Honours_a1797823_a1764124/ROS_Workspace/src/install/cameraSub/lib/python3.8/site-packages'
[2.312s] Level 1:colcon.colcon_core.shell:create_environment_hook('cameraSub', 'pythonpath')
[2.313s] INFO:colcon.colcon_core.shell:Creating environment hook '/home/max/Desktop/VisionCode/Honours_a1797823_a1764124/ROS_Workspace/src/install/cameraSub/share/cameraSub/hook/pythonpath.ps1'
[2.314s] INFO:colcon.colcon_core.shell:Creating environment descriptor '/home/max/Desktop/VisionCode/Honours_a1797823_a1764124/ROS_Workspace/src/install/cameraSub/share/cameraSub/hook/pythonpath.dsv'
[2.314s] INFO:colcon.colcon_core.shell:Creating environment hook '/home/max/Desktop/VisionCode/Honours_a1797823_a1764124/ROS_Workspace/src/install/cameraSub/share/cameraSub/hook/pythonpath.sh'
[2.314s] Level 1:colcon.colcon_core.environment:checking '/home/max/Desktop/VisionCode/Honours_a1797823_a1764124/ROS_Workspace/src/install/cameraSub/bin'
[2.314s] Level 1:colcon.colcon_core.environment:create_environment_scripts_only(cameraSub)
[2.315s] INFO:colcon.colcon_core.shell:Creating package script '/home/max/Desktop/VisionCode/Honours_a1797823_a1764124/ROS_Workspace/src/install/cameraSub/share/cameraSub/package.ps1'
[2.316s] INFO:colcon.colcon_core.shell:Creating package descriptor '/home/max/Desktop/VisionCode/Honours_a1797823_a1764124/ROS_Workspace/src/install/cameraSub/share/cameraSub/package.dsv'
[2.316s] INFO:colcon.colcon_core.shell:Creating package script '/home/max/Desktop/VisionCode/Honours_a1797823_a1764124/ROS_Workspace/src/install/cameraSub/share/cameraSub/package.sh'
[2.316s] INFO:colcon.colcon_core.shell:Creating package script '/home/max/Desktop/VisionCode/Honours_a1797823_a1764124/ROS_Workspace/src/install/cameraSub/share/cameraSub/package.bash'
[2.316s] INFO:colcon.colcon_core.shell:Creating package script '/home/max/Desktop/VisionCode/Honours_a1797823_a1764124/ROS_Workspace/src/install/cameraSub/share/cameraSub/package.zsh'
[2.317s] Level 1:colcon.colcon_core.environment:create_file_with_runtime_dependencies(/home/max/Desktop/VisionCode/Honours_a1797823_a1764124/ROS_Workspace/src/install/cameraSub/share/colcon-core/packages/cameraSub)
[2.319s] Level 1:colcon.colcon_core.environment:checking '/home/max/Desktop/VisionCode/Honours_a1797823_a1764124/ROS_Workspace/src/install/cameraPub' for CMake module files
[2.320s] DEBUG:colcon.colcon_core.event_handler.log_command:Invoked command in '/home/max/Desktop/VisionCode/Honours_a1797823_a1764124/ROS_Workspace/src/cameraPub' returned '0': PYTHONPATH=/home/max/Desktop/VisionCode/Honours_a1797823_a1764124/ROS_Workspace/src/build/cameraPub/prefix_override:/home/max/Desktop/VisionCode/Honours_a1797823_a1764124/ROS_Workspace/src/install/cameraPub/lib/python3.8/site-packages:${PYTHONPATH} /usr/bin/python3 setup.py egg_info --egg-base ../build/cameraPub build --build-base /home/max/Desktop/VisionCode/Honours_a1797823_a1764124/ROS_Workspace/src/build/cameraPub/build install --record /home/max/Desktop/VisionCode/Honours_a1797823_a1764124/ROS_Workspace/src/build/cameraPub/install.log --install-scripts $base/lib/cameraPub --single-version-externally-managed
[2.320s] Level 1:colcon.colcon_core.environment:checking '/home/max/Desktop/VisionCode/Honours_a1797823_a1764124/ROS_Workspace/src/install/cameraPub' for CMake config files
[2.320s] Level 1:colcon.colcon_core.environment:checking '/home/max/Desktop/VisionCode/Honours_a1797823_a1764124/ROS_Workspace/src/install/cameraPub/lib'
[2.320s] Level 1:colcon.colcon_core.environment:checking '/home/max/Desktop/VisionCode/Honours_a1797823_a1764124/ROS_Workspace/src/install/cameraPub/bin'
[2.320s] Level 1:colcon.colcon_core.environment:checking '/home/max/Desktop/VisionCode/Honours_a1797823_a1764124/ROS_Workspace/src/install/cameraPub/lib/pkgconfig/cameraPub.pc'
[2.320s] Level 1:colcon.colcon_core.environment:checking '/home/max/Desktop/VisionCode/Honours_a1797823_a1764124/ROS_Workspace/src/install/cameraPub/lib/python3.8/site-packages'
[2.320s] Level 1:colcon.colcon_core.shell:create_environment_hook('cameraPub', 'pythonpath')
[2.321s] INFO:colcon.colcon_core.shell:Creating environment hook '/home/max/Desktop/VisionCode/Honours_a1797823_a1764124/ROS_Workspace/src/install/cameraPub/share/cameraPub/hook/pythonpath.ps1'
[2.322s] INFO:colcon.colcon_core.shell:Creating environment descriptor '/home/max/Desktop/VisionCode/Honours_a1797823_a1764124/ROS_Workspace/src/install/cameraPub/share/cameraPub/hook/pythonpath.dsv'
[2.322s] INFO:colcon.colcon_core.shell:Creating environment hook '/home/max/Desktop/VisionCode/Honours_a1797823_a1764124/ROS_Workspace/src/install/cameraPub/share/cameraPub/hook/pythonpath.sh'
[2.322s] Level 1:colcon.colcon_core.environment:checking '/home/max/Desktop/VisionCode/Honours_a1797823_a1764124/ROS_Workspace/src/install/cameraPub/bin'
[2.322s] Level 1:colcon.colcon_core.environment:create_environment_scripts_only(cameraPub)
[2.323s] INFO:colcon.colcon_core.shell:Creating package script '/home/max/Desktop/VisionCode/Honours_a1797823_a1764124/ROS_Workspace/src/install/cameraPub/share/cameraPub/package.ps1'
[2.324s] INFO:colcon.colcon_core.shell:Creating package descriptor '/home/max/Desktop/VisionCode/Honours_a1797823_a1764124/ROS_Workspace/src/install/cameraPub/share/cameraPub/package.dsv'
[2.324s] INFO:colcon.colcon_core.shell:Creating package script '/home/max/Desktop/VisionCode/Honours_a1797823_a1764124/ROS_Workspace/src/install/cameraPub/share/cameraPub/package.sh'
[2.324s] INFO:colcon.colcon_core.shell:Creating package script '/home/max/Desktop/VisionCode/Honours_a1797823_a1764124/ROS_Workspace/src/install/cameraPub/share/cameraPub/package.bash'
[2.324s] INFO:colcon.colcon_core.shell:Creating package script '/home/max/Desktop/VisionCode/Honours_a1797823_a1764124/ROS_Workspace/src/install/cameraPub/share/cameraPub/package.zsh'
[2.325s] Level 1:colcon.colcon_core.environment:create_file_with_runtime_dependencies(/home/max/Desktop/VisionCode/Honours_a1797823_a1764124/ROS_Workspace/src/install/cameraPub/share/colcon-core/packages/cameraPub)
[3.908s] DEBUG:colcon.colcon_core.event_handler.log_command:Invoked command in '/home/max/Desktop/VisionCode/Honours_a1797823_a1764124/ROS_Workspace/src/build/custom_msgs' returned '0': CMAKE_PREFIX_PATH=/opt/ros/foxy:/opt/ros/galactic /usr/bin/cmake --build /home/max/Desktop/VisionCode/Honours_a1797823_a1764124/ROS_Workspace/src/build/custom_msgs -- -j8 -l8
[3.956s] DEBUG:colcon.colcon_core.event_handler.log_command:Invoking command in '/home/max/Desktop/VisionCode/Honours_a1797823_a1764124/ROS_Workspace/src/build/custom_msgs': CMAKE_PREFIX_PATH=/opt/ros/foxy:/opt/ros/galactic /usr/bin/cmake --install /home/max/Desktop/VisionCode/Honours_a1797823_a1764124/ROS_Workspace/src/build/custom_msgs
[3.995s] Level 1:colcon.colcon_core.environment:create_environment_scripts_only(custom_msgs)
[3.996s] DEBUG:colcon.colcon_core.event_handler.log_command:Invoked command in '/home/max/Desktop/VisionCode/Honours_a1797823_a1764124/ROS_Workspace/src/build/custom_msgs' returned '0': CMAKE_PREFIX_PATH=/opt/ros/foxy:/opt/ros/galactic /usr/bin/cmake --install /home/max/Desktop/VisionCode/Honours_a1797823_a1764124/ROS_Workspace/src/build/custom_msgs
[3.997s] Level 1:colcon.colcon_core.environment:checking '/home/max/Desktop/VisionCode/Honours_a1797823_a1764124/ROS_Workspace/src/install/custom_msgs' for CMake module files
[3.998s] Level 1:colcon.colcon_core.environment:checking '/home/max/Desktop/VisionCode/Honours_a1797823_a1764124/ROS_Workspace/src/install/custom_msgs' for CMake config files
[3.998s] Level 1:colcon.colcon_core.shell:create_environment_hook('custom_msgs', 'cmake_prefix_path')
[3.999s] INFO:colcon.colcon_core.shell:Creating environment hook '/home/max/Desktop/VisionCode/Honours_a1797823_a1764124/ROS_Workspace/src/install/custom_msgs/share/custom_msgs/hook/cmake_prefix_path.ps1'
[4.000s] INFO:colcon.colcon_core.shell:Creating environment descriptor '/home/max/Desktop/VisionCode/Honours_a1797823_a1764124/ROS_Workspace/src/install/custom_msgs/share/custom_msgs/hook/cmake_prefix_path.dsv'
[4.000s] INFO:colcon.colcon_core.shell:Creating environment hook '/home/max/Desktop/VisionCode/Honours_a1797823_a1764124/ROS_Workspace/src/install/custom_msgs/share/custom_msgs/hook/cmake_prefix_path.sh'
[4.000s] Level 1:colcon.colcon_core.environment:checking '/home/max/Desktop/VisionCode/Honours_a1797823_a1764124/ROS_Workspace/src/install/custom_msgs/lib'
[4.000s] Level 1:colcon.colcon_core.shell:create_environment_hook('custom_msgs', 'ld_library_path_lib')
[4.001s] INFO:colcon.colcon_core.shell:Creating environment hook '/home/max/Desktop/VisionCode/Honours_a1797823_a1764124/ROS_Workspace/src/install/custom_msgs/share/custom_msgs/hook/ld_library_path_lib.ps1'
[4.002s] INFO:colcon.colcon_core.shell:Creating environment descriptor '/home/max/Desktop/VisionCode/Honours_a1797823_a1764124/ROS_Workspace/src/install/custom_msgs/share/custom_msgs/hook/ld_library_path_lib.dsv'
[4.002s] INFO:colcon.colcon_core.shell:Creating environment hook '/home/max/Desktop/VisionCode/Honours_a1797823_a1764124/ROS_Workspace/src/install/custom_msgs/share/custom_msgs/hook/ld_library_path_lib.sh'
[4.002s] Level 1:colcon.colcon_core.environment:checking '/home/max/Desktop/VisionCode/Honours_a1797823_a1764124/ROS_Workspace/src/install/custom_msgs/bin'
[4.002s] Level 1:colcon.colcon_core.environment:checking '/home/max/Desktop/VisionCode/Honours_a1797823_a1764124/ROS_Workspace/src/install/custom_msgs/lib/pkgconfig/custom_msgs.pc'
[4.002s] Level 1:colcon.colcon_core.environment:checking '/home/max/Desktop/VisionCode/Honours_a1797823_a1764124/ROS_Workspace/src/install/custom_msgs/lib/python3.8/site-packages'
[4.002s] Level 1:colcon.colcon_core.shell:create_environment_hook('custom_msgs', 'pythonpath')
[4.003s] INFO:colcon.colcon_core.shell:Creating environment hook '/home/max/Desktop/VisionCode/Honours_a1797823_a1764124/ROS_Workspace/src/install/custom_msgs/share/custom_msgs/hook/pythonpath.ps1'
[4.003s] INFO:colcon.colcon_core.shell:Creating environment descriptor '/home/max/Desktop/VisionCode/Honours_a1797823_a1764124/ROS_Workspace/src/install/custom_msgs/share/custom_msgs/hook/pythonpath.dsv'
[4.004s] INFO:colcon.colcon_core.shell:Creating environment hook '/home/max/Desktop/VisionCode/Honours_a1797823_a1764124/ROS_Workspace/src/install/custom_msgs/share/custom_msgs/hook/pythonpath.sh'
[4.004s] Level 1:colcon.colcon_core.environment:checking '/home/max/Desktop/VisionCode/Honours_a1797823_a1764124/ROS_Workspace/src/install/custom_msgs/bin'
[4.005s] INFO:colcon.colcon_core.shell:Creating package script '/home/max/Desktop/VisionCode/Honours_a1797823_a1764124/ROS_Workspace/src/install/custom_msgs/share/custom_msgs/package.ps1'
[4.005s] INFO:colcon.colcon_core.shell:Creating package descriptor '/home/max/Desktop/VisionCode/Honours_a1797823_a1764124/ROS_Workspace/src/install/custom_msgs/share/custom_msgs/package.dsv'
[4.006s] INFO:colcon.colcon_core.shell:Creating package script '/home/max/Desktop/VisionCode/Honours_a1797823_a1764124/ROS_Workspace/src/install/custom_msgs/share/custom_msgs/package.sh'
[4.006s] INFO:colcon.colcon_core.shell:Creating package script '/home/max/Desktop/VisionCode/Honours_a1797823_a1764124/ROS_Workspace/src/install/custom_msgs/share/custom_msgs/package.bash'
[4.006s] INFO:colcon.colcon_core.shell:Creating package script '/home/max/Desktop/VisionCode/Honours_a1797823_a1764124/ROS_Workspace/src/install/custom_msgs/share/custom_msgs/package.zsh'
[4.006s] Level 1:colcon.colcon_core.environment:create_file_with_runtime_dependencies(/home/max/Desktop/VisionCode/Honours_a1797823_a1764124/ROS_Workspace/src/install/custom_msgs/share/colcon-core/packages/custom_msgs)
[4.046s] Level 1:colcon.colcon_core.environment:create_environment_scripts_only(custom_msgs)
[4.047s] Level 1:colcon.colcon_core.environment:checking '/home/max/Desktop/VisionCode/Honours_a1797823_a1764124/ROS_Workspace/src/install/custom_msgs' for CMake module files
[4.048s] Level 1:colcon.colcon_core.environment:checking '/home/max/Desktop/VisionCode/Honours_a1797823_a1764124/ROS_Workspace/src/install/custom_msgs' for CMake config files
[4.048s] Level 1:colcon.colcon_core.shell:create_environment_hook('custom_msgs', 'cmake_prefix_path')
[4.049s] INFO:colcon.colcon_core.shell:Creating environment hook '/home/max/Desktop/VisionCode/Honours_a1797823_a1764124/ROS_Workspace/src/install/custom_msgs/share/custom_msgs/hook/cmake_prefix_path.ps1'
[4.049s] INFO:colcon.colcon_core.shell:Creating environment descriptor '/home/max/Desktop/VisionCode/Honours_a1797823_a1764124/ROS_Workspace/src/install/custom_msgs/share/custom_msgs/hook/cmake_prefix_path.dsv'
[4.050s] INFO:colcon.colcon_core.shell:Creating environment hook '/home/max/Desktop/VisionCode/Honours_a1797823_a1764124/ROS_Workspace/src/install/custom_msgs/share/custom_msgs/hook/cmake_prefix_path.sh'
[4.050s] Level 1:colcon.colcon_core.environment:checking '/home/max/Desktop/VisionCode/Honours_a1797823_a1764124/ROS_Workspace/src/install/custom_msgs/lib'
[4.050s] Level 1:colcon.colcon_core.shell:create_environment_hook('custom_msgs', 'ld_library_path_lib')
[4.051s] INFO:colcon.colcon_core.shell:Creating environment hook '/home/max/Desktop/VisionCode/Honours_a1797823_a1764124/ROS_Workspace/src/install/custom_msgs/share/custom_msgs/hook/ld_library_path_lib.ps1'
[4.051s] INFO:colcon.colcon_core.shell:Creating environment descriptor '/home/max/Desktop/VisionCode/Honours_a1797823_a1764124/ROS_Workspace/src/install/custom_msgs/share/custom_msgs/hook/ld_library_path_lib.dsv'
[4.052s] INFO:colcon.colcon_core.shell:Creating environment hook '/home/max/Desktop/VisionCode/Honours_a1797823_a1764124/ROS_Workspace/src/install/custom_msgs/share/custom_msgs/hook/ld_library_path_lib.sh'
[4.052s] Level 1:colcon.colcon_core.environment:checking '/home/max/Desktop/VisionCode/Honours_a1797823_a1764124/ROS_Workspace/src/install/custom_msgs/bin'
[4.052s] Level 1:colcon.colcon_core.environment:checking '/home/max/Desktop/VisionCode/Honours_a1797823_a1764124/ROS_Workspace/src/install/custom_msgs/lib/pkgconfig/custom_msgs.pc'
[4.052s] Level 1:colcon.colcon_core.environment:checking '/home/max/Desktop/VisionCode/Honours_a1797823_a1764124/ROS_Workspace/src/install/custom_msgs/lib/python3.8/site-packages'
[4.053s] Level 1:colcon.colcon_core.shell:create_environment_hook('custom_msgs', 'pythonpath')
[4.053s] INFO:colcon.colcon_core.shell:Creating environment hook '/home/max/Desktop/VisionCode/Honours_a1797823_a1764124/ROS_Workspace/src/install/custom_msgs/share/custom_msgs/hook/pythonpath.ps1'
[4.054s] INFO:colcon.colcon_core.shell:Creating environment descriptor '/home/max/Desktop/VisionCode/Honours_a1797823_a1764124/ROS_Workspace/src/install/custom_msgs/share/custom_msgs/hook/pythonpath.dsv'
[4.054s] INFO:colcon.colcon_core.shell:Creating environment hook '/home/max/Desktop/VisionCode/Honours_a1797823_a1764124/ROS_Workspace/src/install/custom_msgs/share/custom_msgs/hook/pythonpath.sh'
[4.055s] Level 1:colcon.colcon_core.environment:checking '/home/max/Desktop/VisionCode/Honours_a1797823_a1764124/ROS_Workspace/src/install/custom_msgs/bin'
[4.056s] INFO:colcon.colcon_core.shell:Creating package script '/home/max/Desktop/VisionCode/Honours_a1797823_a1764124/ROS_Workspace/src/install/custom_msgs/share/custom_msgs/package.ps1'
[4.056s] INFO:colcon.colcon_core.shell:Creating package descriptor '/home/max/Desktop/VisionCode/Honours_a1797823_a1764124/ROS_Workspace/src/install/custom_msgs/share/custom_msgs/package.dsv'
[4.056s] INFO:colcon.colcon_core.shell:Creating package script '/home/max/Desktop/VisionCode/Honours_a1797823_a1764124/ROS_Workspace/src/install/custom_msgs/share/custom_msgs/package.sh'
[4.057s] INFO:colcon.colcon_core.shell:Creating package script '/home/max/Desktop/VisionCode/Honours_a1797823_a1764124/ROS_Workspace/src/install/custom_msgs/share/custom_msgs/package.bash'
[4.057s] INFO:colcon.colcon_core.shell:Creating package script '/home/max/Desktop/VisionCode/Honours_a1797823_a1764124/ROS_Workspace/src/install/custom_msgs/share/custom_msgs/package.zsh'
[4.057s] Level 1:colcon.colcon_core.environment:create_file_with_runtime_dependencies(/home/max/Desktop/VisionCode/Honours_a1797823_a1764124/ROS_Workspace/src/install/custom_msgs/share/colcon-core/packages/custom_msgs)
[4.057s] DEBUG:colcon.colcon_parallel_executor.executor.parallel:closing loop
[4.058s] DEBUG:colcon.colcon_parallel_executor.executor.parallel:loop closed
[4.058s] DEBUG:colcon.colcon_parallel_executor.executor.parallel:run_until_complete finished with '0'
[4.058s] DEBUG:colcon.colcon_core.event_reactor:joining thread
[4.063s] INFO:colcon.colcon_core.plugin_system:Skipping extension 'colcon_notification.desktop_notification.terminal_notifier': Not used on non-Darwin systems
[4.063s] INFO:colcon.colcon_core.plugin_system:Skipping extension 'colcon_notification.desktop_notification.win32': Not used on non-Windows systems
[4.063s] INFO:colcon.colcon_notification.desktop_notification:Sending desktop notification using 'notify2'
[4.075s] DEBUG:colcon.colcon_core.event_reactor:joined thread
[4.077s] INFO:colcon.colcon_core.shell:Creating prefix script '/home/max/Desktop/VisionCode/Honours_a1797823_a1764124/ROS_Workspace/src/install/local_setup.ps1'
[4.078s] INFO:colcon.colcon_core.shell:Creating prefix util module '/home/max/Desktop/VisionCode/Honours_a1797823_a1764124/ROS_Workspace/src/install/_local_setup_util_ps1.py'
[4.079s] INFO:colcon.colcon_core.shell:Creating prefix chain script '/home/max/Desktop/VisionCode/Honours_a1797823_a1764124/ROS_Workspace/src/install/setup.ps1'
[4.080s] INFO:colcon.colcon_core.shell:Creating prefix script '/home/max/Desktop/VisionCode/Honours_a1797823_a1764124/ROS_Workspace/src/install/local_setup.sh'
[4.080s] INFO:colcon.colcon_core.shell:Creating prefix util module '/home/max/Desktop/VisionCode/Honours_a1797823_a1764124/ROS_Workspace/src/install/_local_setup_util_sh.py'
[4.080s] INFO:colcon.colcon_core.shell:Creating prefix chain script '/home/max/Desktop/VisionCode/Honours_a1797823_a1764124/ROS_Workspace/src/install/setup.sh'
[4.081s] INFO:colcon.colcon_core.shell:Creating prefix script '/home/max/Desktop/VisionCode/Honours_a1797823_a1764124/ROS_Workspace/src/install/local_setup.bash'
[4.082s] INFO:colcon.colcon_core.shell:Creating prefix chain script '/home/max/Desktop/VisionCode/Honours_a1797823_a1764124/ROS_Workspace/src/install/setup.bash'
[4.083s] INFO:colcon.colcon_core.shell:Creating prefix script '/home/max/Desktop/VisionCode/Honours_a1797823_a1764124/ROS_Workspace/src/install/local_setup.zsh'
[4.083s] INFO:colcon.colcon_core.shell:Creating prefix chain script '/home/max/Desktop/VisionCode/Honours_a1797823_a1764124/ROS_Workspace/src/install/setup.zsh'
