[1.622s] Invoking command in '/home/teamvision/Desktop/ROS_Workspace/Honours_a1797823_a1764124/ROS_Workspace/src/UGV2Vision': PYTHONPATH=/home/teamvision/Desktop/ROS_Workspace/Honours_a1797823_a1764124/ROS_Workspace/src/build/UGV2Vision/prefix_override:/home/teamvision/Desktop/ROS_Workspace/Honours_a1797823_a1764124/ROS_Workspace/src/install/UGV2Vision/lib/python3.8/site-packages:${PYTHONPATH} /usr/bin/python3 setup.py egg_info --egg-base ../build/UGV2Vision build --build-base /home/teamvision/Desktop/ROS_Workspace/Honours_a1797823_a1764124/ROS_Workspace/src/build/UGV2Vision/build install --record /home/teamvision/Desktop/ROS_Workspace/Honours_a1797823_a1764124/ROS_Workspace/src/build/UGV2Vision/install.log --install-scripts $base/lib/UGV2Vision --single-version-externally-managed
[1.996s] running egg_info
[1.997s] writing ../build/UGV2Vision/UGV2Vision.egg-info/PKG-INFO
[1.998s] writing dependency_links to ../build/UGV2Vision/UGV2Vision.egg-info/dependency_links.txt
[1.999s] writing entry points to ../build/UGV2Vision/UGV2Vision.egg-info/entry_points.txt
[2.000s] writing requirements to ../build/UGV2Vision/UGV2Vision.egg-info/requires.txt
[2.002s] writing top-level names to ../build/UGV2Vision/UGV2Vision.egg-info/top_level.txt
[2.061s] reading manifest file '../build/UGV2Vision/UGV2Vision.egg-info/SOURCES.txt'
[2.062s] writing manifest file '../build/UGV2Vision/UGV2Vision.egg-info/SOURCES.txt'
[2.063s] running build
[2.063s] running build_py
[2.064s] running install
[2.066s] running install_lib
[2.068s] running install_data
[2.069s] running install_egg_info
[2.074s] removing '/home/teamvision/Desktop/ROS_Workspace/Honours_a1797823_a1764124/ROS_Workspace/src/install/UGV2Vision/lib/python3.8/site-packages/UGV2Vision-0.0.0-py3.8.egg-info' (and everything under it)
[2.074s] Copying ../build/UGV2Vision/UGV2Vision.egg-info to /home/teamvision/Desktop/ROS_Workspace/Honours_a1797823_a1764124/ROS_Workspace/src/install/UGV2Vision/lib/python3.8/site-packages/UGV2Vision-0.0.0-py3.8.egg-info
[2.076s] running install_scripts
[2.107s] Installing UGV2Vision script to /home/teamvision/Desktop/ROS_Workspace/Honours_a1797823_a1764124/ROS_Workspace/src/install/UGV2Vision/lib/UGV2Vision
[2.107s] writing list of installed files to '/home/teamvision/Desktop/ROS_Workspace/Honours_a1797823_a1764124/ROS_Workspace/src/build/UGV2Vision/install.log'
[2.149s] Invoked command in '/home/teamvision/Desktop/ROS_Workspace/Honours_a1797823_a1764124/ROS_Workspace/src/UGV2Vision' returned '0': PYTHONPATH=/home/teamvision/Desktop/ROS_Workspace/Honours_a1797823_a1764124/ROS_Workspace/src/build/UGV2Vision/prefix_override:/home/teamvision/Desktop/ROS_Workspace/Honours_a1797823_a1764124/ROS_Workspace/src/install/UGV2Vision/lib/python3.8/site-packages:${PYTHONPATH} /usr/bin/python3 setup.py egg_info --egg-base ../build/UGV2Vision build --build-base /home/teamvision/Desktop/ROS_Workspace/Honours_a1797823_a1764124/ROS_Workspace/src/build/UGV2Vision/build install --record /home/teamvision/Desktop/ROS_Workspace/Honours_a1797823_a1764124/ROS_Workspace/src/build/UGV2Vision/install.log --install-scripts $base/lib/UGV2Vision --single-version-externally-managed
