[1.802s] Invoking command in '/home/teamvision/Desktop/ROS_Workspace/Honours_a1797823_a1764124/ROS_Workspace/src/UGV1Main': PYTHONPATH=/home/teamvision/Desktop/ROS_Workspace/Honours_a1797823_a1764124/ROS_Workspace/build/UGV1Main/prefix_override:/home/teamvision/Desktop/ROS_Workspace/Honours_a1797823_a1764124/ROS_Workspace/install/UGV1Main/lib/python3.8/site-packages:${PYTHONPATH} /usr/bin/python3 setup.py egg_info --egg-base ../../build/UGV1Main build --build-base /home/teamvision/Desktop/ROS_Workspace/Honours_a1797823_a1764124/ROS_Workspace/build/UGV1Main/build install --record /home/teamvision/Desktop/ROS_Workspace/Honours_a1797823_a1764124/ROS_Workspace/build/UGV1Main/install.log --install-scripts $base/lib/UGV1Main --single-version-externally-managed
[2.148s] running egg_info
[2.150s] writing ../../build/UGV1Main/UGV1Main.egg-info/PKG-INFO
[2.150s] writing dependency_links to ../../build/UGV1Main/UGV1Main.egg-info/dependency_links.txt
[2.151s] writing entry points to ../../build/UGV1Main/UGV1Main.egg-info/entry_points.txt
[2.151s] writing requirements to ../../build/UGV1Main/UGV1Main.egg-info/requires.txt
[2.151s] writing top-level names to ../../build/UGV1Main/UGV1Main.egg-info/top_level.txt
[2.206s] reading manifest file '../../build/UGV1Main/UGV1Main.egg-info/SOURCES.txt'
[2.207s] writing manifest file '../../build/UGV1Main/UGV1Main.egg-info/SOURCES.txt'
[2.208s] running build
[2.208s] running build_py
[2.208s] running install
[2.210s] running install_lib
[2.212s] running install_data
[2.213s] running install_egg_info
[2.216s] removing '/home/teamvision/Desktop/ROS_Workspace/Honours_a1797823_a1764124/ROS_Workspace/install/UGV1Main/lib/python3.8/site-packages/UGV1Main-0.0.0-py3.8.egg-info' (and everything under it)
[2.216s] Copying ../../build/UGV1Main/UGV1Main.egg-info to /home/teamvision/Desktop/ROS_Workspace/Honours_a1797823_a1764124/ROS_Workspace/install/UGV1Main/lib/python3.8/site-packages/UGV1Main-0.0.0-py3.8.egg-info
[2.218s] running install_scripts
[2.244s] Installing UGV1Main script to /home/teamvision/Desktop/ROS_Workspace/Honours_a1797823_a1764124/ROS_Workspace/install/UGV1Main/lib/UGV1Main
[2.245s] writing list of installed files to '/home/teamvision/Desktop/ROS_Workspace/Honours_a1797823_a1764124/ROS_Workspace/build/UGV1Main/install.log'
[2.280s] Invoked command in '/home/teamvision/Desktop/ROS_Workspace/Honours_a1797823_a1764124/ROS_Workspace/src/UGV1Main' returned '0': PYTHONPATH=/home/teamvision/Desktop/ROS_Workspace/Honours_a1797823_a1764124/ROS_Workspace/build/UGV1Main/prefix_override:/home/teamvision/Desktop/ROS_Workspace/Honours_a1797823_a1764124/ROS_Workspace/install/UGV1Main/lib/python3.8/site-packages:${PYTHONPATH} /usr/bin/python3 setup.py egg_info --egg-base ../../build/UGV1Main build --build-base /home/teamvision/Desktop/ROS_Workspace/Honours_a1797823_a1764124/ROS_Workspace/build/UGV1Main/build install --record /home/teamvision/Desktop/ROS_Workspace/Honours_a1797823_a1764124/ROS_Workspace/build/UGV1Main/install.log --install-scripts $base/lib/UGV1Main --single-version-externally-managed
