[0.796s] Invoking command in '/home/teamvision/Desktop/ROS_Workspace/Honours_a1797823_a1764124/ROS_Workspace/src/UAVVision': PYTHONPATH=/home/teamvision/Desktop/ROS_Workspace/Honours_a1797823_a1764124/ROS_Workspace/src/UAVVision/build/cameraPub/prefix_override:/home/teamvision/Desktop/ROS_Workspace/Honours_a1797823_a1764124/ROS_Workspace/src/UAVVision/install/cameraPub/lib/python3.8/site-packages:${PYTHONPATH} /usr/bin/python3 setup.py egg_info --egg-base build/cameraPub build --build-base /home/teamvision/Desktop/ROS_Workspace/Honours_a1797823_a1764124/ROS_Workspace/src/UAVVision/build/cameraPub/build install --record /home/teamvision/Desktop/ROS_Workspace/Honours_a1797823_a1764124/ROS_Workspace/src/UAVVision/build/cameraPub/install.log --install-scripts $base/lib/UAVVision --single-version-externally-managed
[1.060s] running egg_info
[1.061s] writing build/cameraPub/UAVVision.egg-info/PKG-INFO
[1.061s] writing dependency_links to build/cameraPub/UAVVision.egg-info/dependency_links.txt
[1.061s] writing entry points to build/cameraPub/UAVVision.egg-info/entry_points.txt
[1.061s] writing requirements to build/cameraPub/UAVVision.egg-info/requires.txt
[1.062s] writing top-level names to build/cameraPub/UAVVision.egg-info/top_level.txt
[1.104s] reading manifest file 'build/cameraPub/UAVVision.egg-info/SOURCES.txt'
[1.105s] writing manifest file 'build/cameraPub/UAVVision.egg-info/SOURCES.txt'
[1.105s] running build
[1.105s] running build_py
[1.105s] running install
[1.106s] running install_lib
[1.108s] running install_data
[1.108s] running install_egg_info
[1.110s] removing '/home/teamvision/Desktop/ROS_Workspace/Honours_a1797823_a1764124/ROS_Workspace/src/UAVVision/install/cameraPub/lib/python3.8/site-packages/UAVVision-0.0.0-py3.8.egg-info' (and everything under it)
[1.110s] Copying build/cameraPub/UAVVision.egg-info to /home/teamvision/Desktop/ROS_Workspace/Honours_a1797823_a1764124/ROS_Workspace/src/UAVVision/install/cameraPub/lib/python3.8/site-packages/UAVVision-0.0.0-py3.8.egg-info
[1.111s] running install_scripts
[1.129s] Installing UAVVision script to /home/teamvision/Desktop/ROS_Workspace/Honours_a1797823_a1764124/ROS_Workspace/src/UAVVision/install/cameraPub/lib/UAVVision
[1.129s] writing list of installed files to '/home/teamvision/Desktop/ROS_Workspace/Honours_a1797823_a1764124/ROS_Workspace/src/UAVVision/build/cameraPub/install.log'
[1.153s] Invoked command in '/home/teamvision/Desktop/ROS_Workspace/Honours_a1797823_a1764124/ROS_Workspace/src/UAVVision' returned '0': PYTHONPATH=/home/teamvision/Desktop/ROS_Workspace/Honours_a1797823_a1764124/ROS_Workspace/src/UAVVision/build/cameraPub/prefix_override:/home/teamvision/Desktop/ROS_Workspace/Honours_a1797823_a1764124/ROS_Workspace/src/UAVVision/install/cameraPub/lib/python3.8/site-packages:${PYTHONPATH} /usr/bin/python3 setup.py egg_info --egg-base build/cameraPub build --build-base /home/teamvision/Desktop/ROS_Workspace/Honours_a1797823_a1764124/ROS_Workspace/src/UAVVision/build/cameraPub/build install --record /home/teamvision/Desktop/ROS_Workspace/Honours_a1797823_a1764124/ROS_Workspace/src/UAVVision/build/cameraPub/install.log --install-scripts $base/lib/UAVVision --single-version-externally-managed
