running egg_info
creating ../../build/path_planner_server/path_planner_server.egg-info
writing ../../build/path_planner_server/path_planner_server.egg-info/PKG-INFO
writing dependency_links to ../../build/path_planner_server/path_planner_server.egg-info/dependency_links.txt
writing entry points to ../../build/path_planner_server/path_planner_server.egg-info/entry_points.txt
writing requirements to ../../build/path_planner_server/path_planner_server.egg-info/requires.txt
writing top-level names to ../../build/path_planner_server/path_planner_server.egg-info/top_level.txt
writing manifest file '../../build/path_planner_server/path_planner_server.egg-info/SOURCES.txt'
reading manifest file '../../build/path_planner_server/path_planner_server.egg-info/SOURCES.txt'
writing manifest file '../../build/path_planner_server/path_planner_server.egg-info/SOURCES.txt'
running build
running build_py
creating /home/teamvision/Desktop/ROS_Workspace/Honours_a1797823_a1764124/ROS_Workspace/src/build/path_planner_server/build
creating /home/teamvision/Desktop/ROS_Workspace/Honours_a1797823_a1764124/ROS_Workspace/src/build/path_planner_server/build/lib
creating /home/teamvision/Desktop/ROS_Workspace/Honours_a1797823_a1764124/ROS_Workspace/src/build/path_planner_server/build/lib/path_planner_server
copying path_planner_server/__init__.py -> /home/teamvision/Desktop/ROS_Workspace/Honours_a1797823_a1764124/ROS_Workspace/src/build/path_planner_server/build/lib/path_planner_server
running install
running install_lib
creating /home/teamvision/Desktop/ROS_Workspace/Honours_a1797823_a1764124/ROS_Workspace/src/install/path_planner_server/lib/python3.8/site-packages/path_planner_server
copying /home/teamvision/Desktop/ROS_Workspace/Honours_a1797823_a1764124/ROS_Workspace/src/build/path_planner_server/build/lib/path_planner_server/__init__.py -> /home/teamvision/Desktop/ROS_Workspace/Honours_a1797823_a1764124/ROS_Workspace/src/install/path_planner_server/lib/python3.8/site-packages/path_planner_server
byte-compiling /home/teamvision/Desktop/ROS_Workspace/Honours_a1797823_a1764124/ROS_Workspace/src/install/path_planner_server/lib/python3.8/site-packages/path_planner_server/__init__.py to __init__.cpython-38.pyc
running install_data
creating /home/teamvision/Desktop/ROS_Workspace/Honours_a1797823_a1764124/ROS_Workspace/src/install/path_planner_server/share/ament_index
creating /home/teamvision/Desktop/ROS_Workspace/Honours_a1797823_a1764124/ROS_Workspace/src/install/path_planner_server/share/ament_index/resource_index
creating /home/teamvision/Desktop/ROS_Workspace/Honours_a1797823_a1764124/ROS_Workspace/src/install/path_planner_server/share/ament_index/resource_index/packages
copying resource/path_planner_server -> /home/teamvision/Desktop/ROS_Workspace/Honours_a1797823_a1764124/ROS_Workspace/src/install/path_planner_server/share/ament_index/resource_index/packages
copying package.xml -> /home/teamvision/Desktop/ROS_Workspace/Honours_a1797823_a1764124/ROS_Workspace/src/install/path_planner_server/share/path_planner_server
creating /home/teamvision/Desktop/ROS_Workspace/Honours_a1797823_a1764124/ROS_Workspace/src/install/path_planner_server/share/path_planner_server/launch
copying launch/tb3_0_multi_navigation_launch (copy).py -> /home/teamvision/Desktop/ROS_Workspace/Honours_a1797823_a1764124/ROS_Workspace/src/install/path_planner_server/share/path_planner_server/launch
copying launch/multi_localization.launch.py -> /home/teamvision/Desktop/ROS_Workspace/Honours_a1797823_a1764124/ROS_Workspace/src/install/path_planner_server/share/path_planner_server/launch
copying launch/tb3_1_localization_launch (copy).py -> /home/teamvision/Desktop/ROS_Workspace/Honours_a1797823_a1764124/ROS_Workspace/src/install/path_planner_server/share/path_planner_server/launch
copying launch/tb3_1_multi_navigation_launch (copy).py -> /home/teamvision/Desktop/ROS_Workspace/Honours_a1797823_a1764124/ROS_Workspace/src/install/path_planner_server/share/path_planner_server/launch
copying launch/tb3_0_localization_launch.py -> /home/teamvision/Desktop/ROS_Workspace/Honours_a1797823_a1764124/ROS_Workspace/src/install/path_planner_server/share/path_planner_server/launch
copying launch/tb3_0_localization_launch (copy).py -> /home/teamvision/Desktop/ROS_Workspace/Honours_a1797823_a1764124/ROS_Workspace/src/install/path_planner_server/share/path_planner_server/launch
copying launch/map_server.launch.py -> /home/teamvision/Desktop/ROS_Workspace/Honours_a1797823_a1764124/ROS_Workspace/src/install/path_planner_server/share/path_planner_server/launch
copying launch/tb3_0_multi_navigation_launch.py -> /home/teamvision/Desktop/ROS_Workspace/Honours_a1797823_a1764124/ROS_Workspace/src/install/path_planner_server/share/path_planner_server/launch
copying launch/slam_launch.py -> /home/teamvision/Desktop/ROS_Workspace/Honours_a1797823_a1764124/ROS_Workspace/src/install/path_planner_server/share/path_planner_server/launch
copying launch/multi_localization_launch.py -> /home/teamvision/Desktop/ROS_Workspace/Honours_a1797823_a1764124/ROS_Workspace/src/install/path_planner_server/share/path_planner_server/launch
copying launch/tb3_1_bringup_launch.py -> /home/teamvision/Desktop/ROS_Workspace/Honours_a1797823_a1764124/ROS_Workspace/src/install/path_planner_server/share/path_planner_server/launch
copying launch/multi_navigation_launch.py -> /home/teamvision/Desktop/ROS_Workspace/Honours_a1797823_a1764124/ROS_Workspace/src/install/path_planner_server/share/path_planner_server/launch
copying launch/tb3_0_bringup_launch.py -> /home/teamvision/Desktop/ROS_Workspace/Honours_a1797823_a1764124/ROS_Workspace/src/install/path_planner_server/share/path_planner_server/launch
creating /home/teamvision/Desktop/ROS_Workspace/Honours_a1797823_a1764124/ROS_Workspace/src/install/path_planner_server/share/path_planner_server/config
copying config/tb3_1_nav2_params.yaml -> /home/teamvision/Desktop/ROS_Workspace/Honours_a1797823_a1764124/ROS_Workspace/src/install/path_planner_server/share/path_planner_server/config
copying config/tb3_0_nav2_params.yaml -> /home/teamvision/Desktop/ROS_Workspace/Honours_a1797823_a1764124/ROS_Workspace/src/install/path_planner_server/share/path_planner_server/config
copying config/map.pgm -> /home/teamvision/Desktop/ROS_Workspace/Honours_a1797823_a1764124/ROS_Workspace/src/install/path_planner_server/share/path_planner_server/config
copying config/map_test.yaml -> /home/teamvision/Desktop/ROS_Workspace/Honours_a1797823_a1764124/ROS_Workspace/src/install/path_planner_server/share/path_planner_server/config
copying config/map.yaml -> /home/teamvision/Desktop/ROS_Workspace/Honours_a1797823_a1764124/ROS_Workspace/src/install/path_planner_server/share/path_planner_server/config
copying config/map_test.pgm -> /home/teamvision/Desktop/ROS_Workspace/Honours_a1797823_a1764124/ROS_Workspace/src/install/path_planner_server/share/path_planner_server/config
creating /home/teamvision/Desktop/ROS_Workspace/Honours_a1797823_a1764124/ROS_Workspace/src/install/path_planner_server/share/path_planner_server/maps
copying maps/turtlebot3_world.pgm -> /home/teamvision/Desktop/ROS_Workspace/Honours_a1797823_a1764124/ROS_Workspace/src/install/path_planner_server/share/path_planner_server/maps
copying maps/turtlebot3_world.yaml -> /home/teamvision/Desktop/ROS_Workspace/Honours_a1797823_a1764124/ROS_Workspace/src/install/path_planner_server/share/path_planner_server/maps
running install_egg_info
Copying ../../build/path_planner_server/path_planner_server.egg-info to /home/teamvision/Desktop/ROS_Workspace/Honours_a1797823_a1764124/ROS_Workspace/src/install/path_planner_server/lib/python3.8/site-packages/path_planner_server-0.0.0-py3.8.egg-info
running install_scripts
writing list of installed files to '/home/teamvision/Desktop/ROS_Workspace/Honours_a1797823_a1764124/ROS_Workspace/src/build/path_planner_server/install.log'
