[4.982s] Invoking command in '/home/max/Desktop/VisionCode/Honours_a1797823_a1764124/ROS_Workspace/src/UGV1Main': PYTHONPATH=/home/max/Desktop/VisionCode/Honours_a1797823_a1764124/ROS_Workspace/build/UGV1Main/prefix_override:/home/max/Desktop/VisionCode/Honours_a1797823_a1764124/ROS_Workspace/install/UGV1Main/lib/python3.8/site-packages:${PYTHONPATH} /usr/bin/python3 setup.py egg_info --egg-base ../../build/UGV1Main build --build-base /home/max/Desktop/VisionCode/Honours_a1797823_a1764124/ROS_Workspace/build/UGV1Main/build install --record /home/max/Desktop/VisionCode/Honours_a1797823_a1764124/ROS_Workspace/build/UGV1Main/install.log --install-scripts $base/lib/UGV1Main --single-version-externally-managed
[5.370s] running egg_info
[5.372s] writing ../../build/UGV1Main/UGV1Main.egg-info/PKG-INFO
[5.374s] writing dependency_links to ../../build/UGV1Main/UGV1Main.egg-info/dependency_links.txt
[5.392s] writing entry points to ../../build/UGV1Main/UGV1Main.egg-info/entry_points.txt
[5.392s] writing requirements to ../../build/UGV1Main/UGV1Main.egg-info/requires.txt
[5.392s] writing top-level names to ../../build/UGV1Main/UGV1Main.egg-info/top_level.txt
[5.455s] reading manifest file '../../build/UGV1Main/UGV1Main.egg-info/SOURCES.txt'
[5.460s] writing manifest file '../../build/UGV1Main/UGV1Main.egg-info/SOURCES.txt'
[5.463s] running build
[5.464s] running build_py
[5.471s] copying UGV1Main/UGV1Main.py -> /home/max/Desktop/VisionCode/Honours_a1797823_a1764124/ROS_Workspace/build/UGV1Main/build/lib/UGV1Main
[5.472s] running install
[5.472s] running install_lib
[5.472s] copying /home/max/Desktop/VisionCode/Honours_a1797823_a1764124/ROS_Workspace/build/UGV1Main/build/lib/UGV1Main/UGV1Main.py -> /home/max/Desktop/VisionCode/Honours_a1797823_a1764124/ROS_Workspace/install/UGV1Main/lib/python3.8/site-packages/UGV1Main
[5.472s] byte-compiling /home/max/Desktop/VisionCode/Honours_a1797823_a1764124/ROS_Workspace/install/UGV1Main/lib/python3.8/site-packages/UGV1Main/UGV1Main.py to UGV1Main.cpython-38.pyc
[5.473s] running install_data
[5.473s] running install_egg_info
[5.474s] removing '/home/max/Desktop/VisionCode/Honours_a1797823_a1764124/ROS_Workspace/install/UGV1Main/lib/python3.8/site-packages/UGV1Main-0.0.0-py3.8.egg-info' (and everything under it)
[5.476s] Copying ../../build/UGV1Main/UGV1Main.egg-info to /home/max/Desktop/VisionCode/Honours_a1797823_a1764124/ROS_Workspace/install/UGV1Main/lib/python3.8/site-packages/UGV1Main-0.0.0-py3.8.egg-info
[5.476s] running install_scripts
[5.507s] Installing UGV1Main script to /home/max/Desktop/VisionCode/Honours_a1797823_a1764124/ROS_Workspace/install/UGV1Main/lib/UGV1Main
[5.508s] writing list of installed files to '/home/max/Desktop/VisionCode/Honours_a1797823_a1764124/ROS_Workspace/build/UGV1Main/install.log'
