[1.160s] Invoking command in '/home/teamvision/Desktop/ROS_Workspace/Honours_a1797823_a1764124/ROS_Workspace/src/UGV2Main': PYTHONPATH=/home/teamvision/Desktop/ROS_Workspace/Honours_a1797823_a1764124/ROS_Workspace/src/build/UGV2Main/prefix_override:/home/teamvision/Desktop/ROS_Workspace/Honours_a1797823_a1764124/ROS_Workspace/src/install/UGV2Main/lib/python3.8/site-packages:${PYTHONPATH} /usr/bin/python3 setup.py egg_info --egg-base ../build/UGV2Main build --build-base /home/teamvision/Desktop/ROS_Workspace/Honours_a1797823_a1764124/ROS_Workspace/src/build/UGV2Main/build install --record /home/teamvision/Desktop/ROS_Workspace/Honours_a1797823_a1764124/ROS_Workspace/src/build/UGV2Main/install.log --install-scripts $base/lib/UGV2Main --single-version-externally-managed
[1.537s] running egg_info
[1.538s] writing ../build/UGV2Main/UGV2Main.egg-info/PKG-INFO
[1.538s] writing dependency_links to ../build/UGV2Main/UGV2Main.egg-info/dependency_links.txt
[1.539s] writing entry points to ../build/UGV2Main/UGV2Main.egg-info/entry_points.txt
[1.539s] writing requirements to ../build/UGV2Main/UGV2Main.egg-info/requires.txt
[1.539s] writing top-level names to ../build/UGV2Main/UGV2Main.egg-info/top_level.txt
[1.592s] reading manifest file '../build/UGV2Main/UGV2Main.egg-info/SOURCES.txt'
[1.593s] writing manifest file '../build/UGV2Main/UGV2Main.egg-info/SOURCES.txt'
[1.594s] running build
[1.594s] running build_py
[1.594s] copying UGV2Main/UGV2Main.py -> /home/teamvision/Desktop/ROS_Workspace/Honours_a1797823_a1764124/ROS_Workspace/src/build/UGV2Main/build/lib/UGV2Main
[1.594s] running install
[1.595s] running install_lib
[1.597s] copying /home/teamvision/Desktop/ROS_Workspace/Honours_a1797823_a1764124/ROS_Workspace/src/build/UGV2Main/build/lib/UGV2Main/UGV2Main.py -> /home/teamvision/Desktop/ROS_Workspace/Honours_a1797823_a1764124/ROS_Workspace/src/install/UGV2Main/lib/python3.8/site-packages/UGV2Main
[1.598s] byte-compiling /home/teamvision/Desktop/ROS_Workspace/Honours_a1797823_a1764124/ROS_Workspace/src/install/UGV2Main/lib/python3.8/site-packages/UGV2Main/UGV2Main.py to UGV2Main.cpython-38.pyc
[1.603s] running install_data
[1.603s] running install_egg_info
[1.608s] removing '/home/teamvision/Desktop/ROS_Workspace/Honours_a1797823_a1764124/ROS_Workspace/src/install/UGV2Main/lib/python3.8/site-packages/UGV2Main-0.0.0-py3.8.egg-info' (and everything under it)
[1.609s] Copying ../build/UGV2Main/UGV2Main.egg-info to /home/teamvision/Desktop/ROS_Workspace/Honours_a1797823_a1764124/ROS_Workspace/src/install/UGV2Main/lib/python3.8/site-packages/UGV2Main-0.0.0-py3.8.egg-info
[1.609s] running install_scripts
[1.634s] Installing UGV2Main script to /home/teamvision/Desktop/ROS_Workspace/Honours_a1797823_a1764124/ROS_Workspace/src/install/UGV2Main/lib/UGV2Main
[1.635s] writing list of installed files to '/home/teamvision/Desktop/ROS_Workspace/Honours_a1797823_a1764124/ROS_Workspace/src/build/UGV2Main/install.log'
[1.675s] Invoked command in '/home/teamvision/Desktop/ROS_Workspace/Honours_a1797823_a1764124/ROS_Workspace/src/UGV2Main' returned '0': PYTHONPATH=/home/teamvision/Desktop/ROS_Workspace/Honours_a1797823_a1764124/ROS_Workspace/src/build/UGV2Main/prefix_override:/home/teamvision/Desktop/ROS_Workspace/Honours_a1797823_a1764124/ROS_Workspace/src/install/UGV2Main/lib/python3.8/site-packages:${PYTHONPATH} /usr/bin/python3 setup.py egg_info --egg-base ../build/UGV2Main build --build-base /home/teamvision/Desktop/ROS_Workspace/Honours_a1797823_a1764124/ROS_Workspace/src/build/UGV2Main/build install --record /home/teamvision/Desktop/ROS_Workspace/Honours_a1797823_a1764124/ROS_Workspace/src/build/UGV2Main/install.log --install-scripts $base/lib/UGV2Main --single-version-externally-managed
