[  2%] Built target custom_srvs__cpp
[ 12%] Built target custom_srvs__rosidl_generator_c
[ 23%] Built target custom_srvs__rosidl_typesupport_fastrtps_cpp
[ 33%] Built target custom_srvs__rosidl_typesupport_introspection_c
[ 43%] Built target custom_srvs__rosidl_typesupport_introspection_cpp
[ 53%] Built target custom_srvs__rosidl_typesupport_cpp
[ 64%] Built target custom_srvs__rosidl_typesupport_c
[ 74%] Built target custom_srvs__rosidl_typesupport_fastrtps_c
[ 74%] Built target custom_srvs
[ 76%] Built target custom_srvs__py
[ 84%] Built target custom_srvs__python
[ 89%] Built target custom_srvs__rosidl_typesupport_introspection_c__pyext
[ 94%] Built target custom_srvs__rosidl_typesupport_c__pyext
[100%] Built target custom_srvs__rosidl_typesupport_fastrtps_c__pyext
-- Install configuration: ""
-- Up-to-date: /home/teamvision/Desktop/ROS_Workspace/Honours_a1797823_a1764124/ROS_Workspace/src/install/custom_srvs/share/ament_index/resource_index/rosidl_interfaces/custom_srvs
-- Up-to-date: /home/teamvision/Desktop/ROS_Workspace/Honours_a1797823_a1764124/ROS_Workspace/src/install/custom_srvs/include/custom_srvs
-- Up-to-date: /home/teamvision/Desktop/ROS_Workspace/Honours_a1797823_a1764124/ROS_Workspace/src/install/custom_srvs/include/custom_srvs/srv
-- Up-to-date: /home/teamvision/Desktop/ROS_Workspace/Honours_a1797823_a1764124/ROS_Workspace/src/install/custom_srvs/include/custom_srvs/srv/detail
-- Up-to-date: /home/teamvision/Desktop/ROS_Workspace/Honours_a1797823_a1764124/ROS_Workspace/src/install/custom_srvs/include/custom_srvs/srv/detail/policy__struct.h
-- Up-to-date: /home/teamvision/Desktop/ROS_Workspace/Honours_a1797823_a1764124/ROS_Workspace/src/install/custom_srvs/include/custom_srvs/srv/detail/move_order__struct.h
-- Up-to-date: /home/teamvision/Desktop/ROS_Workspace/Honours_a1797823_a1764124/ROS_Workspace/src/install/custom_srvs/include/custom_srvs/srv/detail/move_order__type_support.h
-- Up-to-date: /home/teamvision/Desktop/ROS_Workspace/Honours_a1797823_a1764124/ROS_Workspace/src/install/custom_srvs/include/custom_srvs/srv/detail/policy__functions.c
-- Up-to-date: /home/teamvision/Desktop/ROS_Workspace/Honours_a1797823_a1764124/ROS_Workspace/src/install/custom_srvs/include/custom_srvs/srv/detail/policy__type_support.h
-- Up-to-date: /home/teamvision/Desktop/ROS_Workspace/Honours_a1797823_a1764124/ROS_Workspace/src/install/custom_srvs/include/custom_srvs/srv/detail/move_order__functions.c
-- Up-to-date: /home/teamvision/Desktop/ROS_Workspace/Honours_a1797823_a1764124/ROS_Workspace/src/install/custom_srvs/include/custom_srvs/srv/detail/policy__functions.h
-- Up-to-date: /home/teamvision/Desktop/ROS_Workspace/Honours_a1797823_a1764124/ROS_Workspace/src/install/custom_srvs/include/custom_srvs/srv/detail/move_order__functions.h
-- Up-to-date: /home/teamvision/Desktop/ROS_Workspace/Honours_a1797823_a1764124/ROS_Workspace/src/install/custom_srvs/include/custom_srvs/srv/policy.h
-- Up-to-date: /home/teamvision/Desktop/ROS_Workspace/Honours_a1797823_a1764124/ROS_Workspace/src/install/custom_srvs/include/custom_srvs/srv/move_order.h
-- Up-to-date: /home/teamvision/Desktop/ROS_Workspace/Honours_a1797823_a1764124/ROS_Workspace/src/install/custom_srvs/include/custom_srvs/msg
-- Up-to-date: /home/teamvision/Desktop/ROS_Workspace/Honours_a1797823_a1764124/ROS_Workspace/src/install/custom_srvs/include/custom_srvs/msg/rosidl_generator_c__visibility_control.h
-- Up-to-date: /home/teamvision/Desktop/ROS_Workspace/Honours_a1797823_a1764124/ROS_Workspace/src/install/custom_srvs/share/custom_srvs/environment/library_path.sh
-- Up-to-date: /home/teamvision/Desktop/ROS_Workspace/Honours_a1797823_a1764124/ROS_Workspace/src/install/custom_srvs/share/custom_srvs/environment/library_path.dsv
-- Up-to-date: /home/teamvision/Desktop/ROS_Workspace/Honours_a1797823_a1764124/ROS_Workspace/src/install/custom_srvs/lib/libcustom_srvs__rosidl_generator_c.so
-- Up-to-date: /home/teamvision/Desktop/ROS_Workspace/Honours_a1797823_a1764124/ROS_Workspace/src/install/custom_srvs/include/custom_srvs
-- Up-to-date: /home/teamvision/Desktop/ROS_Workspace/Honours_a1797823_a1764124/ROS_Workspace/src/install/custom_srvs/include/custom_srvs/srv
-- Up-to-date: /home/teamvision/Desktop/ROS_Workspace/Honours_a1797823_a1764124/ROS_Workspace/src/install/custom_srvs/include/custom_srvs/srv/detail
-- Up-to-date: /home/teamvision/Desktop/ROS_Workspace/Honours_a1797823_a1764124/ROS_Workspace/src/install/custom_srvs/include/custom_srvs/srv/detail/policy__rosidl_typesupport_fastrtps_c.h
-- Up-to-date: /home/teamvision/Desktop/ROS_Workspace/Honours_a1797823_a1764124/ROS_Workspace/src/install/custom_srvs/include/custom_srvs/srv/detail/move_order__rosidl_typesupport_fastrtps_c.h
-- Up-to-date: /home/teamvision/Desktop/ROS_Workspace/Honours_a1797823_a1764124/ROS_Workspace/src/install/custom_srvs/include/custom_srvs/msg
-- Up-to-date: /home/teamvision/Desktop/ROS_Workspace/Honours_a1797823_a1764124/ROS_Workspace/src/install/custom_srvs/include/custom_srvs/msg/rosidl_typesupport_fastrtps_c__visibility_control.h
-- Up-to-date: /home/teamvision/Desktop/ROS_Workspace/Honours_a1797823_a1764124/ROS_Workspace/src/install/custom_srvs/lib/libcustom_srvs__rosidl_typesupport_fastrtps_c.so
-- Up-to-date: /home/teamvision/Desktop/ROS_Workspace/Honours_a1797823_a1764124/ROS_Workspace/src/install/custom_srvs/include/custom_srvs
-- Up-to-date: /home/teamvision/Desktop/ROS_Workspace/Honours_a1797823_a1764124/ROS_Workspace/src/install/custom_srvs/include/custom_srvs/srv
-- Up-to-date: /home/teamvision/Desktop/ROS_Workspace/Honours_a1797823_a1764124/ROS_Workspace/src/install/custom_srvs/include/custom_srvs/srv/detail
-- Up-to-date: /home/teamvision/Desktop/ROS_Workspace/Honours_a1797823_a1764124/ROS_Workspace/src/install/custom_srvs/include/custom_srvs/srv/detail/move_order__rosidl_typesupport_fastrtps_cpp.hpp
-- Up-to-date: /home/teamvision/Desktop/ROS_Workspace/Honours_a1797823_a1764124/ROS_Workspace/src/install/custom_srvs/include/custom_srvs/srv/detail/dds_fastrtps
-- Up-to-date: /home/teamvision/Desktop/ROS_Workspace/Honours_a1797823_a1764124/ROS_Workspace/src/install/custom_srvs/include/custom_srvs/srv/detail/policy__rosidl_typesupport_fastrtps_cpp.hpp
-- Up-to-date: /home/teamvision/Desktop/ROS_Workspace/Honours_a1797823_a1764124/ROS_Workspace/src/install/custom_srvs/include/custom_srvs/msg
-- Up-to-date: /home/teamvision/Desktop/ROS_Workspace/Honours_a1797823_a1764124/ROS_Workspace/src/install/custom_srvs/include/custom_srvs/msg/rosidl_typesupport_fastrtps_cpp__visibility_control.h
-- Up-to-date: /home/teamvision/Desktop/ROS_Workspace/Honours_a1797823_a1764124/ROS_Workspace/src/install/custom_srvs/lib/libcustom_srvs__rosidl_typesupport_fastrtps_cpp.so
-- Up-to-date: /home/teamvision/Desktop/ROS_Workspace/Honours_a1797823_a1764124/ROS_Workspace/src/install/custom_srvs/include/custom_srvs
-- Up-to-date: /home/teamvision/Desktop/ROS_Workspace/Honours_a1797823_a1764124/ROS_Workspace/src/install/custom_srvs/include/custom_srvs/srv
-- Up-to-date: /home/teamvision/Desktop/ROS_Workspace/Honours_a1797823_a1764124/ROS_Workspace/src/install/custom_srvs/include/custom_srvs/srv/detail
-- Up-to-date: /home/teamvision/Desktop/ROS_Workspace/Honours_a1797823_a1764124/ROS_Workspace/src/install/custom_srvs/include/custom_srvs/srv/detail/move_order__type_support.c
-- Up-to-date: /home/teamvision/Desktop/ROS_Workspace/Honours_a1797823_a1764124/ROS_Workspace/src/install/custom_srvs/include/custom_srvs/srv/detail/policy__rosidl_typesupport_introspection_c.h
-- Up-to-date: /home/teamvision/Desktop/ROS_Workspace/Honours_a1797823_a1764124/ROS_Workspace/src/install/custom_srvs/include/custom_srvs/srv/detail/policy__type_support.c
-- Up-to-date: /home/teamvision/Desktop/ROS_Workspace/Honours_a1797823_a1764124/ROS_Workspace/src/install/custom_srvs/include/custom_srvs/srv/detail/move_order__rosidl_typesupport_introspection_c.h
-- Up-to-date: /home/teamvision/Desktop/ROS_Workspace/Honours_a1797823_a1764124/ROS_Workspace/src/install/custom_srvs/include/custom_srvs/msg
-- Up-to-date: /home/teamvision/Desktop/ROS_Workspace/Honours_a1797823_a1764124/ROS_Workspace/src/install/custom_srvs/include/custom_srvs/msg/rosidl_typesupport_introspection_c__visibility_control.h
-- Up-to-date: /home/teamvision/Desktop/ROS_Workspace/Honours_a1797823_a1764124/ROS_Workspace/src/install/custom_srvs/lib/libcustom_srvs__rosidl_typesupport_introspection_c.so
-- Up-to-date: /home/teamvision/Desktop/ROS_Workspace/Honours_a1797823_a1764124/ROS_Workspace/src/install/custom_srvs/lib/libcustom_srvs__rosidl_typesupport_c.so
-- Up-to-date: /home/teamvision/Desktop/ROS_Workspace/Honours_a1797823_a1764124/ROS_Workspace/src/install/custom_srvs/include/custom_srvs
-- Up-to-date: /home/teamvision/Desktop/ROS_Workspace/Honours_a1797823_a1764124/ROS_Workspace/src/install/custom_srvs/include/custom_srvs/srv
-- Up-to-date: /home/teamvision/Desktop/ROS_Workspace/Honours_a1797823_a1764124/ROS_Workspace/src/install/custom_srvs/include/custom_srvs/srv/detail
-- Up-to-date: /home/teamvision/Desktop/ROS_Workspace/Honours_a1797823_a1764124/ROS_Workspace/src/install/custom_srvs/include/custom_srvs/srv/detail/move_order__struct.hpp
-- Up-to-date: /home/teamvision/Desktop/ROS_Workspace/Honours_a1797823_a1764124/ROS_Workspace/src/install/custom_srvs/include/custom_srvs/srv/detail/policy__struct.hpp
-- Up-to-date: /home/teamvision/Desktop/ROS_Workspace/Honours_a1797823_a1764124/ROS_Workspace/src/install/custom_srvs/include/custom_srvs/srv/detail/move_order__traits.hpp
-- Up-to-date: /home/teamvision/Desktop/ROS_Workspace/Honours_a1797823_a1764124/ROS_Workspace/src/install/custom_srvs/include/custom_srvs/srv/detail/policy__traits.hpp
-- Up-to-date: /home/teamvision/Desktop/ROS_Workspace/Honours_a1797823_a1764124/ROS_Workspace/src/install/custom_srvs/include/custom_srvs/srv/detail/policy__builder.hpp
-- Up-to-date: /home/teamvision/Desktop/ROS_Workspace/Honours_a1797823_a1764124/ROS_Workspace/src/install/custom_srvs/include/custom_srvs/srv/detail/move_order__builder.hpp
-- Up-to-date: /home/teamvision/Desktop/ROS_Workspace/Honours_a1797823_a1764124/ROS_Workspace/src/install/custom_srvs/include/custom_srvs/srv/policy.hpp
-- Up-to-date: /home/teamvision/Desktop/ROS_Workspace/Honours_a1797823_a1764124/ROS_Workspace/src/install/custom_srvs/include/custom_srvs/srv/move_order.hpp
-- Up-to-date: /home/teamvision/Desktop/ROS_Workspace/Honours_a1797823_a1764124/ROS_Workspace/src/install/custom_srvs/include/custom_srvs
-- Up-to-date: /home/teamvision/Desktop/ROS_Workspace/Honours_a1797823_a1764124/ROS_Workspace/src/install/custom_srvs/include/custom_srvs/srv
-- Up-to-date: /home/teamvision/Desktop/ROS_Workspace/Honours_a1797823_a1764124/ROS_Workspace/src/install/custom_srvs/include/custom_srvs/srv/detail
-- Up-to-date: /home/teamvision/Desktop/ROS_Workspace/Honours_a1797823_a1764124/ROS_Workspace/src/install/custom_srvs/include/custom_srvs/srv/detail/policy__rosidl_typesupport_introspection_cpp.hpp
-- Up-to-date: /home/teamvision/Desktop/ROS_Workspace/Honours_a1797823_a1764124/ROS_Workspace/src/install/custom_srvs/include/custom_srvs/srv/detail/policy__type_support.cpp
-- Up-to-date: /home/teamvision/Desktop/ROS_Workspace/Honours_a1797823_a1764124/ROS_Workspace/src/install/custom_srvs/include/custom_srvs/srv/detail/move_order__type_support.cpp
-- Up-to-date: /home/teamvision/Desktop/ROS_Workspace/Honours_a1797823_a1764124/ROS_Workspace/src/install/custom_srvs/include/custom_srvs/srv/detail/move_order__rosidl_typesupport_introspection_cpp.hpp
-- Up-to-date: /home/teamvision/Desktop/ROS_Workspace/Honours_a1797823_a1764124/ROS_Workspace/src/install/custom_srvs/lib/libcustom_srvs__rosidl_typesupport_introspection_cpp.so
-- Up-to-date: /home/teamvision/Desktop/ROS_Workspace/Honours_a1797823_a1764124/ROS_Workspace/src/install/custom_srvs/lib/libcustom_srvs__rosidl_typesupport_cpp.so
-- Up-to-date: /home/teamvision/Desktop/ROS_Workspace/Honours_a1797823_a1764124/ROS_Workspace/src/install/custom_srvs/share/custom_srvs/environment/pythonpath.sh
-- Up-to-date: /home/teamvision/Desktop/ROS_Workspace/Honours_a1797823_a1764124/ROS_Workspace/src/install/custom_srvs/share/custom_srvs/environment/pythonpath.dsv
-- Up-to-date: /home/teamvision/Desktop/ROS_Workspace/Honours_a1797823_a1764124/ROS_Workspace/src/install/custom_srvs/lib/python3.8/site-packages/custom_srvs/__init__.py
-- Up-to-date: /home/teamvision/Desktop/ROS_Workspace/Honours_a1797823_a1764124/ROS_Workspace/src/install/custom_srvs/lib/python3.8/site-packages/custom_srvs/srv
-- Up-to-date: /home/teamvision/Desktop/ROS_Workspace/Honours_a1797823_a1764124/ROS_Workspace/src/install/custom_srvs/lib/python3.8/site-packages/custom_srvs/srv/__init__.py
-- Up-to-date: /home/teamvision/Desktop/ROS_Workspace/Honours_a1797823_a1764124/ROS_Workspace/src/install/custom_srvs/lib/python3.8/site-packages/custom_srvs/srv/_policy.py
-- Up-to-date: /home/teamvision/Desktop/ROS_Workspace/Honours_a1797823_a1764124/ROS_Workspace/src/install/custom_srvs/lib/python3.8/site-packages/custom_srvs/srv/_policy_s.c
-- Up-to-date: /home/teamvision/Desktop/ROS_Workspace/Honours_a1797823_a1764124/ROS_Workspace/src/install/custom_srvs/lib/python3.8/site-packages/custom_srvs/srv/_move_order_s.c
-- Up-to-date: /home/teamvision/Desktop/ROS_Workspace/Honours_a1797823_a1764124/ROS_Workspace/src/install/custom_srvs/lib/python3.8/site-packages/custom_srvs/srv/_move_order.py
-- Up-to-date: /home/teamvision/Desktop/ROS_Workspace/Honours_a1797823_a1764124/ROS_Workspace/src/install/custom_srvs/lib/python3.8/site-packages/custom_srvs/custom_srvs_s__rosidl_typesupport_fastrtps_c.cpython-38-x86_64-linux-gnu.so
-- Up-to-date: /home/teamvision/Desktop/ROS_Workspace/Honours_a1797823_a1764124/ROS_Workspace/src/install/custom_srvs/lib/python3.8/site-packages/custom_srvs/custom_srvs_s__rosidl_typesupport_introspection_c.cpython-38-x86_64-linux-gnu.so
-- Up-to-date: /home/teamvision/Desktop/ROS_Workspace/Honours_a1797823_a1764124/ROS_Workspace/src/install/custom_srvs/lib/python3.8/site-packages/custom_srvs/custom_srvs_s__rosidl_typesupport_c.cpython-38-x86_64-linux-gnu.so
-- Up-to-date: /home/teamvision/Desktop/ROS_Workspace/Honours_a1797823_a1764124/ROS_Workspace/src/install/custom_srvs/lib/libcustom_srvs__python.so
-- Up-to-date: /home/teamvision/Desktop/ROS_Workspace/Honours_a1797823_a1764124/ROS_Workspace/src/install/custom_srvs/share/custom_srvs/srv/Policy.idl
-- Up-to-date: /home/teamvision/Desktop/ROS_Workspace/Honours_a1797823_a1764124/ROS_Workspace/src/install/custom_srvs/share/custom_srvs/srv/MoveOrder.idl
-- Up-to-date: /home/teamvision/Desktop/ROS_Workspace/Honours_a1797823_a1764124/ROS_Workspace/src/install/custom_srvs/share/custom_srvs/srv/Policy.srv
-- Up-to-date: /home/teamvision/Desktop/ROS_Workspace/Honours_a1797823_a1764124/ROS_Workspace/src/install/custom_srvs/share/custom_srvs/srv/Policy_Request.msg
-- Up-to-date: /home/teamvision/Desktop/ROS_Workspace/Honours_a1797823_a1764124/ROS_Workspace/src/install/custom_srvs/share/custom_srvs/srv/Policy_Response.msg
-- Up-to-date: /home/teamvision/Desktop/ROS_Workspace/Honours_a1797823_a1764124/ROS_Workspace/src/install/custom_srvs/share/custom_srvs/srv/MoveOrder.srv
-- Up-to-date: /home/teamvision/Desktop/ROS_Workspace/Honours_a1797823_a1764124/ROS_Workspace/src/install/custom_srvs/share/custom_srvs/srv/MoveOrder_Request.msg
-- Up-to-date: /home/teamvision/Desktop/ROS_Workspace/Honours_a1797823_a1764124/ROS_Workspace/src/install/custom_srvs/share/custom_srvs/srv/MoveOrder_Response.msg
-- Up-to-date: /home/teamvision/Desktop/ROS_Workspace/Honours_a1797823_a1764124/ROS_Workspace/src/install/custom_srvs/share/ament_index/resource_index/package_run_dependencies/custom_srvs
-- Up-to-date: /home/teamvision/Desktop/ROS_Workspace/Honours_a1797823_a1764124/ROS_Workspace/src/install/custom_srvs/share/ament_index/resource_index/parent_prefix_path/custom_srvs
-- Up-to-date: /home/teamvision/Desktop/ROS_Workspace/Honours_a1797823_a1764124/ROS_Workspace/src/install/custom_srvs/share/custom_srvs/environment/ament_prefix_path.sh
-- Up-to-date: /home/teamvision/Desktop/ROS_Workspace/Honours_a1797823_a1764124/ROS_Workspace/src/install/custom_srvs/share/custom_srvs/environment/ament_prefix_path.dsv
-- Up-to-date: /home/teamvision/Desktop/ROS_Workspace/Honours_a1797823_a1764124/ROS_Workspace/src/install/custom_srvs/share/custom_srvs/environment/path.sh
-- Up-to-date: /home/teamvision/Desktop/ROS_Workspace/Honours_a1797823_a1764124/ROS_Workspace/src/install/custom_srvs/share/custom_srvs/environment/path.dsv
-- Up-to-date: /home/teamvision/Desktop/ROS_Workspace/Honours_a1797823_a1764124/ROS_Workspace/src/install/custom_srvs/share/custom_srvs/local_setup.bash
-- Up-to-date: /home/teamvision/Desktop/ROS_Workspace/Honours_a1797823_a1764124/ROS_Workspace/src/install/custom_srvs/share/custom_srvs/local_setup.sh
-- Up-to-date: /home/teamvision/Desktop/ROS_Workspace/Honours_a1797823_a1764124/ROS_Workspace/src/install/custom_srvs/share/custom_srvs/local_setup.zsh
-- Up-to-date: /home/teamvision/Desktop/ROS_Workspace/Honours_a1797823_a1764124/ROS_Workspace/src/install/custom_srvs/share/custom_srvs/local_setup.dsv
-- Installing: /home/teamvision/Desktop/ROS_Workspace/Honours_a1797823_a1764124/ROS_Workspace/src/install/custom_srvs/share/custom_srvs/package.dsv
-- Up-to-date: /home/teamvision/Desktop/ROS_Workspace/Honours_a1797823_a1764124/ROS_Workspace/src/install/custom_srvs/share/ament_index/resource_index/packages/custom_srvs
-- Up-to-date: /home/teamvision/Desktop/ROS_Workspace/Honours_a1797823_a1764124/ROS_Workspace/src/install/custom_srvs/share/custom_srvs/cmake/custom_srvs__rosidl_generator_cExport.cmake
-- Up-to-date: /home/teamvision/Desktop/ROS_Workspace/Honours_a1797823_a1764124/ROS_Workspace/src/install/custom_srvs/share/custom_srvs/cmake/custom_srvs__rosidl_generator_cExport-noconfig.cmake
-- Up-to-date: /home/teamvision/Desktop/ROS_Workspace/Honours_a1797823_a1764124/ROS_Workspace/src/install/custom_srvs/share/custom_srvs/cmake/custom_srvs__rosidl_typesupport_introspection_cExport.cmake
-- Up-to-date: /home/teamvision/Desktop/ROS_Workspace/Honours_a1797823_a1764124/ROS_Workspace/src/install/custom_srvs/share/custom_srvs/cmake/custom_srvs__rosidl_typesupport_introspection_cExport-noconfig.cmake
-- Up-to-date: /home/teamvision/Desktop/ROS_Workspace/Honours_a1797823_a1764124/ROS_Workspace/src/install/custom_srvs/share/custom_srvs/cmake/custom_srvs__rosidl_typesupport_cExport.cmake
-- Up-to-date: /home/teamvision/Desktop/ROS_Workspace/Honours_a1797823_a1764124/ROS_Workspace/src/install/custom_srvs/share/custom_srvs/cmake/custom_srvs__rosidl_typesupport_cExport-noconfig.cmake
-- Up-to-date: /home/teamvision/Desktop/ROS_Workspace/Honours_a1797823_a1764124/ROS_Workspace/src/install/custom_srvs/share/custom_srvs/cmake/custom_srvs__rosidl_generator_cppExport.cmake
-- Up-to-date: /home/teamvision/Desktop/ROS_Workspace/Honours_a1797823_a1764124/ROS_Workspace/src/install/custom_srvs/share/custom_srvs/cmake/custom_srvs__rosidl_typesupport_introspection_cppExport.cmake
-- Up-to-date: /home/teamvision/Desktop/ROS_Workspace/Honours_a1797823_a1764124/ROS_Workspace/src/install/custom_srvs/share/custom_srvs/cmake/custom_srvs__rosidl_typesupport_introspection_cppExport-noconfig.cmake
-- Up-to-date: /home/teamvision/Desktop/ROS_Workspace/Honours_a1797823_a1764124/ROS_Workspace/src/install/custom_srvs/share/custom_srvs/cmake/custom_srvs__rosidl_typesupport_cppExport.cmake
-- Up-to-date: /home/teamvision/Desktop/ROS_Workspace/Honours_a1797823_a1764124/ROS_Workspace/src/install/custom_srvs/share/custom_srvs/cmake/custom_srvs__rosidl_typesupport_cppExport-noconfig.cmake
-- Up-to-date: /home/teamvision/Desktop/ROS_Workspace/Honours_a1797823_a1764124/ROS_Workspace/src/install/custom_srvs/share/custom_srvs/cmake/rosidl_cmake-extras.cmake
-- Up-to-date: /home/teamvision/Desktop/ROS_Workspace/Honours_a1797823_a1764124/ROS_Workspace/src/install/custom_srvs/share/custom_srvs/cmake/ament_cmake_export_dependencies-extras.cmake
-- Up-to-date: /home/teamvision/Desktop/ROS_Workspace/Honours_a1797823_a1764124/ROS_Workspace/src/install/custom_srvs/share/custom_srvs/cmake/ament_cmake_export_libraries-extras.cmake
-- Up-to-date: /home/teamvision/Desktop/ROS_Workspace/Honours_a1797823_a1764124/ROS_Workspace/src/install/custom_srvs/share/custom_srvs/cmake/ament_cmake_export_targets-extras.cmake
-- Up-to-date: /home/teamvision/Desktop/ROS_Workspace/Honours_a1797823_a1764124/ROS_Workspace/src/install/custom_srvs/share/custom_srvs/cmake/ament_cmake_export_include_directories-extras.cmake
-- Up-to-date: /home/teamvision/Desktop/ROS_Workspace/Honours_a1797823_a1764124/ROS_Workspace/src/install/custom_srvs/share/custom_srvs/cmake/rosidl_cmake_export_typesupport_libraries-extras.cmake
-- Up-to-date: /home/teamvision/Desktop/ROS_Workspace/Honours_a1797823_a1764124/ROS_Workspace/src/install/custom_srvs/share/custom_srvs/cmake/rosidl_cmake_export_typesupport_targets-extras.cmake
-- Up-to-date: /home/teamvision/Desktop/ROS_Workspace/Honours_a1797823_a1764124/ROS_Workspace/src/install/custom_srvs/share/custom_srvs/cmake/custom_srvsConfig.cmake
-- Up-to-date: /home/teamvision/Desktop/ROS_Workspace/Honours_a1797823_a1764124/ROS_Workspace/src/install/custom_srvs/share/custom_srvs/cmake/custom_srvsConfig-version.cmake
-- Up-to-date: /home/teamvision/Desktop/ROS_Workspace/Honours_a1797823_a1764124/ROS_Workspace/src/install/custom_srvs/share/custom_srvs/package.xml
