[3.776s] Invoking command in '/home/max/Desktop/VisionCode/Honours_a1797823_a1764124/ROS_Workspace/src/Konig': PYTHONPATH=/home/max/Desktop/VisionCode/Honours_a1797823_a1764124/ROS_Workspace/src/build/Konig/prefix_override:/home/max/Desktop/VisionCode/Honours_a1797823_a1764124/ROS_Workspace/src/install/Konig/lib/python3.8/site-packages:${PYTHONPATH} /usr/bin/python3 setup.py egg_info --egg-base ../build/Konig build --build-base /home/max/Desktop/VisionCode/Honours_a1797823_a1764124/ROS_Workspace/src/build/Konig/build install --record /home/max/Desktop/VisionCode/Honours_a1797823_a1764124/ROS_Workspace/src/build/Konig/install.log --install-scripts $base/lib/Konig --single-version-externally-managed
[4.324s] running egg_info
[4.325s] writing ../build/Konig/Konig.egg-info/PKG-INFO
[4.326s] writing dependency_links to ../build/Konig/Konig.egg-info/dependency_links.txt
[4.327s] writing entry points to ../build/Konig/Konig.egg-info/entry_points.txt
[4.327s] writing requirements to ../build/Konig/Konig.egg-info/requires.txt
[4.327s] writing top-level names to ../build/Konig/Konig.egg-info/top_level.txt
[4.417s] reading manifest file '../build/Konig/Konig.egg-info/SOURCES.txt'
[4.418s] writing manifest file '../build/Konig/Konig.egg-info/SOURCES.txt'
[4.419s] running build
[4.419s] running build_py
[4.420s] running install
[4.422s] running install_lib
[4.426s] running install_data
[4.427s] running install_egg_info
[4.433s] removing '/home/max/Desktop/VisionCode/Honours_a1797823_a1764124/ROS_Workspace/src/install/Konig/lib/python3.8/site-packages/Konig-0.0.0-py3.8.egg-info' (and everything under it)
[4.434s] Copying ../build/Konig/Konig.egg-info to /home/max/Desktop/VisionCode/Honours_a1797823_a1764124/ROS_Workspace/src/install/Konig/lib/python3.8/site-packages/Konig-0.0.0-py3.8.egg-info
[4.436s] running install_scripts
[4.486s] Installing Konig script to /home/max/Desktop/VisionCode/Honours_a1797823_a1764124/ROS_Workspace/src/install/Konig/lib/Konig
[4.486s] writing list of installed files to '/home/max/Desktop/VisionCode/Honours_a1797823_a1764124/ROS_Workspace/src/build/Konig/install.log'
[4.630s] Invoked command in '/home/max/Desktop/VisionCode/Honours_a1797823_a1764124/ROS_Workspace/src/Konig' returned '0': PYTHONPATH=/home/max/Desktop/VisionCode/Honours_a1797823_a1764124/ROS_Workspace/src/build/Konig/prefix_override:/home/max/Desktop/VisionCode/Honours_a1797823_a1764124/ROS_Workspace/src/install/Konig/lib/python3.8/site-packages:${PYTHONPATH} /usr/bin/python3 setup.py egg_info --egg-base ../build/Konig build --build-base /home/max/Desktop/VisionCode/Honours_a1797823_a1764124/ROS_Workspace/src/build/Konig/build install --record /home/max/Desktop/VisionCode/Honours_a1797823_a1764124/ROS_Workspace/src/build/Konig/install.log --install-scripts $base/lib/Konig --single-version-externally-managed
