[2.643s] Invoking command in '/home/max/Desktop/VisionCode/Honours_a1797823_a1764124/ROS_Workspace/src/cameraPub': PYTHONPATH=/home/max/Desktop/VisionCode/Honours_a1797823_a1764124/ROS_Workspace/src/build/cameraPub/prefix_override:/home/max/Desktop/VisionCode/Honours_a1797823_a1764124/ROS_Workspace/src/install/cameraPub/lib/python3.8/site-packages:${PYTHONPATH} /usr/bin/python3 setup.py egg_info --egg-base ../build/cameraPub build --build-base /home/max/Desktop/VisionCode/Honours_a1797823_a1764124/ROS_Workspace/src/build/cameraPub/build install --record /home/max/Desktop/VisionCode/Honours_a1797823_a1764124/ROS_Workspace/src/build/cameraPub/install.log --install-scripts $base/lib/cameraPub --single-version-externally-managed
[2.888s] running egg_info
[2.888s] writing ../build/cameraPub/cameraPub.egg-info/PKG-INFO
[2.889s] writing dependency_links to ../build/cameraPub/cameraPub.egg-info/dependency_links.txt
[2.889s] writing entry points to ../build/cameraPub/cameraPub.egg-info/entry_points.txt
[2.889s] writing requirements to ../build/cameraPub/cameraPub.egg-info/requires.txt
[2.890s] writing top-level names to ../build/cameraPub/cameraPub.egg-info/top_level.txt
[2.934s] reading manifest file '../build/cameraPub/cameraPub.egg-info/SOURCES.txt'
[2.935s] writing manifest file '../build/cameraPub/cameraPub.egg-info/SOURCES.txt'
[2.935s] running build
[2.935s] running build_py
[2.935s] running install
[2.936s] running install_lib
[2.938s] running install_data
[2.939s] running install_egg_info
[2.941s] removing '/home/max/Desktop/VisionCode/Honours_a1797823_a1764124/ROS_Workspace/src/install/cameraPub/lib/python3.8/site-packages/cameraPub-0.0.0-py3.8.egg-info' (and everything under it)
[2.941s] Copying ../build/cameraPub/cameraPub.egg-info to /home/max/Desktop/VisionCode/Honours_a1797823_a1764124/ROS_Workspace/src/install/cameraPub/lib/python3.8/site-packages/cameraPub-0.0.0-py3.8.egg-info
[2.942s] running install_scripts
[2.962s] Installing cameraPub script to /home/max/Desktop/VisionCode/Honours_a1797823_a1764124/ROS_Workspace/src/install/cameraPub/lib/cameraPub
[2.962s] writing list of installed files to '/home/max/Desktop/VisionCode/Honours_a1797823_a1764124/ROS_Workspace/src/build/cameraPub/install.log'
[3.027s] Invoked command in '/home/max/Desktop/VisionCode/Honours_a1797823_a1764124/ROS_Workspace/src/cameraPub' returned '0': PYTHONPATH=/home/max/Desktop/VisionCode/Honours_a1797823_a1764124/ROS_Workspace/src/build/cameraPub/prefix_override:/home/max/Desktop/VisionCode/Honours_a1797823_a1764124/ROS_Workspace/src/install/cameraPub/lib/python3.8/site-packages:${PYTHONPATH} /usr/bin/python3 setup.py egg_info --egg-base ../build/cameraPub build --build-base /home/max/Desktop/VisionCode/Honours_a1797823_a1764124/ROS_Workspace/src/build/cameraPub/build install --record /home/max/Desktop/VisionCode/Honours_a1797823_a1764124/ROS_Workspace/src/build/cameraPub/install.log --install-scripts $base/lib/cameraPub --single-version-externally-managed
