[5.260s] Invoking command in '/home/max/Desktop/VisionCode/Honours_a1797823_a1764124/ROS_Workspace/src/Konig': PYTHONPATH=/home/max/Desktop/VisionCode/Honours_a1797823_a1764124/ROS_Workspace/src/build/Konig/prefix_override:/home/max/Desktop/VisionCode/Honours_a1797823_a1764124/ROS_Workspace/src/install/Konig/lib/python3.8/site-packages:${PYTHONPATH} /usr/bin/python3 setup.py egg_info --egg-base ../build/Konig build --build-base /home/max/Desktop/VisionCode/Honours_a1797823_a1764124/ROS_Workspace/src/build/Konig/build install --record /home/max/Desktop/VisionCode/Honours_a1797823_a1764124/ROS_Workspace/src/build/Konig/install.log --install-scripts $base/lib/Konig --single-version-externally-managed
[5.804s] running egg_info
[5.806s] writing ../build/Konig/Konig.egg-info/PKG-INFO
[5.807s] writing dependency_links to ../build/Konig/Konig.egg-info/dependency_links.txt
[5.811s] writing entry points to ../build/Konig/Konig.egg-info/entry_points.txt
[5.811s] writing requirements to ../build/Konig/Konig.egg-info/requires.txt
[5.811s] writing top-level names to ../build/Konig/Konig.egg-info/top_level.txt
[5.918s] reading manifest file '../build/Konig/Konig.egg-info/SOURCES.txt'
[5.921s] writing manifest file '../build/Konig/Konig.egg-info/SOURCES.txt'
[5.921s] running build
[5.921s] running build_py
[5.922s] copying Konig/Konig.py -> /home/max/Desktop/VisionCode/Honours_a1797823_a1764124/ROS_Workspace/src/build/Konig/build/lib/Konig
[5.922s] running install
[5.924s] running install_lib
[5.928s] copying /home/max/Desktop/VisionCode/Honours_a1797823_a1764124/ROS_Workspace/src/build/Konig/build/lib/Konig/Konig.py -> /home/max/Desktop/VisionCode/Honours_a1797823_a1764124/ROS_Workspace/src/install/Konig/lib/python3.8/site-packages/Konig
[5.929s] byte-compiling /home/max/Desktop/VisionCode/Honours_a1797823_a1764124/ROS_Workspace/src/install/Konig/lib/python3.8/site-packages/Konig/Konig.py to Konig.cpython-38.pyc
[5.938s] running install_data
[5.939s] running install_egg_info
[5.944s] removing '/home/max/Desktop/VisionCode/Honours_a1797823_a1764124/ROS_Workspace/src/install/Konig/lib/python3.8/site-packages/Konig-0.0.0-py3.8.egg-info' (and everything under it)
[5.945s] Copying ../build/Konig/Konig.egg-info to /home/max/Desktop/VisionCode/Honours_a1797823_a1764124/ROS_Workspace/src/install/Konig/lib/python3.8/site-packages/Konig-0.0.0-py3.8.egg-info
[5.946s] running install_scripts
[5.990s] Installing Konig script to /home/max/Desktop/VisionCode/Honours_a1797823_a1764124/ROS_Workspace/src/install/Konig/lib/Konig
[5.990s] writing list of installed files to '/home/max/Desktop/VisionCode/Honours_a1797823_a1764124/ROS_Workspace/src/build/Konig/install.log'
[6.151s] Invoked command in '/home/max/Desktop/VisionCode/Honours_a1797823_a1764124/ROS_Workspace/src/Konig' returned '0': PYTHONPATH=/home/max/Desktop/VisionCode/Honours_a1797823_a1764124/ROS_Workspace/src/build/Konig/prefix_override:/home/max/Desktop/VisionCode/Honours_a1797823_a1764124/ROS_Workspace/src/install/Konig/lib/python3.8/site-packages:${PYTHONPATH} /usr/bin/python3 setup.py egg_info --egg-base ../build/Konig build --build-base /home/max/Desktop/VisionCode/Honours_a1797823_a1764124/ROS_Workspace/src/build/Konig/build install --record /home/max/Desktop/VisionCode/Honours_a1797823_a1764124/ROS_Workspace/src/build/Konig/install.log --install-scripts $base/lib/Konig --single-version-externally-managed
