[5.350s] Invoking command in '/home/max/Desktop/VisionCode/Honours_a1797823_a1764124/ROS_Workspace/src/UGV1Main': PYTHONPATH=/home/max/Desktop/VisionCode/Honours_a1797823_a1764124/ROS_Workspace/src/build/UGV1Main/prefix_override:/home/max/Desktop/VisionCode/Honours_a1797823_a1764124/ROS_Workspace/src/install/UGV1Main/lib/python3.8/site-packages:${PYTHONPATH} /usr/bin/python3 setup.py egg_info --egg-base ../build/UGV1Main build --build-base /home/max/Desktop/VisionCode/Honours_a1797823_a1764124/ROS_Workspace/src/build/UGV1Main/build install --record /home/max/Desktop/VisionCode/Honours_a1797823_a1764124/ROS_Workspace/src/build/UGV1Main/install.log --install-scripts $base/lib/UGV1Main --single-version-externally-managed
[5.906s] running egg_info
[5.908s] writing ../build/UGV1Main/UGV1Main.egg-info/PKG-INFO
[5.910s] writing dependency_links to ../build/UGV1Main/UGV1Main.egg-info/dependency_links.txt
[5.911s] writing entry points to ../build/UGV1Main/UGV1Main.egg-info/entry_points.txt
[5.913s] writing requirements to ../build/UGV1Main/UGV1Main.egg-info/requires.txt
[5.913s] writing top-level names to ../build/UGV1Main/UGV1Main.egg-info/top_level.txt
[6.007s] reading manifest file '../build/UGV1Main/UGV1Main.egg-info/SOURCES.txt'
[6.007s] writing manifest file '../build/UGV1Main/UGV1Main.egg-info/SOURCES.txt'
[6.007s] running build
[6.007s] running build_py
[6.007s] copying UGV1Main/UGV1Main.py -> /home/max/Desktop/VisionCode/Honours_a1797823_a1764124/ROS_Workspace/src/build/UGV1Main/build/lib/UGV1Main
[6.008s] running install
[6.008s] running install_lib
[6.008s] copying /home/max/Desktop/VisionCode/Honours_a1797823_a1764124/ROS_Workspace/src/build/UGV1Main/build/lib/UGV1Main/UGV1Main.py -> /home/max/Desktop/VisionCode/Honours_a1797823_a1764124/ROS_Workspace/src/install/UGV1Main/lib/python3.8/site-packages/UGV1Main
[6.011s] byte-compiling /home/max/Desktop/VisionCode/Honours_a1797823_a1764124/ROS_Workspace/src/install/UGV1Main/lib/python3.8/site-packages/UGV1Main/UGV1Main.py to UGV1Main.cpython-38.pyc
[6.016s] running install_data
[6.016s] running install_egg_info
[6.018s] removing '/home/max/Desktop/VisionCode/Honours_a1797823_a1764124/ROS_Workspace/src/install/UGV1Main/lib/python3.8/site-packages/UGV1Main-0.0.0-py3.8.egg-info' (and everything under it)
[6.021s] Copying ../build/UGV1Main/UGV1Main.egg-info to /home/max/Desktop/VisionCode/Honours_a1797823_a1764124/ROS_Workspace/src/install/UGV1Main/lib/python3.8/site-packages/UGV1Main-0.0.0-py3.8.egg-info
[6.031s] running install_scripts
[6.098s] Installing UGV1Main script to /home/max/Desktop/VisionCode/Honours_a1797823_a1764124/ROS_Workspace/src/install/UGV1Main/lib/UGV1Main
[6.099s] writing list of installed files to '/home/max/Desktop/VisionCode/Honours_a1797823_a1764124/ROS_Workspace/src/build/UGV1Main/install.log'
[6.344s] Invoked command in '/home/max/Desktop/VisionCode/Honours_a1797823_a1764124/ROS_Workspace/src/UGV1Main' returned '0': PYTHONPATH=/home/max/Desktop/VisionCode/Honours_a1797823_a1764124/ROS_Workspace/src/build/UGV1Main/prefix_override:/home/max/Desktop/VisionCode/Honours_a1797823_a1764124/ROS_Workspace/src/install/UGV1Main/lib/python3.8/site-packages:${PYTHONPATH} /usr/bin/python3 setup.py egg_info --egg-base ../build/UGV1Main build --build-base /home/max/Desktop/VisionCode/Honours_a1797823_a1764124/ROS_Workspace/src/build/UGV1Main/build install --record /home/max/Desktop/VisionCode/Honours_a1797823_a1764124/ROS_Workspace/src/build/UGV1Main/install.log --install-scripts $base/lib/UGV1Main --single-version-externally-managed
